[2024-10-17T10:55:14.172+0000] {local_task_job_runner.py:123} INFO - ::group::Pre task execution logs
[2024-10-17T10:55:14.214+0000] {taskinstance.py:2612} INFO - Dependencies all met for dep_context=non-requeueable deps ti=<TaskInstance: eia_data_pipeline.fetch_api3_data scheduled__2024-10-16T00:00:00+00:00 [queued]>
[2024-10-17T10:55:14.235+0000] {taskinstance.py:2612} INFO - Dependencies all met for dep_context=requeueable deps ti=<TaskInstance: eia_data_pipeline.fetch_api3_data scheduled__2024-10-16T00:00:00+00:00 [queued]>
[2024-10-17T10:55:14.237+0000] {taskinstance.py:2865} INFO - Starting attempt 1 of 2
[2024-10-17T10:55:14.282+0000] {taskinstance.py:2888} INFO - Executing <Task(PythonOperator): fetch_api3_data> on 2024-10-16 00:00:00+00:00
[2024-10-17T10:55:14.427+0000] {warnings.py:112} WARNING - /home/***/.local/lib/python3.12/site-packages/***/task/task_runner/standard_task_runner.py:70: DeprecationWarning: This process (pid=94) is multi-threaded, use of fork() may lead to deadlocks in the child.
  pid = os.fork()

[2024-10-17T10:55:14.433+0000] {standard_task_runner.py:72} INFO - Started process 98 to run task
[2024-10-17T10:55:14.434+0000] {standard_task_runner.py:104} INFO - Running: ['***', 'tasks', 'run', 'eia_data_pipeline', 'fetch_api3_data', 'scheduled__2024-10-16T00:00:00+00:00', '--job-id', '89', '--raw', '--subdir', 'DAGS_FOLDER/new_dag.py', '--cfg-path', '/tmp/tmp0cr92lp3']
[2024-10-17T10:55:14.438+0000] {standard_task_runner.py:105} INFO - Job 89: Subtask fetch_api3_data
[2024-10-17T10:55:14.624+0000] {task_command.py:467} INFO - Running <TaskInstance: eia_data_pipeline.fetch_api3_data scheduled__2024-10-16T00:00:00+00:00 [running]> on host 7aa864b16460
[2024-10-17T10:55:14.938+0000] {taskinstance.py:3131} INFO - Exporting env vars: AIRFLOW_CTX_DAG_OWNER='***' AIRFLOW_CTX_DAG_ID='eia_data_pipeline' AIRFLOW_CTX_TASK_ID='fetch_api3_data' AIRFLOW_CTX_EXECUTION_DATE='2024-10-16T00:00:00+00:00' AIRFLOW_CTX_TRY_NUMBER='1' AIRFLOW_CTX_DAG_RUN_ID='scheduled__2024-10-16T00:00:00+00:00'
[2024-10-17T10:55:14.951+0000] {logging_mixin.py:190} INFO - Task instance is in running state
[2024-10-17T10:55:14.958+0000] {logging_mixin.py:190} INFO -  Previous state of the Task instance: queued
[2024-10-17T10:55:14.962+0000] {logging_mixin.py:190} INFO - Current task name:fetch_api3_data state:running start_date:2024-10-17 10:55:14.216197+00:00
[2024-10-17T10:55:14.966+0000] {logging_mixin.py:190} INFO - Dag name:eia_data_pipeline and current dag run status:running
[2024-10-17T10:55:14.969+0000] {taskinstance.py:731} INFO - ::endgroup::
[2024-10-17T10:55:20.077+0000] {logging_mixin.py:190} INFO -     period       productName activityName               unitName         value
9     1985              Wind     Capacity      million kilowatts       .017501
10    2011  Hydroelectricity     Capacity      million kilowatts        78.652
12    2015             Solar   Generation  billion kilowatthours   39.03217093
13    2009              Wind   Generation  billion kilowatthours   73.88613174
14    2011              Wind   Generation  billion kilowatthours  120.17659867
..     ...               ...          ...                    ...           ...
600   2005             Solar     Capacity      million kilowatts          .411
604   1996  Hydroelectricity     Capacity      million kilowatts      76.43742
605   2017  Hydroelectricity   Generation  billion kilowatthours  300.33292968
606   2010              Wind     Capacity      million kilowatts       39.1345
607   1996             Solar   Generation  billion kilowatthours    .583605527

[235 rows x 5 columns] stored in MySQL
[2024-10-17T10:55:20.080+0000] {python.py:240} INFO - Done. Returned value was: None
[2024-10-17T10:55:20.110+0000] {taskinstance.py:340} INFO - ::group::Post task execution logs
[2024-10-17T10:55:20.111+0000] {taskinstance.py:352} INFO - Marking task as SUCCESS. dag_id=eia_data_pipeline, task_id=fetch_api3_data, run_id=scheduled__2024-10-16T00:00:00+00:00, execution_date=20241016T000000, start_date=20241017T105514, end_date=20241017T105520
[2024-10-17T10:55:20.147+0000] {logging_mixin.py:190} INFO - Task instance in success state
[2024-10-17T10:55:20.149+0000] {logging_mixin.py:190} INFO -  Previous state of the Task instance: running
[2024-10-17T10:55:20.150+0000] {logging_mixin.py:190} INFO - Dag name:eia_data_pipeline queued_at:2024-10-17 10:54:37.506225+00:00
[2024-10-17T10:55:20.151+0000] {logging_mixin.py:190} INFO - Task hostname:7aa864b16460 operator:PythonOperator
[2024-10-17T10:55:20.191+0000] {local_task_job_runner.py:266} INFO - Task exited with return code 0
[2024-10-17T10:55:20.257+0000] {taskinstance.py:3900} INFO - 0 downstream tasks scheduled from follow-on schedule check
[2024-10-17T10:55:20.262+0000] {local_task_job_runner.py:245} INFO - ::endgroup::
