[2024-10-21T09:12:07.757+0000] {local_task_job_runner.py:123} INFO - ::group::Pre task execution logs
[2024-10-21T09:12:07.823+0000] {taskinstance.py:2612} INFO - Dependencies all met for dep_context=non-requeueable deps ti=<TaskInstance: eia_data_pipeline.fetch_api2_data scheduled__2024-10-20T00:00:00+00:00 [queued]>
[2024-10-21T09:12:07.852+0000] {taskinstance.py:2612} INFO - Dependencies all met for dep_context=requeueable deps ti=<TaskInstance: eia_data_pipeline.fetch_api2_data scheduled__2024-10-20T00:00:00+00:00 [queued]>
[2024-10-21T09:12:07.854+0000] {taskinstance.py:2865} INFO - Starting attempt 2 of 2
[2024-10-21T09:12:07.921+0000] {taskinstance.py:2888} INFO - Executing <Task(PythonOperator): fetch_api2_data> on 2024-10-20 00:00:00+00:00
[2024-10-21T09:12:08.005+0000] {warnings.py:112} WARNING - /home/***/.local/lib/python3.12/site-packages/***/task/task_runner/standard_task_runner.py:70: DeprecationWarning: This process (pid=213) is multi-threaded, use of fork() may lead to deadlocks in the child.
  pid = os.fork()

[2024-10-21T09:12:08.013+0000] {standard_task_runner.py:72} INFO - Started process 236 to run task
[2024-10-21T09:12:08.016+0000] {standard_task_runner.py:104} INFO - Running: ['***', 'tasks', 'run', 'eia_data_pipeline', 'fetch_api2_data', 'scheduled__2024-10-20T00:00:00+00:00', '--job-id', '102', '--raw', '--subdir', 'DAGS_FOLDER/new_dag.py', '--cfg-path', '/tmp/tmp07smo45b']
[2024-10-21T09:12:08.022+0000] {standard_task_runner.py:105} INFO - Job 102: Subtask fetch_api2_data
[2024-10-21T09:12:08.226+0000] {task_command.py:467} INFO - Running <TaskInstance: eia_data_pipeline.fetch_api2_data scheduled__2024-10-20T00:00:00+00:00 [running]> on host 7aa864b16460
[2024-10-21T09:12:08.828+0000] {taskinstance.py:3131} INFO - Exporting env vars: AIRFLOW_CTX_DAG_OWNER='***' AIRFLOW_CTX_DAG_ID='eia_data_pipeline' AIRFLOW_CTX_TASK_ID='fetch_api2_data' AIRFLOW_CTX_EXECUTION_DATE='2024-10-20T00:00:00+00:00' AIRFLOW_CTX_TRY_NUMBER='2' AIRFLOW_CTX_DAG_RUN_ID='scheduled__2024-10-20T00:00:00+00:00'
[2024-10-21T09:12:08.899+0000] {logging_mixin.py:190} INFO - Task instance is in running state
[2024-10-21T09:12:08.902+0000] {logging_mixin.py:190} INFO -  Previous state of the Task instance: queued
[2024-10-21T09:12:08.908+0000] {logging_mixin.py:190} INFO - Current task name:fetch_api2_data state:running start_date:2024-10-21 09:12:07.825629+00:00
[2024-10-21T09:12:08.912+0000] {logging_mixin.py:190} INFO - Dag name:eia_data_pipeline and current dag run status:running
[2024-10-21T09:12:08.916+0000] {taskinstance.py:731} INFO - ::endgroup::
[2024-10-21T09:13:04.249+0000] {logging_mixin.py:190} INFO -            period  ...    value-units
0      2024-10-21  ...  megawatthours
1      2024-10-21  ...  megawatthours
2      2024-10-21  ...  megawatthours
3      2024-10-21  ...  megawatthours
4      2024-10-21  ...  megawatthours
...           ...  ...            ...
49995  2024-09-24  ...  megawatthours
49996  2024-09-24  ...  megawatthours
49997  2024-09-24  ...  megawatthours
49998  2024-09-24  ...  megawatthours
49999  2024-09-24  ...  megawatthours

[50000 rows x 5 columns] stored in MySQL
[2024-10-21T09:13:04.317+0000] {python.py:240} INFO - Done. Returned value was: None
[2024-10-21T09:13:04.350+0000] {taskinstance.py:340} INFO - ::group::Post task execution logs
[2024-10-21T09:13:04.352+0000] {taskinstance.py:352} INFO - Marking task as SUCCESS. dag_id=eia_data_pipeline, task_id=fetch_api2_data, run_id=scheduled__2024-10-20T00:00:00+00:00, execution_date=20241020T000000, start_date=20241021T091207, end_date=20241021T091304
[2024-10-21T09:13:04.391+0000] {logging_mixin.py:190} INFO - Task instance in success state
[2024-10-21T09:13:04.393+0000] {logging_mixin.py:190} INFO -  Previous state of the Task instance: running
[2024-10-21T09:13:04.394+0000] {logging_mixin.py:190} INFO - Dag name:eia_data_pipeline queued_at:2024-10-21 09:02:18.978154+00:00
[2024-10-21T09:13:04.395+0000] {logging_mixin.py:190} INFO - Task hostname:7aa864b16460 operator:PythonOperator
[2024-10-21T09:13:04.587+0000] {local_task_job_runner.py:266} INFO - Task exited with return code 0
[2024-10-21T09:13:04.720+0000] {local_task_job_runner.py:245} INFO - ::endgroup::
