[2024-10-14T06:33:59.628+0000] {local_task_job_runner.py:123} INFO - ::group::Pre task execution logs
[2024-10-14T06:33:59.675+0000] {taskinstance.py:2612} INFO - Dependencies all met for dep_context=non-requeueable deps ti=<TaskInstance: eia_data_pipeline.fetch_api2_data manual__2024-10-14T06:33:35.913946+00:00 [queued]>
[2024-10-14T06:33:59.696+0000] {taskinstance.py:2612} INFO - Dependencies all met for dep_context=requeueable deps ti=<TaskInstance: eia_data_pipeline.fetch_api2_data manual__2024-10-14T06:33:35.913946+00:00 [queued]>
[2024-10-14T06:33:59.698+0000] {taskinstance.py:2865} INFO - Starting attempt 1 of 2
[2024-10-14T06:33:59.737+0000] {taskinstance.py:2888} INFO - Executing <Task(PythonOperator): fetch_api2_data> on 2024-10-14 06:33:35.913946+00:00
[2024-10-14T06:34:00.030+0000] {warnings.py:112} WARNING - /home/***/.local/lib/python3.12/site-packages/***/task/task_runner/standard_task_runner.py:70: DeprecationWarning: This process (pid=1073) is multi-threaded, use of fork() may lead to deadlocks in the child.
  pid = os.fork()

[2024-10-14T06:34:00.035+0000] {standard_task_runner.py:72} INFO - Started process 1088 to run task
[2024-10-14T06:34:00.039+0000] {standard_task_runner.py:104} INFO - Running: ['***', 'tasks', 'run', 'eia_data_pipeline', 'fetch_api2_data', 'manual__2024-10-14T06:33:35.913946+00:00', '--job-id', '54', '--raw', '--subdir', 'DAGS_FOLDER/new_dag.py', '--cfg-path', '/tmp/tmpvvqkcg1e']
[2024-10-14T06:34:00.045+0000] {standard_task_runner.py:105} INFO - Job 54: Subtask fetch_api2_data
[2024-10-14T06:34:00.223+0000] {task_command.py:467} INFO - Running <TaskInstance: eia_data_pipeline.fetch_api2_data manual__2024-10-14T06:33:35.913946+00:00 [running]> on host 7aa864b16460
[2024-10-14T06:34:00.940+0000] {taskinstance.py:3131} INFO - Exporting env vars: AIRFLOW_CTX_DAG_OWNER='***' AIRFLOW_CTX_DAG_ID='eia_data_pipeline' AIRFLOW_CTX_TASK_ID='fetch_api2_data' AIRFLOW_CTX_EXECUTION_DATE='2024-10-14T06:33:35.913946+00:00' AIRFLOW_CTX_TRY_NUMBER='1' AIRFLOW_CTX_DAG_RUN_ID='manual__2024-10-14T06:33:35.913946+00:00'
[2024-10-14T06:34:00.946+0000] {logging_mixin.py:190} INFO - Task instance is in running state
[2024-10-14T06:34:00.947+0000] {logging_mixin.py:190} INFO -  Previous state of the Task instance: queued
[2024-10-14T06:34:00.948+0000] {logging_mixin.py:190} INFO - Current task name:fetch_api2_data state:running start_date:2024-10-14 06:33:59.676912+00:00
[2024-10-14T06:34:00.950+0000] {logging_mixin.py:190} INFO - Dag name:eia_data_pipeline and current dag run status:running
[2024-10-14T06:34:00.953+0000] {taskinstance.py:731} INFO - ::endgroup::
[2024-10-14T06:34:22.596+0000] {logging_mixin.py:190} INFO -            period                        respondent-name  ...  value    value-units
0      2024-10-13  Associated Electric Cooperative, Inc.  ...  32197  megawatthours
1      2024-10-13  Associated Electric Cooperative, Inc.  ...  32197  megawatthours
2      2024-10-13  Associated Electric Cooperative, Inc.  ...  19827  megawatthours
3      2024-10-13  Associated Electric Cooperative, Inc.  ...  19827  megawatthours
4      2024-10-13  Associated Electric Cooperative, Inc.  ...   5219  megawatthours
...           ...                                    ...  ...    ...            ...
49995  2024-09-17      Portland General Electric Company  ...   3620  megawatthours
49996  2024-09-17      Portland General Electric Company  ...   3602  megawatthours
49997  2024-09-17      Portland General Electric Company  ...   3638  megawatthours
49998  2024-09-17      Portland General Electric Company  ...      0  megawatthours
49999  2024-09-17      Portland General Electric Company  ...      0  megawatthours

[50000 rows x 5 columns] stored in MySQL
[2024-10-14T06:34:22.634+0000] {python.py:240} INFO - Done. Returned value was: None
[2024-10-14T06:34:22.649+0000] {taskinstance.py:340} INFO - ::group::Post task execution logs
[2024-10-14T06:34:22.650+0000] {taskinstance.py:352} INFO - Marking task as SUCCESS. dag_id=eia_data_pipeline, task_id=fetch_api2_data, run_id=manual__2024-10-14T06:33:35.913946+00:00, execution_date=20241014T063335, start_date=20241014T063359, end_date=20241014T063422
[2024-10-14T06:34:22.668+0000] {logging_mixin.py:190} INFO - Task instance in success state
[2024-10-14T06:34:22.670+0000] {logging_mixin.py:190} INFO -  Previous state of the Task instance: running
[2024-10-14T06:34:22.670+0000] {logging_mixin.py:190} INFO - Dag name:eia_data_pipeline queued_at:2024-10-14 06:33:36.166293+00:00
[2024-10-14T06:34:22.671+0000] {logging_mixin.py:190} INFO - Task hostname:7aa864b16460 operator:PythonOperator
[2024-10-14T06:34:22.712+0000] {local_task_job_runner.py:266} INFO - Task exited with return code 0
[2024-10-14T06:34:22.755+0000] {taskinstance.py:3900} INFO - 1 downstream tasks scheduled from follow-on schedule check
[2024-10-14T06:34:22.763+0000] {local_task_job_runner.py:245} INFO - ::endgroup::
