[2024-10-14T06:33:59.619+0000] {local_task_job_runner.py:123} INFO - ::group::Pre task execution logs
[2024-10-14T06:33:59.665+0000] {taskinstance.py:2612} INFO - Dependencies all met for dep_context=non-requeueable deps ti=<TaskInstance: eia_data_pipeline.fetch_api3_data manual__2024-10-14T06:33:35.913946+00:00 [queued]>
[2024-10-14T06:33:59.690+0000] {taskinstance.py:2612} INFO - Dependencies all met for dep_context=requeueable deps ti=<TaskInstance: eia_data_pipeline.fetch_api3_data manual__2024-10-14T06:33:35.913946+00:00 [queued]>
[2024-10-14T06:33:59.692+0000] {taskinstance.py:2865} INFO - Starting attempt 1 of 2
[2024-10-14T06:33:59.741+0000] {taskinstance.py:2888} INFO - Executing <Task(PythonOperator): fetch_api3_data> on 2024-10-14 06:33:35.913946+00:00
[2024-10-14T06:34:00.030+0000] {standard_task_runner.py:104} INFO - Running: ['***', 'tasks', 'run', 'eia_data_pipeline', 'fetch_api3_data', 'manual__2024-10-14T06:33:35.913946+00:00', '--job-id', '52', '--raw', '--subdir', 'DAGS_FOLDER/new_dag.py', '--cfg-path', '/tmp/tmpevm22ye0']
[2024-10-14T06:34:00.028+0000] {warnings.py:112} WARNING - /home/***/.local/lib/python3.12/site-packages/***/task/task_runner/standard_task_runner.py:70: DeprecationWarning: This process (pid=1075) is multi-threaded, use of fork() may lead to deadlocks in the child.
  pid = os.fork()

[2024-10-14T06:34:00.035+0000] {standard_task_runner.py:72} INFO - Started process 1087 to run task
[2024-10-14T06:34:00.035+0000] {standard_task_runner.py:105} INFO - Job 52: Subtask fetch_api3_data
[2024-10-14T06:34:00.203+0000] {task_command.py:467} INFO - Running <TaskInstance: eia_data_pipeline.fetch_api3_data manual__2024-10-14T06:33:35.913946+00:00 [running]> on host 7aa864b16460
[2024-10-14T06:34:00.945+0000] {taskinstance.py:3131} INFO - Exporting env vars: AIRFLOW_CTX_DAG_OWNER='***' AIRFLOW_CTX_DAG_ID='eia_data_pipeline' AIRFLOW_CTX_TASK_ID='fetch_api3_data' AIRFLOW_CTX_EXECUTION_DATE='2024-10-14T06:33:35.913946+00:00' AIRFLOW_CTX_TRY_NUMBER='1' AIRFLOW_CTX_DAG_RUN_ID='manual__2024-10-14T06:33:35.913946+00:00'
[2024-10-14T06:34:00.948+0000] {logging_mixin.py:190} INFO - Task instance is in running state
[2024-10-14T06:34:00.949+0000] {logging_mixin.py:190} INFO -  Previous state of the Task instance: queued
[2024-10-14T06:34:00.953+0000] {logging_mixin.py:190} INFO - Current task name:fetch_api3_data state:running start_date:2024-10-14 06:33:59.667888+00:00
[2024-10-14T06:34:00.954+0000] {logging_mixin.py:190} INFO - Dag name:eia_data_pipeline and current dag run status:running
[2024-10-14T06:34:00.955+0000] {taskinstance.py:731} INFO - ::endgroup::
[2024-10-14T06:34:05.676+0000] {logging_mixin.py:190} INFO -     period       productName activityName               unitName        value
8     2015             Solar   Generation  billion kilowatthours  39.03217093
15    2011  Hydroelectricity     Capacity      million kilowatts       78.652
16    2008  Hydroelectricity     Capacity      million kilowatts        77.93
17    1987              Wind   Generation  billion kilowatthours   .003541414
20    1989  Hydroelectricity   Generation  billion kilowatthours   271.976936
..     ...               ...          ...                    ...          ...
602   1983              Wind   Generation  billion kilowatthours   .002667962
603   1995              Wind   Generation  billion kilowatthours     3.164253
604   1984             Solar   Generation  billion kilowatthours   .005247924
606   2004             Solar     Capacity      million kilowatts         .398
607   1999              Wind     Capacity      million kilowatts      2.25181

[235 rows x 5 columns] stored in MySQL
[2024-10-14T06:34:05.679+0000] {python.py:240} INFO - Done. Returned value was: None
[2024-10-14T06:34:05.705+0000] {taskinstance.py:340} INFO - ::group::Post task execution logs
[2024-10-14T06:34:05.707+0000] {taskinstance.py:352} INFO - Marking task as SUCCESS. dag_id=eia_data_pipeline, task_id=fetch_api3_data, run_id=manual__2024-10-14T06:33:35.913946+00:00, execution_date=20241014T063335, start_date=20241014T063359, end_date=20241014T063405
[2024-10-14T06:34:05.740+0000] {logging_mixin.py:190} INFO - Task instance in success state
[2024-10-14T06:34:05.741+0000] {logging_mixin.py:190} INFO -  Previous state of the Task instance: running
[2024-10-14T06:34:05.742+0000] {logging_mixin.py:190} INFO - Dag name:eia_data_pipeline queued_at:2024-10-14 06:33:36.166293+00:00
[2024-10-14T06:34:05.742+0000] {logging_mixin.py:190} INFO - Task hostname:7aa864b16460 operator:PythonOperator
[2024-10-14T06:34:05.792+0000] {local_task_job_runner.py:266} INFO - Task exited with return code 0
[2024-10-14T06:34:05.825+0000] {taskinstance.py:3900} INFO - 0 downstream tasks scheduled from follow-on schedule check
[2024-10-14T06:34:05.830+0000] {local_task_job_runner.py:245} INFO - ::endgroup::
