[2024-10-17T10:55:14.173+0000] {local_task_job_runner.py:123} INFO - ::group::Pre task execution logs
[2024-10-17T10:55:14.218+0000] {taskinstance.py:2612} INFO - Dependencies all met for dep_context=non-requeueable deps ti=<TaskInstance: eia_data_pipeline.fetch_api2_data scheduled__2024-10-16T00:00:00+00:00 [queued]>
[2024-10-17T10:55:14.240+0000] {taskinstance.py:2612} INFO - Dependencies all met for dep_context=requeueable deps ti=<TaskInstance: eia_data_pipeline.fetch_api2_data scheduled__2024-10-16T00:00:00+00:00 [queued]>
[2024-10-17T10:55:14.242+0000] {taskinstance.py:2865} INFO - Starting attempt 1 of 2
[2024-10-17T10:55:14.282+0000] {taskinstance.py:2888} INFO - Executing <Task(PythonOperator): fetch_api2_data> on 2024-10-16 00:00:00+00:00
[2024-10-17T10:55:14.429+0000] {warnings.py:112} WARNING - /home/***/.local/lib/python3.12/site-packages/***/task/task_runner/standard_task_runner.py:70: DeprecationWarning: This process (pid=90) is multi-threaded, use of fork() may lead to deadlocks in the child.
  pid = os.fork()

[2024-10-17T10:55:14.435+0000] {standard_task_runner.py:72} INFO - Started process 99 to run task
[2024-10-17T10:55:14.434+0000] {standard_task_runner.py:104} INFO - Running: ['***', 'tasks', 'run', 'eia_data_pipeline', 'fetch_api2_data', 'scheduled__2024-10-16T00:00:00+00:00', '--job-id', '87', '--raw', '--subdir', 'DAGS_FOLDER/new_dag.py', '--cfg-path', '/tmp/tmpkk1el_db']
[2024-10-17T10:55:14.438+0000] {standard_task_runner.py:105} INFO - Job 87: Subtask fetch_api2_data
[2024-10-17T10:55:14.617+0000] {task_command.py:467} INFO - Running <TaskInstance: eia_data_pipeline.fetch_api2_data scheduled__2024-10-16T00:00:00+00:00 [running]> on host 7aa864b16460
[2024-10-17T10:55:14.962+0000] {taskinstance.py:3131} INFO - Exporting env vars: AIRFLOW_CTX_DAG_OWNER='***' AIRFLOW_CTX_DAG_ID='eia_data_pipeline' AIRFLOW_CTX_TASK_ID='fetch_api2_data' AIRFLOW_CTX_EXECUTION_DATE='2024-10-16T00:00:00+00:00' AIRFLOW_CTX_TRY_NUMBER='1' AIRFLOW_CTX_DAG_RUN_ID='scheduled__2024-10-16T00:00:00+00:00'
[2024-10-17T10:55:14.968+0000] {logging_mixin.py:190} INFO - Task instance is in running state
[2024-10-17T10:55:14.978+0000] {logging_mixin.py:190} INFO -  Previous state of the Task instance: queued
[2024-10-17T10:55:14.981+0000] {logging_mixin.py:190} INFO - Current task name:fetch_api2_data state:running start_date:2024-10-17 10:55:14.220432+00:00
[2024-10-17T10:55:14.982+0000] {logging_mixin.py:190} INFO - Dag name:eia_data_pipeline and current dag run status:running
[2024-10-17T10:55:14.987+0000] {taskinstance.py:731} INFO - ::endgroup::
[2024-10-17T10:55:50.172+0000] {logging_mixin.py:190} INFO -            period                        respondent-name  ...  value    value-units
0      2024-10-17  Associated Electric Cooperative, Inc.  ...  24477  megawatthours
1      2024-10-17  Associated Electric Cooperative, Inc.  ...  24477  megawatthours
2      2024-10-17  Associated Electric Cooperative, Inc.  ...  26376  megawatthours
3      2024-10-17  Associated Electric Cooperative, Inc.  ...  26376  megawatthours
4      2024-10-17  Associated Electric Cooperative, Inc.  ...   4750  megawatthours
...           ...                                    ...  ...    ...            ...
49995  2024-09-20                                Florida  ...  63515  megawatthours
49996  2024-09-20                                Florida  ...  63517  megawatthours
49997  2024-09-20                                Florida  ...    620  megawatthours
49998  2024-09-20                                Florida  ...    619  megawatthours
49999  2024-09-20                                Florida  ...    618  megawatthours

[50000 rows x 5 columns] stored in MySQL
[2024-10-17T10:55:50.345+0000] {python.py:240} INFO - Done. Returned value was: None
[2024-10-17T10:55:50.384+0000] {taskinstance.py:340} INFO - ::group::Post task execution logs
[2024-10-17T10:55:50.386+0000] {taskinstance.py:352} INFO - Marking task as SUCCESS. dag_id=eia_data_pipeline, task_id=fetch_api2_data, run_id=scheduled__2024-10-16T00:00:00+00:00, execution_date=20241016T000000, start_date=20241017T105514, end_date=20241017T105550
[2024-10-17T10:55:50.429+0000] {logging_mixin.py:190} INFO - Task instance in success state
[2024-10-17T10:55:50.431+0000] {logging_mixin.py:190} INFO -  Previous state of the Task instance: running
[2024-10-17T10:55:50.432+0000] {logging_mixin.py:190} INFO - Dag name:eia_data_pipeline queued_at:2024-10-17 10:54:37.506225+00:00
[2024-10-17T10:55:50.433+0000] {logging_mixin.py:190} INFO - Task hostname:7aa864b16460 operator:PythonOperator
[2024-10-17T10:55:50.837+0000] {local_task_job_runner.py:266} INFO - Task exited with return code 0
[2024-10-17T10:55:51.087+0000] {local_task_job_runner.py:245} INFO - ::endgroup::
