[2024-10-17T12:17:03.423+0000] {local_task_job_runner.py:123} INFO - ::group::Pre task execution logs
[2024-10-17T12:17:03.450+0000] {taskinstance.py:2612} INFO - Dependencies all met for dep_context=non-requeueable deps ti=<TaskInstance: eia_threading.call_stored_procedure manual__2024-10-17T10:59:58.302662+00:00 [queued]>
[2024-10-17T12:17:03.464+0000] {taskinstance.py:2612} INFO - Dependencies all met for dep_context=requeueable deps ti=<TaskInstance: eia_threading.call_stored_procedure manual__2024-10-17T10:59:58.302662+00:00 [queued]>
[2024-10-17T12:17:03.465+0000] {taskinstance.py:2865} INFO - Starting attempt 1 of 2
[2024-10-17T12:17:03.486+0000] {taskinstance.py:2888} INFO - Executing <Task(PythonOperator): call_stored_procedure> on 2024-10-17 10:59:58.302662+00:00
[2024-10-17T12:17:03.530+0000] {warnings.py:112} WARNING - /home/***/.local/lib/python3.12/site-packages/***/task/task_runner/standard_task_runner.py:70: DeprecationWarning: This process (pid=1225) is multi-threaded, use of fork() may lead to deadlocks in the child.
  pid = os.fork()

[2024-10-17T12:17:03.532+0000] {standard_task_runner.py:104} INFO - Running: ['***', 'tasks', 'run', 'eia_threading', 'call_stored_procedure', 'manual__2024-10-17T10:59:58.302662+00:00', '--job-id', '95', '--raw', '--subdir', 'DAGS_FOLDER/dag3.py', '--cfg-path', '/tmp/tmpj9riru20']
[2024-10-17T12:17:03.536+0000] {standard_task_runner.py:72} INFO - Started process 1234 to run task
[2024-10-17T12:17:03.536+0000] {standard_task_runner.py:105} INFO - Job 95: Subtask call_stored_procedure
[2024-10-17T12:17:03.984+0000] {task_command.py:467} INFO - Running <TaskInstance: eia_threading.call_stored_procedure manual__2024-10-17T10:59:58.302662+00:00 [running]> on host 7aa864b16460
[2024-10-17T12:17:04.521+0000] {taskinstance.py:3131} INFO - Exporting env vars: AIRFLOW_CTX_DAG_OWNER='***' AIRFLOW_CTX_DAG_ID='eia_threading' AIRFLOW_CTX_TASK_ID='call_stored_procedure' AIRFLOW_CTX_EXECUTION_DATE='2024-10-17T10:59:58.302662+00:00' AIRFLOW_CTX_TRY_NUMBER='1' AIRFLOW_CTX_DAG_RUN_ID='manual__2024-10-17T10:59:58.302662+00:00'
[2024-10-17T12:17:04.563+0000] {logging_mixin.py:190} INFO - Task instance is in running state
[2024-10-17T12:17:04.564+0000] {logging_mixin.py:190} INFO -  Previous state of the Task instance: queued
[2024-10-17T12:17:04.566+0000] {logging_mixin.py:190} INFO - Current task name:call_stored_procedure state:running start_date:2024-10-17 12:17:03.451385+00:00
[2024-10-17T12:17:04.567+0000] {logging_mixin.py:190} INFO - Dag name:eia_threading and current dag run status:running
[2024-10-17T12:17:04.570+0000] {taskinstance.py:731} INFO - ::endgroup::
[2024-10-17T12:18:27.640+0000] {logging_mixin.py:190} INFO - Stored procedure 'calculate_co2_reduction' executed successfully.
[2024-10-17T12:18:27.933+0000] {python.py:240} INFO - Done. Returned value was: None
[2024-10-17T12:18:28.287+0000] {taskinstance.py:340} INFO - ::group::Post task execution logs
[2024-10-17T12:18:28.298+0000] {taskinstance.py:352} INFO - Marking task as SUCCESS. dag_id=eia_threading, task_id=call_stored_procedure, run_id=manual__2024-10-17T10:59:58.302662+00:00, execution_date=20241017T105958, start_date=20241017T121703, end_date=20241017T121828
[2024-10-17T12:18:28.482+0000] {logging_mixin.py:190} INFO - Task instance in success state
[2024-10-17T12:18:28.483+0000] {logging_mixin.py:190} INFO -  Previous state of the Task instance: running
[2024-10-17T12:18:28.486+0000] {logging_mixin.py:190} INFO - Dag name:eia_threading queued_at:2024-10-17 10:59:58.670203+00:00
[2024-10-17T12:18:28.487+0000] {logging_mixin.py:190} INFO - Task hostname:7aa864b16460 operator:PythonOperator
[2024-10-17T12:18:28.632+0000] {local_task_job_runner.py:266} INFO - Task exited with return code 0
[2024-10-17T12:18:28.935+0000] {taskinstance.py:3900} INFO - 0 downstream tasks scheduled from follow-on schedule check
[2024-10-17T12:18:28.941+0000] {local_task_job_runner.py:245} INFO - ::endgroup::
