[2024-10-21T09:02:18.624+0000] {processor.py:186} INFO - Started process (PID=107) to work on /opt/airflow/dags/dag2.py
[2024-10-21T09:02:18.628+0000] {processor.py:914} INFO - Processing file /opt/airflow/dags/dag2.py for tasks to queue
[2024-10-21T09:02:18.635+0000] {logging_mixin.py:190} INFO - [2024-10-21T09:02:18.634+0000] {dagbag.py:587} INFO - Filling up the DagBag from /opt/airflow/dags/dag2.py
[2024-10-21T09:02:18.714+0000] {processor.py:927} WARNING - No viable dags retrieved from /opt/airflow/dags/dag2.py
[2024-10-21T09:02:18.767+0000] {processor.py:208} INFO - Processing /opt/airflow/dags/dag2.py took 0.155 seconds
[2024-10-21T09:06:29.962+0000] {processor.py:186} INFO - Started process (PID=92) to work on /opt/airflow/dags/dag2.py
[2024-10-21T09:06:29.977+0000] {processor.py:914} INFO - Processing file /opt/airflow/dags/dag2.py for tasks to queue
[2024-10-21T09:06:30.006+0000] {logging_mixin.py:190} INFO - [2024-10-21T09:06:30.004+0000] {dagbag.py:587} INFO - Filling up the DagBag from /opt/airflow/dags/dag2.py
[2024-10-21T09:06:30.151+0000] {processor.py:927} WARNING - No viable dags retrieved from /opt/airflow/dags/dag2.py
[2024-10-21T09:06:30.353+0000] {processor.py:208} INFO - Processing /opt/airflow/dags/dag2.py took 0.486 seconds
[2024-10-21T09:07:00.725+0000] {processor.py:186} INFO - Started process (PID=156) to work on /opt/airflow/dags/dag2.py
[2024-10-21T09:07:00.726+0000] {processor.py:914} INFO - Processing file /opt/airflow/dags/dag2.py for tasks to queue
[2024-10-21T09:07:00.730+0000] {logging_mixin.py:190} INFO - [2024-10-21T09:07:00.729+0000] {dagbag.py:587} INFO - Filling up the DagBag from /opt/airflow/dags/dag2.py
[2024-10-21T09:07:00.757+0000] {processor.py:927} WARNING - No viable dags retrieved from /opt/airflow/dags/dag2.py
[2024-10-21T09:07:00.776+0000] {processor.py:208} INFO - Processing /opt/airflow/dags/dag2.py took 0.057 seconds
[2024-10-21T09:07:30.965+0000] {processor.py:186} INFO - Started process (PID=223) to work on /opt/airflow/dags/dag2.py
[2024-10-21T09:07:30.966+0000] {processor.py:914} INFO - Processing file /opt/airflow/dags/dag2.py for tasks to queue
[2024-10-21T09:07:30.971+0000] {logging_mixin.py:190} INFO - [2024-10-21T09:07:30.970+0000] {dagbag.py:587} INFO - Filling up the DagBag from /opt/airflow/dags/dag2.py
[2024-10-21T09:07:31.028+0000] {processor.py:927} WARNING - No viable dags retrieved from /opt/airflow/dags/dag2.py
[2024-10-21T09:07:31.050+0000] {processor.py:208} INFO - Processing /opt/airflow/dags/dag2.py took 0.095 seconds
[2024-10-21T09:08:02.620+0000] {processor.py:186} INFO - Started process (PID=288) to work on /opt/airflow/dags/dag2.py
[2024-10-21T09:08:02.738+0000] {processor.py:914} INFO - Processing file /opt/airflow/dags/dag2.py for tasks to queue
[2024-10-21T09:08:02.893+0000] {logging_mixin.py:190} INFO - [2024-10-21T09:08:02.884+0000] {dagbag.py:587} INFO - Filling up the DagBag from /opt/airflow/dags/dag2.py
[2024-10-21T09:08:03.047+0000] {processor.py:927} WARNING - No viable dags retrieved from /opt/airflow/dags/dag2.py
[2024-10-21T09:08:03.673+0000] {processor.py:208} INFO - Processing /opt/airflow/dags/dag2.py took 1.361 seconds
[2024-10-21T09:08:34.201+0000] {processor.py:186} INFO - Started process (PID=354) to work on /opt/airflow/dags/dag2.py
[2024-10-21T09:08:34.204+0000] {processor.py:914} INFO - Processing file /opt/airflow/dags/dag2.py for tasks to queue
[2024-10-21T09:08:34.206+0000] {logging_mixin.py:190} INFO - [2024-10-21T09:08:34.205+0000] {dagbag.py:587} INFO - Filling up the DagBag from /opt/airflow/dags/dag2.py
[2024-10-21T09:08:34.266+0000] {processor.py:927} WARNING - No viable dags retrieved from /opt/airflow/dags/dag2.py
[2024-10-21T09:08:34.303+0000] {processor.py:208} INFO - Processing /opt/airflow/dags/dag2.py took 0.110 seconds
[2024-10-21T09:09:04.485+0000] {processor.py:186} INFO - Started process (PID=419) to work on /opt/airflow/dags/dag2.py
[2024-10-21T09:09:04.486+0000] {processor.py:914} INFO - Processing file /opt/airflow/dags/dag2.py for tasks to queue
[2024-10-21T09:09:04.488+0000] {logging_mixin.py:190} INFO - [2024-10-21T09:09:04.488+0000] {dagbag.py:587} INFO - Filling up the DagBag from /opt/airflow/dags/dag2.py
[2024-10-21T09:09:04.523+0000] {processor.py:927} WARNING - No viable dags retrieved from /opt/airflow/dags/dag2.py
[2024-10-21T09:09:04.544+0000] {processor.py:208} INFO - Processing /opt/airflow/dags/dag2.py took 0.067 seconds
[2024-10-21T09:09:35.420+0000] {processor.py:186} INFO - Started process (PID=484) to work on /opt/airflow/dags/dag2.py
[2024-10-21T09:09:35.423+0000] {processor.py:914} INFO - Processing file /opt/airflow/dags/dag2.py for tasks to queue
[2024-10-21T09:09:35.430+0000] {logging_mixin.py:190} INFO - [2024-10-21T09:09:35.427+0000] {dagbag.py:587} INFO - Filling up the DagBag from /opt/airflow/dags/dag2.py
[2024-10-21T09:09:35.485+0000] {processor.py:927} WARNING - No viable dags retrieved from /opt/airflow/dags/dag2.py
[2024-10-21T09:09:35.530+0000] {processor.py:208} INFO - Processing /opt/airflow/dags/dag2.py took 0.122 seconds
[2024-10-21T09:10:06.705+0000] {processor.py:186} INFO - Started process (PID=549) to work on /opt/airflow/dags/dag2.py
[2024-10-21T09:10:06.708+0000] {processor.py:914} INFO - Processing file /opt/airflow/dags/dag2.py for tasks to queue
[2024-10-21T09:10:06.711+0000] {logging_mixin.py:190} INFO - [2024-10-21T09:10:06.711+0000] {dagbag.py:587} INFO - Filling up the DagBag from /opt/airflow/dags/dag2.py
[2024-10-21T09:10:06.764+0000] {processor.py:927} WARNING - No viable dags retrieved from /opt/airflow/dags/dag2.py
[2024-10-21T09:10:06.803+0000] {processor.py:208} INFO - Processing /opt/airflow/dags/dag2.py took 0.111 seconds
[2024-10-21T09:10:37.118+0000] {processor.py:186} INFO - Started process (PID=609) to work on /opt/airflow/dags/dag2.py
[2024-10-21T09:10:37.120+0000] {processor.py:914} INFO - Processing file /opt/airflow/dags/dag2.py for tasks to queue
[2024-10-21T09:10:37.122+0000] {logging_mixin.py:190} INFO - [2024-10-21T09:10:37.121+0000] {dagbag.py:587} INFO - Filling up the DagBag from /opt/airflow/dags/dag2.py
[2024-10-21T09:10:37.139+0000] {processor.py:927} WARNING - No viable dags retrieved from /opt/airflow/dags/dag2.py
[2024-10-21T09:10:37.179+0000] {processor.py:208} INFO - Processing /opt/airflow/dags/dag2.py took 0.072 seconds
[2024-10-21T09:11:07.683+0000] {processor.py:186} INFO - Started process (PID=669) to work on /opt/airflow/dags/dag2.py
[2024-10-21T09:11:07.685+0000] {processor.py:914} INFO - Processing file /opt/airflow/dags/dag2.py for tasks to queue
[2024-10-21T09:11:07.687+0000] {logging_mixin.py:190} INFO - [2024-10-21T09:11:07.686+0000] {dagbag.py:587} INFO - Filling up the DagBag from /opt/airflow/dags/dag2.py
[2024-10-21T09:11:07.708+0000] {processor.py:927} WARNING - No viable dags retrieved from /opt/airflow/dags/dag2.py
[2024-10-21T09:11:07.726+0000] {processor.py:208} INFO - Processing /opt/airflow/dags/dag2.py took 0.049 seconds
[2024-10-21T09:11:37.977+0000] {processor.py:186} INFO - Started process (PID=750) to work on /opt/airflow/dags/dag2.py
[2024-10-21T09:11:37.982+0000] {processor.py:914} INFO - Processing file /opt/airflow/dags/dag2.py for tasks to queue
[2024-10-21T09:11:37.986+0000] {logging_mixin.py:190} INFO - [2024-10-21T09:11:37.985+0000] {dagbag.py:587} INFO - Filling up the DagBag from /opt/airflow/dags/dag2.py
[2024-10-21T09:11:38.048+0000] {processor.py:927} WARNING - No viable dags retrieved from /opt/airflow/dags/dag2.py
[2024-10-21T09:11:38.084+0000] {processor.py:208} INFO - Processing /opt/airflow/dags/dag2.py took 0.124 seconds
[2024-10-21T09:12:09.872+0000] {processor.py:186} INFO - Started process (PID=800) to work on /opt/airflow/dags/dag2.py
[2024-10-21T09:12:09.874+0000] {processor.py:914} INFO - Processing file /opt/airflow/dags/dag2.py for tasks to queue
[2024-10-21T09:12:09.877+0000] {logging_mixin.py:190} INFO - [2024-10-21T09:12:09.876+0000] {dagbag.py:587} INFO - Filling up the DagBag from /opt/airflow/dags/dag2.py
[2024-10-21T09:12:09.908+0000] {processor.py:927} WARNING - No viable dags retrieved from /opt/airflow/dags/dag2.py
[2024-10-21T09:12:09.940+0000] {processor.py:208} INFO - Processing /opt/airflow/dags/dag2.py took 0.086 seconds
[2024-10-21T09:12:40.088+0000] {processor.py:186} INFO - Started process (PID=864) to work on /opt/airflow/dags/dag2.py
[2024-10-21T09:12:40.090+0000] {processor.py:914} INFO - Processing file /opt/airflow/dags/dag2.py for tasks to queue
[2024-10-21T09:12:40.091+0000] {logging_mixin.py:190} INFO - [2024-10-21T09:12:40.091+0000] {dagbag.py:587} INFO - Filling up the DagBag from /opt/airflow/dags/dag2.py
[2024-10-21T09:12:40.119+0000] {processor.py:927} WARNING - No viable dags retrieved from /opt/airflow/dags/dag2.py
[2024-10-21T09:12:40.137+0000] {processor.py:208} INFO - Processing /opt/airflow/dags/dag2.py took 0.056 seconds
[2024-10-21T09:13:10.427+0000] {processor.py:186} INFO - Started process (PID=927) to work on /opt/airflow/dags/dag2.py
[2024-10-21T09:13:10.431+0000] {processor.py:914} INFO - Processing file /opt/airflow/dags/dag2.py for tasks to queue
[2024-10-21T09:13:10.433+0000] {logging_mixin.py:190} INFO - [2024-10-21T09:13:10.433+0000] {dagbag.py:587} INFO - Filling up the DagBag from /opt/airflow/dags/dag2.py
[2024-10-21T09:13:10.460+0000] {processor.py:927} WARNING - No viable dags retrieved from /opt/airflow/dags/dag2.py
[2024-10-21T09:13:10.475+0000] {processor.py:208} INFO - Processing /opt/airflow/dags/dag2.py took 0.059 seconds
[2024-10-21T09:13:41.246+0000] {processor.py:186} INFO - Started process (PID=992) to work on /opt/airflow/dags/dag2.py
[2024-10-21T09:13:41.248+0000] {processor.py:914} INFO - Processing file /opt/airflow/dags/dag2.py for tasks to queue
[2024-10-21T09:13:41.251+0000] {logging_mixin.py:190} INFO - [2024-10-21T09:13:41.250+0000] {dagbag.py:587} INFO - Filling up the DagBag from /opt/airflow/dags/dag2.py
[2024-10-21T09:13:41.311+0000] {processor.py:927} WARNING - No viable dags retrieved from /opt/airflow/dags/dag2.py
[2024-10-21T09:13:41.871+0000] {processor.py:208} INFO - Processing /opt/airflow/dags/dag2.py took 0.633 seconds
[2024-10-21T09:14:12.116+0000] {processor.py:186} INFO - Started process (PID=1058) to work on /opt/airflow/dags/dag2.py
[2024-10-21T09:14:12.118+0000] {processor.py:914} INFO - Processing file /opt/airflow/dags/dag2.py for tasks to queue
[2024-10-21T09:14:12.120+0000] {logging_mixin.py:190} INFO - [2024-10-21T09:14:12.119+0000] {dagbag.py:587} INFO - Filling up the DagBag from /opt/airflow/dags/dag2.py
[2024-10-21T09:14:12.139+0000] {processor.py:927} WARNING - No viable dags retrieved from /opt/airflow/dags/dag2.py
[2024-10-21T09:14:12.155+0000] {processor.py:208} INFO - Processing /opt/airflow/dags/dag2.py took 0.045 seconds
[2024-10-21T09:14:42.488+0000] {processor.py:186} INFO - Started process (PID=1122) to work on /opt/airflow/dags/dag2.py
[2024-10-21T09:14:42.490+0000] {processor.py:914} INFO - Processing file /opt/airflow/dags/dag2.py for tasks to queue
[2024-10-21T09:14:42.492+0000] {logging_mixin.py:190} INFO - [2024-10-21T09:14:42.492+0000] {dagbag.py:587} INFO - Filling up the DagBag from /opt/airflow/dags/dag2.py
[2024-10-21T09:14:42.510+0000] {processor.py:927} WARNING - No viable dags retrieved from /opt/airflow/dags/dag2.py
[2024-10-21T09:14:42.529+0000] {processor.py:208} INFO - Processing /opt/airflow/dags/dag2.py took 0.047 seconds
[2024-10-21T09:15:13.443+0000] {processor.py:186} INFO - Started process (PID=1188) to work on /opt/airflow/dags/dag2.py
[2024-10-21T09:15:13.445+0000] {processor.py:914} INFO - Processing file /opt/airflow/dags/dag2.py for tasks to queue
[2024-10-21T09:15:13.446+0000] {logging_mixin.py:190} INFO - [2024-10-21T09:15:13.446+0000] {dagbag.py:587} INFO - Filling up the DagBag from /opt/airflow/dags/dag2.py
[2024-10-21T09:15:13.467+0000] {processor.py:927} WARNING - No viable dags retrieved from /opt/airflow/dags/dag2.py
[2024-10-21T09:15:13.499+0000] {processor.py:208} INFO - Processing /opt/airflow/dags/dag2.py took 0.069 seconds
[2024-10-21T09:15:43.889+0000] {processor.py:186} INFO - Started process (PID=1253) to work on /opt/airflow/dags/dag2.py
[2024-10-21T09:15:43.892+0000] {processor.py:914} INFO - Processing file /opt/airflow/dags/dag2.py for tasks to queue
[2024-10-21T09:15:43.895+0000] {logging_mixin.py:190} INFO - [2024-10-21T09:15:43.894+0000] {dagbag.py:587} INFO - Filling up the DagBag from /opt/airflow/dags/dag2.py
[2024-10-21T09:15:43.923+0000] {processor.py:927} WARNING - No viable dags retrieved from /opt/airflow/dags/dag2.py
[2024-10-21T09:15:43.945+0000] {processor.py:208} INFO - Processing /opt/airflow/dags/dag2.py took 0.064 seconds
[2024-10-21T09:16:14.536+0000] {processor.py:186} INFO - Started process (PID=1320) to work on /opt/airflow/dags/dag2.py
[2024-10-21T09:16:14.538+0000] {processor.py:914} INFO - Processing file /opt/airflow/dags/dag2.py for tasks to queue
[2024-10-21T09:16:14.540+0000] {logging_mixin.py:190} INFO - [2024-10-21T09:16:14.539+0000] {dagbag.py:587} INFO - Filling up the DagBag from /opt/airflow/dags/dag2.py
[2024-10-21T09:16:14.563+0000] {processor.py:927} WARNING - No viable dags retrieved from /opt/airflow/dags/dag2.py
[2024-10-21T09:16:14.581+0000] {processor.py:208} INFO - Processing /opt/airflow/dags/dag2.py took 0.053 seconds
[2024-10-21T09:16:57.307+0000] {processor.py:186} INFO - Started process (PID=1397) to work on /opt/airflow/dags/dag2.py
[2024-10-21T09:16:57.380+0000] {processor.py:914} INFO - Processing file /opt/airflow/dags/dag2.py for tasks to queue
[2024-10-21T09:16:57.489+0000] {logging_mixin.py:190} INFO - [2024-10-21T09:16:57.488+0000] {dagbag.py:587} INFO - Filling up the DagBag from /opt/airflow/dags/dag2.py
[2024-10-21T09:16:57.655+0000] {processor.py:927} WARNING - No viable dags retrieved from /opt/airflow/dags/dag2.py
[2024-10-21T09:16:57.774+0000] {processor.py:208} INFO - Processing /opt/airflow/dags/dag2.py took 0.473 seconds
[2024-10-21T09:17:29.023+0000] {processor.py:186} INFO - Started process (PID=1461) to work on /opt/airflow/dags/dag2.py
[2024-10-21T09:17:29.034+0000] {processor.py:914} INFO - Processing file /opt/airflow/dags/dag2.py for tasks to queue
[2024-10-21T09:17:29.044+0000] {logging_mixin.py:190} INFO - [2024-10-21T09:17:29.042+0000] {dagbag.py:587} INFO - Filling up the DagBag from /opt/airflow/dags/dag2.py
[2024-10-21T09:17:29.415+0000] {processor.py:927} WARNING - No viable dags retrieved from /opt/airflow/dags/dag2.py
[2024-10-21T09:17:29.824+0000] {processor.py:208} INFO - Processing /opt/airflow/dags/dag2.py took 0.886 seconds
[2024-10-21T09:18:08.417+0000] {processor.py:186} INFO - Started process (PID=1516) to work on /opt/airflow/dags/dag2.py
[2024-10-21T09:18:08.429+0000] {processor.py:914} INFO - Processing file /opt/airflow/dags/dag2.py for tasks to queue
[2024-10-21T09:18:08.440+0000] {logging_mixin.py:190} INFO - [2024-10-21T09:18:08.438+0000] {dagbag.py:587} INFO - Filling up the DagBag from /opt/airflow/dags/dag2.py
[2024-10-21T09:18:08.625+0000] {processor.py:927} WARNING - No viable dags retrieved from /opt/airflow/dags/dag2.py
[2024-10-21T09:18:08.787+0000] {processor.py:208} INFO - Processing /opt/airflow/dags/dag2.py took 0.465 seconds
[2024-10-21T09:18:55.493+0000] {processor.py:186} INFO - Started process (PID=1552) to work on /opt/airflow/dags/dag2.py
[2024-10-21T09:18:55.504+0000] {processor.py:914} INFO - Processing file /opt/airflow/dags/dag2.py for tasks to queue
[2024-10-21T09:18:55.542+0000] {logging_mixin.py:190} INFO - [2024-10-21T09:18:55.533+0000] {dagbag.py:587} INFO - Filling up the DagBag from /opt/airflow/dags/dag2.py
[2024-10-21T09:18:55.986+0000] {processor.py:927} WARNING - No viable dags retrieved from /opt/airflow/dags/dag2.py
[2024-10-21T09:18:57.095+0000] {processor.py:208} INFO - Processing /opt/airflow/dags/dag2.py took 1.887 seconds
[2024-10-21T09:20:20.493+0000] {processor.py:186} INFO - Started process (PID=1616) to work on /opt/airflow/dags/dag2.py
[2024-10-21T09:20:20.521+0000] {processor.py:914} INFO - Processing file /opt/airflow/dags/dag2.py for tasks to queue
[2024-10-21T09:20:20.528+0000] {logging_mixin.py:190} INFO - [2024-10-21T09:20:20.526+0000] {dagbag.py:587} INFO - Filling up the DagBag from /opt/airflow/dags/dag2.py
[2024-10-21T09:20:20.712+0000] {processor.py:927} WARNING - No viable dags retrieved from /opt/airflow/dags/dag2.py
[2024-10-21T09:20:20.997+0000] {processor.py:208} INFO - Processing /opt/airflow/dags/dag2.py took 0.719 seconds
[2024-10-21T09:21:00.585+0000] {processor.py:186} INFO - Started process (PID=1665) to work on /opt/airflow/dags/dag2.py
[2024-10-21T09:21:00.592+0000] {processor.py:914} INFO - Processing file /opt/airflow/dags/dag2.py for tasks to queue
[2024-10-21T09:21:00.601+0000] {logging_mixin.py:190} INFO - [2024-10-21T09:21:00.600+0000] {dagbag.py:587} INFO - Filling up the DagBag from /opt/airflow/dags/dag2.py
[2024-10-21T09:21:00.754+0000] {processor.py:927} WARNING - No viable dags retrieved from /opt/airflow/dags/dag2.py
[2024-10-21T09:21:00.841+0000] {processor.py:208} INFO - Processing /opt/airflow/dags/dag2.py took 0.273 seconds
[2024-10-21T09:21:35.638+0000] {processor.py:186} INFO - Started process (PID=1694) to work on /opt/airflow/dags/dag2.py
[2024-10-21T09:21:35.824+0000] {processor.py:914} INFO - Processing file /opt/airflow/dags/dag2.py for tasks to queue
[2024-10-21T09:21:35.923+0000] {logging_mixin.py:190} INFO - [2024-10-21T09:21:35.900+0000] {dagbag.py:587} INFO - Filling up the DagBag from /opt/airflow/dags/dag2.py
[2024-10-21T09:21:36.207+0000] {processor.py:927} WARNING - No viable dags retrieved from /opt/airflow/dags/dag2.py
[2024-10-21T09:21:36.671+0000] {processor.py:208} INFO - Processing /opt/airflow/dags/dag2.py took 1.638 seconds
[2024-10-21T09:23:39.193+0000] {processor.py:186} INFO - Started process (PID=1781) to work on /opt/airflow/dags/dag2.py
[2024-10-21T09:23:39.344+0000] {processor.py:914} INFO - Processing file /opt/airflow/dags/dag2.py for tasks to queue
[2024-10-21T09:23:39.456+0000] {logging_mixin.py:190} INFO - [2024-10-21T09:23:39.412+0000] {dagbag.py:587} INFO - Filling up the DagBag from /opt/airflow/dags/dag2.py
[2024-10-21T09:23:39.766+0000] {processor.py:927} WARNING - No viable dags retrieved from /opt/airflow/dags/dag2.py
[2024-10-21T09:23:40.331+0000] {processor.py:208} INFO - Processing /opt/airflow/dags/dag2.py took 1.472 seconds
[2024-10-21T09:24:48.814+0000] {processor.py:186} INFO - Started process (PID=1839) to work on /opt/airflow/dags/dag2.py
[2024-10-21T09:24:48.817+0000] {processor.py:914} INFO - Processing file /opt/airflow/dags/dag2.py for tasks to queue
[2024-10-21T09:24:48.822+0000] {logging_mixin.py:190} INFO - [2024-10-21T09:24:48.820+0000] {dagbag.py:587} INFO - Filling up the DagBag from /opt/airflow/dags/dag2.py
[2024-10-21T09:24:48.900+0000] {processor.py:927} WARNING - No viable dags retrieved from /opt/airflow/dags/dag2.py
[2024-10-21T09:24:48.943+0000] {processor.py:208} INFO - Processing /opt/airflow/dags/dag2.py took 0.147 seconds
[2024-10-21T09:25:19.253+0000] {processor.py:186} INFO - Started process (PID=1902) to work on /opt/airflow/dags/dag2.py
[2024-10-21T09:25:19.256+0000] {processor.py:914} INFO - Processing file /opt/airflow/dags/dag2.py for tasks to queue
[2024-10-21T09:25:19.260+0000] {logging_mixin.py:190} INFO - [2024-10-21T09:25:19.259+0000] {dagbag.py:587} INFO - Filling up the DagBag from /opt/airflow/dags/dag2.py
[2024-10-21T09:25:19.314+0000] {processor.py:927} WARNING - No viable dags retrieved from /opt/airflow/dags/dag2.py
[2024-10-21T09:25:19.357+0000] {processor.py:208} INFO - Processing /opt/airflow/dags/dag2.py took 0.119 seconds
[2024-10-21T09:26:04.454+0000] {processor.py:186} INFO - Started process (PID=1965) to work on /opt/airflow/dags/dag2.py
[2024-10-21T09:26:04.456+0000] {processor.py:914} INFO - Processing file /opt/airflow/dags/dag2.py for tasks to queue
[2024-10-21T09:26:04.459+0000] {logging_mixin.py:190} INFO - [2024-10-21T09:26:04.458+0000] {dagbag.py:587} INFO - Filling up the DagBag from /opt/airflow/dags/dag2.py
[2024-10-21T09:26:04.496+0000] {processor.py:927} WARNING - No viable dags retrieved from /opt/airflow/dags/dag2.py
[2024-10-21T09:26:04.522+0000] {processor.py:208} INFO - Processing /opt/airflow/dags/dag2.py took 0.079 seconds
[2024-10-21T09:27:27.375+0000] {processor.py:186} INFO - Started process (PID=2042) to work on /opt/airflow/dags/dag2.py
[2024-10-21T09:27:27.394+0000] {processor.py:914} INFO - Processing file /opt/airflow/dags/dag2.py for tasks to queue
[2024-10-21T09:27:27.401+0000] {logging_mixin.py:190} INFO - [2024-10-21T09:27:27.399+0000] {dagbag.py:587} INFO - Filling up the DagBag from /opt/airflow/dags/dag2.py
[2024-10-21T09:27:27.541+0000] {processor.py:927} WARNING - No viable dags retrieved from /opt/airflow/dags/dag2.py
[2024-10-21T09:27:28.034+0000] {processor.py:208} INFO - Processing /opt/airflow/dags/dag2.py took 0.746 seconds
[2024-10-21T09:28:20.626+0000] {processor.py:186} INFO - Started process (PID=2104) to work on /opt/airflow/dags/dag2.py
[2024-10-21T09:28:20.633+0000] {processor.py:914} INFO - Processing file /opt/airflow/dags/dag2.py for tasks to queue
[2024-10-21T09:28:20.637+0000] {logging_mixin.py:190} INFO - [2024-10-21T09:28:20.636+0000] {dagbag.py:587} INFO - Filling up the DagBag from /opt/airflow/dags/dag2.py
[2024-10-21T09:28:20.786+0000] {processor.py:927} WARNING - No viable dags retrieved from /opt/airflow/dags/dag2.py
[2024-10-21T09:28:20.870+0000] {processor.py:208} INFO - Processing /opt/airflow/dags/dag2.py took 0.263 seconds
[2024-10-21T09:30:11.897+0000] {processor.py:186} INFO - Started process (PID=2153) to work on /opt/airflow/dags/dag2.py
[2024-10-21T09:30:11.908+0000] {processor.py:914} INFO - Processing file /opt/airflow/dags/dag2.py for tasks to queue
[2024-10-21T09:30:11.923+0000] {logging_mixin.py:190} INFO - [2024-10-21T09:30:11.919+0000] {dagbag.py:587} INFO - Filling up the DagBag from /opt/airflow/dags/dag2.py
[2024-10-21T09:30:12.014+0000] {processor.py:927} WARNING - No viable dags retrieved from /opt/airflow/dags/dag2.py
[2024-10-21T09:30:12.271+0000] {processor.py:208} INFO - Processing /opt/airflow/dags/dag2.py took 0.497 seconds
[2024-10-21T09:30:44.223+0000] {processor.py:186} INFO - Started process (PID=2215) to work on /opt/airflow/dags/dag2.py
[2024-10-21T09:30:44.226+0000] {processor.py:914} INFO - Processing file /opt/airflow/dags/dag2.py for tasks to queue
[2024-10-21T09:30:44.228+0000] {logging_mixin.py:190} INFO - [2024-10-21T09:30:44.228+0000] {dagbag.py:587} INFO - Filling up the DagBag from /opt/airflow/dags/dag2.py
[2024-10-21T09:30:44.258+0000] {processor.py:927} WARNING - No viable dags retrieved from /opt/airflow/dags/dag2.py
[2024-10-21T09:30:44.283+0000] {processor.py:208} INFO - Processing /opt/airflow/dags/dag2.py took 0.070 seconds
[2024-10-21T09:31:17.073+0000] {processor.py:186} INFO - Started process (PID=2280) to work on /opt/airflow/dags/dag2.py
[2024-10-21T09:31:17.079+0000] {processor.py:914} INFO - Processing file /opt/airflow/dags/dag2.py for tasks to queue
[2024-10-21T09:31:17.083+0000] {logging_mixin.py:190} INFO - [2024-10-21T09:31:17.082+0000] {dagbag.py:587} INFO - Filling up the DagBag from /opt/airflow/dags/dag2.py
[2024-10-21T09:31:17.137+0000] {processor.py:927} WARNING - No viable dags retrieved from /opt/airflow/dags/dag2.py
[2024-10-21T09:31:17.177+0000] {processor.py:208} INFO - Processing /opt/airflow/dags/dag2.py took 0.118 seconds
[2024-10-21T09:31:48.182+0000] {processor.py:186} INFO - Started process (PID=2343) to work on /opt/airflow/dags/dag2.py
[2024-10-21T09:31:48.189+0000] {processor.py:914} INFO - Processing file /opt/airflow/dags/dag2.py for tasks to queue
[2024-10-21T09:31:48.192+0000] {logging_mixin.py:190} INFO - [2024-10-21T09:31:48.191+0000] {dagbag.py:587} INFO - Filling up the DagBag from /opt/airflow/dags/dag2.py
[2024-10-21T09:31:48.256+0000] {processor.py:927} WARNING - No viable dags retrieved from /opt/airflow/dags/dag2.py
[2024-10-21T09:31:48.302+0000] {processor.py:208} INFO - Processing /opt/airflow/dags/dag2.py took 0.130 seconds
[2024-10-21T09:32:19.516+0000] {processor.py:186} INFO - Started process (PID=2403) to work on /opt/airflow/dags/dag2.py
[2024-10-21T09:32:19.556+0000] {processor.py:914} INFO - Processing file /opt/airflow/dags/dag2.py for tasks to queue
[2024-10-21T09:32:19.575+0000] {logging_mixin.py:190} INFO - [2024-10-21T09:32:19.568+0000] {dagbag.py:587} INFO - Filling up the DagBag from /opt/airflow/dags/dag2.py
[2024-10-21T09:32:19.623+0000] {processor.py:927} WARNING - No viable dags retrieved from /opt/airflow/dags/dag2.py
[2024-10-21T09:32:19.682+0000] {processor.py:208} INFO - Processing /opt/airflow/dags/dag2.py took 0.197 seconds
[2024-10-21T09:32:50.070+0000] {processor.py:186} INFO - Started process (PID=2466) to work on /opt/airflow/dags/dag2.py
[2024-10-21T09:32:50.075+0000] {processor.py:914} INFO - Processing file /opt/airflow/dags/dag2.py for tasks to queue
[2024-10-21T09:32:50.078+0000] {logging_mixin.py:190} INFO - [2024-10-21T09:32:50.077+0000] {dagbag.py:587} INFO - Filling up the DagBag from /opt/airflow/dags/dag2.py
[2024-10-21T09:32:50.105+0000] {processor.py:927} WARNING - No viable dags retrieved from /opt/airflow/dags/dag2.py
[2024-10-21T09:32:50.133+0000] {processor.py:208} INFO - Processing /opt/airflow/dags/dag2.py took 0.076 seconds
[2024-10-21T09:33:20.892+0000] {processor.py:186} INFO - Started process (PID=2531) to work on /opt/airflow/dags/dag2.py
[2024-10-21T09:33:20.896+0000] {processor.py:914} INFO - Processing file /opt/airflow/dags/dag2.py for tasks to queue
[2024-10-21T09:33:20.899+0000] {logging_mixin.py:190} INFO - [2024-10-21T09:33:20.898+0000] {dagbag.py:587} INFO - Filling up the DagBag from /opt/airflow/dags/dag2.py
[2024-10-21T09:33:20.948+0000] {processor.py:927} WARNING - No viable dags retrieved from /opt/airflow/dags/dag2.py
[2024-10-21T09:33:20.974+0000] {processor.py:208} INFO - Processing /opt/airflow/dags/dag2.py took 0.093 seconds
[2024-10-21T09:33:51.187+0000] {processor.py:186} INFO - Started process (PID=2596) to work on /opt/airflow/dags/dag2.py
[2024-10-21T09:33:51.191+0000] {processor.py:914} INFO - Processing file /opt/airflow/dags/dag2.py for tasks to queue
[2024-10-21T09:33:51.194+0000] {logging_mixin.py:190} INFO - [2024-10-21T09:33:51.193+0000] {dagbag.py:587} INFO - Filling up the DagBag from /opt/airflow/dags/dag2.py
[2024-10-21T09:33:51.227+0000] {processor.py:927} WARNING - No viable dags retrieved from /opt/airflow/dags/dag2.py
[2024-10-21T09:33:51.268+0000] {processor.py:208} INFO - Processing /opt/airflow/dags/dag2.py took 0.092 seconds
[2024-10-21T09:34:21.849+0000] {processor.py:186} INFO - Started process (PID=2660) to work on /opt/airflow/dags/dag2.py
[2024-10-21T09:34:21.858+0000] {processor.py:914} INFO - Processing file /opt/airflow/dags/dag2.py for tasks to queue
[2024-10-21T09:34:21.863+0000] {logging_mixin.py:190} INFO - [2024-10-21T09:34:21.862+0000] {dagbag.py:587} INFO - Filling up the DagBag from /opt/airflow/dags/dag2.py
[2024-10-21T09:34:21.886+0000] {processor.py:927} WARNING - No viable dags retrieved from /opt/airflow/dags/dag2.py
[2024-10-21T09:34:21.912+0000] {processor.py:208} INFO - Processing /opt/airflow/dags/dag2.py took 0.076 seconds
[2024-10-21T09:34:56.806+0000] {processor.py:186} INFO - Started process (PID=2722) to work on /opt/airflow/dags/dag2.py
[2024-10-21T09:34:56.808+0000] {processor.py:914} INFO - Processing file /opt/airflow/dags/dag2.py for tasks to queue
[2024-10-21T09:34:56.810+0000] {logging_mixin.py:190} INFO - [2024-10-21T09:34:56.809+0000] {dagbag.py:587} INFO - Filling up the DagBag from /opt/airflow/dags/dag2.py
[2024-10-21T09:34:56.836+0000] {processor.py:927} WARNING - No viable dags retrieved from /opt/airflow/dags/dag2.py
[2024-10-21T09:34:56.863+0000] {processor.py:208} INFO - Processing /opt/airflow/dags/dag2.py took 0.066 seconds
[2024-10-21T09:35:29.019+0000] {processor.py:186} INFO - Started process (PID=2744) to work on /opt/airflow/dags/dag2.py
[2024-10-21T09:35:29.022+0000] {processor.py:914} INFO - Processing file /opt/airflow/dags/dag2.py for tasks to queue
[2024-10-21T09:35:29.027+0000] {logging_mixin.py:190} INFO - [2024-10-21T09:35:29.026+0000] {dagbag.py:587} INFO - Filling up the DagBag from /opt/airflow/dags/dag2.py
[2024-10-21T09:35:29.049+0000] {processor.py:927} WARNING - No viable dags retrieved from /opt/airflow/dags/dag2.py
[2024-10-21T09:35:29.080+0000] {processor.py:208} INFO - Processing /opt/airflow/dags/dag2.py took 0.070 seconds
[2024-10-21T09:36:10.178+0000] {processor.py:186} INFO - Started process (PID=2807) to work on /opt/airflow/dags/dag2.py
[2024-10-21T09:36:10.183+0000] {processor.py:914} INFO - Processing file /opt/airflow/dags/dag2.py for tasks to queue
[2024-10-21T09:36:10.192+0000] {logging_mixin.py:190} INFO - [2024-10-21T09:36:10.189+0000] {dagbag.py:587} INFO - Filling up the DagBag from /opt/airflow/dags/dag2.py
[2024-10-21T09:36:10.237+0000] {processor.py:927} WARNING - No viable dags retrieved from /opt/airflow/dags/dag2.py
[2024-10-21T09:36:10.283+0000] {processor.py:208} INFO - Processing /opt/airflow/dags/dag2.py took 0.138 seconds
[2024-10-21T09:36:41.654+0000] {processor.py:186} INFO - Started process (PID=2872) to work on /opt/airflow/dags/dag2.py
[2024-10-21T09:36:41.658+0000] {processor.py:914} INFO - Processing file /opt/airflow/dags/dag2.py for tasks to queue
[2024-10-21T09:36:41.665+0000] {logging_mixin.py:190} INFO - [2024-10-21T09:36:41.662+0000] {dagbag.py:587} INFO - Filling up the DagBag from /opt/airflow/dags/dag2.py
[2024-10-21T09:36:41.708+0000] {processor.py:927} WARNING - No viable dags retrieved from /opt/airflow/dags/dag2.py
[2024-10-21T09:36:41.762+0000] {processor.py:208} INFO - Processing /opt/airflow/dags/dag2.py took 0.122 seconds
[2024-10-21T09:37:13.988+0000] {processor.py:186} INFO - Started process (PID=2937) to work on /opt/airflow/dags/dag2.py
[2024-10-21T09:37:13.991+0000] {processor.py:914} INFO - Processing file /opt/airflow/dags/dag2.py for tasks to queue
[2024-10-21T09:37:13.994+0000] {logging_mixin.py:190} INFO - [2024-10-21T09:37:13.993+0000] {dagbag.py:587} INFO - Filling up the DagBag from /opt/airflow/dags/dag2.py
[2024-10-21T09:37:14.050+0000] {processor.py:927} WARNING - No viable dags retrieved from /opt/airflow/dags/dag2.py
[2024-10-21T09:37:14.077+0000] {processor.py:208} INFO - Processing /opt/airflow/dags/dag2.py took 0.098 seconds
[2024-10-21T09:37:48.877+0000] {processor.py:186} INFO - Started process (PID=2993) to work on /opt/airflow/dags/dag2.py
[2024-10-21T09:37:48.880+0000] {processor.py:914} INFO - Processing file /opt/airflow/dags/dag2.py for tasks to queue
[2024-10-21T09:37:48.885+0000] {logging_mixin.py:190} INFO - [2024-10-21T09:37:48.884+0000] {dagbag.py:587} INFO - Filling up the DagBag from /opt/airflow/dags/dag2.py
[2024-10-21T09:37:48.966+0000] {processor.py:927} WARNING - No viable dags retrieved from /opt/airflow/dags/dag2.py
[2024-10-21T09:37:49.063+0000] {processor.py:208} INFO - Processing /opt/airflow/dags/dag2.py took 0.209 seconds
[2024-10-21T09:39:18.096+0000] {processor.py:186} INFO - Started process (PID=3059) to work on /opt/airflow/dags/dag2.py
[2024-10-21T09:39:18.100+0000] {processor.py:914} INFO - Processing file /opt/airflow/dags/dag2.py for tasks to queue
[2024-10-21T09:39:18.110+0000] {logging_mixin.py:190} INFO - [2024-10-21T09:39:18.106+0000] {dagbag.py:587} INFO - Filling up the DagBag from /opt/airflow/dags/dag2.py
[2024-10-21T09:39:18.195+0000] {processor.py:927} WARNING - No viable dags retrieved from /opt/airflow/dags/dag2.py
[2024-10-21T09:39:18.249+0000] {processor.py:208} INFO - Processing /opt/airflow/dags/dag2.py took 0.192 seconds
[2024-10-21T09:39:49.721+0000] {processor.py:186} INFO - Started process (PID=3123) to work on /opt/airflow/dags/dag2.py
[2024-10-21T09:39:49.785+0000] {processor.py:914} INFO - Processing file /opt/airflow/dags/dag2.py for tasks to queue
[2024-10-21T09:39:49.840+0000] {logging_mixin.py:190} INFO - [2024-10-21T09:39:49.826+0000] {dagbag.py:587} INFO - Filling up the DagBag from /opt/airflow/dags/dag2.py
[2024-10-21T09:39:49.946+0000] {processor.py:927} WARNING - No viable dags retrieved from /opt/airflow/dags/dag2.py
[2024-10-21T09:39:50.305+0000] {processor.py:208} INFO - Processing /opt/airflow/dags/dag2.py took 1.072 seconds
[2024-10-21T09:40:39.912+0000] {processor.py:186} INFO - Started process (PID=3148) to work on /opt/airflow/dags/dag2.py
[2024-10-21T09:40:39.924+0000] {processor.py:914} INFO - Processing file /opt/airflow/dags/dag2.py for tasks to queue
[2024-10-21T09:40:39.929+0000] {logging_mixin.py:190} INFO - [2024-10-21T09:40:39.927+0000] {dagbag.py:587} INFO - Filling up the DagBag from /opt/airflow/dags/dag2.py
[2024-10-21T09:40:39.987+0000] {processor.py:927} WARNING - No viable dags retrieved from /opt/airflow/dags/dag2.py
[2024-10-21T09:40:40.035+0000] {processor.py:208} INFO - Processing /opt/airflow/dags/dag2.py took 0.139 seconds
[2024-10-21T09:41:11.061+0000] {processor.py:186} INFO - Started process (PID=3209) to work on /opt/airflow/dags/dag2.py
[2024-10-21T09:41:11.063+0000] {processor.py:914} INFO - Processing file /opt/airflow/dags/dag2.py for tasks to queue
[2024-10-21T09:41:11.068+0000] {logging_mixin.py:190} INFO - [2024-10-21T09:41:11.066+0000] {dagbag.py:587} INFO - Filling up the DagBag from /opt/airflow/dags/dag2.py
[2024-10-21T09:41:11.109+0000] {processor.py:927} WARNING - No viable dags retrieved from /opt/airflow/dags/dag2.py
[2024-10-21T09:41:11.145+0000] {processor.py:208} INFO - Processing /opt/airflow/dags/dag2.py took 0.097 seconds
[2024-10-21T09:42:03.128+0000] {processor.py:186} INFO - Started process (PID=3256) to work on /opt/airflow/dags/dag2.py
[2024-10-21T09:42:03.186+0000] {processor.py:914} INFO - Processing file /opt/airflow/dags/dag2.py for tasks to queue
[2024-10-21T09:42:03.228+0000] {logging_mixin.py:190} INFO - [2024-10-21T09:42:03.220+0000] {dagbag.py:587} INFO - Filling up the DagBag from /opt/airflow/dags/dag2.py
[2024-10-21T09:42:03.431+0000] {processor.py:927} WARNING - No viable dags retrieved from /opt/airflow/dags/dag2.py
[2024-10-21T09:42:03.613+0000] {processor.py:208} INFO - Processing /opt/airflow/dags/dag2.py took 0.710 seconds
[2024-10-21T09:42:39.016+0000] {processor.py:186} INFO - Started process (PID=3320) to work on /opt/airflow/dags/dag2.py
[2024-10-21T09:42:39.020+0000] {processor.py:914} INFO - Processing file /opt/airflow/dags/dag2.py for tasks to queue
[2024-10-21T09:42:39.026+0000] {logging_mixin.py:190} INFO - [2024-10-21T09:42:39.024+0000] {dagbag.py:587} INFO - Filling up the DagBag from /opt/airflow/dags/dag2.py
[2024-10-21T09:42:39.101+0000] {processor.py:927} WARNING - No viable dags retrieved from /opt/airflow/dags/dag2.py
[2024-10-21T09:42:39.145+0000] {processor.py:208} INFO - Processing /opt/airflow/dags/dag2.py took 0.149 seconds
[2024-10-21T09:43:14.664+0000] {processor.py:186} INFO - Started process (PID=3360) to work on /opt/airflow/dags/dag2.py
[2024-10-21T09:43:14.668+0000] {processor.py:914} INFO - Processing file /opt/airflow/dags/dag2.py for tasks to queue
[2024-10-21T09:43:14.674+0000] {logging_mixin.py:190} INFO - [2024-10-21T09:43:14.673+0000] {dagbag.py:587} INFO - Filling up the DagBag from /opt/airflow/dags/dag2.py
[2024-10-21T09:43:14.726+0000] {processor.py:927} WARNING - No viable dags retrieved from /opt/airflow/dags/dag2.py
[2024-10-21T09:43:14.772+0000] {processor.py:208} INFO - Processing /opt/airflow/dags/dag2.py took 0.132 seconds
[2024-10-21T09:43:45.328+0000] {processor.py:186} INFO - Started process (PID=3423) to work on /opt/airflow/dags/dag2.py
[2024-10-21T09:43:45.338+0000] {processor.py:914} INFO - Processing file /opt/airflow/dags/dag2.py for tasks to queue
[2024-10-21T09:43:45.339+0000] {logging_mixin.py:190} INFO - [2024-10-21T09:43:45.339+0000] {dagbag.py:587} INFO - Filling up the DagBag from /opt/airflow/dags/dag2.py
[2024-10-21T09:43:45.651+0000] {processor.py:927} WARNING - No viable dags retrieved from /opt/airflow/dags/dag2.py
[2024-10-21T09:43:45.687+0000] {processor.py:208} INFO - Processing /opt/airflow/dags/dag2.py took 0.369 seconds
[2024-10-21T09:44:17.649+0000] {processor.py:186} INFO - Started process (PID=3488) to work on /opt/airflow/dags/dag2.py
[2024-10-21T09:44:17.654+0000] {processor.py:914} INFO - Processing file /opt/airflow/dags/dag2.py for tasks to queue
[2024-10-21T09:44:17.664+0000] {logging_mixin.py:190} INFO - [2024-10-21T09:44:17.663+0000] {dagbag.py:587} INFO - Filling up the DagBag from /opt/airflow/dags/dag2.py
[2024-10-21T09:44:17.743+0000] {processor.py:927} WARNING - No viable dags retrieved from /opt/airflow/dags/dag2.py
[2024-10-21T09:44:17.796+0000] {processor.py:208} INFO - Processing /opt/airflow/dags/dag2.py took 0.168 seconds
[2024-10-21T09:44:52.184+0000] {processor.py:186} INFO - Started process (PID=3544) to work on /opt/airflow/dags/dag2.py
[2024-10-21T09:44:52.187+0000] {processor.py:914} INFO - Processing file /opt/airflow/dags/dag2.py for tasks to queue
[2024-10-21T09:44:52.190+0000] {logging_mixin.py:190} INFO - [2024-10-21T09:44:52.189+0000] {dagbag.py:587} INFO - Filling up the DagBag from /opt/airflow/dags/dag2.py
[2024-10-21T09:44:52.221+0000] {processor.py:927} WARNING - No viable dags retrieved from /opt/airflow/dags/dag2.py
[2024-10-21T09:44:52.261+0000] {processor.py:208} INFO - Processing /opt/airflow/dags/dag2.py took 0.085 seconds
[2024-10-21T09:45:23.439+0000] {processor.py:186} INFO - Started process (PID=3602) to work on /opt/airflow/dags/dag2.py
[2024-10-21T09:45:23.442+0000] {processor.py:914} INFO - Processing file /opt/airflow/dags/dag2.py for tasks to queue
[2024-10-21T09:45:23.445+0000] {logging_mixin.py:190} INFO - [2024-10-21T09:45:23.445+0000] {dagbag.py:587} INFO - Filling up the DagBag from /opt/airflow/dags/dag2.py
[2024-10-21T09:45:23.491+0000] {processor.py:927} WARNING - No viable dags retrieved from /opt/airflow/dags/dag2.py
[2024-10-21T09:45:23.529+0000] {processor.py:208} INFO - Processing /opt/airflow/dags/dag2.py took 0.103 seconds
[2024-10-21T09:45:54.604+0000] {processor.py:186} INFO - Started process (PID=3665) to work on /opt/airflow/dags/dag2.py
[2024-10-21T09:45:54.608+0000] {processor.py:914} INFO - Processing file /opt/airflow/dags/dag2.py for tasks to queue
[2024-10-21T09:45:54.614+0000] {logging_mixin.py:190} INFO - [2024-10-21T09:45:54.612+0000] {dagbag.py:587} INFO - Filling up the DagBag from /opt/airflow/dags/dag2.py
[2024-10-21T09:45:54.695+0000] {processor.py:927} WARNING - No viable dags retrieved from /opt/airflow/dags/dag2.py
[2024-10-21T09:45:54.773+0000] {processor.py:208} INFO - Processing /opt/airflow/dags/dag2.py took 0.192 seconds
[2024-10-21T09:46:25.692+0000] {processor.py:186} INFO - Started process (PID=3730) to work on /opt/airflow/dags/dag2.py
[2024-10-21T09:46:25.693+0000] {processor.py:914} INFO - Processing file /opt/airflow/dags/dag2.py for tasks to queue
[2024-10-21T09:46:25.695+0000] {logging_mixin.py:190} INFO - [2024-10-21T09:46:25.695+0000] {dagbag.py:587} INFO - Filling up the DagBag from /opt/airflow/dags/dag2.py
[2024-10-21T09:46:25.715+0000] {processor.py:927} WARNING - No viable dags retrieved from /opt/airflow/dags/dag2.py
[2024-10-21T09:46:25.735+0000] {processor.py:208} INFO - Processing /opt/airflow/dags/dag2.py took 0.053 seconds
[2024-10-21T09:46:59.426+0000] {processor.py:186} INFO - Started process (PID=3795) to work on /opt/airflow/dags/dag2.py
[2024-10-21T09:46:59.428+0000] {processor.py:914} INFO - Processing file /opt/airflow/dags/dag2.py for tasks to queue
[2024-10-21T09:46:59.431+0000] {logging_mixin.py:190} INFO - [2024-10-21T09:46:59.431+0000] {dagbag.py:587} INFO - Filling up the DagBag from /opt/airflow/dags/dag2.py
[2024-10-21T09:46:59.463+0000] {processor.py:927} WARNING - No viable dags retrieved from /opt/airflow/dags/dag2.py
[2024-10-21T09:46:59.493+0000] {processor.py:208} INFO - Processing /opt/airflow/dags/dag2.py took 0.078 seconds
[2024-10-21T09:47:30.921+0000] {processor.py:186} INFO - Started process (PID=3841) to work on /opt/airflow/dags/dag2.py
[2024-10-21T09:47:30.924+0000] {processor.py:914} INFO - Processing file /opt/airflow/dags/dag2.py for tasks to queue
[2024-10-21T09:47:30.929+0000] {logging_mixin.py:190} INFO - [2024-10-21T09:47:30.928+0000] {dagbag.py:587} INFO - Filling up the DagBag from /opt/airflow/dags/dag2.py
[2024-10-21T09:47:30.987+0000] {processor.py:927} WARNING - No viable dags retrieved from /opt/airflow/dags/dag2.py
[2024-10-21T09:47:31.029+0000] {processor.py:208} INFO - Processing /opt/airflow/dags/dag2.py took 0.125 seconds
[2024-10-21T09:48:01.219+0000] {processor.py:186} INFO - Started process (PID=3888) to work on /opt/airflow/dags/dag2.py
[2024-10-21T09:48:01.223+0000] {processor.py:914} INFO - Processing file /opt/airflow/dags/dag2.py for tasks to queue
[2024-10-21T09:48:01.227+0000] {logging_mixin.py:190} INFO - [2024-10-21T09:48:01.226+0000] {dagbag.py:587} INFO - Filling up the DagBag from /opt/airflow/dags/dag2.py
[2024-10-21T09:48:01.272+0000] {processor.py:927} WARNING - No viable dags retrieved from /opt/airflow/dags/dag2.py
[2024-10-21T09:48:01.309+0000] {processor.py:208} INFO - Processing /opt/airflow/dags/dag2.py took 0.104 seconds
[2024-10-21T09:48:31.556+0000] {processor.py:186} INFO - Started process (PID=3950) to work on /opt/airflow/dags/dag2.py
[2024-10-21T09:48:31.562+0000] {processor.py:914} INFO - Processing file /opt/airflow/dags/dag2.py for tasks to queue
[2024-10-21T09:48:31.576+0000] {logging_mixin.py:190} INFO - [2024-10-21T09:48:31.574+0000] {dagbag.py:587} INFO - Filling up the DagBag from /opt/airflow/dags/dag2.py
[2024-10-21T09:48:31.675+0000] {processor.py:927} WARNING - No viable dags retrieved from /opt/airflow/dags/dag2.py
[2024-10-21T09:48:31.725+0000] {processor.py:208} INFO - Processing /opt/airflow/dags/dag2.py took 0.191 seconds
[2024-10-21T09:49:01.949+0000] {processor.py:186} INFO - Started process (PID=4010) to work on /opt/airflow/dags/dag2.py
[2024-10-21T09:49:01.952+0000] {processor.py:914} INFO - Processing file /opt/airflow/dags/dag2.py for tasks to queue
[2024-10-21T09:49:01.955+0000] {logging_mixin.py:190} INFO - [2024-10-21T09:49:01.955+0000] {dagbag.py:587} INFO - Filling up the DagBag from /opt/airflow/dags/dag2.py
[2024-10-21T09:49:02.007+0000] {processor.py:927} WARNING - No viable dags retrieved from /opt/airflow/dags/dag2.py
[2024-10-21T09:49:02.050+0000] {processor.py:208} INFO - Processing /opt/airflow/dags/dag2.py took 0.116 seconds
[2024-10-21T09:49:35.382+0000] {processor.py:186} INFO - Started process (PID=4053) to work on /opt/airflow/dags/dag2.py
[2024-10-21T09:49:35.394+0000] {processor.py:914} INFO - Processing file /opt/airflow/dags/dag2.py for tasks to queue
[2024-10-21T09:49:35.405+0000] {logging_mixin.py:190} INFO - [2024-10-21T09:49:35.402+0000] {dagbag.py:587} INFO - Filling up the DagBag from /opt/airflow/dags/dag2.py
[2024-10-21T09:49:35.498+0000] {processor.py:927} WARNING - No viable dags retrieved from /opt/airflow/dags/dag2.py
[2024-10-21T09:49:35.864+0000] {processor.py:208} INFO - Processing /opt/airflow/dags/dag2.py took 0.687 seconds
[2024-10-21T09:50:06.601+0000] {processor.py:186} INFO - Started process (PID=4117) to work on /opt/airflow/dags/dag2.py
[2024-10-21T09:50:06.604+0000] {processor.py:914} INFO - Processing file /opt/airflow/dags/dag2.py for tasks to queue
[2024-10-21T09:50:06.606+0000] {logging_mixin.py:190} INFO - [2024-10-21T09:50:06.605+0000] {dagbag.py:587} INFO - Filling up the DagBag from /opt/airflow/dags/dag2.py
[2024-10-21T09:50:06.628+0000] {processor.py:927} WARNING - No viable dags retrieved from /opt/airflow/dags/dag2.py
[2024-10-21T09:50:06.648+0000] {processor.py:208} INFO - Processing /opt/airflow/dags/dag2.py took 0.057 seconds
[2024-10-21T09:50:37.015+0000] {processor.py:186} INFO - Started process (PID=4182) to work on /opt/airflow/dags/dag2.py
[2024-10-21T09:50:37.017+0000] {processor.py:914} INFO - Processing file /opt/airflow/dags/dag2.py for tasks to queue
[2024-10-21T09:50:37.020+0000] {logging_mixin.py:190} INFO - [2024-10-21T09:50:37.020+0000] {dagbag.py:587} INFO - Filling up the DagBag from /opt/airflow/dags/dag2.py
[2024-10-21T09:50:37.045+0000] {processor.py:927} WARNING - No viable dags retrieved from /opt/airflow/dags/dag2.py
[2024-10-21T09:50:37.066+0000] {processor.py:208} INFO - Processing /opt/airflow/dags/dag2.py took 0.060 seconds
[2024-10-21T09:51:07.554+0000] {processor.py:186} INFO - Started process (PID=4247) to work on /opt/airflow/dags/dag2.py
[2024-10-21T09:51:07.557+0000] {processor.py:914} INFO - Processing file /opt/airflow/dags/dag2.py for tasks to queue
[2024-10-21T09:51:07.559+0000] {logging_mixin.py:190} INFO - [2024-10-21T09:51:07.559+0000] {dagbag.py:587} INFO - Filling up the DagBag from /opt/airflow/dags/dag2.py
[2024-10-21T09:51:07.589+0000] {processor.py:927} WARNING - No viable dags retrieved from /opt/airflow/dags/dag2.py
[2024-10-21T09:51:07.612+0000] {processor.py:208} INFO - Processing /opt/airflow/dags/dag2.py took 0.069 seconds
[2024-10-21T09:51:37.813+0000] {processor.py:186} INFO - Started process (PID=4312) to work on /opt/airflow/dags/dag2.py
[2024-10-21T09:51:37.825+0000] {processor.py:914} INFO - Processing file /opt/airflow/dags/dag2.py for tasks to queue
[2024-10-21T09:51:37.827+0000] {logging_mixin.py:190} INFO - [2024-10-21T09:51:37.827+0000] {dagbag.py:587} INFO - Filling up the DagBag from /opt/airflow/dags/dag2.py
[2024-10-21T09:51:37.877+0000] {processor.py:927} WARNING - No viable dags retrieved from /opt/airflow/dags/dag2.py
[2024-10-21T09:51:37.892+0000] {processor.py:208} INFO - Processing /opt/airflow/dags/dag2.py took 0.087 seconds
[2024-10-21T09:52:08.019+0000] {processor.py:186} INFO - Started process (PID=4378) to work on /opt/airflow/dags/dag2.py
[2024-10-21T09:52:08.022+0000] {processor.py:914} INFO - Processing file /opt/airflow/dags/dag2.py for tasks to queue
[2024-10-21T09:52:08.024+0000] {logging_mixin.py:190} INFO - [2024-10-21T09:52:08.024+0000] {dagbag.py:587} INFO - Filling up the DagBag from /opt/airflow/dags/dag2.py
[2024-10-21T09:52:08.051+0000] {processor.py:927} WARNING - No viable dags retrieved from /opt/airflow/dags/dag2.py
[2024-10-21T09:52:08.080+0000] {processor.py:208} INFO - Processing /opt/airflow/dags/dag2.py took 0.077 seconds
[2024-10-21T09:52:38.789+0000] {processor.py:186} INFO - Started process (PID=4443) to work on /opt/airflow/dags/dag2.py
[2024-10-21T09:52:38.790+0000] {processor.py:914} INFO - Processing file /opt/airflow/dags/dag2.py for tasks to queue
[2024-10-21T09:52:38.793+0000] {logging_mixin.py:190} INFO - [2024-10-21T09:52:38.792+0000] {dagbag.py:587} INFO - Filling up the DagBag from /opt/airflow/dags/dag2.py
[2024-10-21T09:52:38.816+0000] {processor.py:927} WARNING - No viable dags retrieved from /opt/airflow/dags/dag2.py
[2024-10-21T09:52:38.831+0000] {processor.py:208} INFO - Processing /opt/airflow/dags/dag2.py took 0.048 seconds
[2024-10-21T09:53:09.649+0000] {processor.py:186} INFO - Started process (PID=4508) to work on /opt/airflow/dags/dag2.py
[2024-10-21T09:53:09.651+0000] {processor.py:914} INFO - Processing file /opt/airflow/dags/dag2.py for tasks to queue
[2024-10-21T09:53:09.654+0000] {logging_mixin.py:190} INFO - [2024-10-21T09:53:09.653+0000] {dagbag.py:587} INFO - Filling up the DagBag from /opt/airflow/dags/dag2.py
[2024-10-21T09:53:09.674+0000] {processor.py:927} WARNING - No viable dags retrieved from /opt/airflow/dags/dag2.py
[2024-10-21T09:53:09.691+0000] {processor.py:208} INFO - Processing /opt/airflow/dags/dag2.py took 0.051 seconds
[2024-10-21T09:53:40.157+0000] {processor.py:186} INFO - Started process (PID=4573) to work on /opt/airflow/dags/dag2.py
[2024-10-21T09:53:40.162+0000] {processor.py:914} INFO - Processing file /opt/airflow/dags/dag2.py for tasks to queue
[2024-10-21T09:53:40.167+0000] {logging_mixin.py:190} INFO - [2024-10-21T09:53:40.166+0000] {dagbag.py:587} INFO - Filling up the DagBag from /opt/airflow/dags/dag2.py
[2024-10-21T09:53:40.239+0000] {processor.py:927} WARNING - No viable dags retrieved from /opt/airflow/dags/dag2.py
[2024-10-21T09:53:40.278+0000] {processor.py:208} INFO - Processing /opt/airflow/dags/dag2.py took 0.140 seconds
[2024-10-21T09:54:10.388+0000] {processor.py:186} INFO - Started process (PID=4637) to work on /opt/airflow/dags/dag2.py
[2024-10-21T09:54:10.389+0000] {processor.py:914} INFO - Processing file /opt/airflow/dags/dag2.py for tasks to queue
[2024-10-21T09:54:10.391+0000] {logging_mixin.py:190} INFO - [2024-10-21T09:54:10.390+0000] {dagbag.py:587} INFO - Filling up the DagBag from /opt/airflow/dags/dag2.py
[2024-10-21T09:54:10.426+0000] {processor.py:927} WARNING - No viable dags retrieved from /opt/airflow/dags/dag2.py
[2024-10-21T09:54:10.462+0000] {processor.py:208} INFO - Processing /opt/airflow/dags/dag2.py took 0.082 seconds
[2024-10-21T09:54:40.591+0000] {processor.py:186} INFO - Started process (PID=4701) to work on /opt/airflow/dags/dag2.py
[2024-10-21T09:54:40.593+0000] {processor.py:914} INFO - Processing file /opt/airflow/dags/dag2.py for tasks to queue
[2024-10-21T09:54:40.596+0000] {logging_mixin.py:190} INFO - [2024-10-21T09:54:40.595+0000] {dagbag.py:587} INFO - Filling up the DagBag from /opt/airflow/dags/dag2.py
[2024-10-21T09:54:40.620+0000] {processor.py:927} WARNING - No viable dags retrieved from /opt/airflow/dags/dag2.py
[2024-10-21T09:54:40.646+0000] {processor.py:208} INFO - Processing /opt/airflow/dags/dag2.py took 0.064 seconds
[2024-10-21T09:55:11.097+0000] {processor.py:186} INFO - Started process (PID=4765) to work on /opt/airflow/dags/dag2.py
[2024-10-21T09:55:11.100+0000] {processor.py:914} INFO - Processing file /opt/airflow/dags/dag2.py for tasks to queue
[2024-10-21T09:55:11.108+0000] {logging_mixin.py:190} INFO - [2024-10-21T09:55:11.103+0000] {dagbag.py:587} INFO - Filling up the DagBag from /opt/airflow/dags/dag2.py
[2024-10-21T09:55:11.147+0000] {processor.py:927} WARNING - No viable dags retrieved from /opt/airflow/dags/dag2.py
[2024-10-21T09:55:11.181+0000] {processor.py:208} INFO - Processing /opt/airflow/dags/dag2.py took 0.095 seconds
[2024-10-21T09:55:41.548+0000] {processor.py:186} INFO - Started process (PID=4830) to work on /opt/airflow/dags/dag2.py
[2024-10-21T09:55:41.550+0000] {processor.py:914} INFO - Processing file /opt/airflow/dags/dag2.py for tasks to queue
[2024-10-21T09:55:41.553+0000] {logging_mixin.py:190} INFO - [2024-10-21T09:55:41.552+0000] {dagbag.py:587} INFO - Filling up the DagBag from /opt/airflow/dags/dag2.py
[2024-10-21T09:55:41.571+0000] {processor.py:927} WARNING - No viable dags retrieved from /opt/airflow/dags/dag2.py
[2024-10-21T09:55:41.587+0000] {processor.py:208} INFO - Processing /opt/airflow/dags/dag2.py took 0.045 seconds
[2024-10-21T09:56:12.090+0000] {processor.py:186} INFO - Started process (PID=4895) to work on /opt/airflow/dags/dag2.py
[2024-10-21T09:56:12.091+0000] {processor.py:914} INFO - Processing file /opt/airflow/dags/dag2.py for tasks to queue
[2024-10-21T09:56:12.093+0000] {logging_mixin.py:190} INFO - [2024-10-21T09:56:12.093+0000] {dagbag.py:587} INFO - Filling up the DagBag from /opt/airflow/dags/dag2.py
[2024-10-21T09:56:12.116+0000] {processor.py:927} WARNING - No viable dags retrieved from /opt/airflow/dags/dag2.py
[2024-10-21T09:56:12.134+0000] {processor.py:208} INFO - Processing /opt/airflow/dags/dag2.py took 0.051 seconds
[2024-10-21T09:56:42.293+0000] {processor.py:186} INFO - Started process (PID=4960) to work on /opt/airflow/dags/dag2.py
[2024-10-21T09:56:42.296+0000] {processor.py:914} INFO - Processing file /opt/airflow/dags/dag2.py for tasks to queue
[2024-10-21T09:56:42.300+0000] {logging_mixin.py:190} INFO - [2024-10-21T09:56:42.299+0000] {dagbag.py:587} INFO - Filling up the DagBag from /opt/airflow/dags/dag2.py
[2024-10-21T09:56:42.330+0000] {processor.py:927} WARNING - No viable dags retrieved from /opt/airflow/dags/dag2.py
[2024-10-21T09:56:42.356+0000] {processor.py:208} INFO - Processing /opt/airflow/dags/dag2.py took 0.075 seconds
[2024-10-21T09:57:12.501+0000] {processor.py:186} INFO - Started process (PID=5025) to work on /opt/airflow/dags/dag2.py
[2024-10-21T09:57:12.504+0000] {processor.py:914} INFO - Processing file /opt/airflow/dags/dag2.py for tasks to queue
[2024-10-21T09:57:12.507+0000] {logging_mixin.py:190} INFO - [2024-10-21T09:57:12.506+0000] {dagbag.py:587} INFO - Filling up the DagBag from /opt/airflow/dags/dag2.py
[2024-10-21T09:57:12.537+0000] {processor.py:927} WARNING - No viable dags retrieved from /opt/airflow/dags/dag2.py
[2024-10-21T09:57:12.562+0000] {processor.py:208} INFO - Processing /opt/airflow/dags/dag2.py took 0.079 seconds
[2024-10-21T09:57:43.145+0000] {processor.py:186} INFO - Started process (PID=5090) to work on /opt/airflow/dags/dag2.py
[2024-10-21T09:57:43.153+0000] {processor.py:914} INFO - Processing file /opt/airflow/dags/dag2.py for tasks to queue
[2024-10-21T09:57:43.158+0000] {logging_mixin.py:190} INFO - [2024-10-21T09:57:43.157+0000] {dagbag.py:587} INFO - Filling up the DagBag from /opt/airflow/dags/dag2.py
[2024-10-21T09:57:43.200+0000] {processor.py:927} WARNING - No viable dags retrieved from /opt/airflow/dags/dag2.py
[2024-10-21T09:57:43.230+0000] {processor.py:208} INFO - Processing /opt/airflow/dags/dag2.py took 0.106 seconds
[2024-10-21T09:58:14.443+0000] {processor.py:186} INFO - Started process (PID=5154) to work on /opt/airflow/dags/dag2.py
[2024-10-21T09:58:14.451+0000] {processor.py:914} INFO - Processing file /opt/airflow/dags/dag2.py for tasks to queue
[2024-10-21T09:58:14.454+0000] {logging_mixin.py:190} INFO - [2024-10-21T09:58:14.453+0000] {dagbag.py:587} INFO - Filling up the DagBag from /opt/airflow/dags/dag2.py
[2024-10-21T09:58:14.488+0000] {processor.py:927} WARNING - No viable dags retrieved from /opt/airflow/dags/dag2.py
[2024-10-21T09:58:14.537+0000] {processor.py:208} INFO - Processing /opt/airflow/dags/dag2.py took 0.104 seconds
[2024-10-21T09:58:44.870+0000] {processor.py:186} INFO - Started process (PID=5220) to work on /opt/airflow/dags/dag2.py
[2024-10-21T09:58:44.872+0000] {processor.py:914} INFO - Processing file /opt/airflow/dags/dag2.py for tasks to queue
[2024-10-21T09:58:44.875+0000] {logging_mixin.py:190} INFO - [2024-10-21T09:58:44.874+0000] {dagbag.py:587} INFO - Filling up the DagBag from /opt/airflow/dags/dag2.py
[2024-10-21T09:58:44.913+0000] {processor.py:927} WARNING - No viable dags retrieved from /opt/airflow/dags/dag2.py
[2024-10-21T09:58:44.940+0000] {processor.py:208} INFO - Processing /opt/airflow/dags/dag2.py took 0.081 seconds
[2024-10-21T09:59:15.223+0000] {processor.py:186} INFO - Started process (PID=5285) to work on /opt/airflow/dags/dag2.py
[2024-10-21T09:59:15.224+0000] {processor.py:914} INFO - Processing file /opt/airflow/dags/dag2.py for tasks to queue
[2024-10-21T09:59:15.226+0000] {logging_mixin.py:190} INFO - [2024-10-21T09:59:15.225+0000] {dagbag.py:587} INFO - Filling up the DagBag from /opt/airflow/dags/dag2.py
[2024-10-21T09:59:15.249+0000] {processor.py:927} WARNING - No viable dags retrieved from /opt/airflow/dags/dag2.py
[2024-10-21T09:59:15.269+0000] {processor.py:208} INFO - Processing /opt/airflow/dags/dag2.py took 0.054 seconds
[2024-10-21T09:59:46.049+0000] {processor.py:186} INFO - Started process (PID=5349) to work on /opt/airflow/dags/dag2.py
[2024-10-21T09:59:46.052+0000] {processor.py:914} INFO - Processing file /opt/airflow/dags/dag2.py for tasks to queue
[2024-10-21T09:59:46.055+0000] {logging_mixin.py:190} INFO - [2024-10-21T09:59:46.055+0000] {dagbag.py:587} INFO - Filling up the DagBag from /opt/airflow/dags/dag2.py
[2024-10-21T09:59:46.096+0000] {processor.py:927} WARNING - No viable dags retrieved from /opt/airflow/dags/dag2.py
[2024-10-21T09:59:46.128+0000] {processor.py:208} INFO - Processing /opt/airflow/dags/dag2.py took 0.091 seconds
[2024-10-21T10:00:16.446+0000] {processor.py:186} INFO - Started process (PID=5411) to work on /opt/airflow/dags/dag2.py
[2024-10-21T10:00:16.449+0000] {processor.py:914} INFO - Processing file /opt/airflow/dags/dag2.py for tasks to queue
[2024-10-21T10:00:16.453+0000] {logging_mixin.py:190} INFO - [2024-10-21T10:00:16.452+0000] {dagbag.py:587} INFO - Filling up the DagBag from /opt/airflow/dags/dag2.py
[2024-10-21T10:00:16.506+0000] {processor.py:927} WARNING - No viable dags retrieved from /opt/airflow/dags/dag2.py
[2024-10-21T10:00:16.563+0000] {processor.py:208} INFO - Processing /opt/airflow/dags/dag2.py took 0.129 seconds
[2024-10-21T10:00:47.418+0000] {processor.py:186} INFO - Started process (PID=5475) to work on /opt/airflow/dags/dag2.py
[2024-10-21T10:00:47.422+0000] {processor.py:914} INFO - Processing file /opt/airflow/dags/dag2.py for tasks to queue
[2024-10-21T10:00:47.425+0000] {logging_mixin.py:190} INFO - [2024-10-21T10:00:47.424+0000] {dagbag.py:587} INFO - Filling up the DagBag from /opt/airflow/dags/dag2.py
[2024-10-21T10:00:47.461+0000] {processor.py:927} WARNING - No viable dags retrieved from /opt/airflow/dags/dag2.py
[2024-10-21T10:00:47.490+0000] {processor.py:208} INFO - Processing /opt/airflow/dags/dag2.py took 0.086 seconds
[2024-10-21T10:01:23.113+0000] {processor.py:186} INFO - Started process (PID=5540) to work on /opt/airflow/dags/dag2.py
[2024-10-21T10:01:23.122+0000] {processor.py:914} INFO - Processing file /opt/airflow/dags/dag2.py for tasks to queue
[2024-10-21T10:01:23.126+0000] {logging_mixin.py:190} INFO - [2024-10-21T10:01:23.125+0000] {dagbag.py:587} INFO - Filling up the DagBag from /opt/airflow/dags/dag2.py
[2024-10-21T10:01:23.313+0000] {processor.py:927} WARNING - No viable dags retrieved from /opt/airflow/dags/dag2.py
[2024-10-21T10:01:23.379+0000] {processor.py:208} INFO - Processing /opt/airflow/dags/dag2.py took 0.273 seconds
[2024-10-21T10:01:53.628+0000] {processor.py:186} INFO - Started process (PID=5605) to work on /opt/airflow/dags/dag2.py
[2024-10-21T10:01:53.632+0000] {processor.py:914} INFO - Processing file /opt/airflow/dags/dag2.py for tasks to queue
[2024-10-21T10:01:53.636+0000] {logging_mixin.py:190} INFO - [2024-10-21T10:01:53.635+0000] {dagbag.py:587} INFO - Filling up the DagBag from /opt/airflow/dags/dag2.py
[2024-10-21T10:01:53.665+0000] {processor.py:927} WARNING - No viable dags retrieved from /opt/airflow/dags/dag2.py
[2024-10-21T10:01:53.688+0000] {processor.py:208} INFO - Processing /opt/airflow/dags/dag2.py took 0.068 seconds
[2024-10-21T10:02:23.803+0000] {processor.py:186} INFO - Started process (PID=5667) to work on /opt/airflow/dags/dag2.py
[2024-10-21T10:02:23.805+0000] {processor.py:914} INFO - Processing file /opt/airflow/dags/dag2.py for tasks to queue
[2024-10-21T10:02:23.808+0000] {logging_mixin.py:190} INFO - [2024-10-21T10:02:23.807+0000] {dagbag.py:587} INFO - Filling up the DagBag from /opt/airflow/dags/dag2.py
[2024-10-21T10:02:23.846+0000] {processor.py:927} WARNING - No viable dags retrieved from /opt/airflow/dags/dag2.py
[2024-10-21T10:02:23.872+0000] {processor.py:208} INFO - Processing /opt/airflow/dags/dag2.py took 0.080 seconds
[2024-10-21T10:02:55.197+0000] {processor.py:186} INFO - Started process (PID=5729) to work on /opt/airflow/dags/dag2.py
[2024-10-21T10:02:55.200+0000] {processor.py:914} INFO - Processing file /opt/airflow/dags/dag2.py for tasks to queue
[2024-10-21T10:02:55.203+0000] {logging_mixin.py:190} INFO - [2024-10-21T10:02:55.203+0000] {dagbag.py:587} INFO - Filling up the DagBag from /opt/airflow/dags/dag2.py
[2024-10-21T10:02:55.262+0000] {processor.py:927} WARNING - No viable dags retrieved from /opt/airflow/dags/dag2.py
[2024-10-21T10:02:55.323+0000] {processor.py:208} INFO - Processing /opt/airflow/dags/dag2.py took 0.146 seconds
[2024-10-21T10:03:58.401+0000] {processor.py:186} INFO - Started process (PID=5798) to work on /opt/airflow/dags/dag2.py
[2024-10-21T10:03:58.420+0000] {processor.py:914} INFO - Processing file /opt/airflow/dags/dag2.py for tasks to queue
[2024-10-21T10:03:58.432+0000] {logging_mixin.py:190} INFO - [2024-10-21T10:03:58.429+0000] {dagbag.py:587} INFO - Filling up the DagBag from /opt/airflow/dags/dag2.py
[2024-10-21T10:03:58.580+0000] {processor.py:927} WARNING - No viable dags retrieved from /opt/airflow/dags/dag2.py
[2024-10-21T10:03:58.847+0000] {processor.py:208} INFO - Processing /opt/airflow/dags/dag2.py took 0.574 seconds
[2024-10-21T10:04:54.376+0000] {processor.py:186} INFO - Started process (PID=5858) to work on /opt/airflow/dags/dag2.py
[2024-10-21T10:04:54.378+0000] {processor.py:914} INFO - Processing file /opt/airflow/dags/dag2.py for tasks to queue
[2024-10-21T10:04:54.382+0000] {logging_mixin.py:190} INFO - [2024-10-21T10:04:54.381+0000] {dagbag.py:587} INFO - Filling up the DagBag from /opt/airflow/dags/dag2.py
[2024-10-21T10:04:54.432+0000] {processor.py:927} WARNING - No viable dags retrieved from /opt/airflow/dags/dag2.py
[2024-10-21T10:04:54.453+0000] {processor.py:208} INFO - Processing /opt/airflow/dags/dag2.py took 0.087 seconds
[2024-10-21T10:06:33.748+0000] {processor.py:186} INFO - Started process (PID=5917) to work on /opt/airflow/dags/dag2.py
[2024-10-21T10:06:33.755+0000] {processor.py:914} INFO - Processing file /opt/airflow/dags/dag2.py for tasks to queue
[2024-10-21T10:06:33.790+0000] {logging_mixin.py:190} INFO - [2024-10-21T10:06:33.776+0000] {dagbag.py:587} INFO - Filling up the DagBag from /opt/airflow/dags/dag2.py
[2024-10-21T10:06:33.964+0000] {processor.py:927} WARNING - No viable dags retrieved from /opt/airflow/dags/dag2.py
[2024-10-21T10:06:34.241+0000] {processor.py:208} INFO - Processing /opt/airflow/dags/dag2.py took 0.621 seconds
[2024-10-21T10:20:51.733+0000] {processor.py:186} INFO - Started process (PID=6081) to work on /opt/airflow/dags/dag2.py
[2024-10-21T10:21:01.947+0000] {processor.py:914} INFO - Processing file /opt/airflow/dags/dag2.py for tasks to queue
[2024-10-21T10:21:02.099+0000] {logging_mixin.py:190} INFO - [2024-10-21T10:21:02.046+0000] {dagbag.py:587} INFO - Filling up the DagBag from /opt/airflow/dags/dag2.py
[2024-10-21T10:21:02.653+0000] {processor.py:927} WARNING - No viable dags retrieved from /opt/airflow/dags/dag2.py
[2024-10-21T10:21:08.938+0000] {processor.py:208} INFO - Processing /opt/airflow/dags/dag2.py took 17.617 seconds
[2024-10-21T10:24:02.633+0000] {processor.py:186} INFO - Started process (PID=6112) to work on /opt/airflow/dags/dag2.py
[2024-10-21T10:24:02.708+0000] {processor.py:914} INFO - Processing file /opt/airflow/dags/dag2.py for tasks to queue
[2024-10-21T10:24:02.861+0000] {logging_mixin.py:190} INFO - [2024-10-21T10:24:02.843+0000] {dagbag.py:587} INFO - Filling up the DagBag from /opt/airflow/dags/dag2.py
[2024-10-21T10:24:05.247+0000] {processor.py:927} WARNING - No viable dags retrieved from /opt/airflow/dags/dag2.py
[2024-10-21T10:24:08.279+0000] {processor.py:208} INFO - Processing /opt/airflow/dags/dag2.py took 5.982 seconds
[2024-10-21T10:27:03.014+0000] {processor.py:186} INFO - Started process (PID=6145) to work on /opt/airflow/dags/dag2.py
[2024-10-21T10:27:03.032+0000] {processor.py:914} INFO - Processing file /opt/airflow/dags/dag2.py for tasks to queue
[2024-10-21T10:27:03.071+0000] {logging_mixin.py:190} INFO - [2024-10-21T10:27:03.061+0000] {dagbag.py:587} INFO - Filling up the DagBag from /opt/airflow/dags/dag2.py
[2024-10-21T10:27:03.822+0000] {processor.py:927} WARNING - No viable dags retrieved from /opt/airflow/dags/dag2.py
[2024-10-21T10:27:05.200+0000] {processor.py:208} INFO - Processing /opt/airflow/dags/dag2.py took 2.576 seconds
[2024-10-21T10:29:11.075+0000] {processor.py:186} INFO - Started process (PID=6223) to work on /opt/airflow/dags/dag2.py
[2024-10-21T10:29:11.087+0000] {processor.py:914} INFO - Processing file /opt/airflow/dags/dag2.py for tasks to queue
[2024-10-21T10:29:11.124+0000] {logging_mixin.py:190} INFO - [2024-10-21T10:29:11.117+0000] {dagbag.py:587} INFO - Filling up the DagBag from /opt/airflow/dags/dag2.py
[2024-10-21T10:29:11.361+0000] {processor.py:927} WARNING - No viable dags retrieved from /opt/airflow/dags/dag2.py
[2024-10-21T10:29:11.749+0000] {processor.py:208} INFO - Processing /opt/airflow/dags/dag2.py took 1.293 seconds
