[2024-10-21T09:02:18.959+0000] {processor.py:186} INFO - Started process (PID=108) to work on /opt/airflow/dags/new_dag.py
[2024-10-21T09:02:18.963+0000] {processor.py:914} INFO - Processing file /opt/airflow/dags/new_dag.py for tasks to queue
[2024-10-21T09:02:18.971+0000] {logging_mixin.py:190} INFO - [2024-10-21T09:02:18.970+0000] {dagbag.py:587} INFO - Filling up the DagBag from /opt/airflow/dags/new_dag.py
[2024-10-21T09:02:21.692+0000] {processor.py:925} INFO - DAG(s) 'eia_data_pipeline' retrieved from /opt/airflow/dags/new_dag.py
[2024-10-21T09:02:22.232+0000] {logging_mixin.py:190} INFO - [2024-10-21T09:02:22.212+0000] {dag.py:3229} INFO - Sync 1 DAGs
[2024-10-21T09:02:22.509+0000] {logging_mixin.py:190} INFO - [2024-10-21T09:02:22.504+0000] {dag.py:4156} INFO - Setting next_dagrun for eia_data_pipeline to 2024-10-21 00:00:00+00:00, run_after=2024-10-22 00:00:00+00:00
[2024-10-21T09:02:22.795+0000] {processor.py:208} INFO - Processing /opt/airflow/dags/new_dag.py took 3.848 seconds
[2024-10-21T09:06:30.567+0000] {processor.py:186} INFO - Started process (PID=93) to work on /opt/airflow/dags/new_dag.py
[2024-10-21T09:06:30.570+0000] {processor.py:914} INFO - Processing file /opt/airflow/dags/new_dag.py for tasks to queue
[2024-10-21T09:06:30.577+0000] {logging_mixin.py:190} INFO - [2024-10-21T09:06:30.575+0000] {dagbag.py:587} INFO - Filling up the DagBag from /opt/airflow/dags/new_dag.py
[2024-10-21T09:06:31.779+0000] {processor.py:925} INFO - DAG(s) 'eia_data_pipeline' retrieved from /opt/airflow/dags/new_dag.py
[2024-10-21T09:06:32.080+0000] {logging_mixin.py:190} INFO - [2024-10-21T09:06:32.079+0000] {dag.py:3229} INFO - Sync 1 DAGs
[2024-10-21T09:06:32.247+0000] {logging_mixin.py:190} INFO - [2024-10-21T09:06:32.247+0000] {dag.py:4156} INFO - Setting next_dagrun for eia_data_pipeline to 2024-10-21 00:00:00+00:00, run_after=2024-10-22 00:00:00+00:00
[2024-10-21T09:06:32.392+0000] {processor.py:208} INFO - Processing /opt/airflow/dags/new_dag.py took 1.836 seconds
[2024-10-21T09:07:02.910+0000] {processor.py:186} INFO - Started process (PID=158) to work on /opt/airflow/dags/new_dag.py
[2024-10-21T09:07:02.913+0000] {processor.py:914} INFO - Processing file /opt/airflow/dags/new_dag.py for tasks to queue
[2024-10-21T09:07:02.918+0000] {logging_mixin.py:190} INFO - [2024-10-21T09:07:02.917+0000] {dagbag.py:587} INFO - Filling up the DagBag from /opt/airflow/dags/new_dag.py
[2024-10-21T09:07:03.255+0000] {processor.py:925} INFO - DAG(s) 'eia_data_pipeline' retrieved from /opt/airflow/dags/new_dag.py
[2024-10-21T09:07:03.292+0000] {logging_mixin.py:190} INFO - [2024-10-21T09:07:03.292+0000] {dag.py:3229} INFO - Sync 1 DAGs
[2024-10-21T09:07:03.336+0000] {logging_mixin.py:190} INFO - [2024-10-21T09:07:03.336+0000] {dag.py:4156} INFO - Setting next_dagrun for eia_data_pipeline to 2024-10-21 00:00:00+00:00, run_after=2024-10-22 00:00:00+00:00
[2024-10-21T09:07:03.369+0000] {processor.py:208} INFO - Processing /opt/airflow/dags/new_dag.py took 0.470 seconds
[2024-10-21T09:07:33.490+0000] {processor.py:186} INFO - Started process (PID=224) to work on /opt/airflow/dags/new_dag.py
[2024-10-21T09:07:33.492+0000] {processor.py:914} INFO - Processing file /opt/airflow/dags/new_dag.py for tasks to queue
[2024-10-21T09:07:33.497+0000] {logging_mixin.py:190} INFO - [2024-10-21T09:07:33.496+0000] {dagbag.py:587} INFO - Filling up the DagBag from /opt/airflow/dags/new_dag.py
[2024-10-21T09:07:33.834+0000] {processor.py:925} INFO - DAG(s) 'eia_data_pipeline' retrieved from /opt/airflow/dags/new_dag.py
[2024-10-21T09:07:33.896+0000] {logging_mixin.py:190} INFO - [2024-10-21T09:07:33.895+0000] {dag.py:3229} INFO - Sync 1 DAGs
[2024-10-21T09:07:33.956+0000] {logging_mixin.py:190} INFO - [2024-10-21T09:07:33.955+0000] {dag.py:4156} INFO - Setting next_dagrun for eia_data_pipeline to 2024-10-21 00:00:00+00:00, run_after=2024-10-22 00:00:00+00:00
[2024-10-21T09:07:34.028+0000] {processor.py:208} INFO - Processing /opt/airflow/dags/new_dag.py took 0.547 seconds
[2024-10-21T09:08:05.190+0000] {processor.py:186} INFO - Started process (PID=289) to work on /opt/airflow/dags/new_dag.py
[2024-10-21T09:08:05.235+0000] {processor.py:914} INFO - Processing file /opt/airflow/dags/new_dag.py for tasks to queue
[2024-10-21T09:08:05.454+0000] {logging_mixin.py:190} INFO - [2024-10-21T09:08:05.444+0000] {dagbag.py:587} INFO - Filling up the DagBag from /opt/airflow/dags/new_dag.py
[2024-10-21T09:08:06.630+0000] {processor.py:925} INFO - DAG(s) 'eia_data_pipeline' retrieved from /opt/airflow/dags/new_dag.py
[2024-10-21T09:08:06.861+0000] {logging_mixin.py:190} INFO - [2024-10-21T09:08:06.860+0000] {dag.py:3229} INFO - Sync 1 DAGs
[2024-10-21T09:08:07.170+0000] {logging_mixin.py:190} INFO - [2024-10-21T09:08:07.169+0000] {dag.py:4156} INFO - Setting next_dagrun for eia_data_pipeline to 2024-10-21 00:00:00+00:00, run_after=2024-10-22 00:00:00+00:00
[2024-10-21T09:08:07.314+0000] {processor.py:208} INFO - Processing /opt/airflow/dags/new_dag.py took 2.500 seconds
[2024-10-21T09:08:37.719+0000] {processor.py:186} INFO - Started process (PID=355) to work on /opt/airflow/dags/new_dag.py
[2024-10-21T09:08:37.723+0000] {processor.py:914} INFO - Processing file /opt/airflow/dags/new_dag.py for tasks to queue
[2024-10-21T09:08:37.732+0000] {logging_mixin.py:190} INFO - [2024-10-21T09:08:37.729+0000] {dagbag.py:587} INFO - Filling up the DagBag from /opt/airflow/dags/new_dag.py
[2024-10-21T09:08:40.734+0000] {processor.py:925} INFO - DAG(s) 'eia_data_pipeline' retrieved from /opt/airflow/dags/new_dag.py
[2024-10-21T09:08:41.163+0000] {logging_mixin.py:190} INFO - [2024-10-21T09:08:41.162+0000] {dag.py:3229} INFO - Sync 1 DAGs
[2024-10-21T09:08:41.554+0000] {logging_mixin.py:190} INFO - [2024-10-21T09:08:41.551+0000] {dag.py:4156} INFO - Setting next_dagrun for eia_data_pipeline to 2024-10-21 00:00:00+00:00, run_after=2024-10-22 00:00:00+00:00
[2024-10-21T09:08:41.680+0000] {processor.py:208} INFO - Processing /opt/airflow/dags/new_dag.py took 4.001 seconds
[2024-10-21T09:09:12.667+0000] {processor.py:186} INFO - Started process (PID=420) to work on /opt/airflow/dags/new_dag.py
[2024-10-21T09:09:12.669+0000] {processor.py:914} INFO - Processing file /opt/airflow/dags/new_dag.py for tasks to queue
[2024-10-21T09:09:12.671+0000] {logging_mixin.py:190} INFO - [2024-10-21T09:09:12.671+0000] {dagbag.py:587} INFO - Filling up the DagBag from /opt/airflow/dags/new_dag.py
[2024-10-21T09:09:13.162+0000] {processor.py:925} INFO - DAG(s) 'eia_data_pipeline' retrieved from /opt/airflow/dags/new_dag.py
[2024-10-21T09:09:13.207+0000] {logging_mixin.py:190} INFO - [2024-10-21T09:09:13.206+0000] {dag.py:3229} INFO - Sync 1 DAGs
[2024-10-21T09:09:13.288+0000] {logging_mixin.py:190} INFO - [2024-10-21T09:09:13.287+0000] {dag.py:4156} INFO - Setting next_dagrun for eia_data_pipeline to 2024-10-21 00:00:00+00:00, run_after=2024-10-22 00:00:00+00:00
[2024-10-21T09:09:13.342+0000] {processor.py:208} INFO - Processing /opt/airflow/dags/new_dag.py took 0.681 seconds
[2024-10-21T09:09:43.544+0000] {processor.py:186} INFO - Started process (PID=485) to work on /opt/airflow/dags/new_dag.py
[2024-10-21T09:09:43.546+0000] {processor.py:914} INFO - Processing file /opt/airflow/dags/new_dag.py for tasks to queue
[2024-10-21T09:09:43.548+0000] {logging_mixin.py:190} INFO - [2024-10-21T09:09:43.547+0000] {dagbag.py:587} INFO - Filling up the DagBag from /opt/airflow/dags/new_dag.py
[2024-10-21T09:09:43.808+0000] {processor.py:925} INFO - DAG(s) 'eia_data_pipeline' retrieved from /opt/airflow/dags/new_dag.py
[2024-10-21T09:09:43.835+0000] {logging_mixin.py:190} INFO - [2024-10-21T09:09:43.834+0000] {dag.py:3229} INFO - Sync 1 DAGs
[2024-10-21T09:09:43.873+0000] {logging_mixin.py:190} INFO - [2024-10-21T09:09:43.873+0000] {dag.py:4156} INFO - Setting next_dagrun for eia_data_pipeline to 2024-10-21 00:00:00+00:00, run_after=2024-10-22 00:00:00+00:00
[2024-10-21T09:09:43.907+0000] {processor.py:208} INFO - Processing /opt/airflow/dags/new_dag.py took 0.369 seconds
[2024-10-21T09:10:14.010+0000] {processor.py:186} INFO - Started process (PID=551) to work on /opt/airflow/dags/new_dag.py
[2024-10-21T09:10:14.015+0000] {processor.py:914} INFO - Processing file /opt/airflow/dags/new_dag.py for tasks to queue
[2024-10-21T09:10:14.017+0000] {logging_mixin.py:190} INFO - [2024-10-21T09:10:14.017+0000] {dagbag.py:587} INFO - Filling up the DagBag from /opt/airflow/dags/new_dag.py
[2024-10-21T09:10:14.269+0000] {processor.py:925} INFO - DAG(s) 'eia_data_pipeline' retrieved from /opt/airflow/dags/new_dag.py
[2024-10-21T09:10:14.298+0000] {logging_mixin.py:190} INFO - [2024-10-21T09:10:14.298+0000] {dag.py:3229} INFO - Sync 1 DAGs
[2024-10-21T09:10:14.340+0000] {logging_mixin.py:190} INFO - [2024-10-21T09:10:14.340+0000] {dag.py:4156} INFO - Setting next_dagrun for eia_data_pipeline to 2024-10-21 00:00:00+00:00, run_after=2024-10-22 00:00:00+00:00
[2024-10-21T09:10:14.376+0000] {processor.py:208} INFO - Processing /opt/airflow/dags/new_dag.py took 0.372 seconds
[2024-10-21T09:10:44.528+0000] {processor.py:186} INFO - Started process (PID=615) to work on /opt/airflow/dags/new_dag.py
[2024-10-21T09:10:44.529+0000] {processor.py:914} INFO - Processing file /opt/airflow/dags/new_dag.py for tasks to queue
[2024-10-21T09:10:44.531+0000] {logging_mixin.py:190} INFO - [2024-10-21T09:10:44.531+0000] {dagbag.py:587} INFO - Filling up the DagBag from /opt/airflow/dags/new_dag.py
[2024-10-21T09:10:44.827+0000] {processor.py:925} INFO - DAG(s) 'eia_data_pipeline' retrieved from /opt/airflow/dags/new_dag.py
[2024-10-21T09:10:44.879+0000] {logging_mixin.py:190} INFO - [2024-10-21T09:10:44.879+0000] {dag.py:3229} INFO - Sync 1 DAGs
[2024-10-21T09:10:44.911+0000] {logging_mixin.py:190} INFO - [2024-10-21T09:10:44.910+0000] {dag.py:4156} INFO - Setting next_dagrun for eia_data_pipeline to 2024-10-21 00:00:00+00:00, run_after=2024-10-22 00:00:00+00:00
[2024-10-21T09:10:44.977+0000] {processor.py:208} INFO - Processing /opt/airflow/dags/new_dag.py took 0.454 seconds
[2024-10-21T09:11:15.589+0000] {processor.py:186} INFO - Started process (PID=686) to work on /opt/airflow/dags/new_dag.py
[2024-10-21T09:11:15.590+0000] {processor.py:914} INFO - Processing file /opt/airflow/dags/new_dag.py for tasks to queue
[2024-10-21T09:11:15.591+0000] {logging_mixin.py:190} INFO - [2024-10-21T09:11:15.591+0000] {dagbag.py:587} INFO - Filling up the DagBag from /opt/airflow/dags/new_dag.py
[2024-10-21T09:11:15.745+0000] {processor.py:925} INFO - DAG(s) 'eia_data_pipeline' retrieved from /opt/airflow/dags/new_dag.py
[2024-10-21T09:11:15.768+0000] {logging_mixin.py:190} INFO - [2024-10-21T09:11:15.768+0000] {dag.py:3229} INFO - Sync 1 DAGs
[2024-10-21T09:11:15.802+0000] {logging_mixin.py:190} INFO - [2024-10-21T09:11:15.801+0000] {dag.py:4156} INFO - Setting next_dagrun for eia_data_pipeline to 2024-10-21 00:00:00+00:00, run_after=2024-10-22 00:00:00+00:00
[2024-10-21T09:11:15.829+0000] {processor.py:208} INFO - Processing /opt/airflow/dags/new_dag.py took 0.246 seconds
[2024-10-21T09:11:47.319+0000] {processor.py:186} INFO - Started process (PID=767) to work on /opt/airflow/dags/new_dag.py
[2024-10-21T09:11:47.354+0000] {processor.py:914} INFO - Processing file /opt/airflow/dags/new_dag.py for tasks to queue
[2024-10-21T09:11:47.413+0000] {logging_mixin.py:190} INFO - [2024-10-21T09:11:47.401+0000] {dagbag.py:587} INFO - Filling up the DagBag from /opt/airflow/dags/new_dag.py
[2024-10-21T09:11:50.418+0000] {processor.py:925} INFO - DAG(s) 'eia_data_pipeline' retrieved from /opt/airflow/dags/new_dag.py
[2024-10-21T09:11:50.999+0000] {logging_mixin.py:190} INFO - [2024-10-21T09:11:50.998+0000] {dag.py:3229} INFO - Sync 1 DAGs
[2024-10-21T09:11:51.623+0000] {logging_mixin.py:190} INFO - [2024-10-21T09:11:51.623+0000] {dag.py:4156} INFO - Setting next_dagrun for eia_data_pipeline to 2024-10-21 00:00:00+00:00, run_after=2024-10-22 00:00:00+00:00
[2024-10-21T09:11:51.947+0000] {processor.py:208} INFO - Processing /opt/airflow/dags/new_dag.py took 5.069 seconds
[2024-10-21T09:12:22.487+0000] {processor.py:186} INFO - Started process (PID=832) to work on /opt/airflow/dags/new_dag.py
[2024-10-21T09:12:22.490+0000] {processor.py:914} INFO - Processing file /opt/airflow/dags/new_dag.py for tasks to queue
[2024-10-21T09:12:22.493+0000] {logging_mixin.py:190} INFO - [2024-10-21T09:12:22.492+0000] {dagbag.py:587} INFO - Filling up the DagBag from /opt/airflow/dags/new_dag.py
[2024-10-21T09:12:22.903+0000] {processor.py:925} INFO - DAG(s) 'eia_data_pipeline' retrieved from /opt/airflow/dags/new_dag.py
[2024-10-21T09:12:22.937+0000] {logging_mixin.py:190} INFO - [2024-10-21T09:12:22.937+0000] {dag.py:3229} INFO - Sync 1 DAGs
[2024-10-21T09:12:22.978+0000] {logging_mixin.py:190} INFO - [2024-10-21T09:12:22.977+0000] {dag.py:4156} INFO - Setting next_dagrun for eia_data_pipeline to 2024-10-21 00:00:00+00:00, run_after=2024-10-22 00:00:00+00:00
[2024-10-21T09:12:23.013+0000] {processor.py:208} INFO - Processing /opt/airflow/dags/new_dag.py took 0.535 seconds
[2024-10-21T09:12:53.909+0000] {processor.py:186} INFO - Started process (PID=898) to work on /opt/airflow/dags/new_dag.py
[2024-10-21T09:12:53.911+0000] {processor.py:914} INFO - Processing file /opt/airflow/dags/new_dag.py for tasks to queue
[2024-10-21T09:12:53.913+0000] {logging_mixin.py:190} INFO - [2024-10-21T09:12:53.913+0000] {dagbag.py:587} INFO - Filling up the DagBag from /opt/airflow/dags/new_dag.py
[2024-10-21T09:12:54.091+0000] {processor.py:925} INFO - DAG(s) 'eia_data_pipeline' retrieved from /opt/airflow/dags/new_dag.py
[2024-10-21T09:12:54.112+0000] {logging_mixin.py:190} INFO - [2024-10-21T09:12:54.112+0000] {dag.py:3229} INFO - Sync 1 DAGs
[2024-10-21T09:12:54.147+0000] {logging_mixin.py:190} INFO - [2024-10-21T09:12:54.147+0000] {dag.py:4156} INFO - Setting next_dagrun for eia_data_pipeline to 2024-10-21 00:00:00+00:00, run_after=2024-10-22 00:00:00+00:00
[2024-10-21T09:12:54.185+0000] {processor.py:208} INFO - Processing /opt/airflow/dags/new_dag.py took 0.281 seconds
[2024-10-21T09:13:24.970+0000] {processor.py:186} INFO - Started process (PID=963) to work on /opt/airflow/dags/new_dag.py
[2024-10-21T09:13:24.972+0000] {processor.py:914} INFO - Processing file /opt/airflow/dags/new_dag.py for tasks to queue
[2024-10-21T09:13:24.975+0000] {logging_mixin.py:190} INFO - [2024-10-21T09:13:24.974+0000] {dagbag.py:587} INFO - Filling up the DagBag from /opt/airflow/dags/new_dag.py
[2024-10-21T09:13:25.169+0000] {processor.py:925} INFO - DAG(s) 'eia_data_pipeline' retrieved from /opt/airflow/dags/new_dag.py
[2024-10-21T09:13:25.196+0000] {logging_mixin.py:190} INFO - [2024-10-21T09:13:25.196+0000] {dag.py:3229} INFO - Sync 1 DAGs
[2024-10-21T09:13:25.231+0000] {logging_mixin.py:190} INFO - [2024-10-21T09:13:25.231+0000] {dag.py:4156} INFO - Setting next_dagrun for eia_data_pipeline to 2024-10-21 00:00:00+00:00, run_after=2024-10-22 00:00:00+00:00
[2024-10-21T09:13:25.260+0000] {processor.py:208} INFO - Processing /opt/airflow/dags/new_dag.py took 0.297 seconds
[2024-10-21T09:13:56.093+0000] {processor.py:186} INFO - Started process (PID=1028) to work on /opt/airflow/dags/new_dag.py
[2024-10-21T09:13:56.102+0000] {processor.py:914} INFO - Processing file /opt/airflow/dags/new_dag.py for tasks to queue
[2024-10-21T09:13:56.104+0000] {logging_mixin.py:190} INFO - [2024-10-21T09:13:56.103+0000] {dagbag.py:587} INFO - Filling up the DagBag from /opt/airflow/dags/new_dag.py
[2024-10-21T09:13:56.367+0000] {processor.py:925} INFO - DAG(s) 'eia_data_pipeline' retrieved from /opt/airflow/dags/new_dag.py
[2024-10-21T09:13:56.393+0000] {logging_mixin.py:190} INFO - [2024-10-21T09:13:56.392+0000] {dag.py:3229} INFO - Sync 1 DAGs
[2024-10-21T09:13:56.430+0000] {logging_mixin.py:190} INFO - [2024-10-21T09:13:56.430+0000] {dag.py:4156} INFO - Setting next_dagrun for eia_data_pipeline to 2024-10-21 00:00:00+00:00, run_after=2024-10-22 00:00:00+00:00
[2024-10-21T09:13:56.456+0000] {processor.py:208} INFO - Processing /opt/airflow/dags/new_dag.py took 0.368 seconds
[2024-10-21T09:14:26.860+0000] {processor.py:186} INFO - Started process (PID=1093) to work on /opt/airflow/dags/new_dag.py
[2024-10-21T09:14:26.861+0000] {processor.py:914} INFO - Processing file /opt/airflow/dags/new_dag.py for tasks to queue
[2024-10-21T09:14:26.863+0000] {logging_mixin.py:190} INFO - [2024-10-21T09:14:26.862+0000] {dagbag.py:587} INFO - Filling up the DagBag from /opt/airflow/dags/new_dag.py
[2024-10-21T09:14:27.073+0000] {processor.py:925} INFO - DAG(s) 'eia_data_pipeline' retrieved from /opt/airflow/dags/new_dag.py
[2024-10-21T09:14:27.102+0000] {logging_mixin.py:190} INFO - [2024-10-21T09:14:27.102+0000] {dag.py:3229} INFO - Sync 1 DAGs
[2024-10-21T09:14:27.141+0000] {logging_mixin.py:190} INFO - [2024-10-21T09:14:27.140+0000] {dag.py:4156} INFO - Setting next_dagrun for eia_data_pipeline to 2024-10-21 00:00:00+00:00, run_after=2024-10-22 00:00:00+00:00
[2024-10-21T09:14:27.176+0000] {processor.py:208} INFO - Processing /opt/airflow/dags/new_dag.py took 0.323 seconds
[2024-10-21T09:14:57.762+0000] {processor.py:186} INFO - Started process (PID=1159) to work on /opt/airflow/dags/new_dag.py
[2024-10-21T09:14:57.763+0000] {processor.py:914} INFO - Processing file /opt/airflow/dags/new_dag.py for tasks to queue
[2024-10-21T09:14:57.765+0000] {logging_mixin.py:190} INFO - [2024-10-21T09:14:57.764+0000] {dagbag.py:587} INFO - Filling up the DagBag from /opt/airflow/dags/new_dag.py
[2024-10-21T09:14:57.964+0000] {processor.py:925} INFO - DAG(s) 'eia_data_pipeline' retrieved from /opt/airflow/dags/new_dag.py
[2024-10-21T09:14:57.991+0000] {logging_mixin.py:190} INFO - [2024-10-21T09:14:57.991+0000] {dag.py:3229} INFO - Sync 1 DAGs
[2024-10-21T09:14:58.026+0000] {logging_mixin.py:190} INFO - [2024-10-21T09:14:58.025+0000] {dag.py:4156} INFO - Setting next_dagrun for eia_data_pipeline to 2024-10-21 00:00:00+00:00, run_after=2024-10-22 00:00:00+00:00
[2024-10-21T09:14:58.065+0000] {processor.py:208} INFO - Processing /opt/airflow/dags/new_dag.py took 0.310 seconds
[2024-10-21T09:15:28.604+0000] {processor.py:186} INFO - Started process (PID=1224) to work on /opt/airflow/dags/new_dag.py
[2024-10-21T09:15:28.611+0000] {processor.py:914} INFO - Processing file /opt/airflow/dags/new_dag.py for tasks to queue
[2024-10-21T09:15:28.617+0000] {logging_mixin.py:190} INFO - [2024-10-21T09:15:28.616+0000] {dagbag.py:587} INFO - Filling up the DagBag from /opt/airflow/dags/new_dag.py
[2024-10-21T09:15:28.926+0000] {processor.py:925} INFO - DAG(s) 'eia_data_pipeline' retrieved from /opt/airflow/dags/new_dag.py
[2024-10-21T09:15:28.957+0000] {logging_mixin.py:190} INFO - [2024-10-21T09:15:28.957+0000] {dag.py:3229} INFO - Sync 1 DAGs
[2024-10-21T09:15:29.010+0000] {logging_mixin.py:190} INFO - [2024-10-21T09:15:29.010+0000] {dag.py:4156} INFO - Setting next_dagrun for eia_data_pipeline to 2024-10-21 00:00:00+00:00, run_after=2024-10-22 00:00:00+00:00
[2024-10-21T09:15:29.078+0000] {processor.py:208} INFO - Processing /opt/airflow/dags/new_dag.py took 0.553 seconds
[2024-10-21T09:15:59.258+0000] {processor.py:186} INFO - Started process (PID=1291) to work on /opt/airflow/dags/new_dag.py
[2024-10-21T09:15:59.260+0000] {processor.py:914} INFO - Processing file /opt/airflow/dags/new_dag.py for tasks to queue
[2024-10-21T09:15:59.261+0000] {logging_mixin.py:190} INFO - [2024-10-21T09:15:59.261+0000] {dagbag.py:587} INFO - Filling up the DagBag from /opt/airflow/dags/new_dag.py
[2024-10-21T09:15:59.422+0000] {processor.py:925} INFO - DAG(s) 'eia_data_pipeline' retrieved from /opt/airflow/dags/new_dag.py
[2024-10-21T09:15:59.446+0000] {logging_mixin.py:190} INFO - [2024-10-21T09:15:59.446+0000] {dag.py:3229} INFO - Sync 1 DAGs
[2024-10-21T09:15:59.478+0000] {logging_mixin.py:190} INFO - [2024-10-21T09:15:59.478+0000] {dag.py:4156} INFO - Setting next_dagrun for eia_data_pipeline to 2024-10-21 00:00:00+00:00, run_after=2024-10-22 00:00:00+00:00
[2024-10-21T09:15:59.522+0000] {processor.py:208} INFO - Processing /opt/airflow/dags/new_dag.py took 0.270 seconds
[2024-10-21T09:16:30.561+0000] {processor.py:186} INFO - Started process (PID=1362) to work on /opt/airflow/dags/new_dag.py
[2024-10-21T09:16:30.572+0000] {processor.py:914} INFO - Processing file /opt/airflow/dags/new_dag.py for tasks to queue
[2024-10-21T09:16:30.584+0000] {logging_mixin.py:190} INFO - [2024-10-21T09:16:30.583+0000] {dagbag.py:587} INFO - Filling up the DagBag from /opt/airflow/dags/new_dag.py
[2024-10-21T09:16:31.161+0000] {processor.py:925} INFO - DAG(s) 'eia_data_pipeline' retrieved from /opt/airflow/dags/new_dag.py
[2024-10-21T09:16:31.189+0000] {logging_mixin.py:190} INFO - [2024-10-21T09:16:31.189+0000] {dag.py:3229} INFO - Sync 1 DAGs
[2024-10-21T09:16:31.242+0000] {logging_mixin.py:190} INFO - [2024-10-21T09:16:31.241+0000] {dag.py:4156} INFO - Setting next_dagrun for eia_data_pipeline to 2024-10-21 00:00:00+00:00, run_after=2024-10-22 00:00:00+00:00
[2024-10-21T09:16:31.400+0000] {processor.py:208} INFO - Processing /opt/airflow/dags/new_dag.py took 0.935 seconds
[2024-10-21T09:17:12.525+0000] {processor.py:186} INFO - Started process (PID=1425) to work on /opt/airflow/dags/new_dag.py
[2024-10-21T09:17:12.528+0000] {processor.py:914} INFO - Processing file /opt/airflow/dags/new_dag.py for tasks to queue
[2024-10-21T09:17:12.534+0000] {logging_mixin.py:190} INFO - [2024-10-21T09:17:12.533+0000] {dagbag.py:587} INFO - Filling up the DagBag from /opt/airflow/dags/new_dag.py
[2024-10-21T09:17:14.758+0000] {processor.py:925} INFO - DAG(s) 'eia_data_pipeline' retrieved from /opt/airflow/dags/new_dag.py
[2024-10-21T09:17:15.197+0000] {logging_mixin.py:190} INFO - [2024-10-21T09:17:15.193+0000] {dag.py:3229} INFO - Sync 1 DAGs
[2024-10-21T09:17:15.475+0000] {logging_mixin.py:190} INFO - [2024-10-21T09:17:15.474+0000] {dag.py:4156} INFO - Setting next_dagrun for eia_data_pipeline to 2024-10-21 00:00:00+00:00, run_after=2024-10-22 00:00:00+00:00
[2024-10-21T09:17:15.599+0000] {processor.py:208} INFO - Processing /opt/airflow/dags/new_dag.py took 3.094 seconds
[2024-10-21T09:17:54.525+0000] {processor.py:186} INFO - Started process (PID=1490) to work on /opt/airflow/dags/new_dag.py
[2024-10-21T09:17:54.533+0000] {processor.py:914} INFO - Processing file /opt/airflow/dags/new_dag.py for tasks to queue
[2024-10-21T09:17:54.543+0000] {logging_mixin.py:190} INFO - [2024-10-21T09:17:54.542+0000] {dagbag.py:587} INFO - Filling up the DagBag from /opt/airflow/dags/new_dag.py
[2024-10-21T09:17:56.638+0000] {processor.py:925} INFO - DAG(s) 'eia_data_pipeline' retrieved from /opt/airflow/dags/new_dag.py
[2024-10-21T09:17:56.787+0000] {logging_mixin.py:190} INFO - [2024-10-21T09:17:56.786+0000] {dag.py:3229} INFO - Sync 1 DAGs
[2024-10-21T09:17:56.967+0000] {logging_mixin.py:190} INFO - [2024-10-21T09:17:56.966+0000] {dag.py:4156} INFO - Setting next_dagrun for eia_data_pipeline to 2024-10-21 00:00:00+00:00, run_after=2024-10-22 00:00:00+00:00
[2024-10-21T09:17:57.145+0000] {processor.py:208} INFO - Processing /opt/airflow/dags/new_dag.py took 2.652 seconds
[2024-10-21T09:18:59.010+0000] {processor.py:186} INFO - Started process (PID=1553) to work on /opt/airflow/dags/new_dag.py
[2024-10-21T09:18:59.050+0000] {processor.py:914} INFO - Processing file /opt/airflow/dags/new_dag.py for tasks to queue
[2024-10-21T09:18:59.198+0000] {logging_mixin.py:190} INFO - [2024-10-21T09:18:59.165+0000] {dagbag.py:587} INFO - Filling up the DagBag from /opt/airflow/dags/new_dag.py
[2024-10-21T09:19:02.647+0000] {processor.py:925} INFO - DAG(s) 'eia_data_pipeline' retrieved from /opt/airflow/dags/new_dag.py
[2024-10-21T09:19:03.307+0000] {logging_mixin.py:190} INFO - [2024-10-21T09:19:03.252+0000] {dag.py:3229} INFO - Sync 1 DAGs
[2024-10-21T09:19:05.165+0000] {logging_mixin.py:190} INFO - [2024-10-21T09:19:05.162+0000] {dag.py:4156} INFO - Setting next_dagrun for eia_data_pipeline to 2024-10-21 00:00:00+00:00, run_after=2024-10-22 00:00:00+00:00
[2024-10-21T09:19:05.389+0000] {processor.py:208} INFO - Processing /opt/airflow/dags/new_dag.py took 6.855 seconds
[2024-10-21T09:20:21.682+0000] {processor.py:186} INFO - Started process (PID=1617) to work on /opt/airflow/dags/new_dag.py
[2024-10-21T09:20:21.728+0000] {processor.py:914} INFO - Processing file /opt/airflow/dags/new_dag.py for tasks to queue
[2024-10-21T09:20:21.749+0000] {logging_mixin.py:190} INFO - [2024-10-21T09:20:21.744+0000] {dagbag.py:587} INFO - Filling up the DagBag from /opt/airflow/dags/new_dag.py
[2024-10-21T09:20:23.172+0000] {processor.py:925} INFO - DAG(s) 'eia_data_pipeline' retrieved from /opt/airflow/dags/new_dag.py
[2024-10-21T09:20:23.411+0000] {logging_mixin.py:190} INFO - [2024-10-21T09:20:23.410+0000] {dag.py:3229} INFO - Sync 1 DAGs
[2024-10-21T09:20:23.732+0000] {logging_mixin.py:190} INFO - [2024-10-21T09:20:23.731+0000] {dag.py:4156} INFO - Setting next_dagrun for eia_data_pipeline to 2024-10-21 00:00:00+00:00, run_after=2024-10-22 00:00:00+00:00
[2024-10-21T09:20:23.868+0000] {processor.py:208} INFO - Processing /opt/airflow/dags/new_dag.py took 2.398 seconds
[2024-10-21T09:21:01.664+0000] {processor.py:186} INFO - Started process (PID=1666) to work on /opt/airflow/dags/new_dag.py
[2024-10-21T09:21:01.675+0000] {processor.py:914} INFO - Processing file /opt/airflow/dags/new_dag.py for tasks to queue
[2024-10-21T09:21:01.689+0000] {logging_mixin.py:190} INFO - [2024-10-21T09:21:01.687+0000] {dagbag.py:587} INFO - Filling up the DagBag from /opt/airflow/dags/new_dag.py
[2024-10-21T09:21:05.652+0000] {processor.py:925} INFO - DAG(s) 'eia_data_pipeline' retrieved from /opt/airflow/dags/new_dag.py
[2024-10-21T09:21:07.218+0000] {logging_mixin.py:190} INFO - [2024-10-21T09:21:07.215+0000] {dag.py:3229} INFO - Sync 1 DAGs
[2024-10-21T09:21:07.895+0000] {logging_mixin.py:190} INFO - [2024-10-21T09:21:07.890+0000] {dag.py:4156} INFO - Setting next_dagrun for eia_data_pipeline to 2024-10-21 00:00:00+00:00, run_after=2024-10-22 00:00:00+00:00
[2024-10-21T09:21:08.271+0000] {processor.py:208} INFO - Processing /opt/airflow/dags/new_dag.py took 6.721 seconds
[2024-10-21T09:22:10.291+0000] {processor.py:186} INFO - Started process (PID=1738) to work on /opt/airflow/dags/new_dag.py
[2024-10-21T09:22:10.293+0000] {processor.py:914} INFO - Processing file /opt/airflow/dags/new_dag.py for tasks to queue
[2024-10-21T09:22:10.303+0000] {logging_mixin.py:190} INFO - [2024-10-21T09:22:10.302+0000] {dagbag.py:587} INFO - Filling up the DagBag from /opt/airflow/dags/new_dag.py
[2024-10-21T09:22:10.902+0000] {processor.py:925} INFO - DAG(s) 'eia_data_pipeline' retrieved from /opt/airflow/dags/new_dag.py
[2024-10-21T09:22:11.027+0000] {logging_mixin.py:190} INFO - [2024-10-21T09:22:11.024+0000] {dag.py:3229} INFO - Sync 1 DAGs
[2024-10-21T09:22:11.176+0000] {logging_mixin.py:190} INFO - [2024-10-21T09:22:11.176+0000] {dag.py:4156} INFO - Setting next_dagrun for eia_data_pipeline to 2024-10-21 00:00:00+00:00, run_after=2024-10-22 00:00:00+00:00
[2024-10-21T09:22:11.418+0000] {processor.py:208} INFO - Processing /opt/airflow/dags/new_dag.py took 1.149 seconds
[2024-10-21T09:23:41.459+0000] {processor.py:186} INFO - Started process (PID=1782) to work on /opt/airflow/dags/new_dag.py
[2024-10-21T09:23:41.479+0000] {processor.py:914} INFO - Processing file /opt/airflow/dags/new_dag.py for tasks to queue
[2024-10-21T09:23:41.487+0000] {logging_mixin.py:190} INFO - [2024-10-21T09:23:41.482+0000] {dagbag.py:587} INFO - Filling up the DagBag from /opt/airflow/dags/new_dag.py
[2024-10-21T09:23:44.135+0000] {processor.py:925} INFO - DAG(s) 'eia_data_pipeline' retrieved from /opt/airflow/dags/new_dag.py
[2024-10-21T09:23:44.805+0000] {logging_mixin.py:190} INFO - [2024-10-21T09:23:44.802+0000] {dag.py:3229} INFO - Sync 1 DAGs
[2024-10-21T09:23:45.171+0000] {logging_mixin.py:190} INFO - [2024-10-21T09:23:45.171+0000] {dag.py:4156} INFO - Setting next_dagrun for eia_data_pipeline to 2024-10-21 00:00:00+00:00, run_after=2024-10-22 00:00:00+00:00
[2024-10-21T09:23:45.381+0000] {processor.py:208} INFO - Processing /opt/airflow/dags/new_dag.py took 4.053 seconds
[2024-10-21T09:24:49.073+0000] {processor.py:186} INFO - Started process (PID=1840) to work on /opt/airflow/dags/new_dag.py
[2024-10-21T09:24:49.075+0000] {processor.py:914} INFO - Processing file /opt/airflow/dags/new_dag.py for tasks to queue
[2024-10-21T09:24:49.077+0000] {logging_mixin.py:190} INFO - [2024-10-21T09:24:49.077+0000] {dagbag.py:587} INFO - Filling up the DagBag from /opt/airflow/dags/new_dag.py
[2024-10-21T09:24:50.562+0000] {processor.py:925} INFO - DAG(s) 'eia_data_pipeline' retrieved from /opt/airflow/dags/new_dag.py
[2024-10-21T09:24:50.635+0000] {logging_mixin.py:190} INFO - [2024-10-21T09:24:50.634+0000] {dag.py:3229} INFO - Sync 1 DAGs
[2024-10-21T09:24:50.819+0000] {logging_mixin.py:190} INFO - [2024-10-21T09:24:50.818+0000] {dag.py:4156} INFO - Setting next_dagrun for eia_data_pipeline to 2024-10-21 00:00:00+00:00, run_after=2024-10-22 00:00:00+00:00
[2024-10-21T09:24:50.902+0000] {processor.py:208} INFO - Processing /opt/airflow/dags/new_dag.py took 1.840 seconds
[2024-10-21T09:25:21.685+0000] {processor.py:186} INFO - Started process (PID=1905) to work on /opt/airflow/dags/new_dag.py
[2024-10-21T09:25:21.689+0000] {processor.py:914} INFO - Processing file /opt/airflow/dags/new_dag.py for tasks to queue
[2024-10-21T09:25:21.694+0000] {logging_mixin.py:190} INFO - [2024-10-21T09:25:21.692+0000] {dagbag.py:587} INFO - Filling up the DagBag from /opt/airflow/dags/new_dag.py
[2024-10-21T09:25:22.952+0000] {processor.py:925} INFO - DAG(s) 'eia_data_pipeline' retrieved from /opt/airflow/dags/new_dag.py
[2024-10-21T09:25:23.038+0000] {logging_mixin.py:190} INFO - [2024-10-21T09:25:23.038+0000] {dag.py:3229} INFO - Sync 1 DAGs
[2024-10-21T09:25:23.137+0000] {logging_mixin.py:190} INFO - [2024-10-21T09:25:23.137+0000] {dag.py:4156} INFO - Setting next_dagrun for eia_data_pipeline to 2024-10-21 00:00:00+00:00, run_after=2024-10-22 00:00:00+00:00
[2024-10-21T09:25:23.201+0000] {processor.py:208} INFO - Processing /opt/airflow/dags/new_dag.py took 1.553 seconds
[2024-10-21T09:26:04.759+0000] {processor.py:186} INFO - Started process (PID=1966) to work on /opt/airflow/dags/new_dag.py
[2024-10-21T09:26:04.769+0000] {processor.py:914} INFO - Processing file /opt/airflow/dags/new_dag.py for tasks to queue
[2024-10-21T09:26:04.773+0000] {logging_mixin.py:190} INFO - [2024-10-21T09:26:04.772+0000] {dagbag.py:587} INFO - Filling up the DagBag from /opt/airflow/dags/new_dag.py
[2024-10-21T09:26:05.077+0000] {processor.py:925} INFO - DAG(s) 'eia_data_pipeline' retrieved from /opt/airflow/dags/new_dag.py
[2024-10-21T09:26:05.105+0000] {logging_mixin.py:190} INFO - [2024-10-21T09:26:05.105+0000] {dag.py:3229} INFO - Sync 1 DAGs
[2024-10-21T09:26:05.137+0000] {logging_mixin.py:190} INFO - [2024-10-21T09:26:05.136+0000] {dag.py:4156} INFO - Setting next_dagrun for eia_data_pipeline to 2024-10-21 00:00:00+00:00, run_after=2024-10-22 00:00:00+00:00
[2024-10-21T09:26:05.310+0000] {processor.py:208} INFO - Processing /opt/airflow/dags/new_dag.py took 0.588 seconds
[2024-10-21T09:27:33.966+0000] {processor.py:186} INFO - Started process (PID=2044) to work on /opt/airflow/dags/new_dag.py
[2024-10-21T09:27:33.978+0000] {processor.py:914} INFO - Processing file /opt/airflow/dags/new_dag.py for tasks to queue
[2024-10-21T09:27:33.993+0000] {logging_mixin.py:190} INFO - [2024-10-21T09:27:33.990+0000] {dagbag.py:587} INFO - Filling up the DagBag from /opt/airflow/dags/new_dag.py
[2024-10-21T09:27:35.596+0000] {processor.py:925} INFO - DAG(s) 'eia_data_pipeline' retrieved from /opt/airflow/dags/new_dag.py
[2024-10-21T09:27:35.863+0000] {logging_mixin.py:190} INFO - [2024-10-21T09:27:35.862+0000] {dag.py:3229} INFO - Sync 1 DAGs
[2024-10-21T09:27:36.102+0000] {logging_mixin.py:190} INFO - [2024-10-21T09:27:36.102+0000] {dag.py:4156} INFO - Setting next_dagrun for eia_data_pipeline to 2024-10-21 00:00:00+00:00, run_after=2024-10-22 00:00:00+00:00
[2024-10-21T09:27:36.190+0000] {processor.py:208} INFO - Processing /opt/airflow/dags/new_dag.py took 2.297 seconds
[2024-10-21T09:28:21.053+0000] {processor.py:186} INFO - Started process (PID=2105) to work on /opt/airflow/dags/new_dag.py
[2024-10-21T09:28:21.056+0000] {processor.py:914} INFO - Processing file /opt/airflow/dags/new_dag.py for tasks to queue
[2024-10-21T09:28:21.114+0000] {logging_mixin.py:190} INFO - [2024-10-21T09:28:21.112+0000] {dagbag.py:587} INFO - Filling up the DagBag from /opt/airflow/dags/new_dag.py
[2024-10-21T09:28:22.232+0000] {processor.py:925} INFO - DAG(s) 'eia_data_pipeline' retrieved from /opt/airflow/dags/new_dag.py
[2024-10-21T09:28:22.369+0000] {logging_mixin.py:190} INFO - [2024-10-21T09:28:22.368+0000] {dag.py:3229} INFO - Sync 1 DAGs
[2024-10-21T09:28:22.498+0000] {logging_mixin.py:190} INFO - [2024-10-21T09:28:22.498+0000] {dag.py:4156} INFO - Setting next_dagrun for eia_data_pipeline to 2024-10-21 00:00:00+00:00, run_after=2024-10-22 00:00:00+00:00
[2024-10-21T09:28:22.922+0000] {processor.py:208} INFO - Processing /opt/airflow/dags/new_dag.py took 1.883 seconds
[2024-10-21T09:30:12.548+0000] {processor.py:186} INFO - Started process (PID=2154) to work on /opt/airflow/dags/new_dag.py
[2024-10-21T09:30:12.551+0000] {processor.py:914} INFO - Processing file /opt/airflow/dags/new_dag.py for tasks to queue
[2024-10-21T09:30:12.557+0000] {logging_mixin.py:190} INFO - [2024-10-21T09:30:12.555+0000] {dagbag.py:587} INFO - Filling up the DagBag from /opt/airflow/dags/new_dag.py
[2024-10-21T09:30:14.826+0000] {processor.py:925} INFO - DAG(s) 'eia_data_pipeline' retrieved from /opt/airflow/dags/new_dag.py
[2024-10-21T09:30:15.514+0000] {logging_mixin.py:190} INFO - [2024-10-21T09:30:15.512+0000] {dag.py:3229} INFO - Sync 1 DAGs
[2024-10-21T09:30:15.823+0000] {logging_mixin.py:190} INFO - [2024-10-21T09:30:15.821+0000] {dag.py:4156} INFO - Setting next_dagrun for eia_data_pipeline to 2024-10-21 00:00:00+00:00, run_after=2024-10-22 00:00:00+00:00
[2024-10-21T09:30:16.000+0000] {processor.py:208} INFO - Processing /opt/airflow/dags/new_dag.py took 3.466 seconds
[2024-10-21T09:30:47.961+0000] {processor.py:186} INFO - Started process (PID=2218) to work on /opt/airflow/dags/new_dag.py
[2024-10-21T09:30:47.965+0000] {processor.py:914} INFO - Processing file /opt/airflow/dags/new_dag.py for tasks to queue
[2024-10-21T09:30:47.970+0000] {logging_mixin.py:190} INFO - [2024-10-21T09:30:47.969+0000] {dagbag.py:587} INFO - Filling up the DagBag from /opt/airflow/dags/new_dag.py
[2024-10-21T09:30:48.396+0000] {processor.py:925} INFO - DAG(s) 'eia_data_pipeline' retrieved from /opt/airflow/dags/new_dag.py
[2024-10-21T09:30:48.496+0000] {logging_mixin.py:190} INFO - [2024-10-21T09:30:48.496+0000] {dag.py:3229} INFO - Sync 1 DAGs
[2024-10-21T09:30:48.553+0000] {logging_mixin.py:190} INFO - [2024-10-21T09:30:48.552+0000] {dag.py:4156} INFO - Setting next_dagrun for eia_data_pipeline to 2024-10-21 00:00:00+00:00, run_after=2024-10-22 00:00:00+00:00
[2024-10-21T09:30:48.595+0000] {processor.py:208} INFO - Processing /opt/airflow/dags/new_dag.py took 0.644 seconds
[2024-10-21T09:31:21.236+0000] {processor.py:186} INFO - Started process (PID=2283) to work on /opt/airflow/dags/new_dag.py
[2024-10-21T09:31:21.244+0000] {processor.py:914} INFO - Processing file /opt/airflow/dags/new_dag.py for tasks to queue
[2024-10-21T09:31:21.246+0000] {logging_mixin.py:190} INFO - [2024-10-21T09:31:21.245+0000] {dagbag.py:587} INFO - Filling up the DagBag from /opt/airflow/dags/new_dag.py
[2024-10-21T09:31:21.712+0000] {processor.py:925} INFO - DAG(s) 'eia_data_pipeline' retrieved from /opt/airflow/dags/new_dag.py
[2024-10-21T09:31:21.761+0000] {logging_mixin.py:190} INFO - [2024-10-21T09:31:21.760+0000] {dag.py:3229} INFO - Sync 1 DAGs
[2024-10-21T09:31:21.841+0000] {logging_mixin.py:190} INFO - [2024-10-21T09:31:21.836+0000] {dag.py:4156} INFO - Setting next_dagrun for eia_data_pipeline to 2024-10-21 00:00:00+00:00, run_after=2024-10-22 00:00:00+00:00
[2024-10-21T09:31:21.925+0000] {processor.py:208} INFO - Processing /opt/airflow/dags/new_dag.py took 0.695 seconds
[2024-10-21T09:31:52.464+0000] {processor.py:186} INFO - Started process (PID=2348) to work on /opt/airflow/dags/new_dag.py
[2024-10-21T09:31:52.468+0000] {processor.py:914} INFO - Processing file /opt/airflow/dags/new_dag.py for tasks to queue
[2024-10-21T09:31:52.471+0000] {logging_mixin.py:190} INFO - [2024-10-21T09:31:52.470+0000] {dagbag.py:587} INFO - Filling up the DagBag from /opt/airflow/dags/new_dag.py
[2024-10-21T09:31:52.873+0000] {processor.py:925} INFO - DAG(s) 'eia_data_pipeline' retrieved from /opt/airflow/dags/new_dag.py
[2024-10-21T09:31:52.926+0000] {logging_mixin.py:190} INFO - [2024-10-21T09:31:52.926+0000] {dag.py:3229} INFO - Sync 1 DAGs
[2024-10-21T09:31:53.527+0000] {logging_mixin.py:190} INFO - [2024-10-21T09:31:53.527+0000] {dag.py:4156} INFO - Setting next_dagrun for eia_data_pipeline to 2024-10-21 00:00:00+00:00, run_after=2024-10-22 00:00:00+00:00
[2024-10-21T09:31:53.566+0000] {processor.py:208} INFO - Processing /opt/airflow/dags/new_dag.py took 1.115 seconds
[2024-10-21T09:32:26.580+0000] {processor.py:186} INFO - Started process (PID=2411) to work on /opt/airflow/dags/new_dag.py
[2024-10-21T09:32:26.582+0000] {processor.py:914} INFO - Processing file /opt/airflow/dags/new_dag.py for tasks to queue
[2024-10-21T09:32:26.585+0000] {logging_mixin.py:190} INFO - [2024-10-21T09:32:26.584+0000] {dagbag.py:587} INFO - Filling up the DagBag from /opt/airflow/dags/new_dag.py
[2024-10-21T09:32:26.864+0000] {processor.py:925} INFO - DAG(s) 'eia_data_pipeline' retrieved from /opt/airflow/dags/new_dag.py
[2024-10-21T09:32:26.906+0000] {logging_mixin.py:190} INFO - [2024-10-21T09:32:26.906+0000] {dag.py:3229} INFO - Sync 1 DAGs
[2024-10-21T09:32:27.136+0000] {logging_mixin.py:190} INFO - [2024-10-21T09:32:27.133+0000] {dag.py:4156} INFO - Setting next_dagrun for eia_data_pipeline to 2024-10-21 00:00:00+00:00, run_after=2024-10-22 00:00:00+00:00
[2024-10-21T09:32:29.596+0000] {processor.py:208} INFO - Processing /opt/airflow/dags/new_dag.py took 3.024 seconds
[2024-10-21T09:32:59.934+0000] {processor.py:186} INFO - Started process (PID=2476) to work on /opt/airflow/dags/new_dag.py
[2024-10-21T09:32:59.937+0000] {processor.py:914} INFO - Processing file /opt/airflow/dags/new_dag.py for tasks to queue
[2024-10-21T09:32:59.940+0000] {logging_mixin.py:190} INFO - [2024-10-21T09:32:59.940+0000] {dagbag.py:587} INFO - Filling up the DagBag from /opt/airflow/dags/new_dag.py
[2024-10-21T09:33:00.257+0000] {processor.py:925} INFO - DAG(s) 'eia_data_pipeline' retrieved from /opt/airflow/dags/new_dag.py
[2024-10-21T09:33:00.306+0000] {logging_mixin.py:190} INFO - [2024-10-21T09:33:00.306+0000] {dag.py:3229} INFO - Sync 1 DAGs
[2024-10-21T09:33:00.362+0000] {logging_mixin.py:190} INFO - [2024-10-21T09:33:00.362+0000] {dag.py:4156} INFO - Setting next_dagrun for eia_data_pipeline to 2024-10-21 00:00:00+00:00, run_after=2024-10-22 00:00:00+00:00
[2024-10-21T09:33:00.418+0000] {processor.py:208} INFO - Processing /opt/airflow/dags/new_dag.py took 0.492 seconds
[2024-10-21T09:33:30.653+0000] {processor.py:186} INFO - Started process (PID=2540) to work on /opt/airflow/dags/new_dag.py
[2024-10-21T09:33:30.654+0000] {processor.py:914} INFO - Processing file /opt/airflow/dags/new_dag.py for tasks to queue
[2024-10-21T09:33:30.657+0000] {logging_mixin.py:190} INFO - [2024-10-21T09:33:30.656+0000] {dagbag.py:587} INFO - Filling up the DagBag from /opt/airflow/dags/new_dag.py
[2024-10-21T09:33:31.474+0000] {processor.py:925} INFO - DAG(s) 'eia_data_pipeline' retrieved from /opt/airflow/dags/new_dag.py
[2024-10-21T09:33:31.532+0000] {logging_mixin.py:190} INFO - [2024-10-21T09:33:31.532+0000] {dag.py:3229} INFO - Sync 1 DAGs
[2024-10-21T09:33:31.596+0000] {logging_mixin.py:190} INFO - [2024-10-21T09:33:31.595+0000] {dag.py:4156} INFO - Setting next_dagrun for eia_data_pipeline to 2024-10-21 00:00:00+00:00, run_after=2024-10-22 00:00:00+00:00
[2024-10-21T09:33:31.662+0000] {processor.py:208} INFO - Processing /opt/airflow/dags/new_dag.py took 1.018 seconds
[2024-10-21T09:34:01.885+0000] {processor.py:186} INFO - Started process (PID=2605) to work on /opt/airflow/dags/new_dag.py
[2024-10-21T09:34:01.887+0000] {processor.py:914} INFO - Processing file /opt/airflow/dags/new_dag.py for tasks to queue
[2024-10-21T09:34:01.889+0000] {logging_mixin.py:190} INFO - [2024-10-21T09:34:01.889+0000] {dagbag.py:587} INFO - Filling up the DagBag from /opt/airflow/dags/new_dag.py
[2024-10-21T09:34:06.639+0000] {processor.py:925} INFO - DAG(s) 'eia_data_pipeline' retrieved from /opt/airflow/dags/new_dag.py
[2024-10-21T09:34:06.670+0000] {logging_mixin.py:190} INFO - [2024-10-21T09:34:06.669+0000] {dag.py:3229} INFO - Sync 1 DAGs
[2024-10-21T09:34:06.725+0000] {logging_mixin.py:190} INFO - [2024-10-21T09:34:06.725+0000] {dag.py:4156} INFO - Setting next_dagrun for eia_data_pipeline to 2024-10-21 00:00:00+00:00, run_after=2024-10-22 00:00:00+00:00
[2024-10-21T09:34:06.780+0000] {processor.py:208} INFO - Processing /opt/airflow/dags/new_dag.py took 4.913 seconds
[2024-10-21T09:34:38.344+0000] {processor.py:186} INFO - Started process (PID=2670) to work on /opt/airflow/dags/new_dag.py
[2024-10-21T09:34:38.544+0000] {processor.py:914} INFO - Processing file /opt/airflow/dags/new_dag.py for tasks to queue
[2024-10-21T09:34:38.603+0000] {logging_mixin.py:190} INFO - [2024-10-21T09:34:38.580+0000] {dagbag.py:587} INFO - Filling up the DagBag from /opt/airflow/dags/new_dag.py
[2024-10-21T09:34:41.712+0000] {processor.py:925} INFO - DAG(s) 'eia_data_pipeline' retrieved from /opt/airflow/dags/new_dag.py
[2024-10-21T09:34:47.943+0000] {logging_mixin.py:190} INFO - [2024-10-21T09:34:47.942+0000] {dag.py:3229} INFO - Sync 1 DAGs
[2024-10-21T09:34:47.987+0000] {logging_mixin.py:190} INFO - [2024-10-21T09:34:47.986+0000] {dag.py:4156} INFO - Setting next_dagrun for eia_data_pipeline to 2024-10-21 00:00:00+00:00, run_after=2024-10-22 00:00:00+00:00
[2024-10-21T09:34:48.029+0000] {processor.py:208} INFO - Processing /opt/airflow/dags/new_dag.py took 9.943 seconds
[2024-10-21T09:35:21.690+0000] {processor.py:186} INFO - Started process (PID=2741) to work on /opt/airflow/dags/new_dag.py
[2024-10-21T09:35:21.734+0000] {processor.py:914} INFO - Processing file /opt/airflow/dags/new_dag.py for tasks to queue
[2024-10-21T09:35:21.781+0000] {logging_mixin.py:190} INFO - [2024-10-21T09:35:21.769+0000] {dagbag.py:587} INFO - Filling up the DagBag from /opt/airflow/dags/new_dag.py
[2024-10-21T09:35:24.728+0000] {processor.py:925} INFO - DAG(s) 'eia_data_pipeline' retrieved from /opt/airflow/dags/new_dag.py
[2024-10-21T09:35:24.897+0000] {logging_mixin.py:190} INFO - [2024-10-21T09:35:24.896+0000] {dag.py:3229} INFO - Sync 1 DAGs
[2024-10-21T09:35:28.357+0000] {logging_mixin.py:190} INFO - [2024-10-21T09:35:28.356+0000] {dag.py:4156} INFO - Setting next_dagrun for eia_data_pipeline to 2024-10-21 00:00:00+00:00, run_after=2024-10-22 00:00:00+00:00
[2024-10-21T09:35:28.400+0000] {processor.py:208} INFO - Processing /opt/airflow/dags/new_dag.py took 7.895 seconds
[2024-10-21T09:35:58.711+0000] {processor.py:186} INFO - Started process (PID=2805) to work on /opt/airflow/dags/new_dag.py
[2024-10-21T09:35:58.740+0000] {processor.py:914} INFO - Processing file /opt/airflow/dags/new_dag.py for tasks to queue
[2024-10-21T09:35:58.766+0000] {logging_mixin.py:190} INFO - [2024-10-21T09:35:58.758+0000] {dagbag.py:587} INFO - Filling up the DagBag from /opt/airflow/dags/new_dag.py
[2024-10-21T09:36:09.585+0000] {processor.py:925} INFO - DAG(s) 'eia_data_pipeline' retrieved from /opt/airflow/dags/new_dag.py
[2024-10-21T09:36:09.692+0000] {logging_mixin.py:190} INFO - [2024-10-21T09:36:09.691+0000] {dag.py:3229} INFO - Sync 1 DAGs
[2024-10-21T09:36:09.808+0000] {logging_mixin.py:190} INFO - [2024-10-21T09:36:09.808+0000] {dag.py:4156} INFO - Setting next_dagrun for eia_data_pipeline to 2024-10-21 00:00:00+00:00, run_after=2024-10-22 00:00:00+00:00
[2024-10-21T09:36:09.904+0000] {processor.py:208} INFO - Processing /opt/airflow/dags/new_dag.py took 11.393 seconds
[2024-10-21T09:36:41.868+0000] {processor.py:186} INFO - Started process (PID=2873) to work on /opt/airflow/dags/new_dag.py
[2024-10-21T09:36:41.870+0000] {processor.py:914} INFO - Processing file /opt/airflow/dags/new_dag.py for tasks to queue
[2024-10-21T09:36:41.873+0000] {logging_mixin.py:190} INFO - [2024-10-21T09:36:41.872+0000] {dagbag.py:587} INFO - Filling up the DagBag from /opt/airflow/dags/new_dag.py
[2024-10-21T09:36:54.381+0000] {processor.py:925} INFO - DAG(s) 'eia_data_pipeline' retrieved from /opt/airflow/dags/new_dag.py
[2024-10-21T09:36:54.506+0000] {logging_mixin.py:190} INFO - [2024-10-21T09:36:54.505+0000] {dag.py:3229} INFO - Sync 1 DAGs
[2024-10-21T09:36:54.727+0000] {logging_mixin.py:190} INFO - [2024-10-21T09:36:54.724+0000] {dag.py:4156} INFO - Setting next_dagrun for eia_data_pipeline to 2024-10-21 00:00:00+00:00, run_after=2024-10-22 00:00:00+00:00
[2024-10-21T09:36:54.869+0000] {processor.py:208} INFO - Processing /opt/airflow/dags/new_dag.py took 13.020 seconds
[2024-10-21T09:37:26.003+0000] {processor.py:186} INFO - Started process (PID=2946) to work on /opt/airflow/dags/new_dag.py
[2024-10-21T09:37:26.044+0000] {processor.py:914} INFO - Processing file /opt/airflow/dags/new_dag.py for tasks to queue
[2024-10-21T09:37:26.083+0000] {logging_mixin.py:190} INFO - [2024-10-21T09:37:26.068+0000] {dagbag.py:587} INFO - Filling up the DagBag from /opt/airflow/dags/new_dag.py
[2024-10-21T09:37:34.615+0000] {processor.py:925} INFO - DAG(s) 'eia_data_pipeline' retrieved from /opt/airflow/dags/new_dag.py
[2024-10-21T09:37:34.661+0000] {logging_mixin.py:190} INFO - [2024-10-21T09:37:34.661+0000] {dag.py:3229} INFO - Sync 1 DAGs
[2024-10-21T09:37:34.767+0000] {logging_mixin.py:190} INFO - [2024-10-21T09:37:34.767+0000] {dag.py:4156} INFO - Setting next_dagrun for eia_data_pipeline to 2024-10-21 00:00:00+00:00, run_after=2024-10-22 00:00:00+00:00
[2024-10-21T09:37:34.856+0000] {processor.py:208} INFO - Processing /opt/airflow/dags/new_dag.py took 8.980 seconds
[2024-10-21T09:38:14.522+0000] {processor.py:186} INFO - Started process (PID=3011) to work on /opt/airflow/dags/new_dag.py
[2024-10-21T09:38:14.547+0000] {processor.py:914} INFO - Processing file /opt/airflow/dags/new_dag.py for tasks to queue
[2024-10-21T09:38:14.608+0000] {logging_mixin.py:190} INFO - [2024-10-21T09:38:14.602+0000] {dagbag.py:587} INFO - Filling up the DagBag from /opt/airflow/dags/new_dag.py
[2024-10-21T09:38:27.275+0000] {processor.py:925} INFO - DAG(s) 'eia_data_pipeline' retrieved from /opt/airflow/dags/new_dag.py
[2024-10-21T09:38:27.383+0000] {logging_mixin.py:190} INFO - [2024-10-21T09:38:27.380+0000] {dag.py:3229} INFO - Sync 1 DAGs
[2024-10-21T09:38:27.510+0000] {logging_mixin.py:190} INFO - [2024-10-21T09:38:27.509+0000] {dag.py:4156} INFO - Setting next_dagrun for eia_data_pipeline to 2024-10-21 00:00:00+00:00, run_after=2024-10-22 00:00:00+00:00
[2024-10-21T09:38:27.597+0000] {processor.py:208} INFO - Processing /opt/airflow/dags/new_dag.py took 13.179 seconds
[2024-10-21T09:39:18.433+0000] {processor.py:186} INFO - Started process (PID=3060) to work on /opt/airflow/dags/new_dag.py
[2024-10-21T09:39:18.436+0000] {processor.py:914} INFO - Processing file /opt/airflow/dags/new_dag.py for tasks to queue
[2024-10-21T09:39:18.440+0000] {logging_mixin.py:190} INFO - [2024-10-21T09:39:18.438+0000] {dagbag.py:587} INFO - Filling up the DagBag from /opt/airflow/dags/new_dag.py
[2024-10-21T09:39:19.376+0000] {processor.py:925} INFO - DAG(s) 'eia_data_pipeline' retrieved from /opt/airflow/dags/new_dag.py
[2024-10-21T09:39:19.421+0000] {logging_mixin.py:190} INFO - [2024-10-21T09:39:19.421+0000] {dag.py:3229} INFO - Sync 1 DAGs
[2024-10-21T09:39:19.463+0000] {logging_mixin.py:190} INFO - [2024-10-21T09:39:19.462+0000] {dag.py:4156} INFO - Setting next_dagrun for eia_data_pipeline to 2024-10-21 00:00:00+00:00, run_after=2024-10-22 00:00:00+00:00
[2024-10-21T09:39:19.546+0000] {processor.py:208} INFO - Processing /opt/airflow/dags/new_dag.py took 1.131 seconds
[2024-10-21T09:40:30.741+0000] {processor.py:186} INFO - Started process (PID=3131) to work on /opt/airflow/dags/new_dag.py
[2024-10-21T09:40:30.773+0000] {processor.py:914} INFO - Processing file /opt/airflow/dags/new_dag.py for tasks to queue
[2024-10-21T09:40:30.823+0000] {logging_mixin.py:190} INFO - [2024-10-21T09:40:30.803+0000] {dagbag.py:587} INFO - Filling up the DagBag from /opt/airflow/dags/new_dag.py
[2024-10-21T09:40:41.705+0000] {processor.py:925} INFO - DAG(s) 'eia_data_pipeline' retrieved from /opt/airflow/dags/new_dag.py
[2024-10-21T09:40:41.746+0000] {logging_mixin.py:190} INFO - [2024-10-21T09:40:41.745+0000] {dag.py:3229} INFO - Sync 1 DAGs
[2024-10-21T09:40:41.812+0000] {logging_mixin.py:190} INFO - [2024-10-21T09:40:41.812+0000] {dag.py:4156} INFO - Setting next_dagrun for eia_data_pipeline to 2024-10-21 00:00:00+00:00, run_after=2024-10-22 00:00:00+00:00
[2024-10-21T09:40:41.885+0000] {processor.py:208} INFO - Processing /opt/airflow/dags/new_dag.py took 11.463 seconds
[2024-10-21T09:41:12.662+0000] {processor.py:186} INFO - Started process (PID=3212) to work on /opt/airflow/dags/new_dag.py
[2024-10-21T09:41:12.665+0000] {processor.py:914} INFO - Processing file /opt/airflow/dags/new_dag.py for tasks to queue
[2024-10-21T09:41:12.671+0000] {logging_mixin.py:190} INFO - [2024-10-21T09:41:12.669+0000] {dagbag.py:587} INFO - Filling up the DagBag from /opt/airflow/dags/new_dag.py
[2024-10-21T09:41:18.102+0000] {processor.py:925} INFO - DAG(s) 'eia_data_pipeline' retrieved from /opt/airflow/dags/new_dag.py
[2024-10-21T09:41:18.312+0000] {logging_mixin.py:190} INFO - [2024-10-21T09:41:18.311+0000] {dag.py:3229} INFO - Sync 1 DAGs
[2024-10-21T09:41:18.569+0000] {logging_mixin.py:190} INFO - [2024-10-21T09:41:18.567+0000] {dag.py:4156} INFO - Setting next_dagrun for eia_data_pipeline to 2024-10-21 00:00:00+00:00, run_after=2024-10-22 00:00:00+00:00
[2024-10-21T09:41:18.740+0000] {processor.py:208} INFO - Processing /opt/airflow/dags/new_dag.py took 6.090 seconds
[2024-10-21T09:42:23.973+0000] {processor.py:186} INFO - Started process (PID=3284) to work on /opt/airflow/dags/new_dag.py
[2024-10-21T09:42:23.977+0000] {processor.py:914} INFO - Processing file /opt/airflow/dags/new_dag.py for tasks to queue
[2024-10-21T09:42:23.979+0000] {logging_mixin.py:190} INFO - [2024-10-21T09:42:23.979+0000] {dagbag.py:587} INFO - Filling up the DagBag from /opt/airflow/dags/new_dag.py
[2024-10-21T09:42:25.111+0000] {processor.py:925} INFO - DAG(s) 'eia_data_pipeline' retrieved from /opt/airflow/dags/new_dag.py
[2024-10-21T09:42:25.152+0000] {logging_mixin.py:190} INFO - [2024-10-21T09:42:25.151+0000] {dag.py:3229} INFO - Sync 1 DAGs
[2024-10-21T09:42:25.200+0000] {logging_mixin.py:190} INFO - [2024-10-21T09:42:25.199+0000] {dag.py:4156} INFO - Setting next_dagrun for eia_data_pipeline to 2024-10-21 00:00:00+00:00, run_after=2024-10-22 00:00:00+00:00
[2024-10-21T09:42:25.257+0000] {processor.py:208} INFO - Processing /opt/airflow/dags/new_dag.py took 1.297 seconds
[2024-10-21T09:42:56.357+0000] {processor.py:186} INFO - Started process (PID=3350) to work on /opt/airflow/dags/new_dag.py
[2024-10-21T09:42:56.375+0000] {processor.py:914} INFO - Processing file /opt/airflow/dags/new_dag.py for tasks to queue
[2024-10-21T09:42:56.396+0000] {logging_mixin.py:190} INFO - [2024-10-21T09:42:56.393+0000] {dagbag.py:587} INFO - Filling up the DagBag from /opt/airflow/dags/new_dag.py
[2024-10-21T09:43:07.895+0000] {processor.py:925} INFO - DAG(s) 'eia_data_pipeline' retrieved from /opt/airflow/dags/new_dag.py
[2024-10-21T09:43:08.080+0000] {logging_mixin.py:190} INFO - [2024-10-21T09:43:08.078+0000] {dag.py:3229} INFO - Sync 1 DAGs
[2024-10-21T09:43:08.282+0000] {logging_mixin.py:190} INFO - [2024-10-21T09:43:08.280+0000] {dag.py:4156} INFO - Setting next_dagrun for eia_data_pipeline to 2024-10-21 00:00:00+00:00, run_after=2024-10-22 00:00:00+00:00
[2024-10-21T09:43:08.403+0000] {processor.py:208} INFO - Processing /opt/airflow/dags/new_dag.py took 12.131 seconds
[2024-10-21T09:43:40.119+0000] {processor.py:186} INFO - Started process (PID=3415) to work on /opt/airflow/dags/new_dag.py
[2024-10-21T09:43:40.122+0000] {processor.py:914} INFO - Processing file /opt/airflow/dags/new_dag.py for tasks to queue
[2024-10-21T09:43:40.126+0000] {logging_mixin.py:190} INFO - [2024-10-21T09:43:40.125+0000] {dagbag.py:587} INFO - Filling up the DagBag from /opt/airflow/dags/new_dag.py
[2024-10-21T09:43:41.155+0000] {processor.py:925} INFO - DAG(s) 'eia_data_pipeline' retrieved from /opt/airflow/dags/new_dag.py
[2024-10-21T09:43:41.193+0000] {logging_mixin.py:190} INFO - [2024-10-21T09:43:41.192+0000] {dag.py:3229} INFO - Sync 1 DAGs
[2024-10-21T09:43:41.243+0000] {logging_mixin.py:190} INFO - [2024-10-21T09:43:41.243+0000] {dag.py:4156} INFO - Setting next_dagrun for eia_data_pipeline to 2024-10-21 00:00:00+00:00, run_after=2024-10-22 00:00:00+00:00
[2024-10-21T09:43:41.289+0000] {processor.py:208} INFO - Processing /opt/airflow/dags/new_dag.py took 1.183 seconds
[2024-10-21T09:44:14.387+0000] {processor.py:186} INFO - Started process (PID=3466) to work on /opt/airflow/dags/new_dag.py
[2024-10-21T09:44:14.391+0000] {processor.py:914} INFO - Processing file /opt/airflow/dags/new_dag.py for tasks to queue
[2024-10-21T09:44:14.396+0000] {logging_mixin.py:190} INFO - [2024-10-21T09:44:14.395+0000] {dagbag.py:587} INFO - Filling up the DagBag from /opt/airflow/dags/new_dag.py
[2024-10-21T09:44:14.764+0000] {processor.py:925} INFO - DAG(s) 'eia_data_pipeline' retrieved from /opt/airflow/dags/new_dag.py
[2024-10-21T09:44:14.801+0000] {logging_mixin.py:190} INFO - [2024-10-21T09:44:14.800+0000] {dag.py:3229} INFO - Sync 1 DAGs
[2024-10-21T09:44:14.841+0000] {logging_mixin.py:190} INFO - [2024-10-21T09:44:14.841+0000] {dag.py:4156} INFO - Setting next_dagrun for eia_data_pipeline to 2024-10-21 00:00:00+00:00, run_after=2024-10-22 00:00:00+00:00
[2024-10-21T09:44:14.882+0000] {processor.py:208} INFO - Processing /opt/airflow/dags/new_dag.py took 0.515 seconds
[2024-10-21T09:44:45.614+0000] {processor.py:186} INFO - Started process (PID=3521) to work on /opt/airflow/dags/new_dag.py
[2024-10-21T09:44:45.618+0000] {processor.py:914} INFO - Processing file /opt/airflow/dags/new_dag.py for tasks to queue
[2024-10-21T09:44:45.620+0000] {logging_mixin.py:190} INFO - [2024-10-21T09:44:45.619+0000] {dagbag.py:587} INFO - Filling up the DagBag from /opt/airflow/dags/new_dag.py
[2024-10-21T09:44:46.087+0000] {processor.py:925} INFO - DAG(s) 'eia_data_pipeline' retrieved from /opt/airflow/dags/new_dag.py
[2024-10-21T09:44:46.197+0000] {logging_mixin.py:190} INFO - [2024-10-21T09:44:46.194+0000] {dag.py:3229} INFO - Sync 1 DAGs
[2024-10-21T09:44:46.408+0000] {logging_mixin.py:190} INFO - [2024-10-21T09:44:46.407+0000] {dag.py:4156} INFO - Setting next_dagrun for eia_data_pipeline to 2024-10-21 00:00:00+00:00, run_after=2024-10-22 00:00:00+00:00
[2024-10-21T09:44:46.465+0000] {processor.py:208} INFO - Processing /opt/airflow/dags/new_dag.py took 0.859 seconds
[2024-10-21T09:45:17.223+0000] {processor.py:186} INFO - Started process (PID=3588) to work on /opt/airflow/dags/new_dag.py
[2024-10-21T09:45:17.226+0000] {processor.py:914} INFO - Processing file /opt/airflow/dags/new_dag.py for tasks to queue
[2024-10-21T09:45:17.231+0000] {logging_mixin.py:190} INFO - [2024-10-21T09:45:17.230+0000] {dagbag.py:587} INFO - Filling up the DagBag from /opt/airflow/dags/new_dag.py
[2024-10-21T09:45:17.538+0000] {processor.py:925} INFO - DAG(s) 'eia_data_pipeline' retrieved from /opt/airflow/dags/new_dag.py
[2024-10-21T09:45:17.694+0000] {logging_mixin.py:190} INFO - [2024-10-21T09:45:17.693+0000] {dag.py:3229} INFO - Sync 1 DAGs
[2024-10-21T09:45:17.926+0000] {logging_mixin.py:190} INFO - [2024-10-21T09:45:17.925+0000] {dag.py:4156} INFO - Setting next_dagrun for eia_data_pipeline to 2024-10-21 00:00:00+00:00, run_after=2024-10-22 00:00:00+00:00
[2024-10-21T09:45:18.010+0000] {processor.py:208} INFO - Processing /opt/airflow/dags/new_dag.py took 0.809 seconds
[2024-10-21T09:45:48.375+0000] {processor.py:186} INFO - Started process (PID=3654) to work on /opt/airflow/dags/new_dag.py
[2024-10-21T09:45:48.377+0000] {processor.py:914} INFO - Processing file /opt/airflow/dags/new_dag.py for tasks to queue
[2024-10-21T09:45:48.382+0000] {logging_mixin.py:190} INFO - [2024-10-21T09:45:48.381+0000] {dagbag.py:587} INFO - Filling up the DagBag from /opt/airflow/dags/new_dag.py
[2024-10-21T09:45:48.706+0000] {processor.py:925} INFO - DAG(s) 'eia_data_pipeline' retrieved from /opt/airflow/dags/new_dag.py
[2024-10-21T09:45:48.735+0000] {logging_mixin.py:190} INFO - [2024-10-21T09:45:48.734+0000] {dag.py:3229} INFO - Sync 1 DAGs
[2024-10-21T09:45:48.777+0000] {logging_mixin.py:190} INFO - [2024-10-21T09:45:48.777+0000] {dag.py:4156} INFO - Setting next_dagrun for eia_data_pipeline to 2024-10-21 00:00:00+00:00, run_after=2024-10-22 00:00:00+00:00
[2024-10-21T09:45:48.869+0000] {processor.py:208} INFO - Processing /opt/airflow/dags/new_dag.py took 0.502 seconds
[2024-10-21T09:46:19.459+0000] {processor.py:186} INFO - Started process (PID=3719) to work on /opt/airflow/dags/new_dag.py
[2024-10-21T09:46:19.463+0000] {processor.py:914} INFO - Processing file /opt/airflow/dags/new_dag.py for tasks to queue
[2024-10-21T09:46:19.465+0000] {logging_mixin.py:190} INFO - [2024-10-21T09:46:19.464+0000] {dagbag.py:587} INFO - Filling up the DagBag from /opt/airflow/dags/new_dag.py
[2024-10-21T09:46:19.873+0000] {processor.py:925} INFO - DAG(s) 'eia_data_pipeline' retrieved from /opt/airflow/dags/new_dag.py
[2024-10-21T09:46:19.903+0000] {logging_mixin.py:190} INFO - [2024-10-21T09:46:19.903+0000] {dag.py:3229} INFO - Sync 1 DAGs
[2024-10-21T09:46:19.943+0000] {logging_mixin.py:190} INFO - [2024-10-21T09:46:19.943+0000] {dag.py:4156} INFO - Setting next_dagrun for eia_data_pipeline to 2024-10-21 00:00:00+00:00, run_after=2024-10-22 00:00:00+00:00
[2024-10-21T09:46:19.995+0000] {processor.py:208} INFO - Processing /opt/airflow/dags/new_dag.py took 0.544 seconds
[2024-10-21T09:46:56.045+0000] {processor.py:186} INFO - Started process (PID=3788) to work on /opt/airflow/dags/new_dag.py
[2024-10-21T09:46:56.048+0000] {processor.py:914} INFO - Processing file /opt/airflow/dags/new_dag.py for tasks to queue
[2024-10-21T09:46:56.053+0000] {logging_mixin.py:190} INFO - [2024-10-21T09:46:56.052+0000] {dagbag.py:587} INFO - Filling up the DagBag from /opt/airflow/dags/new_dag.py
[2024-10-21T09:46:57.517+0000] {processor.py:925} INFO - DAG(s) 'eia_data_pipeline' retrieved from /opt/airflow/dags/new_dag.py
[2024-10-21T09:46:57.702+0000] {logging_mixin.py:190} INFO - [2024-10-21T09:46:57.701+0000] {dag.py:3229} INFO - Sync 1 DAGs
[2024-10-21T09:46:57.889+0000] {logging_mixin.py:190} INFO - [2024-10-21T09:46:57.887+0000] {dag.py:4156} INFO - Setting next_dagrun for eia_data_pipeline to 2024-10-21 00:00:00+00:00, run_after=2024-10-22 00:00:00+00:00
[2024-10-21T09:46:58.157+0000] {processor.py:208} INFO - Processing /opt/airflow/dags/new_dag.py took 2.130 seconds
[2024-10-21T09:47:31.332+0000] {processor.py:186} INFO - Started process (PID=3842) to work on /opt/airflow/dags/new_dag.py
[2024-10-21T09:47:31.354+0000] {processor.py:914} INFO - Processing file /opt/airflow/dags/new_dag.py for tasks to queue
[2024-10-21T09:47:31.380+0000] {logging_mixin.py:190} INFO - [2024-10-21T09:47:31.379+0000] {dagbag.py:587} INFO - Filling up the DagBag from /opt/airflow/dags/new_dag.py
[2024-10-21T09:47:33.617+0000] {processor.py:925} INFO - DAG(s) 'eia_data_pipeline' retrieved from /opt/airflow/dags/new_dag.py
[2024-10-21T09:47:34.431+0000] {logging_mixin.py:190} INFO - [2024-10-21T09:47:34.430+0000] {dag.py:3229} INFO - Sync 1 DAGs
[2024-10-21T09:47:35.122+0000] {logging_mixin.py:190} INFO - [2024-10-21T09:47:35.121+0000] {dag.py:4156} INFO - Setting next_dagrun for eia_data_pipeline to 2024-10-21 00:00:00+00:00, run_after=2024-10-22 00:00:00+00:00
[2024-10-21T09:47:35.211+0000] {processor.py:208} INFO - Processing /opt/airflow/dags/new_dag.py took 3.890 seconds
[2024-10-21T09:48:07.367+0000] {processor.py:186} INFO - Started process (PID=3907) to work on /opt/airflow/dags/new_dag.py
[2024-10-21T09:48:07.375+0000] {processor.py:914} INFO - Processing file /opt/airflow/dags/new_dag.py for tasks to queue
[2024-10-21T09:48:07.382+0000] {logging_mixin.py:190} INFO - [2024-10-21T09:48:07.381+0000] {dagbag.py:587} INFO - Filling up the DagBag from /opt/airflow/dags/new_dag.py
[2024-10-21T09:48:09.581+0000] {processor.py:925} INFO - DAG(s) 'eia_data_pipeline' retrieved from /opt/airflow/dags/new_dag.py
[2024-10-21T09:48:09.896+0000] {logging_mixin.py:190} INFO - [2024-10-21T09:48:09.895+0000] {dag.py:3229} INFO - Sync 1 DAGs
[2024-10-21T09:48:10.796+0000] {logging_mixin.py:190} INFO - [2024-10-21T09:48:10.794+0000] {dag.py:4156} INFO - Setting next_dagrun for eia_data_pipeline to 2024-10-21 00:00:00+00:00, run_after=2024-10-22 00:00:00+00:00
[2024-10-21T09:48:11.065+0000] {processor.py:208} INFO - Processing /opt/airflow/dags/new_dag.py took 3.749 seconds
[2024-10-21T09:48:44.081+0000] {processor.py:186} INFO - Started process (PID=3972) to work on /opt/airflow/dags/new_dag.py
[2024-10-21T09:48:44.102+0000] {processor.py:914} INFO - Processing file /opt/airflow/dags/new_dag.py for tasks to queue
[2024-10-21T09:48:44.130+0000] {logging_mixin.py:190} INFO - [2024-10-21T09:48:44.125+0000] {dagbag.py:587} INFO - Filling up the DagBag from /opt/airflow/dags/new_dag.py
[2024-10-21T09:48:47.226+0000] {processor.py:925} INFO - DAG(s) 'eia_data_pipeline' retrieved from /opt/airflow/dags/new_dag.py
[2024-10-21T09:48:47.935+0000] {logging_mixin.py:190} INFO - [2024-10-21T09:48:47.931+0000] {dag.py:3229} INFO - Sync 1 DAGs
[2024-10-21T09:48:48.520+0000] {logging_mixin.py:190} INFO - [2024-10-21T09:48:48.517+0000] {dag.py:4156} INFO - Setting next_dagrun for eia_data_pipeline to 2024-10-21 00:00:00+00:00, run_after=2024-10-22 00:00:00+00:00
[2024-10-21T09:48:48.804+0000] {processor.py:208} INFO - Processing /opt/airflow/dags/new_dag.py took 4.856 seconds
[2024-10-21T09:49:20.139+0000] {processor.py:186} INFO - Started process (PID=4037) to work on /opt/airflow/dags/new_dag.py
[2024-10-21T09:49:20.143+0000] {processor.py:914} INFO - Processing file /opt/airflow/dags/new_dag.py for tasks to queue
[2024-10-21T09:49:20.152+0000] {logging_mixin.py:190} INFO - [2024-10-21T09:49:20.149+0000] {dagbag.py:587} INFO - Filling up the DagBag from /opt/airflow/dags/new_dag.py
[2024-10-21T09:49:22.859+0000] {processor.py:925} INFO - DAG(s) 'eia_data_pipeline' retrieved from /opt/airflow/dags/new_dag.py
[2024-10-21T09:49:23.587+0000] {logging_mixin.py:190} INFO - [2024-10-21T09:49:23.586+0000] {dag.py:3229} INFO - Sync 1 DAGs
[2024-10-21T09:49:24.127+0000] {logging_mixin.py:190} INFO - [2024-10-21T09:49:24.126+0000] {dag.py:4156} INFO - Setting next_dagrun for eia_data_pipeline to 2024-10-21 00:00:00+00:00, run_after=2024-10-22 00:00:00+00:00
[2024-10-21T09:49:24.256+0000] {processor.py:208} INFO - Processing /opt/airflow/dags/new_dag.py took 4.139 seconds
[2024-10-21T09:49:54.994+0000] {processor.py:186} INFO - Started process (PID=4103) to work on /opt/airflow/dags/new_dag.py
[2024-10-21T09:49:54.996+0000] {processor.py:914} INFO - Processing file /opt/airflow/dags/new_dag.py for tasks to queue
[2024-10-21T09:49:54.998+0000] {logging_mixin.py:190} INFO - [2024-10-21T09:49:54.998+0000] {dagbag.py:587} INFO - Filling up the DagBag from /opt/airflow/dags/new_dag.py
[2024-10-21T09:49:55.431+0000] {processor.py:925} INFO - DAG(s) 'eia_data_pipeline' retrieved from /opt/airflow/dags/new_dag.py
[2024-10-21T09:49:55.486+0000] {logging_mixin.py:190} INFO - [2024-10-21T09:49:55.484+0000] {dag.py:3229} INFO - Sync 1 DAGs
[2024-10-21T09:49:55.547+0000] {logging_mixin.py:190} INFO - [2024-10-21T09:49:55.546+0000] {dag.py:4156} INFO - Setting next_dagrun for eia_data_pipeline to 2024-10-21 00:00:00+00:00, run_after=2024-10-22 00:00:00+00:00
[2024-10-21T09:49:55.581+0000] {processor.py:208} INFO - Processing /opt/airflow/dags/new_dag.py took 0.595 seconds
[2024-10-21T09:50:25.787+0000] {processor.py:186} INFO - Started process (PID=4168) to work on /opt/airflow/dags/new_dag.py
[2024-10-21T09:50:25.789+0000] {processor.py:914} INFO - Processing file /opt/airflow/dags/new_dag.py for tasks to queue
[2024-10-21T09:50:25.792+0000] {logging_mixin.py:190} INFO - [2024-10-21T09:50:25.791+0000] {dagbag.py:587} INFO - Filling up the DagBag from /opt/airflow/dags/new_dag.py
[2024-10-21T09:50:25.977+0000] {processor.py:925} INFO - DAG(s) 'eia_data_pipeline' retrieved from /opt/airflow/dags/new_dag.py
[2024-10-21T09:50:26.004+0000] {logging_mixin.py:190} INFO - [2024-10-21T09:50:26.004+0000] {dag.py:3229} INFO - Sync 1 DAGs
[2024-10-21T09:50:26.038+0000] {logging_mixin.py:190} INFO - [2024-10-21T09:50:26.038+0000] {dag.py:4156} INFO - Setting next_dagrun for eia_data_pipeline to 2024-10-21 00:00:00+00:00, run_after=2024-10-22 00:00:00+00:00
[2024-10-21T09:50:26.068+0000] {processor.py:208} INFO - Processing /opt/airflow/dags/new_dag.py took 0.292 seconds
[2024-10-21T09:50:56.382+0000] {processor.py:186} INFO - Started process (PID=4233) to work on /opt/airflow/dags/new_dag.py
[2024-10-21T09:50:56.383+0000] {processor.py:914} INFO - Processing file /opt/airflow/dags/new_dag.py for tasks to queue
[2024-10-21T09:50:56.385+0000] {logging_mixin.py:190} INFO - [2024-10-21T09:50:56.385+0000] {dagbag.py:587} INFO - Filling up the DagBag from /opt/airflow/dags/new_dag.py
[2024-10-21T09:50:56.555+0000] {processor.py:925} INFO - DAG(s) 'eia_data_pipeline' retrieved from /opt/airflow/dags/new_dag.py
[2024-10-21T09:50:56.594+0000] {logging_mixin.py:190} INFO - [2024-10-21T09:50:56.593+0000] {dag.py:3229} INFO - Sync 1 DAGs
[2024-10-21T09:50:56.632+0000] {logging_mixin.py:190} INFO - [2024-10-21T09:50:56.631+0000] {dag.py:4156} INFO - Setting next_dagrun for eia_data_pipeline to 2024-10-21 00:00:00+00:00, run_after=2024-10-22 00:00:00+00:00
[2024-10-21T09:50:56.662+0000] {processor.py:208} INFO - Processing /opt/airflow/dags/new_dag.py took 0.287 seconds
[2024-10-21T09:51:27.198+0000] {processor.py:186} INFO - Started process (PID=4298) to work on /opt/airflow/dags/new_dag.py
[2024-10-21T09:51:27.199+0000] {processor.py:914} INFO - Processing file /opt/airflow/dags/new_dag.py for tasks to queue
[2024-10-21T09:51:27.201+0000] {logging_mixin.py:190} INFO - [2024-10-21T09:51:27.201+0000] {dagbag.py:587} INFO - Filling up the DagBag from /opt/airflow/dags/new_dag.py
[2024-10-21T09:51:27.487+0000] {processor.py:925} INFO - DAG(s) 'eia_data_pipeline' retrieved from /opt/airflow/dags/new_dag.py
[2024-10-21T09:51:27.520+0000] {logging_mixin.py:190} INFO - [2024-10-21T09:51:27.519+0000] {dag.py:3229} INFO - Sync 1 DAGs
[2024-10-21T09:51:27.564+0000] {logging_mixin.py:190} INFO - [2024-10-21T09:51:27.563+0000] {dag.py:4156} INFO - Setting next_dagrun for eia_data_pipeline to 2024-10-21 00:00:00+00:00, run_after=2024-10-22 00:00:00+00:00
[2024-10-21T09:51:27.608+0000] {processor.py:208} INFO - Processing /opt/airflow/dags/new_dag.py took 0.419 seconds
[2024-10-21T09:51:58.802+0000] {processor.py:186} INFO - Started process (PID=4358) to work on /opt/airflow/dags/new_dag.py
[2024-10-21T09:51:58.826+0000] {processor.py:914} INFO - Processing file /opt/airflow/dags/new_dag.py for tasks to queue
[2024-10-21T09:51:58.829+0000] {logging_mixin.py:190} INFO - [2024-10-21T09:51:58.828+0000] {dagbag.py:587} INFO - Filling up the DagBag from /opt/airflow/dags/new_dag.py
[2024-10-21T09:51:59.689+0000] {processor.py:925} INFO - DAG(s) 'eia_data_pipeline' retrieved from /opt/airflow/dags/new_dag.py
[2024-10-21T09:51:59.779+0000] {logging_mixin.py:190} INFO - [2024-10-21T09:51:59.778+0000] {dag.py:3229} INFO - Sync 1 DAGs
[2024-10-21T09:51:59.888+0000] {logging_mixin.py:190} INFO - [2024-10-21T09:51:59.887+0000] {dag.py:4156} INFO - Setting next_dagrun for eia_data_pipeline to 2024-10-21 00:00:00+00:00, run_after=2024-10-22 00:00:00+00:00
[2024-10-21T09:51:59.950+0000] {processor.py:208} INFO - Processing /opt/airflow/dags/new_dag.py took 1.155 seconds
[2024-10-21T09:52:30.328+0000] {processor.py:186} INFO - Started process (PID=4424) to work on /opt/airflow/dags/new_dag.py
[2024-10-21T09:52:30.330+0000] {processor.py:914} INFO - Processing file /opt/airflow/dags/new_dag.py for tasks to queue
[2024-10-21T09:52:30.332+0000] {logging_mixin.py:190} INFO - [2024-10-21T09:52:30.331+0000] {dagbag.py:587} INFO - Filling up the DagBag from /opt/airflow/dags/new_dag.py
[2024-10-21T09:52:30.653+0000] {processor.py:925} INFO - DAG(s) 'eia_data_pipeline' retrieved from /opt/airflow/dags/new_dag.py
[2024-10-21T09:52:30.697+0000] {logging_mixin.py:190} INFO - [2024-10-21T09:52:30.697+0000] {dag.py:3229} INFO - Sync 1 DAGs
[2024-10-21T09:52:30.750+0000] {logging_mixin.py:190} INFO - [2024-10-21T09:52:30.750+0000] {dag.py:4156} INFO - Setting next_dagrun for eia_data_pipeline to 2024-10-21 00:00:00+00:00, run_after=2024-10-22 00:00:00+00:00
[2024-10-21T09:52:30.798+0000] {processor.py:208} INFO - Processing /opt/airflow/dags/new_dag.py took 0.483 seconds
[2024-10-21T09:53:01.894+0000] {processor.py:186} INFO - Started process (PID=4489) to work on /opt/airflow/dags/new_dag.py
[2024-10-21T09:53:01.896+0000] {processor.py:914} INFO - Processing file /opt/airflow/dags/new_dag.py for tasks to queue
[2024-10-21T09:53:01.898+0000] {logging_mixin.py:190} INFO - [2024-10-21T09:53:01.898+0000] {dagbag.py:587} INFO - Filling up the DagBag from /opt/airflow/dags/new_dag.py
[2024-10-21T09:53:02.074+0000] {processor.py:925} INFO - DAG(s) 'eia_data_pipeline' retrieved from /opt/airflow/dags/new_dag.py
[2024-10-21T09:53:02.098+0000] {logging_mixin.py:190} INFO - [2024-10-21T09:53:02.098+0000] {dag.py:3229} INFO - Sync 1 DAGs
[2024-10-21T09:53:02.130+0000] {logging_mixin.py:190} INFO - [2024-10-21T09:53:02.129+0000] {dag.py:4156} INFO - Setting next_dagrun for eia_data_pipeline to 2024-10-21 00:00:00+00:00, run_after=2024-10-22 00:00:00+00:00
[2024-10-21T09:53:02.161+0000] {processor.py:208} INFO - Processing /opt/airflow/dags/new_dag.py took 0.272 seconds
[2024-10-21T09:53:32.355+0000] {processor.py:186} INFO - Started process (PID=4554) to work on /opt/airflow/dags/new_dag.py
[2024-10-21T09:53:32.358+0000] {processor.py:914} INFO - Processing file /opt/airflow/dags/new_dag.py for tasks to queue
[2024-10-21T09:53:32.362+0000] {logging_mixin.py:190} INFO - [2024-10-21T09:53:32.361+0000] {dagbag.py:587} INFO - Filling up the DagBag from /opt/airflow/dags/new_dag.py
[2024-10-21T09:53:32.945+0000] {processor.py:925} INFO - DAG(s) 'eia_data_pipeline' retrieved from /opt/airflow/dags/new_dag.py
[2024-10-21T09:53:33.006+0000] {logging_mixin.py:190} INFO - [2024-10-21T09:53:33.006+0000] {dag.py:3229} INFO - Sync 1 DAGs
[2024-10-21T09:53:33.073+0000] {logging_mixin.py:190} INFO - [2024-10-21T09:53:33.073+0000] {dag.py:4156} INFO - Setting next_dagrun for eia_data_pipeline to 2024-10-21 00:00:00+00:00, run_after=2024-10-22 00:00:00+00:00
[2024-10-21T09:53:33.151+0000] {processor.py:208} INFO - Processing /opt/airflow/dags/new_dag.py took 0.811 seconds
[2024-10-21T09:54:03.608+0000] {processor.py:186} INFO - Started process (PID=4619) to work on /opt/airflow/dags/new_dag.py
[2024-10-21T09:54:03.611+0000] {processor.py:914} INFO - Processing file /opt/airflow/dags/new_dag.py for tasks to queue
[2024-10-21T09:54:03.614+0000] {logging_mixin.py:190} INFO - [2024-10-21T09:54:03.614+0000] {dagbag.py:587} INFO - Filling up the DagBag from /opt/airflow/dags/new_dag.py
[2024-10-21T09:54:04.022+0000] {processor.py:925} INFO - DAG(s) 'eia_data_pipeline' retrieved from /opt/airflow/dags/new_dag.py
[2024-10-21T09:54:04.070+0000] {logging_mixin.py:190} INFO - [2024-10-21T09:54:04.070+0000] {dag.py:3229} INFO - Sync 1 DAGs
[2024-10-21T09:54:04.124+0000] {logging_mixin.py:190} INFO - [2024-10-21T09:54:04.123+0000] {dag.py:4156} INFO - Setting next_dagrun for eia_data_pipeline to 2024-10-21 00:00:00+00:00, run_after=2024-10-22 00:00:00+00:00
[2024-10-21T09:54:04.172+0000] {processor.py:208} INFO - Processing /opt/airflow/dags/new_dag.py took 0.570 seconds
[2024-10-21T09:54:35.066+0000] {processor.py:186} INFO - Started process (PID=4690) to work on /opt/airflow/dags/new_dag.py
[2024-10-21T09:54:35.067+0000] {processor.py:914} INFO - Processing file /opt/airflow/dags/new_dag.py for tasks to queue
[2024-10-21T09:54:35.069+0000] {logging_mixin.py:190} INFO - [2024-10-21T09:54:35.068+0000] {dagbag.py:587} INFO - Filling up the DagBag from /opt/airflow/dags/new_dag.py
[2024-10-21T09:54:35.358+0000] {processor.py:925} INFO - DAG(s) 'eia_data_pipeline' retrieved from /opt/airflow/dags/new_dag.py
[2024-10-21T09:54:35.385+0000] {logging_mixin.py:190} INFO - [2024-10-21T09:54:35.385+0000] {dag.py:3229} INFO - Sync 1 DAGs
[2024-10-21T09:54:35.418+0000] {logging_mixin.py:190} INFO - [2024-10-21T09:54:35.417+0000] {dag.py:4156} INFO - Setting next_dagrun for eia_data_pipeline to 2024-10-21 00:00:00+00:00, run_after=2024-10-22 00:00:00+00:00
[2024-10-21T09:54:35.444+0000] {processor.py:208} INFO - Processing /opt/airflow/dags/new_dag.py took 0.386 seconds
[2024-10-21T09:55:05.718+0000] {processor.py:186} INFO - Started process (PID=4755) to work on /opt/airflow/dags/new_dag.py
[2024-10-21T09:55:05.719+0000] {processor.py:914} INFO - Processing file /opt/airflow/dags/new_dag.py for tasks to queue
[2024-10-21T09:55:05.721+0000] {logging_mixin.py:190} INFO - [2024-10-21T09:55:05.721+0000] {dagbag.py:587} INFO - Filling up the DagBag from /opt/airflow/dags/new_dag.py
[2024-10-21T09:55:05.900+0000] {processor.py:925} INFO - DAG(s) 'eia_data_pipeline' retrieved from /opt/airflow/dags/new_dag.py
[2024-10-21T09:55:05.928+0000] {logging_mixin.py:190} INFO - [2024-10-21T09:55:05.928+0000] {dag.py:3229} INFO - Sync 1 DAGs
[2024-10-21T09:55:05.961+0000] {logging_mixin.py:190} INFO - [2024-10-21T09:55:05.961+0000] {dag.py:4156} INFO - Setting next_dagrun for eia_data_pipeline to 2024-10-21 00:00:00+00:00, run_after=2024-10-22 00:00:00+00:00
[2024-10-21T09:55:05.992+0000] {processor.py:208} INFO - Processing /opt/airflow/dags/new_dag.py took 0.280 seconds
[2024-10-21T09:55:36.491+0000] {processor.py:186} INFO - Started process (PID=4820) to work on /opt/airflow/dags/new_dag.py
[2024-10-21T09:55:36.493+0000] {processor.py:914} INFO - Processing file /opt/airflow/dags/new_dag.py for tasks to queue
[2024-10-21T09:55:36.494+0000] {logging_mixin.py:190} INFO - [2024-10-21T09:55:36.494+0000] {dagbag.py:587} INFO - Filling up the DagBag from /opt/airflow/dags/new_dag.py
[2024-10-21T09:55:36.679+0000] {processor.py:925} INFO - DAG(s) 'eia_data_pipeline' retrieved from /opt/airflow/dags/new_dag.py
[2024-10-21T09:55:36.714+0000] {logging_mixin.py:190} INFO - [2024-10-21T09:55:36.713+0000] {dag.py:3229} INFO - Sync 1 DAGs
[2024-10-21T09:55:36.759+0000] {logging_mixin.py:190} INFO - [2024-10-21T09:55:36.759+0000] {dag.py:4156} INFO - Setting next_dagrun for eia_data_pipeline to 2024-10-21 00:00:00+00:00, run_after=2024-10-22 00:00:00+00:00
[2024-10-21T09:55:36.821+0000] {processor.py:208} INFO - Processing /opt/airflow/dags/new_dag.py took 0.343 seconds
[2024-10-21T09:56:07.475+0000] {processor.py:186} INFO - Started process (PID=4885) to work on /opt/airflow/dags/new_dag.py
[2024-10-21T09:56:07.478+0000] {processor.py:914} INFO - Processing file /opt/airflow/dags/new_dag.py for tasks to queue
[2024-10-21T09:56:07.482+0000] {logging_mixin.py:190} INFO - [2024-10-21T09:56:07.481+0000] {dagbag.py:587} INFO - Filling up the DagBag from /opt/airflow/dags/new_dag.py
[2024-10-21T09:56:07.751+0000] {processor.py:925} INFO - DAG(s) 'eia_data_pipeline' retrieved from /opt/airflow/dags/new_dag.py
[2024-10-21T09:56:07.786+0000] {logging_mixin.py:190} INFO - [2024-10-21T09:56:07.786+0000] {dag.py:3229} INFO - Sync 1 DAGs
[2024-10-21T09:56:07.847+0000] {logging_mixin.py:190} INFO - [2024-10-21T09:56:07.847+0000] {dag.py:4156} INFO - Setting next_dagrun for eia_data_pipeline to 2024-10-21 00:00:00+00:00, run_after=2024-10-22 00:00:00+00:00
[2024-10-21T09:56:07.890+0000] {processor.py:208} INFO - Processing /opt/airflow/dags/new_dag.py took 0.431 seconds
[2024-10-21T09:56:38.209+0000] {processor.py:186} INFO - Started process (PID=4950) to work on /opt/airflow/dags/new_dag.py
[2024-10-21T09:56:38.211+0000] {processor.py:914} INFO - Processing file /opt/airflow/dags/new_dag.py for tasks to queue
[2024-10-21T09:56:38.213+0000] {logging_mixin.py:190} INFO - [2024-10-21T09:56:38.212+0000] {dagbag.py:587} INFO - Filling up the DagBag from /opt/airflow/dags/new_dag.py
[2024-10-21T09:56:38.395+0000] {processor.py:925} INFO - DAG(s) 'eia_data_pipeline' retrieved from /opt/airflow/dags/new_dag.py
[2024-10-21T09:56:38.423+0000] {logging_mixin.py:190} INFO - [2024-10-21T09:56:38.422+0000] {dag.py:3229} INFO - Sync 1 DAGs
[2024-10-21T09:56:38.452+0000] {logging_mixin.py:190} INFO - [2024-10-21T09:56:38.452+0000] {dag.py:4156} INFO - Setting next_dagrun for eia_data_pipeline to 2024-10-21 00:00:00+00:00, run_after=2024-10-22 00:00:00+00:00
[2024-10-21T09:56:38.483+0000] {processor.py:208} INFO - Processing /opt/airflow/dags/new_dag.py took 0.281 seconds
[2024-10-21T09:57:09.247+0000] {processor.py:186} INFO - Started process (PID=5015) to work on /opt/airflow/dags/new_dag.py
[2024-10-21T09:57:09.249+0000] {processor.py:914} INFO - Processing file /opt/airflow/dags/new_dag.py for tasks to queue
[2024-10-21T09:57:09.252+0000] {logging_mixin.py:190} INFO - [2024-10-21T09:57:09.251+0000] {dagbag.py:587} INFO - Filling up the DagBag from /opt/airflow/dags/new_dag.py
[2024-10-21T09:57:09.493+0000] {processor.py:925} INFO - DAG(s) 'eia_data_pipeline' retrieved from /opt/airflow/dags/new_dag.py
[2024-10-21T09:57:09.528+0000] {logging_mixin.py:190} INFO - [2024-10-21T09:57:09.528+0000] {dag.py:3229} INFO - Sync 1 DAGs
[2024-10-21T09:57:09.575+0000] {logging_mixin.py:190} INFO - [2024-10-21T09:57:09.575+0000] {dag.py:4156} INFO - Setting next_dagrun for eia_data_pipeline to 2024-10-21 00:00:00+00:00, run_after=2024-10-22 00:00:00+00:00
[2024-10-21T09:57:09.606+0000] {processor.py:208} INFO - Processing /opt/airflow/dags/new_dag.py took 0.369 seconds
[2024-10-21T09:57:40.291+0000] {processor.py:186} INFO - Started process (PID=5080) to work on /opt/airflow/dags/new_dag.py
[2024-10-21T09:57:40.294+0000] {processor.py:914} INFO - Processing file /opt/airflow/dags/new_dag.py for tasks to queue
[2024-10-21T09:57:40.298+0000] {logging_mixin.py:190} INFO - [2024-10-21T09:57:40.297+0000] {dagbag.py:587} INFO - Filling up the DagBag from /opt/airflow/dags/new_dag.py
[2024-10-21T09:57:40.813+0000] {processor.py:925} INFO - DAG(s) 'eia_data_pipeline' retrieved from /opt/airflow/dags/new_dag.py
[2024-10-21T09:57:40.865+0000] {logging_mixin.py:190} INFO - [2024-10-21T09:57:40.865+0000] {dag.py:3229} INFO - Sync 1 DAGs
[2024-10-21T09:57:40.920+0000] {logging_mixin.py:190} INFO - [2024-10-21T09:57:40.919+0000] {dag.py:4156} INFO - Setting next_dagrun for eia_data_pipeline to 2024-10-21 00:00:00+00:00, run_after=2024-10-22 00:00:00+00:00
[2024-10-21T09:57:40.972+0000] {processor.py:208} INFO - Processing /opt/airflow/dags/new_dag.py took 0.697 seconds
[2024-10-21T09:58:11.519+0000] {processor.py:186} INFO - Started process (PID=5145) to work on /opt/airflow/dags/new_dag.py
[2024-10-21T09:58:11.524+0000] {processor.py:914} INFO - Processing file /opt/airflow/dags/new_dag.py for tasks to queue
[2024-10-21T09:58:11.533+0000] {logging_mixin.py:190} INFO - [2024-10-21T09:58:11.532+0000] {dagbag.py:587} INFO - Filling up the DagBag from /opt/airflow/dags/new_dag.py
[2024-10-21T09:58:12.341+0000] {processor.py:925} INFO - DAG(s) 'eia_data_pipeline' retrieved from /opt/airflow/dags/new_dag.py
[2024-10-21T09:58:12.388+0000] {logging_mixin.py:190} INFO - [2024-10-21T09:58:12.388+0000] {dag.py:3229} INFO - Sync 1 DAGs
[2024-10-21T09:58:12.444+0000] {logging_mixin.py:190} INFO - [2024-10-21T09:58:12.444+0000] {dag.py:4156} INFO - Setting next_dagrun for eia_data_pipeline to 2024-10-21 00:00:00+00:00, run_after=2024-10-22 00:00:00+00:00
[2024-10-21T09:58:12.489+0000] {processor.py:208} INFO - Processing /opt/airflow/dags/new_dag.py took 0.983 seconds
[2024-10-21T09:58:42.598+0000] {processor.py:186} INFO - Started process (PID=5210) to work on /opt/airflow/dags/new_dag.py
[2024-10-21T09:58:42.601+0000] {processor.py:914} INFO - Processing file /opt/airflow/dags/new_dag.py for tasks to queue
[2024-10-21T09:58:42.604+0000] {logging_mixin.py:190} INFO - [2024-10-21T09:58:42.603+0000] {dagbag.py:587} INFO - Filling up the DagBag from /opt/airflow/dags/new_dag.py
[2024-10-21T09:58:43.256+0000] {processor.py:925} INFO - DAG(s) 'eia_data_pipeline' retrieved from /opt/airflow/dags/new_dag.py
[2024-10-21T09:58:43.306+0000] {logging_mixin.py:190} INFO - [2024-10-21T09:58:43.305+0000] {dag.py:3229} INFO - Sync 1 DAGs
[2024-10-21T09:58:43.379+0000] {logging_mixin.py:190} INFO - [2024-10-21T09:58:43.379+0000] {dag.py:4156} INFO - Setting next_dagrun for eia_data_pipeline to 2024-10-21 00:00:00+00:00, run_after=2024-10-22 00:00:00+00:00
[2024-10-21T09:58:43.441+0000] {processor.py:208} INFO - Processing /opt/airflow/dags/new_dag.py took 0.852 seconds
[2024-10-21T09:59:13.571+0000] {processor.py:186} INFO - Started process (PID=5275) to work on /opt/airflow/dags/new_dag.py
[2024-10-21T09:59:13.573+0000] {processor.py:914} INFO - Processing file /opt/airflow/dags/new_dag.py for tasks to queue
[2024-10-21T09:59:13.577+0000] {logging_mixin.py:190} INFO - [2024-10-21T09:59:13.576+0000] {dagbag.py:587} INFO - Filling up the DagBag from /opt/airflow/dags/new_dag.py
[2024-10-21T09:59:13.798+0000] {processor.py:925} INFO - DAG(s) 'eia_data_pipeline' retrieved from /opt/airflow/dags/new_dag.py
[2024-10-21T09:59:13.834+0000] {logging_mixin.py:190} INFO - [2024-10-21T09:59:13.834+0000] {dag.py:3229} INFO - Sync 1 DAGs
[2024-10-21T09:59:13.881+0000] {logging_mixin.py:190} INFO - [2024-10-21T09:59:13.880+0000] {dag.py:4156} INFO - Setting next_dagrun for eia_data_pipeline to 2024-10-21 00:00:00+00:00, run_after=2024-10-22 00:00:00+00:00
[2024-10-21T09:59:13.919+0000] {processor.py:208} INFO - Processing /opt/airflow/dags/new_dag.py took 0.358 seconds
[2024-10-21T09:59:44.332+0000] {processor.py:186} INFO - Started process (PID=5340) to work on /opt/airflow/dags/new_dag.py
[2024-10-21T09:59:44.334+0000] {processor.py:914} INFO - Processing file /opt/airflow/dags/new_dag.py for tasks to queue
[2024-10-21T09:59:44.336+0000] {logging_mixin.py:190} INFO - [2024-10-21T09:59:44.336+0000] {dagbag.py:587} INFO - Filling up the DagBag from /opt/airflow/dags/new_dag.py
[2024-10-21T09:59:44.619+0000] {processor.py:925} INFO - DAG(s) 'eia_data_pipeline' retrieved from /opt/airflow/dags/new_dag.py
[2024-10-21T09:59:44.660+0000] {logging_mixin.py:190} INFO - [2024-10-21T09:59:44.659+0000] {dag.py:3229} INFO - Sync 1 DAGs
[2024-10-21T09:59:44.717+0000] {logging_mixin.py:190} INFO - [2024-10-21T09:59:44.716+0000] {dag.py:4156} INFO - Setting next_dagrun for eia_data_pipeline to 2024-10-21 00:00:00+00:00, run_after=2024-10-22 00:00:00+00:00
[2024-10-21T09:59:44.764+0000] {processor.py:208} INFO - Processing /opt/airflow/dags/new_dag.py took 0.441 seconds
[2024-10-21T10:00:15.024+0000] {processor.py:186} INFO - Started process (PID=5406) to work on /opt/airflow/dags/new_dag.py
[2024-10-21T10:00:15.027+0000] {processor.py:914} INFO - Processing file /opt/airflow/dags/new_dag.py for tasks to queue
[2024-10-21T10:00:15.030+0000] {logging_mixin.py:190} INFO - [2024-10-21T10:00:15.029+0000] {dagbag.py:587} INFO - Filling up the DagBag from /opt/airflow/dags/new_dag.py
[2024-10-21T10:00:15.424+0000] {processor.py:925} INFO - DAG(s) 'eia_data_pipeline' retrieved from /opt/airflow/dags/new_dag.py
[2024-10-21T10:00:15.459+0000] {logging_mixin.py:190} INFO - [2024-10-21T10:00:15.459+0000] {dag.py:3229} INFO - Sync 1 DAGs
[2024-10-21T10:00:15.501+0000] {logging_mixin.py:190} INFO - [2024-10-21T10:00:15.501+0000] {dag.py:4156} INFO - Setting next_dagrun for eia_data_pipeline to 2024-10-21 00:00:00+00:00, run_after=2024-10-22 00:00:00+00:00
[2024-10-21T10:00:15.555+0000] {processor.py:208} INFO - Processing /opt/airflow/dags/new_dag.py took 0.548 seconds
[2024-10-21T10:00:46.155+0000] {processor.py:186} INFO - Started process (PID=5471) to work on /opt/airflow/dags/new_dag.py
[2024-10-21T10:00:46.157+0000] {processor.py:914} INFO - Processing file /opt/airflow/dags/new_dag.py for tasks to queue
[2024-10-21T10:00:46.160+0000] {logging_mixin.py:190} INFO - [2024-10-21T10:00:46.159+0000] {dagbag.py:587} INFO - Filling up the DagBag from /opt/airflow/dags/new_dag.py
[2024-10-21T10:00:46.563+0000] {processor.py:925} INFO - DAG(s) 'eia_data_pipeline' retrieved from /opt/airflow/dags/new_dag.py
[2024-10-21T10:00:46.608+0000] {logging_mixin.py:190} INFO - [2024-10-21T10:00:46.608+0000] {dag.py:3229} INFO - Sync 1 DAGs
[2024-10-21T10:00:46.672+0000] {logging_mixin.py:190} INFO - [2024-10-21T10:00:46.671+0000] {dag.py:4156} INFO - Setting next_dagrun for eia_data_pipeline to 2024-10-21 00:00:00+00:00, run_after=2024-10-22 00:00:00+00:00
[2024-10-21T10:00:46.730+0000] {processor.py:208} INFO - Processing /opt/airflow/dags/new_dag.py took 0.587 seconds
[2024-10-21T10:01:17.196+0000] {processor.py:186} INFO - Started process (PID=5526) to work on /opt/airflow/dags/new_dag.py
[2024-10-21T10:01:17.198+0000] {processor.py:914} INFO - Processing file /opt/airflow/dags/new_dag.py for tasks to queue
[2024-10-21T10:01:17.201+0000] {logging_mixin.py:190} INFO - [2024-10-21T10:01:17.200+0000] {dagbag.py:587} INFO - Filling up the DagBag from /opt/airflow/dags/new_dag.py
[2024-10-21T10:01:19.108+0000] {processor.py:925} INFO - DAG(s) 'eia_data_pipeline' retrieved from /opt/airflow/dags/new_dag.py
[2024-10-21T10:01:19.234+0000] {logging_mixin.py:190} INFO - [2024-10-21T10:01:19.233+0000] {dag.py:3229} INFO - Sync 1 DAGs
[2024-10-21T10:01:19.366+0000] {logging_mixin.py:190} INFO - [2024-10-21T10:01:19.365+0000] {dag.py:4156} INFO - Setting next_dagrun for eia_data_pipeline to 2024-10-21 00:00:00+00:00, run_after=2024-10-22 00:00:00+00:00
[2024-10-21T10:01:19.477+0000] {processor.py:208} INFO - Processing /opt/airflow/dags/new_dag.py took 2.297 seconds
[2024-10-21T10:01:50.438+0000] {processor.py:186} INFO - Started process (PID=5595) to work on /opt/airflow/dags/new_dag.py
[2024-10-21T10:01:50.440+0000] {processor.py:914} INFO - Processing file /opt/airflow/dags/new_dag.py for tasks to queue
[2024-10-21T10:01:50.443+0000] {logging_mixin.py:190} INFO - [2024-10-21T10:01:50.442+0000] {dagbag.py:587} INFO - Filling up the DagBag from /opt/airflow/dags/new_dag.py
[2024-10-21T10:01:51.188+0000] {processor.py:925} INFO - DAG(s) 'eia_data_pipeline' retrieved from /opt/airflow/dags/new_dag.py
[2024-10-21T10:01:51.320+0000] {logging_mixin.py:190} INFO - [2024-10-21T10:01:51.319+0000] {dag.py:3229} INFO - Sync 1 DAGs
[2024-10-21T10:01:51.452+0000] {logging_mixin.py:190} INFO - [2024-10-21T10:01:51.451+0000] {dag.py:4156} INFO - Setting next_dagrun for eia_data_pipeline to 2024-10-21 00:00:00+00:00, run_after=2024-10-22 00:00:00+00:00
[2024-10-21T10:01:51.519+0000] {processor.py:208} INFO - Processing /opt/airflow/dags/new_dag.py took 1.092 seconds
[2024-10-21T10:02:22.102+0000] {processor.py:186} INFO - Started process (PID=5660) to work on /opt/airflow/dags/new_dag.py
[2024-10-21T10:02:22.104+0000] {processor.py:914} INFO - Processing file /opt/airflow/dags/new_dag.py for tasks to queue
[2024-10-21T10:02:22.108+0000] {logging_mixin.py:190} INFO - [2024-10-21T10:02:22.107+0000] {dagbag.py:587} INFO - Filling up the DagBag from /opt/airflow/dags/new_dag.py
[2024-10-21T10:02:22.546+0000] {processor.py:925} INFO - DAG(s) 'eia_data_pipeline' retrieved from /opt/airflow/dags/new_dag.py
[2024-10-21T10:02:22.671+0000] {logging_mixin.py:190} INFO - [2024-10-21T10:02:22.671+0000] {dag.py:3229} INFO - Sync 1 DAGs
[2024-10-21T10:02:22.804+0000] {logging_mixin.py:190} INFO - [2024-10-21T10:02:22.803+0000] {dag.py:4156} INFO - Setting next_dagrun for eia_data_pipeline to 2024-10-21 00:00:00+00:00, run_after=2024-10-22 00:00:00+00:00
[2024-10-21T10:02:22.961+0000] {processor.py:208} INFO - Processing /opt/airflow/dags/new_dag.py took 0.876 seconds
[2024-10-21T10:02:53.740+0000] {processor.py:186} INFO - Started process (PID=5726) to work on /opt/airflow/dags/new_dag.py
[2024-10-21T10:02:53.743+0000] {processor.py:914} INFO - Processing file /opt/airflow/dags/new_dag.py for tasks to queue
[2024-10-21T10:02:53.746+0000] {logging_mixin.py:190} INFO - [2024-10-21T10:02:53.745+0000] {dagbag.py:587} INFO - Filling up the DagBag from /opt/airflow/dags/new_dag.py
[2024-10-21T10:02:55.583+0000] {processor.py:925} INFO - DAG(s) 'eia_data_pipeline' retrieved from /opt/airflow/dags/new_dag.py
[2024-10-21T10:02:55.816+0000] {logging_mixin.py:190} INFO - [2024-10-21T10:02:55.815+0000] {dag.py:3229} INFO - Sync 1 DAGs
[2024-10-21T10:02:55.975+0000] {logging_mixin.py:190} INFO - [2024-10-21T10:02:55.974+0000] {dag.py:4156} INFO - Setting next_dagrun for eia_data_pipeline to 2024-10-21 00:00:00+00:00, run_after=2024-10-22 00:00:00+00:00
[2024-10-21T10:02:56.084+0000] {processor.py:208} INFO - Processing /opt/airflow/dags/new_dag.py took 2.360 seconds
[2024-10-21T10:03:59.372+0000] {processor.py:186} INFO - Started process (PID=5799) to work on /opt/airflow/dags/new_dag.py
[2024-10-21T10:03:59.398+0000] {processor.py:914} INFO - Processing file /opt/airflow/dags/new_dag.py for tasks to queue
[2024-10-21T10:03:59.407+0000] {logging_mixin.py:190} INFO - [2024-10-21T10:03:59.405+0000] {dagbag.py:587} INFO - Filling up the DagBag from /opt/airflow/dags/new_dag.py
[2024-10-21T10:04:07.901+0000] {processor.py:925} INFO - DAG(s) 'eia_data_pipeline' retrieved from /opt/airflow/dags/new_dag.py
[2024-10-21T10:04:08.190+0000] {logging_mixin.py:190} INFO - [2024-10-21T10:04:08.182+0000] {dag.py:3229} INFO - Sync 1 DAGs
[2024-10-21T10:04:08.574+0000] {logging_mixin.py:190} INFO - [2024-10-21T10:04:08.567+0000] {dag.py:4156} INFO - Setting next_dagrun for eia_data_pipeline to 2024-10-21 00:00:00+00:00, run_after=2024-10-22 00:00:00+00:00
[2024-10-21T10:04:09.001+0000] {processor.py:208} INFO - Processing /opt/airflow/dags/new_dag.py took 9.663 seconds
[2024-10-21T10:04:54.546+0000] {processor.py:186} INFO - Started process (PID=5859) to work on /opt/airflow/dags/new_dag.py
[2024-10-21T10:04:54.550+0000] {processor.py:914} INFO - Processing file /opt/airflow/dags/new_dag.py for tasks to queue
[2024-10-21T10:04:54.553+0000] {logging_mixin.py:190} INFO - [2024-10-21T10:04:54.553+0000] {dagbag.py:587} INFO - Filling up the DagBag from /opt/airflow/dags/new_dag.py
[2024-10-21T10:04:54.845+0000] {processor.py:925} INFO - DAG(s) 'eia_data_pipeline' retrieved from /opt/airflow/dags/new_dag.py
[2024-10-21T10:04:54.874+0000] {logging_mixin.py:190} INFO - [2024-10-21T10:04:54.874+0000] {dag.py:3229} INFO - Sync 1 DAGs
[2024-10-21T10:04:54.918+0000] {logging_mixin.py:190} INFO - [2024-10-21T10:04:54.918+0000] {dag.py:4156} INFO - Setting next_dagrun for eia_data_pipeline to 2024-10-21 00:00:00+00:00, run_after=2024-10-22 00:00:00+00:00
[2024-10-21T10:04:54.952+0000] {processor.py:208} INFO - Processing /opt/airflow/dags/new_dag.py took 0.416 seconds
[2024-10-21T10:06:34.998+0000] {processor.py:186} INFO - Started process (PID=5918) to work on /opt/airflow/dags/new_dag.py
[2024-10-21T10:06:35.012+0000] {processor.py:914} INFO - Processing file /opt/airflow/dags/new_dag.py for tasks to queue
[2024-10-21T10:06:35.035+0000] {logging_mixin.py:190} INFO - [2024-10-21T10:06:35.028+0000] {dagbag.py:587} INFO - Filling up the DagBag from /opt/airflow/dags/new_dag.py
[2024-10-21T10:06:36.942+0000] {processor.py:925} INFO - DAG(s) 'eia_data_pipeline' retrieved from /opt/airflow/dags/new_dag.py
[2024-10-21T10:06:37.107+0000] {logging_mixin.py:190} INFO - [2024-10-21T10:06:37.105+0000] {dag.py:3229} INFO - Sync 1 DAGs
[2024-10-21T10:06:37.490+0000] {logging_mixin.py:190} INFO - [2024-10-21T10:06:37.485+0000] {dag.py:4156} INFO - Setting next_dagrun for eia_data_pipeline to 2024-10-21 00:00:00+00:00, run_after=2024-10-22 00:00:00+00:00
[2024-10-21T10:06:37.610+0000] {processor.py:208} INFO - Processing /opt/airflow/dags/new_dag.py took 2.757 seconds
[2024-10-21T10:21:15.625+0000] {processor.py:186} INFO - Started process (PID=6082) to work on /opt/airflow/dags/new_dag.py
[2024-10-21T10:21:15.778+0000] {processor.py:914} INFO - Processing file /opt/airflow/dags/new_dag.py for tasks to queue
[2024-10-21T10:21:17.332+0000] {logging_mixin.py:190} INFO - [2024-10-21T10:21:17.001+0000] {dagbag.py:587} INFO - Filling up the DagBag from /opt/airflow/dags/new_dag.py
[2024-10-21T10:27:07.993+0000] {processor.py:186} INFO - Started process (PID=6146) to work on /opt/airflow/dags/new_dag.py
[2024-10-21T10:27:08.063+0000] {processor.py:914} INFO - Processing file /opt/airflow/dags/new_dag.py for tasks to queue
[2024-10-21T10:27:08.094+0000] {logging_mixin.py:190} INFO - [2024-10-21T10:27:08.076+0000] {dagbag.py:587} INFO - Filling up the DagBag from /opt/airflow/dags/new_dag.py
[2024-10-21T10:27:15.272+0000] {processor.py:925} INFO - DAG(s) 'eia_data_pipeline' retrieved from /opt/airflow/dags/new_dag.py
[2024-10-21T10:27:17.931+0000] {logging_mixin.py:190} INFO - [2024-10-21T10:27:17.905+0000] {dag.py:3229} INFO - Sync 1 DAGs
[2024-10-21T10:27:19.031+0000] {logging_mixin.py:190} INFO - [2024-10-21T10:27:19.029+0000] {dag.py:4156} INFO - Setting next_dagrun for eia_data_pipeline to 2024-10-21 00:00:00+00:00, run_after=2024-10-22 00:00:00+00:00
[2024-10-21T10:27:19.543+0000] {processor.py:208} INFO - Processing /opt/airflow/dags/new_dag.py took 12.006 seconds
[2024-10-21T10:29:12.692+0000] {processor.py:186} INFO - Started process (PID=6224) to work on /opt/airflow/dags/new_dag.py
[2024-10-21T10:29:12.709+0000] {processor.py:914} INFO - Processing file /opt/airflow/dags/new_dag.py for tasks to queue
[2024-10-21T10:29:12.726+0000] {logging_mixin.py:190} INFO - [2024-10-21T10:29:12.720+0000] {dagbag.py:587} INFO - Filling up the DagBag from /opt/airflow/dags/new_dag.py
[2024-10-21T10:29:19.930+0000] {processor.py:925} INFO - DAG(s) 'eia_data_pipeline' retrieved from /opt/airflow/dags/new_dag.py
[2024-10-21T10:29:22.639+0000] {logging_mixin.py:190} INFO - [2024-10-21T10:29:22.635+0000] {dag.py:3229} INFO - Sync 1 DAGs
[2024-10-21T10:29:34.678+0000] {logging_mixin.py:190} INFO - [2024-10-21T10:29:34.523+0000] {dag.py:4156} INFO - Setting next_dagrun for eia_data_pipeline to 2024-10-21 00:00:00+00:00, run_after=2024-10-22 00:00:00+00:00
[2024-10-21T10:29:59.244+0000] {processor.py:208} INFO - Processing /opt/airflow/dags/new_dag.py took 46.599 seconds
