[2024-10-14T05:19:02.565+0000] {local_task_job_runner.py:123} INFO - ::group::Pre task execution logs
[2024-10-14T05:19:02.626+0000] {taskinstance.py:2612} INFO - Dependencies all met for dep_context=non-requeueable deps ti=<TaskInstance: eia_data_pipeline.fetch_api3_data scheduled__2024-10-11T00:00:00+00:00 [queued]>
[2024-10-14T05:19:02.653+0000] {taskinstance.py:2612} INFO - Dependencies all met for dep_context=requeueable deps ti=<TaskInstance: eia_data_pipeline.fetch_api3_data scheduled__2024-10-11T00:00:00+00:00 [queued]>
[2024-10-14T05:19:02.655+0000] {taskinstance.py:2865} INFO - Starting attempt 2 of 2
[2024-10-14T05:19:02.705+0000] {taskinstance.py:2888} INFO - Executing <Task(PythonOperator): fetch_api3_data> on 2024-10-11 00:00:00+00:00
[2024-10-14T05:19:02.787+0000] {warnings.py:112} WARNING - /home/***/.local/lib/python3.12/site-packages/***/task/task_runner/standard_task_runner.py:70: DeprecationWarning: This process (pid=99) is multi-threaded, use of fork() may lead to deadlocks in the child.
  pid = os.fork()

[2024-10-14T05:19:02.795+0000] {standard_task_runner.py:72} INFO - Started process 104 to run task
[2024-10-14T05:19:02.791+0000] {standard_task_runner.py:104} INFO - Running: ['***', 'tasks', 'run', 'eia_data_pipeline', 'fetch_api3_data', 'scheduled__2024-10-11T00:00:00+00:00', '--job-id', '41', '--raw', '--subdir', 'DAGS_FOLDER/new_dag.py', '--cfg-path', '/tmp/tmpp0fdh660']
[2024-10-14T05:19:02.799+0000] {standard_task_runner.py:105} INFO - Job 41: Subtask fetch_api3_data
[2024-10-14T05:19:02.992+0000] {task_command.py:467} INFO - Running <TaskInstance: eia_data_pipeline.fetch_api3_data scheduled__2024-10-11T00:00:00+00:00 [running]> on host 7aa864b16460
[2024-10-14T05:19:03.361+0000] {taskinstance.py:3131} INFO - Exporting env vars: AIRFLOW_CTX_DAG_OWNER='***' AIRFLOW_CTX_DAG_ID='eia_data_pipeline' AIRFLOW_CTX_TASK_ID='fetch_api3_data' AIRFLOW_CTX_EXECUTION_DATE='2024-10-11T00:00:00+00:00' AIRFLOW_CTX_TRY_NUMBER='2' AIRFLOW_CTX_DAG_RUN_ID='scheduled__2024-10-11T00:00:00+00:00'
[2024-10-14T05:19:03.366+0000] {logging_mixin.py:190} INFO - Task instance is in running state
[2024-10-14T05:19:03.368+0000] {logging_mixin.py:190} INFO -  Previous state of the Task instance: queued
[2024-10-14T05:19:03.370+0000] {logging_mixin.py:190} INFO - Current task name:fetch_api3_data state:running start_date:2024-10-14 05:19:02.628721+00:00
[2024-10-14T05:19:03.371+0000] {logging_mixin.py:190} INFO - Dag name:eia_data_pipeline and current dag run status:running
[2024-10-14T05:19:03.373+0000] {taskinstance.py:731} INFO - ::endgroup::
[2024-10-14T05:19:07.393+0000] {logging_mixin.py:190} INFO -     period productId  ...                  value  unit
0     2008        33  ...                  77.93    MK
1     2009        33  ...  984361.47755126286182    TJ
2     2009        33  ...    23.5110699607632021  MTOE
3     2015       116  ...     4.9435211463133014  MTOE
4     2012        33  ...  994423.51040085666536    TJ
..     ...       ...  ...                    ...   ...
605   1983        37  ...       9.60417342639986    TJ
606   2009       116  ...            2.334073038  BKWH
607   1983        33  ...    28.8286274827444878  MTOE
608   2008        33  ...           254.83138516  BKWH
609   2023        37  ...               147.6398    MK

[610 rows x 14 columns] stored in MySQL
[2024-10-14T05:19:07.394+0000] {python.py:240} INFO - Done. Returned value was: None
[2024-10-14T05:19:07.409+0000] {taskinstance.py:340} INFO - ::group::Post task execution logs
[2024-10-14T05:19:07.411+0000] {taskinstance.py:352} INFO - Marking task as SUCCESS. dag_id=eia_data_pipeline, task_id=fetch_api3_data, run_id=scheduled__2024-10-11T00:00:00+00:00, execution_date=20241011T000000, start_date=20241014T051902, end_date=20241014T051907
[2024-10-14T05:19:07.433+0000] {logging_mixin.py:190} INFO - Task instance in success state
[2024-10-14T05:19:07.434+0000] {logging_mixin.py:190} INFO -  Previous state of the Task instance: running
[2024-10-14T05:19:07.435+0000] {logging_mixin.py:190} INFO - Dag name:eia_data_pipeline queued_at:2024-10-14 05:10:00.362672+00:00
[2024-10-14T05:19:07.436+0000] {logging_mixin.py:190} INFO - Task hostname:7aa864b16460 operator:PythonOperator
[2024-10-14T05:19:07.465+0000] {local_task_job_runner.py:266} INFO - Task exited with return code 0
[2024-10-14T05:19:07.507+0000] {taskinstance.py:3900} INFO - 1 downstream tasks scheduled from follow-on schedule check
[2024-10-14T05:19:07.514+0000] {local_task_job_runner.py:245} INFO - ::endgroup::
