[2024-10-16T06:13:25.084+0000] {local_task_job_runner.py:123} INFO - ::group::Pre task execution logs
[2024-10-16T06:13:25.113+0000] {taskinstance.py:2612} INFO - Dependencies all met for dep_context=non-requeueable deps ti=<TaskInstance: eia_data_ingestion.call_stored_procedure manual__2024-10-16T05:58:21.605813+00:00 [queued]>
[2024-10-16T06:13:25.129+0000] {taskinstance.py:2612} INFO - Dependencies all met for dep_context=requeueable deps ti=<TaskInstance: eia_data_ingestion.call_stored_procedure manual__2024-10-16T05:58:21.605813+00:00 [queued]>
[2024-10-16T06:13:25.130+0000] {taskinstance.py:2865} INFO - Starting attempt 1 of 2
[2024-10-16T06:13:25.156+0000] {taskinstance.py:2888} INFO - Executing <Task(PythonOperator): call_stored_procedure> on 2024-10-16 05:58:21.605813+00:00
[2024-10-16T06:13:25.213+0000] {warnings.py:112} WARNING - /home/***/.local/lib/python3.12/site-packages/***/task/task_runner/standard_task_runner.py:70: DeprecationWarning: This process (pid=1013) is multi-threaded, use of fork() may lead to deadlocks in the child.
  pid = os.fork()

[2024-10-16T06:13:25.216+0000] {standard_task_runner.py:72} INFO - Started process 1015 to run task
[2024-10-16T06:13:25.221+0000] {standard_task_runner.py:104} INFO - Running: ['***', 'tasks', 'run', 'eia_data_ingestion', 'call_stored_procedure', 'manual__2024-10-16T05:58:21.605813+00:00', '--job-id', '81', '--raw', '--subdir', 'DAGS_FOLDER/dag3.py', '--cfg-path', '/tmp/tmpclk2dk4t']
[2024-10-16T06:13:25.228+0000] {standard_task_runner.py:105} INFO - Job 81: Subtask call_stored_procedure
[2024-10-16T06:13:25.332+0000] {task_command.py:467} INFO - Running <TaskInstance: eia_data_ingestion.call_stored_procedure manual__2024-10-16T05:58:21.605813+00:00 [running]> on host 7aa864b16460
[2024-10-16T06:13:25.491+0000] {taskinstance.py:3131} INFO - Exporting env vars: AIRFLOW_CTX_DAG_OWNER='***' AIRFLOW_CTX_DAG_ID='eia_data_ingestion' AIRFLOW_CTX_TASK_ID='call_stored_procedure' AIRFLOW_CTX_EXECUTION_DATE='2024-10-16T05:58:21.605813+00:00' AIRFLOW_CTX_TRY_NUMBER='1' AIRFLOW_CTX_DAG_RUN_ID='manual__2024-10-16T05:58:21.605813+00:00'
[2024-10-16T06:13:25.493+0000] {logging_mixin.py:190} INFO - Task instance is in running state
[2024-10-16T06:13:25.494+0000] {logging_mixin.py:190} INFO -  Previous state of the Task instance: queued
[2024-10-16T06:13:25.495+0000] {logging_mixin.py:190} INFO - Current task name:call_stored_procedure state:running start_date:2024-10-16 06:13:25.114776+00:00
[2024-10-16T06:13:25.496+0000] {logging_mixin.py:190} INFO - Dag name:eia_data_ingestion and current dag run status:running
[2024-10-16T06:13:25.496+0000] {taskinstance.py:731} INFO - ::endgroup::
[2024-10-16T06:13:27.437+0000] {logging_mixin.py:190} INFO - Stored procedure 'calculate_co2_reduction' executed successfully.
[2024-10-16T06:13:27.441+0000] {python.py:240} INFO - Done. Returned value was: None
[2024-10-16T06:13:27.457+0000] {taskinstance.py:340} INFO - ::group::Post task execution logs
[2024-10-16T06:13:27.459+0000] {taskinstance.py:352} INFO - Marking task as SUCCESS. dag_id=eia_data_ingestion, task_id=call_stored_procedure, run_id=manual__2024-10-16T05:58:21.605813+00:00, execution_date=20241016T055821, start_date=20241016T061325, end_date=20241016T061327
[2024-10-16T06:13:27.479+0000] {logging_mixin.py:190} INFO - Task instance in success state
[2024-10-16T06:13:27.481+0000] {logging_mixin.py:190} INFO -  Previous state of the Task instance: running
[2024-10-16T06:13:27.482+0000] {logging_mixin.py:190} INFO - Dag name:eia_data_ingestion queued_at:2024-10-16 05:58:22.480778+00:00
[2024-10-16T06:13:27.483+0000] {logging_mixin.py:190} INFO - Task hostname:7aa864b16460 operator:PythonOperator
[2024-10-16T06:13:27.536+0000] {local_task_job_runner.py:266} INFO - Task exited with return code 0
[2024-10-16T06:13:27.560+0000] {taskinstance.py:3900} INFO - 0 downstream tasks scheduled from follow-on schedule check
[2024-10-16T06:13:27.570+0000] {local_task_job_runner.py:245} INFO - ::endgroup::
