[2024-10-10T12:07:08.972+0000] {local_task_job_runner.py:123} INFO - ::group::Pre task execution logs
[2024-10-10T12:07:08.994+0000] {taskinstance.py:2612} INFO - Dependencies all met for dep_context=non-requeueable deps ti=<TaskInstance: eia_data_pipeline.fetch_api2_data scheduled__2024-10-09T00:00:00+00:00 [queued]>
[2024-10-10T12:07:09.004+0000] {taskinstance.py:2612} INFO - Dependencies all met for dep_context=requeueable deps ti=<TaskInstance: eia_data_pipeline.fetch_api2_data scheduled__2024-10-09T00:00:00+00:00 [queued]>
[2024-10-10T12:07:09.005+0000] {taskinstance.py:2865} INFO - Starting attempt 2 of 2
[2024-10-10T12:07:09.025+0000] {taskinstance.py:2888} INFO - Executing <Task(PythonOperator): fetch_api2_data> on 2024-10-09 00:00:00+00:00
[2024-10-10T12:07:09.034+0000] {warnings.py:112} WARNING - /home/***/.local/lib/python3.12/site-packages/***/task/task_runner/standard_task_runner.py:70: DeprecationWarning: This process (pid=204) is multi-threaded, use of fork() may lead to deadlocks in the child.
  pid = os.fork()

[2024-10-10T12:07:09.036+0000] {standard_task_runner.py:72} INFO - Started process 206 to run task
[2024-10-10T12:07:09.037+0000] {standard_task_runner.py:104} INFO - Running: ['***', 'tasks', 'run', 'eia_data_pipeline', 'fetch_api2_data', 'scheduled__2024-10-09T00:00:00+00:00', '--job-id', '8', '--raw', '--subdir', 'DAGS_FOLDER/new_dag.py', '--cfg-path', '/tmp/tmp4zo0pfk5']
[2024-10-10T12:07:09.039+0000] {standard_task_runner.py:105} INFO - Job 8: Subtask fetch_api2_data
[2024-10-10T12:07:09.107+0000] {task_command.py:467} INFO - Running <TaskInstance: eia_data_pipeline.fetch_api2_data scheduled__2024-10-09T00:00:00+00:00 [running]> on host 5c7d7e3b152c
[2024-10-10T12:07:09.221+0000] {taskinstance.py:3131} INFO - Exporting env vars: AIRFLOW_CTX_DAG_OWNER='***' AIRFLOW_CTX_DAG_ID='eia_data_pipeline' AIRFLOW_CTX_TASK_ID='fetch_api2_data' AIRFLOW_CTX_EXECUTION_DATE='2024-10-09T00:00:00+00:00' AIRFLOW_CTX_TRY_NUMBER='2' AIRFLOW_CTX_DAG_RUN_ID='scheduled__2024-10-09T00:00:00+00:00'
[2024-10-10T12:07:09.225+0000] {logging_mixin.py:190} INFO - Task instance is in running state
[2024-10-10T12:07:09.226+0000] {logging_mixin.py:190} INFO -  Previous state of the Task instance: queued
[2024-10-10T12:07:09.228+0000] {logging_mixin.py:190} INFO - Current task name:fetch_api2_data state:running start_date:2024-10-10 12:07:08.995368+00:00
[2024-10-10T12:07:09.228+0000] {logging_mixin.py:190} INFO - Dag name:eia_data_pipeline and current dag run status:running
[2024-10-10T12:07:09.229+0000] {taskinstance.py:731} INFO - ::endgroup::
[2024-10-10T12:07:31.633+0000] {logging_mixin.py:190} INFO -            period                        respondent-name  ...  value    value-units
0      2024-10-10  Associated Electric Cooperative, Inc.  ...  36089  megawatthours
1      2024-10-10  Associated Electric Cooperative, Inc.  ...  36089  megawatthours
2      2024-10-10  Associated Electric Cooperative, Inc.  ...  23119  megawatthours
3      2024-10-10  Associated Electric Cooperative, Inc.  ...  23119  megawatthours
4      2024-10-10  Associated Electric Cooperative, Inc.  ...   3839  megawatthours
...           ...                                    ...  ...    ...            ...
49995  2024-09-13                     Avista Corporation  ...   3040  megawatthours
49996  2024-09-13                     Avista Corporation  ...   2777  megawatthours
49997  2024-09-13                     Avista Corporation  ...   2657  megawatthours
49998  2024-09-13               Avangrid Renewables, LLC  ...  11816  megawatthours
49999  2024-09-13               Avangrid Renewables, LLC  ...  11824  megawatthours

[50000 rows x 5 columns] stored in MySQL
[2024-10-10T12:07:31.687+0000] {python.py:240} INFO - Done. Returned value was: None
[2024-10-10T12:07:31.704+0000] {taskinstance.py:340} INFO - ::group::Post task execution logs
[2024-10-10T12:07:31.706+0000] {taskinstance.py:352} INFO - Marking task as SUCCESS. dag_id=eia_data_pipeline, task_id=fetch_api2_data, run_id=scheduled__2024-10-09T00:00:00+00:00, execution_date=20241009T000000, start_date=20241010T120708, end_date=20241010T120731
[2024-10-10T12:07:31.725+0000] {logging_mixin.py:190} INFO - Task instance in success state
[2024-10-10T12:07:31.726+0000] {logging_mixin.py:190} INFO -  Previous state of the Task instance: running
[2024-10-10T12:07:31.727+0000] {logging_mixin.py:190} INFO - Dag name:eia_data_pipeline queued_at:2024-10-10 12:00:52.212014+00:00
[2024-10-10T12:07:31.728+0000] {logging_mixin.py:190} INFO - Task hostname:5c7d7e3b152c operator:PythonOperator
[2024-10-10T12:07:31.773+0000] {local_task_job_runner.py:266} INFO - Task exited with return code 0
[2024-10-10T12:07:31.810+0000] {taskinstance.py:3900} INFO - 1 downstream tasks scheduled from follow-on schedule check
[2024-10-10T12:07:31.816+0000] {local_task_job_runner.py:245} INFO - ::endgroup::
