[2024-10-11T06:12:41.538+0000] {local_task_job_runner.py:123} INFO - ::group::Pre task execution logs
[2024-10-11T06:12:41.593+0000] {taskinstance.py:2612} INFO - Dependencies all met for dep_context=non-requeueable deps ti=<TaskInstance: eia_data_pipeline.fetch_api3_data scheduled__2024-10-10T00:00:00+00:00 [queued]>
[2024-10-11T06:12:41.630+0000] {taskinstance.py:2612} INFO - Dependencies all met for dep_context=requeueable deps ti=<TaskInstance: eia_data_pipeline.fetch_api3_data scheduled__2024-10-10T00:00:00+00:00 [queued]>
[2024-10-11T06:12:41.645+0000] {taskinstance.py:2865} INFO - Starting attempt 1 of 2
[2024-10-11T06:12:41.776+0000] {taskinstance.py:2888} INFO - Executing <Task(PythonOperator): fetch_api3_data> on 2024-10-10 00:00:00+00:00
[2024-10-11T06:12:41.892+0000] {warnings.py:112} WARNING - /home/***/.local/lib/python3.12/site-packages/***/task/task_runner/standard_task_runner.py:70: DeprecationWarning: This process (pid=90) is multi-threaded, use of fork() may lead to deadlocks in the child.
  pid = os.fork()

[2024-10-11T06:12:41.907+0000] {standard_task_runner.py:104} INFO - Running: ['***', 'tasks', 'run', 'eia_data_pipeline', 'fetch_api3_data', 'scheduled__2024-10-10T00:00:00+00:00', '--job-id', '18', '--raw', '--subdir', 'DAGS_FOLDER/new_dag.py', '--cfg-path', '/tmp/tmph482zjpe']
[2024-10-11T06:12:41.924+0000] {standard_task_runner.py:72} INFO - Started process 97 to run task
[2024-10-11T06:12:41.926+0000] {standard_task_runner.py:105} INFO - Job 18: Subtask fetch_api3_data
[2024-10-11T06:12:42.315+0000] {task_command.py:467} INFO - Running <TaskInstance: eia_data_pipeline.fetch_api3_data scheduled__2024-10-10T00:00:00+00:00 [running]> on host 5c7d7e3b152c
[2024-10-11T06:12:43.011+0000] {taskinstance.py:3131} INFO - Exporting env vars: AIRFLOW_CTX_DAG_OWNER='***' AIRFLOW_CTX_DAG_ID='eia_data_pipeline' AIRFLOW_CTX_TASK_ID='fetch_api3_data' AIRFLOW_CTX_EXECUTION_DATE='2024-10-10T00:00:00+00:00' AIRFLOW_CTX_TRY_NUMBER='1' AIRFLOW_CTX_DAG_RUN_ID='scheduled__2024-10-10T00:00:00+00:00'
[2024-10-11T06:12:43.020+0000] {logging_mixin.py:190} INFO - Task instance is in running state
[2024-10-11T06:12:43.022+0000] {logging_mixin.py:190} INFO -  Previous state of the Task instance: queued
[2024-10-11T06:12:43.024+0000] {logging_mixin.py:190} INFO - Current task name:fetch_api3_data state:running start_date:2024-10-11 06:12:41.596236+00:00
[2024-10-11T06:12:43.025+0000] {logging_mixin.py:190} INFO - Dag name:eia_data_pipeline and current dag run status:running
[2024-10-11T06:12:43.027+0000] {taskinstance.py:731} INFO - ::endgroup::
[2024-10-11T06:12:50.539+0000] {logging_mixin.py:190} INFO -     period productId  ...                  value  unit
0     2008        33  ...                  77.93    MK
1     2015       116  ...     4.9435211463133014  MTOE
2     1985        37  ...                .017501    MK
3     2009        33  ...  984361.47755126286182    TJ
4     2009        33  ...    23.5110699607632021  MTOE
..     ...       ...  ...                    ...   ...
605   2002       116  ...             .704307303  BKWH
606   1997        37  ...               3.288035  BKWH
607   2002       116  ...             .055127894  QBTU
608   1989        33  ...              74.110934    MK
609   1997        37  ...             .011218775  QBTU

[610 rows x 14 columns] stored in MySQL
[2024-10-11T06:12:50.560+0000] {python.py:240} INFO - Done. Returned value was: None
[2024-10-11T06:12:50.643+0000] {taskinstance.py:340} INFO - ::group::Post task execution logs
[2024-10-11T06:12:50.647+0000] {taskinstance.py:352} INFO - Marking task as SUCCESS. dag_id=eia_data_pipeline, task_id=fetch_api3_data, run_id=scheduled__2024-10-10T00:00:00+00:00, execution_date=20241010T000000, start_date=20241011T061241, end_date=20241011T061250
[2024-10-11T06:12:50.713+0000] {logging_mixin.py:190} INFO - Task instance in success state
[2024-10-11T06:12:50.715+0000] {logging_mixin.py:190} INFO -  Previous state of the Task instance: running
[2024-10-11T06:12:50.717+0000] {logging_mixin.py:190} INFO - Dag name:eia_data_pipeline queued_at:2024-10-11 06:12:08.223238+00:00
[2024-10-11T06:12:50.718+0000] {logging_mixin.py:190} INFO - Task hostname:5c7d7e3b152c operator:PythonOperator
[2024-10-11T06:12:50.890+0000] {local_task_job_runner.py:266} INFO - Task exited with return code 0
[2024-10-11T06:12:51.008+0000] {taskinstance.py:3900} INFO - 0 downstream tasks scheduled from follow-on schedule check
[2024-10-11T06:12:51.016+0000] {local_task_job_runner.py:245} INFO - ::endgroup::
