[2024-10-14T05:10:38.599+0000] {local_task_job_runner.py:123} INFO - ::group::Pre task execution logs
[2024-10-14T05:10:38.849+0000] {taskinstance.py:2612} INFO - Dependencies all met for dep_context=non-requeueable deps ti=<TaskInstance: eia_data_pipeline.fetch_api3_data scheduled__2024-10-13T00:00:00+00:00 [queued]>
[2024-10-14T05:10:38.929+0000] {taskinstance.py:2612} INFO - Dependencies all met for dep_context=requeueable deps ti=<TaskInstance: eia_data_pipeline.fetch_api3_data scheduled__2024-10-13T00:00:00+00:00 [queued]>
[2024-10-14T05:10:38.932+0000] {taskinstance.py:2865} INFO - Starting attempt 1 of 2
[2024-10-14T05:10:39.230+0000] {taskinstance.py:2888} INFO - Executing <Task(PythonOperator): fetch_api3_data> on 2024-10-13 00:00:00+00:00
[2024-10-14T05:10:39.551+0000] {standard_task_runner.py:104} INFO - Running: ['***', 'tasks', 'run', 'eia_data_pipeline', 'fetch_api3_data', 'scheduled__2024-10-13T00:00:00+00:00', '--job-id', '34', '--raw', '--subdir', 'DAGS_FOLDER/new_dag.py', '--cfg-path', '/tmp/tmpywvjavfn']
[2024-10-14T05:10:39.562+0000] {standard_task_runner.py:105} INFO - Job 34: Subtask fetch_api3_data
[2024-10-14T05:10:39.572+0000] {warnings.py:112} WARNING - /home/***/.local/lib/python3.12/site-packages/***/task/task_runner/standard_task_runner.py:70: DeprecationWarning: This process (pid=86) is multi-threaded, use of fork() may lead to deadlocks in the child.
  pid = os.fork()

[2024-10-14T05:10:39.582+0000] {standard_task_runner.py:72} INFO - Started process 109 to run task
[2024-10-14T05:10:40.651+0000] {task_command.py:467} INFO - Running <TaskInstance: eia_data_pipeline.fetch_api3_data scheduled__2024-10-13T00:00:00+00:00 [running]> on host c463a51db3fc
[2024-10-14T05:10:41.960+0000] {taskinstance.py:3131} INFO - Exporting env vars: AIRFLOW_CTX_DAG_OWNER='***' AIRFLOW_CTX_DAG_ID='eia_data_pipeline' AIRFLOW_CTX_TASK_ID='fetch_api3_data' AIRFLOW_CTX_EXECUTION_DATE='2024-10-13T00:00:00+00:00' AIRFLOW_CTX_TRY_NUMBER='1' AIRFLOW_CTX_DAG_RUN_ID='scheduled__2024-10-13T00:00:00+00:00'
[2024-10-14T05:10:42.065+0000] {logging_mixin.py:190} INFO - Task instance is in running state
[2024-10-14T05:10:42.078+0000] {logging_mixin.py:190} INFO -  Previous state of the Task instance: queued
[2024-10-14T05:10:42.080+0000] {logging_mixin.py:190} INFO - Current task name:fetch_api3_data state:running start_date:2024-10-14 05:10:38.851347+00:00
[2024-10-14T05:10:42.082+0000] {logging_mixin.py:190} INFO - Dag name:eia_data_pipeline and current dag run status:running
[2024-10-14T05:10:42.098+0000] {taskinstance.py:731} INFO - ::endgroup::
[2024-10-14T05:10:50.181+0000] {logging_mixin.py:190} INFO -     period productId  ...                  value  unit
0     1999        33  ...     27.474012476087373  MTOE
1     2008        33  ...                  77.93    MK
2     2009        33  ...  984361.47755126286182    TJ
3     2009        33  ...    23.5110699607632021  MTOE
4     1984        37  ...      .0005580194131584  MTOE
..     ...       ...  ...                    ...   ...
605   2021       116  ...                94.6311    MK
606   2014       116  ...  169916.23547247418454    TJ
607   2014       116  ...            28.92368993  BKWH
608   1999        33  ...               79.39307    MK
609   2014        33  ...             .884958914  QBTU

[610 rows x 14 columns] stored in MySQL
[2024-10-14T05:10:50.191+0000] {python.py:240} INFO - Done. Returned value was: None
[2024-10-14T05:10:50.255+0000] {taskinstance.py:340} INFO - ::group::Post task execution logs
[2024-10-14T05:10:50.259+0000] {taskinstance.py:352} INFO - Marking task as SUCCESS. dag_id=eia_data_pipeline, task_id=fetch_api3_data, run_id=scheduled__2024-10-13T00:00:00+00:00, execution_date=20241013T000000, start_date=20241014T051038, end_date=20241014T051050
[2024-10-14T05:10:50.343+0000] {logging_mixin.py:190} INFO - Task instance in success state
[2024-10-14T05:10:50.357+0000] {logging_mixin.py:190} INFO -  Previous state of the Task instance: running
[2024-10-14T05:10:50.421+0000] {logging_mixin.py:190} INFO - Dag name:eia_data_pipeline queued_at:2024-10-14 05:10:01.946185+00:00
[2024-10-14T05:10:50.430+0000] {logging_mixin.py:190} INFO - Task hostname:c463a51db3fc operator:PythonOperator
[2024-10-14T05:10:50.551+0000] {local_task_job_runner.py:266} INFO - Task exited with return code 0
[2024-10-14T05:10:50.581+0000] {local_task_job_runner.py:245} INFO - ::endgroup::
