[2024-10-21T09:12:07.751+0000] {local_task_job_runner.py:123} INFO - ::group::Pre task execution logs
[2024-10-21T09:12:07.815+0000] {taskinstance.py:2612} INFO - Dependencies all met for dep_context=non-requeueable deps ti=<TaskInstance: eia_data_pipeline.fetch_api3_data scheduled__2024-10-17T00:00:00+00:00 [queued]>
[2024-10-21T09:12:07.844+0000] {taskinstance.py:2612} INFO - Dependencies all met for dep_context=requeueable deps ti=<TaskInstance: eia_data_pipeline.fetch_api3_data scheduled__2024-10-17T00:00:00+00:00 [queued]>
[2024-10-21T09:12:07.847+0000] {taskinstance.py:2865} INFO - Starting attempt 2 of 2
[2024-10-21T09:12:07.902+0000] {taskinstance.py:2888} INFO - Executing <Task(PythonOperator): fetch_api3_data> on 2024-10-17 00:00:00+00:00
[2024-10-21T09:12:08.005+0000] {warnings.py:112} WARNING - /home/***/.local/lib/python3.12/site-packages/***/task/task_runner/standard_task_runner.py:70: DeprecationWarning: This process (pid=214) is multi-threaded, use of fork() may lead to deadlocks in the child.
  pid = os.fork()

[2024-10-21T09:12:08.016+0000] {standard_task_runner.py:72} INFO - Started process 231 to run task
[2024-10-21T09:12:08.010+0000] {standard_task_runner.py:104} INFO - Running: ['***', 'tasks', 'run', 'eia_data_pipeline', 'fetch_api3_data', 'scheduled__2024-10-17T00:00:00+00:00', '--job-id', '104', '--raw', '--subdir', 'DAGS_FOLDER/new_dag.py', '--cfg-path', '/tmp/tmpvy6nvcp7']
[2024-10-21T09:12:08.022+0000] {standard_task_runner.py:105} INFO - Job 104: Subtask fetch_api3_data
[2024-10-21T09:12:08.253+0000] {task_command.py:467} INFO - Running <TaskInstance: eia_data_pipeline.fetch_api3_data scheduled__2024-10-17T00:00:00+00:00 [running]> on host 7aa864b16460
[2024-10-21T09:12:08.830+0000] {taskinstance.py:3131} INFO - Exporting env vars: AIRFLOW_CTX_DAG_OWNER='***' AIRFLOW_CTX_DAG_ID='eia_data_pipeline' AIRFLOW_CTX_TASK_ID='fetch_api3_data' AIRFLOW_CTX_EXECUTION_DATE='2024-10-17T00:00:00+00:00' AIRFLOW_CTX_TRY_NUMBER='2' AIRFLOW_CTX_DAG_RUN_ID='scheduled__2024-10-17T00:00:00+00:00'
[2024-10-21T09:12:08.887+0000] {logging_mixin.py:190} INFO - Task instance is in running state
[2024-10-21T09:12:08.889+0000] {logging_mixin.py:190} INFO -  Previous state of the Task instance: queued
[2024-10-21T09:12:08.890+0000] {logging_mixin.py:190} INFO - Current task name:fetch_api3_data state:running start_date:2024-10-21 09:12:07.818851+00:00
[2024-10-21T09:12:08.892+0000] {logging_mixin.py:190} INFO - Dag name:eia_data_pipeline and current dag run status:running
[2024-10-21T09:12:08.900+0000] {taskinstance.py:731} INFO - ::endgroup::
[2024-10-21T09:12:15.024+0000] {logging_mixin.py:190} INFO -     period       productName activityName               unitName          value
0     1980  Hydroelectricity     Capacity      million kilowatts           81.7
1     1980  Hydroelectricity   Generation  billion kilowatthours  279.182089788
5     1981  Hydroelectricity     Capacity      million kilowatts           82.4
6     1981  Hydroelectricity   Generation  billion kilowatthours   263.84466412
10    1981              Wind     Capacity      million kilowatts         .00036
..     ...               ...          ...                    ...            ...
596   2023  Hydroelectricity     Capacity      million kilowatts        80.0897
597   2023  Hydroelectricity   Generation  billion kilowatthours   239.85461879
601   2023              Wind     Capacity      million kilowatts       147.6398
602   2023              Wind   Generation  billion kilowatthours   425.23540247
606   2023             Solar   Generation  billion kilowatthours   238.12045509

[235 rows x 5 columns] stored in MySQL
[2024-10-21T09:12:15.028+0000] {python.py:240} INFO - Done. Returned value was: None
[2024-10-21T09:12:15.074+0000] {taskinstance.py:340} INFO - ::group::Post task execution logs
[2024-10-21T09:12:15.075+0000] {taskinstance.py:352} INFO - Marking task as SUCCESS. dag_id=eia_data_pipeline, task_id=fetch_api3_data, run_id=scheduled__2024-10-17T00:00:00+00:00, execution_date=20241017T000000, start_date=20241021T091207, end_date=20241021T091215
[2024-10-21T09:12:15.113+0000] {logging_mixin.py:190} INFO - Task instance in success state
[2024-10-21T09:12:15.115+0000] {logging_mixin.py:190} INFO -  Previous state of the Task instance: running
[2024-10-21T09:12:15.116+0000] {logging_mixin.py:190} INFO - Dag name:eia_data_pipeline queued_at:2024-10-21 09:02:17.036628+00:00
[2024-10-21T09:12:15.117+0000] {logging_mixin.py:190} INFO - Task hostname:7aa864b16460 operator:PythonOperator
[2024-10-21T09:12:15.171+0000] {local_task_job_runner.py:266} INFO - Task exited with return code 0
[2024-10-21T09:12:15.224+0000] {taskinstance.py:3900} INFO - 0 downstream tasks scheduled from follow-on schedule check
[2024-10-21T09:12:15.230+0000] {local_task_job_runner.py:245} INFO - ::endgroup::
