[2024-10-10T12:06:27.003+0000] {local_task_job_runner.py:123} INFO - ::group::Pre task execution logs
[2024-10-10T12:06:27.129+0000] {taskinstance.py:2612} INFO - Dependencies all met for dep_context=non-requeueable deps ti=<TaskInstance: eia_data_pipeline.fetch_api3_data scheduled__2024-10-09T00:00:00+00:00 [queued]>
[2024-10-10T12:06:27.154+0000] {taskinstance.py:2612} INFO - Dependencies all met for dep_context=requeueable deps ti=<TaskInstance: eia_data_pipeline.fetch_api3_data scheduled__2024-10-09T00:00:00+00:00 [queued]>
[2024-10-10T12:06:27.155+0000] {taskinstance.py:2865} INFO - Starting attempt 2 of 2
[2024-10-10T12:06:27.189+0000] {taskinstance.py:2888} INFO - Executing <Task(PythonOperator): fetch_api3_data> on 2024-10-09 00:00:00+00:00
[2024-10-10T12:06:27.209+0000] {warnings.py:112} WARNING - /home/***/.local/lib/python3.12/site-packages/***/task/task_runner/standard_task_runner.py:70: DeprecationWarning: This process (pid=182) is multi-threaded, use of fork() may lead to deadlocks in the child.
  pid = os.fork()

[2024-10-10T12:06:27.210+0000] {standard_task_runner.py:104} INFO - Running: ['***', 'tasks', 'run', 'eia_data_pipeline', 'fetch_api3_data', 'scheduled__2024-10-09T00:00:00+00:00', '--job-id', '6', '--raw', '--subdir', 'DAGS_FOLDER/new_dag.py', '--cfg-path', '/tmp/tmpw89n6mad']
[2024-10-10T12:06:27.212+0000] {standard_task_runner.py:72} INFO - Started process 193 to run task
[2024-10-10T12:06:27.212+0000] {standard_task_runner.py:105} INFO - Job 6: Subtask fetch_api3_data
[2024-10-10T12:06:27.296+0000] {task_command.py:467} INFO - Running <TaskInstance: eia_data_pipeline.fetch_api3_data scheduled__2024-10-09T00:00:00+00:00 [running]> on host 5c7d7e3b152c
[2024-10-10T12:06:27.446+0000] {taskinstance.py:3131} INFO - Exporting env vars: AIRFLOW_CTX_DAG_OWNER='***' AIRFLOW_CTX_DAG_ID='eia_data_pipeline' AIRFLOW_CTX_TASK_ID='fetch_api3_data' AIRFLOW_CTX_EXECUTION_DATE='2024-10-09T00:00:00+00:00' AIRFLOW_CTX_TRY_NUMBER='2' AIRFLOW_CTX_DAG_RUN_ID='scheduled__2024-10-09T00:00:00+00:00'
[2024-10-10T12:06:27.449+0000] {logging_mixin.py:190} INFO - Task instance is in running state
[2024-10-10T12:06:27.450+0000] {logging_mixin.py:190} INFO -  Previous state of the Task instance: queued
[2024-10-10T12:06:27.451+0000] {logging_mixin.py:190} INFO - Current task name:fetch_api3_data state:running start_date:2024-10-10 12:06:27.130588+00:00
[2024-10-10T12:06:27.453+0000] {logging_mixin.py:190} INFO - Dag name:eia_data_pipeline and current dag run status:running
[2024-10-10T12:06:27.454+0000] {taskinstance.py:731} INFO - ::endgroup::
[2024-10-10T12:06:31.810+0000] {logging_mixin.py:190} INFO -     period productId  ...                  value  unit
0     2008        33  ...                  77.93    MK
1     2012        33  ...  994423.51040085666536    TJ
2     1987        37  ...      .0003044864780163  MTOE
3     1999       116  ...             .587031853  BKWH
4     1999       116  ...             .062009773  QBTU
..     ...       ...  ...                    ...   ...
605   2015        33  ...             .849861249  QBTU
606   1996       116  ...             .583605527  BKWH
607   1996       116  ...             .065052147  QBTU
608   1996       116  ...     1.6392865287948867  MTOE
609   1996        33  ...               76.43742    MK

[610 rows x 14 columns] stored in MySQL
[2024-10-10T12:06:31.812+0000] {python.py:240} INFO - Done. Returned value was: None
[2024-10-10T12:06:31.826+0000] {taskinstance.py:340} INFO - ::group::Post task execution logs
[2024-10-10T12:06:31.827+0000] {taskinstance.py:352} INFO - Marking task as SUCCESS. dag_id=eia_data_pipeline, task_id=fetch_api3_data, run_id=scheduled__2024-10-09T00:00:00+00:00, execution_date=20241009T000000, start_date=20241010T120627, end_date=20241010T120631
[2024-10-10T12:06:31.845+0000] {logging_mixin.py:190} INFO - Task instance in success state
[2024-10-10T12:06:31.846+0000] {logging_mixin.py:190} INFO -  Previous state of the Task instance: running
[2024-10-10T12:06:31.847+0000] {logging_mixin.py:190} INFO - Dag name:eia_data_pipeline queued_at:2024-10-10 12:00:52.212014+00:00
[2024-10-10T12:06:31.848+0000] {logging_mixin.py:190} INFO - Task hostname:5c7d7e3b152c operator:PythonOperator
[2024-10-10T12:06:31.896+0000] {local_task_job_runner.py:266} INFO - Task exited with return code 0
[2024-10-10T12:06:31.931+0000] {taskinstance.py:3900} INFO - 0 downstream tasks scheduled from follow-on schedule check
[2024-10-10T12:06:31.936+0000] {local_task_job_runner.py:245} INFO - ::endgroup::
