[2024-10-16T05:01:46.130+0000] {local_task_job_runner.py:123} INFO - ::group::Pre task execution logs
[2024-10-16T05:01:46.209+0000] {taskinstance.py:2612} INFO - Dependencies all met for dep_context=non-requeueable deps ti=<TaskInstance: eia_data_pipeline.fetch_api2_data scheduled__2024-10-15T00:00:00+00:00 [queued]>
[2024-10-16T05:01:46.296+0000] {taskinstance.py:2612} INFO - Dependencies all met for dep_context=requeueable deps ti=<TaskInstance: eia_data_pipeline.fetch_api2_data scheduled__2024-10-15T00:00:00+00:00 [queued]>
[2024-10-16T05:01:46.300+0000] {taskinstance.py:2865} INFO - Starting attempt 1 of 2
[2024-10-16T05:01:46.472+0000] {taskinstance.py:2888} INFO - Executing <Task(PythonOperator): fetch_api2_data> on 2024-10-15 00:00:00+00:00
[2024-10-16T05:01:47.522+0000] {warnings.py:112} WARNING - /home/***/.local/lib/python3.12/site-packages/***/task/task_runner/standard_task_runner.py:70: DeprecationWarning: This process (pid=94) is multi-threaded, use of fork() may lead to deadlocks in the child.
  pid = os.fork()

[2024-10-16T05:01:47.534+0000] {standard_task_runner.py:72} INFO - Started process 98 to run task
[2024-10-16T05:01:47.532+0000] {standard_task_runner.py:104} INFO - Running: ['***', 'tasks', 'run', 'eia_data_pipeline', 'fetch_api2_data', 'scheduled__2024-10-15T00:00:00+00:00', '--job-id', '74', '--raw', '--subdir', 'DAGS_FOLDER/new_dag.py', '--cfg-path', '/tmp/tmpywq4c0qr']
[2024-10-16T05:01:47.544+0000] {standard_task_runner.py:105} INFO - Job 74: Subtask fetch_api2_data
[2024-10-16T05:01:47.888+0000] {task_command.py:467} INFO - Running <TaskInstance: eia_data_pipeline.fetch_api2_data scheduled__2024-10-15T00:00:00+00:00 [running]> on host 7aa864b16460
[2024-10-16T05:01:48.330+0000] {taskinstance.py:3131} INFO - Exporting env vars: AIRFLOW_CTX_DAG_OWNER='***' AIRFLOW_CTX_DAG_ID='eia_data_pipeline' AIRFLOW_CTX_TASK_ID='fetch_api2_data' AIRFLOW_CTX_EXECUTION_DATE='2024-10-15T00:00:00+00:00' AIRFLOW_CTX_TRY_NUMBER='1' AIRFLOW_CTX_DAG_RUN_ID='scheduled__2024-10-15T00:00:00+00:00'
[2024-10-16T05:01:48.337+0000] {logging_mixin.py:190} INFO - Task instance is in running state
[2024-10-16T05:01:48.339+0000] {logging_mixin.py:190} INFO -  Previous state of the Task instance: queued
[2024-10-16T05:01:48.341+0000] {logging_mixin.py:190} INFO - Current task name:fetch_api2_data state:running start_date:2024-10-16 05:01:46.225296+00:00
[2024-10-16T05:01:48.345+0000] {logging_mixin.py:190} INFO - Dag name:eia_data_pipeline and current dag run status:running
[2024-10-16T05:01:48.348+0000] {taskinstance.py:731} INFO - ::endgroup::
[2024-10-16T05:02:20.267+0000] {logging_mixin.py:190} INFO -            period                        respondent-name  ...  value    value-units
0      2024-10-15  Associated Electric Cooperative, Inc.  ...  23854  megawatthours
1      2024-10-15  Associated Electric Cooperative, Inc.  ...  23854  megawatthours
2      2024-10-15  Associated Electric Cooperative, Inc.  ...  23977  megawatthours
3      2024-10-15  Associated Electric Cooperative, Inc.  ...  23977  megawatthours
4      2024-10-15  Associated Electric Cooperative, Inc.  ...   3598  megawatthours
...           ...                                    ...  ...    ...            ...
49995  2024-09-19                        PacifiCorp East  ...   3883  megawatthours
49996  2024-09-19                        PacifiCorp East  ...   3898  megawatthours
49997  2024-09-19                        PacifiCorp East  ...   3906  megawatthours
49998  2024-09-19                        PacifiCorp East  ...   3892  megawatthours
49999  2024-09-19                        PacifiCorp East  ...   3883  megawatthours

[50000 rows x 5 columns] stored in MySQL
[2024-10-16T05:02:20.376+0000] {python.py:240} INFO - Done. Returned value was: None
[2024-10-16T05:02:20.398+0000] {taskinstance.py:340} INFO - ::group::Post task execution logs
[2024-10-16T05:02:20.400+0000] {taskinstance.py:352} INFO - Marking task as SUCCESS. dag_id=eia_data_pipeline, task_id=fetch_api2_data, run_id=scheduled__2024-10-15T00:00:00+00:00, execution_date=20241015T000000, start_date=20241016T050146, end_date=20241016T050220
[2024-10-16T05:02:20.431+0000] {logging_mixin.py:190} INFO - Task instance in success state
[2024-10-16T05:02:20.433+0000] {logging_mixin.py:190} INFO -  Previous state of the Task instance: running
[2024-10-16T05:02:20.434+0000] {logging_mixin.py:190} INFO - Dag name:eia_data_pipeline queued_at:2024-10-16 05:01:21.610292+00:00
[2024-10-16T05:02:20.436+0000] {logging_mixin.py:190} INFO - Task hostname:7aa864b16460 operator:PythonOperator
[2024-10-16T05:02:20.586+0000] {local_task_job_runner.py:266} INFO - Task exited with return code 0
[2024-10-16T05:02:20.938+0000] {taskinstance.py:3900} INFO - 1 downstream tasks scheduled from follow-on schedule check
[2024-10-16T05:02:20.945+0000] {local_task_job_runner.py:245} INFO - ::endgroup::
