[2024-10-15T12:58:47.389+0000] {local_task_job_runner.py:123} INFO - ::group::Pre task execution logs
[2024-10-15T12:58:47.420+0000] {taskinstance.py:2612} INFO - Dependencies all met for dep_context=non-requeueable deps ti=<TaskInstance: eia_data_ingestion.fetch_and_store_data manual__2024-10-15T12:11:22.899777+00:00 [queued]>
[2024-10-15T12:58:47.432+0000] {taskinstance.py:2612} INFO - Dependencies all met for dep_context=requeueable deps ti=<TaskInstance: eia_data_ingestion.fetch_and_store_data manual__2024-10-15T12:11:22.899777+00:00 [queued]>
[2024-10-15T12:58:47.434+0000] {taskinstance.py:2865} INFO - Starting attempt 2 of 2
[2024-10-15T12:58:47.457+0000] {taskinstance.py:2888} INFO - Executing <Task(PythonOperator): fetch_and_store_data> on 2024-10-15 12:11:22.899777+00:00
[2024-10-15T12:58:47.500+0000] {warnings.py:112} WARNING - /home/***/.local/lib/python3.12/site-packages/***/task/task_runner/standard_task_runner.py:70: DeprecationWarning: This process (pid=185) is multi-threaded, use of fork() may lead to deadlocks in the child.
  pid = os.fork()

[2024-10-15T12:58:47.501+0000] {standard_task_runner.py:104} INFO - Running: ['***', 'tasks', 'run', 'eia_data_ingestion', 'fetch_and_store_data', 'manual__2024-10-15T12:11:22.899777+00:00', '--job-id', '71', '--raw', '--subdir', 'DAGS_FOLDER/dag2.py', '--cfg-path', '/tmp/tmp72wffkxk']
[2024-10-15T12:58:47.503+0000] {standard_task_runner.py:72} INFO - Started process 194 to run task
[2024-10-15T12:58:47.503+0000] {standard_task_runner.py:105} INFO - Job 71: Subtask fetch_and_store_data
[2024-10-15T12:58:47.580+0000] {task_command.py:467} INFO - Running <TaskInstance: eia_data_ingestion.fetch_and_store_data manual__2024-10-15T12:11:22.899777+00:00 [running]> on host 7aa864b16460
[2024-10-15T12:58:47.776+0000] {taskinstance.py:3131} INFO - Exporting env vars: AIRFLOW_CTX_DAG_OWNER='***' AIRFLOW_CTX_DAG_ID='eia_data_ingestion' AIRFLOW_CTX_TASK_ID='fetch_and_store_data' AIRFLOW_CTX_EXECUTION_DATE='2024-10-15T12:11:22.899777+00:00' AIRFLOW_CTX_TRY_NUMBER='2' AIRFLOW_CTX_DAG_RUN_ID='manual__2024-10-15T12:11:22.899777+00:00'
[2024-10-15T12:58:47.780+0000] {logging_mixin.py:190} INFO - Task instance is in running state
[2024-10-15T12:58:47.782+0000] {logging_mixin.py:190} INFO -  Previous state of the Task instance: queued
[2024-10-15T12:58:47.783+0000] {logging_mixin.py:190} INFO - Current task name:fetch_and_store_data state:running start_date:2024-10-15 12:58:47.421052+00:00
[2024-10-15T12:58:47.784+0000] {logging_mixin.py:190} INFO - Dag name:eia_data_ingestion and current dag run status:running
[2024-10-15T12:58:47.785+0000] {taskinstance.py:731} INFO - ::endgroup::
[2024-10-15T12:58:50.670+0000] {logging_mixin.py:190} INFO - Fetched 5000 records.
[2024-10-15T12:58:52.295+0000] {logging_mixin.py:190} INFO - Fetched 10000 records.
[2024-10-15T12:58:54.000+0000] {logging_mixin.py:190} INFO - Fetched 15000 records.
[2024-10-15T12:58:55.723+0000] {logging_mixin.py:190} INFO - Fetched 20000 records.
[2024-10-15T12:58:57.403+0000] {logging_mixin.py:190} INFO - Fetched 25000 records.
[2024-10-15T12:58:59.150+0000] {logging_mixin.py:190} INFO - Fetched 30000 records.
[2024-10-15T12:59:00.995+0000] {logging_mixin.py:190} INFO - Fetched 35000 records.
[2024-10-15T12:59:02.806+0000] {logging_mixin.py:190} INFO - Fetched 40000 records.
[2024-10-15T12:59:04.569+0000] {logging_mixin.py:190} INFO - Fetched 45000 records.
[2024-10-15T12:59:06.327+0000] {logging_mixin.py:190} INFO - Fetched 50000 records.
[2024-10-15T12:59:08.211+0000] {logging_mixin.py:190} INFO - Fetched 55000 records.
[2024-10-15T12:59:10.366+0000] {logging_mixin.py:190} INFO - Fetched 60000 records.
[2024-10-15T12:59:12.144+0000] {logging_mixin.py:190} INFO - Fetched 64896 records.
[2024-10-15T12:59:23.542+0000] {logging_mixin.py:190} INFO - Data stored in table 'emission_co2_source'.
[2024-10-15T12:59:25.338+0000] {logging_mixin.py:190} INFO - Fetched 610 records.
[2024-10-15T12:59:27.455+0000] {logging_mixin.py:190} INFO - Data stored in table 'renewable_generation_source'.
[2024-10-15T12:59:29.987+0000] {logging_mixin.py:190} INFO - Fetched 5000 records.
[2024-10-15T12:59:32.782+0000] {logging_mixin.py:190} INFO - Fetched 10000 records.
[2024-10-15T12:59:35.882+0000] {logging_mixin.py:190} INFO - Fetched 15000 records.
[2024-10-15T12:59:38.842+0000] {logging_mixin.py:190} INFO - Fetched 20000 records.
[2024-10-15T12:59:41.658+0000] {logging_mixin.py:190} INFO - Fetched 25000 records.
[2024-10-15T12:59:44.494+0000] {logging_mixin.py:190} INFO - Fetched 30000 records.
[2024-10-15T12:59:47.664+0000] {logging_mixin.py:190} INFO - Fetched 35000 records.
[2024-10-15T12:59:50.703+0000] {logging_mixin.py:190} INFO - Fetched 40000 records.
[2024-10-15T12:59:54.173+0000] {logging_mixin.py:190} INFO - Fetched 45000 records.
[2024-10-15T12:59:59.233+0000] {logging_mixin.py:190} INFO - Fetched 50000 records.
[2024-10-15T13:00:02.329+0000] {logging_mixin.py:190} INFO - Fetched 55000 records.
[2024-10-15T13:00:08.614+0000] {logging_mixin.py:190} INFO - Fetched 60000 records.
[2024-10-15T13:00:12.542+0000] {logging_mixin.py:190} INFO - Fetched 65000 records.
[2024-10-15T13:00:16.883+0000] {logging_mixin.py:190} INFO - Fetched 70000 records.
[2024-10-15T13:00:21.732+0000] {logging_mixin.py:190} INFO - Fetched 75000 records.
[2024-10-15T13:00:26.764+0000] {logging_mixin.py:190} INFO - Fetched 80000 records.
[2024-10-15T13:00:30.980+0000] {logging_mixin.py:190} INFO - Fetched 85000 records.
[2024-10-15T13:00:35.257+0000] {logging_mixin.py:190} INFO - Fetched 90000 records.
[2024-10-15T13:00:41.151+0000] {logging_mixin.py:190} INFO - Fetched 95000 records.
[2024-10-15T13:00:46.946+0000] {logging_mixin.py:190} INFO - Fetched 100000 records.
[2024-10-15T13:00:52.015+0000] {logging_mixin.py:190} INFO - Fetched 105000 records.
[2024-10-15T13:00:56.563+0000] {logging_mixin.py:190} INFO - Fetched 110000 records.
[2024-10-15T13:01:01.523+0000] {logging_mixin.py:190} INFO - Fetched 115000 records.
[2024-10-15T13:01:08.044+0000] {logging_mixin.py:190} INFO - Fetched 120000 records.
[2024-10-15T13:01:14.150+0000] {logging_mixin.py:190} INFO - Fetched 125000 records.
[2024-10-15T13:01:19.485+0000] {logging_mixin.py:190} INFO - Fetched 130000 records.
[2024-10-15T13:01:25.719+0000] {logging_mixin.py:190} INFO - Fetched 135000 records.
[2024-10-15T13:01:32.227+0000] {logging_mixin.py:190} INFO - Fetched 140000 records.
[2024-10-15T13:01:38.273+0000] {logging_mixin.py:190} INFO - Fetched 145000 records.
[2024-10-15T13:01:45.616+0000] {logging_mixin.py:190} INFO - Fetched 150000 records.
[2024-10-15T13:01:51.744+0000] {logging_mixin.py:190} INFO - Fetched 155000 records.
[2024-10-15T13:01:59.484+0000] {logging_mixin.py:190} INFO - Fetched 160000 records.
[2024-10-15T13:02:07.843+0000] {logging_mixin.py:190} INFO - Fetched 165000 records.
[2024-10-15T13:02:14.201+0000] {logging_mixin.py:190} INFO - Fetched 170000 records.
[2024-10-15T13:02:21.274+0000] {logging_mixin.py:190} INFO - Fetched 175000 records.
[2024-10-15T13:02:28.690+0000] {logging_mixin.py:190} INFO - Fetched 180000 records.
[2024-10-15T13:02:35.724+0000] {logging_mixin.py:190} INFO - Fetched 185000 records.
[2024-10-15T13:02:43.336+0000] {logging_mixin.py:190} INFO - Fetched 190000 records.
[2024-10-15T13:02:52.233+0000] {logging_mixin.py:190} INFO - Fetched 195000 records.
[2024-10-15T13:03:00.074+0000] {logging_mixin.py:190} INFO - Fetched 200000 records.
[2024-10-15T13:03:08.376+0000] {logging_mixin.py:190} INFO - Fetched 205000 records.
[2024-10-15T13:03:15.198+0000] {logging_mixin.py:190} INFO - Fetched 210000 records.
[2024-10-15T13:03:22.931+0000] {logging_mixin.py:190} INFO - Fetched 215000 records.
[2024-10-15T13:03:30.000+0000] {logging_mixin.py:190} INFO - Fetched 220000 records.
[2024-10-15T13:03:37.275+0000] {logging_mixin.py:190} INFO - Fetched 225000 records.
[2024-10-15T13:03:44.780+0000] {logging_mixin.py:190} INFO - Fetched 230000 records.
[2024-10-15T13:03:50.760+0000] {logging_mixin.py:190} INFO - Fetched 235000 records.
[2024-10-15T13:03:58.258+0000] {logging_mixin.py:190} INFO - Fetched 240000 records.
[2024-10-15T13:04:05.590+0000] {logging_mixin.py:190} INFO - Fetched 245000 records.
[2024-10-15T13:04:12.811+0000] {logging_mixin.py:190} INFO - Fetched 250000 records.
[2024-10-15T13:04:20.796+0000] {logging_mixin.py:190} INFO - Fetched 255000 records.
[2024-10-15T13:04:27.658+0000] {logging_mixin.py:190} INFO - Fetched 260000 records.
[2024-10-15T13:04:34.336+0000] {logging_mixin.py:190} INFO - Fetched 265000 records.
[2024-10-15T13:04:41.287+0000] {logging_mixin.py:190} INFO - Fetched 270000 records.
[2024-10-15T13:04:49.858+0000] {logging_mixin.py:190} INFO - Fetched 275000 records.
[2024-10-15T13:06:02.131+0000] {job.py:229} INFO - Heartbeat recovered after 11.09 seconds
[2024-10-15T13:06:26.550+0000] {logging_mixin.py:190} INFO - Fetched 280000 records.
[2024-10-15T13:08:29.376+0000] {logging_mixin.py:190} INFO - Fetched 285000 records.
[2024-10-15T13:08:47.816+0000] {logging_mixin.py:190} INFO - Fetched 290000 records.
[2024-10-15T13:08:56.244+0000] {logging_mixin.py:190} INFO - Fetched 295000 records.
[2024-10-15T13:09:03.670+0000] {logging_mixin.py:190} INFO - Fetched 300000 records.
[2024-10-15T13:09:11.049+0000] {logging_mixin.py:190} INFO - Fetched 305000 records.
[2024-10-15T13:09:18.325+0000] {logging_mixin.py:190} INFO - Fetched 310000 records.
[2024-10-15T13:09:25.470+0000] {logging_mixin.py:190} INFO - Fetched 315000 records.
[2024-10-15T13:09:43.328+0000] {logging_mixin.py:190} INFO - Fetched 320000 records.
[2024-10-15T13:09:53.808+0000] {logging_mixin.py:190} INFO - Fetched 325000 records.
[2024-10-15T13:10:01.639+0000] {logging_mixin.py:190} INFO - Fetched 330000 records.
[2024-10-15T13:10:08.172+0000] {logging_mixin.py:190} INFO - Fetched 335000 records.
[2024-10-15T13:10:14.665+0000] {logging_mixin.py:190} INFO - Fetched 340000 records.
[2024-10-15T13:10:20.748+0000] {logging_mixin.py:190} INFO - Fetched 345000 records.
[2024-10-15T13:10:28.437+0000] {logging_mixin.py:190} INFO - Fetched 350000 records.
[2024-10-15T13:10:35.459+0000] {logging_mixin.py:190} INFO - Fetched 355000 records.
[2024-10-15T13:10:49.661+0000] {logging_mixin.py:190} INFO - Fetched 360000 records.
[2024-10-15T13:11:33.698+0000] {logging_mixin.py:190} INFO - Fetched 365000 records.
[2024-10-15T13:11:42.231+0000] {logging_mixin.py:190} INFO - Fetched 370000 records.
[2024-10-15T13:11:49.638+0000] {logging_mixin.py:190} INFO - Fetched 375000 records.
[2024-10-15T13:11:56.592+0000] {logging_mixin.py:190} INFO - Fetched 380000 records.
[2024-10-15T13:12:03.770+0000] {logging_mixin.py:190} INFO - Fetched 385000 records.
[2024-10-15T13:12:18.756+0000] {logging_mixin.py:190} INFO - Fetched 390000 records.
[2024-10-15T13:12:31.256+0000] {logging_mixin.py:190} INFO - Fetched 395000 records.
[2024-10-15T13:12:39.437+0000] {logging_mixin.py:190} INFO - Fetched 400000 records.
[2024-10-15T13:12:46.204+0000] {logging_mixin.py:190} INFO - Fetched 405000 records.
[2024-10-15T13:12:53.085+0000] {logging_mixin.py:190} INFO - Fetched 410000 records.
[2024-10-15T13:13:01.344+0000] {logging_mixin.py:190} INFO - Fetched 415000 records.
[2024-10-15T13:13:21.430+0000] {logging_mixin.py:190} INFO - Fetched 420000 records.
[2024-10-15T13:13:29.475+0000] {logging_mixin.py:190} INFO - Fetched 425000 records.
[2024-10-15T13:13:36.388+0000] {logging_mixin.py:190} INFO - Fetched 430000 records.
[2024-10-15T13:13:43.451+0000] {logging_mixin.py:190} INFO - Fetched 435000 records.
[2024-10-15T13:13:50.125+0000] {logging_mixin.py:190} INFO - Fetched 440000 records.
[2024-10-15T13:13:57.490+0000] {logging_mixin.py:190} INFO - Fetched 445000 records.
