[2024-10-15T12:11:44.411+0000] {local_task_job_runner.py:123} INFO - ::group::Pre task execution logs
[2024-10-15T12:11:44.447+0000] {taskinstance.py:2612} INFO - Dependencies all met for dep_context=non-requeueable deps ti=<TaskInstance: eia_data_ingestion.fetch_and_store_data manual__2024-10-15T12:11:22.899777+00:00 [queued]>
[2024-10-15T12:11:44.469+0000] {taskinstance.py:2612} INFO - Dependencies all met for dep_context=requeueable deps ti=<TaskInstance: eia_data_ingestion.fetch_and_store_data manual__2024-10-15T12:11:22.899777+00:00 [queued]>
[2024-10-15T12:11:44.471+0000] {taskinstance.py:2865} INFO - Starting attempt 1 of 2
[2024-10-15T12:11:44.502+0000] {taskinstance.py:2888} INFO - Executing <Task(PythonOperator): fetch_and_store_data> on 2024-10-15 12:11:22.899777+00:00
[2024-10-15T12:11:44.550+0000] {warnings.py:112} WARNING - /home/***/.local/lib/python3.12/site-packages/***/task/task_runner/standard_task_runner.py:70: DeprecationWarning: This process (pid=4766) is multi-threaded, use of fork() may lead to deadlocks in the child.
  pid = os.fork()

[2024-10-15T12:11:44.555+0000] {standard_task_runner.py:72} INFO - Started process 4768 to run task
[2024-10-15T12:11:44.553+0000] {standard_task_runner.py:104} INFO - Running: ['***', 'tasks', 'run', 'eia_data_ingestion', 'fetch_and_store_data', 'manual__2024-10-15T12:11:22.899777+00:00', '--job-id', '68', '--raw', '--subdir', 'DAGS_FOLDER/dag2.py', '--cfg-path', '/tmp/tmp98jy95kj']
[2024-10-15T12:11:44.558+0000] {standard_task_runner.py:105} INFO - Job 68: Subtask fetch_and_store_data
[2024-10-15T12:11:44.744+0000] {task_command.py:467} INFO - Running <TaskInstance: eia_data_ingestion.fetch_and_store_data manual__2024-10-15T12:11:22.899777+00:00 [running]> on host 7aa864b16460
[2024-10-15T12:11:45.201+0000] {taskinstance.py:3131} INFO - Exporting env vars: AIRFLOW_CTX_DAG_OWNER='***' AIRFLOW_CTX_DAG_ID='eia_data_ingestion' AIRFLOW_CTX_TASK_ID='fetch_and_store_data' AIRFLOW_CTX_EXECUTION_DATE='2024-10-15T12:11:22.899777+00:00' AIRFLOW_CTX_TRY_NUMBER='1' AIRFLOW_CTX_DAG_RUN_ID='manual__2024-10-15T12:11:22.899777+00:00'
[2024-10-15T12:11:45.207+0000] {logging_mixin.py:190} INFO - Task instance is in running state
[2024-10-15T12:11:45.209+0000] {logging_mixin.py:190} INFO -  Previous state of the Task instance: queued
[2024-10-15T12:11:45.211+0000] {logging_mixin.py:190} INFO - Current task name:fetch_and_store_data state:running start_date:2024-10-15 12:11:44.450996+00:00
[2024-10-15T12:11:45.212+0000] {logging_mixin.py:190} INFO - Dag name:eia_data_ingestion and current dag run status:running
[2024-10-15T12:11:45.214+0000] {taskinstance.py:731} INFO - ::endgroup::
[2024-10-15T12:11:48.825+0000] {logging_mixin.py:190} INFO - Fetched 5000 records.
[2024-10-15T12:11:50.666+0000] {logging_mixin.py:190} INFO - Fetched 10000 records.
[2024-10-15T12:11:52.439+0000] {logging_mixin.py:190} INFO - Fetched 15000 records.
[2024-10-15T12:11:54.226+0000] {logging_mixin.py:190} INFO - Fetched 20000 records.
[2024-10-15T12:11:56.117+0000] {logging_mixin.py:190} INFO - Fetched 25000 records.
[2024-10-15T12:11:57.879+0000] {logging_mixin.py:190} INFO - Fetched 30000 records.
[2024-10-15T12:12:00.054+0000] {logging_mixin.py:190} INFO - Fetched 35000 records.
[2024-10-15T12:12:02.775+0000] {logging_mixin.py:190} INFO - Fetched 40000 records.
[2024-10-15T12:12:04.661+0000] {logging_mixin.py:190} INFO - Fetched 45000 records.
[2024-10-15T12:12:06.999+0000] {logging_mixin.py:190} INFO - Fetched 50000 records.
[2024-10-15T12:12:09.021+0000] {logging_mixin.py:190} INFO - Fetched 55000 records.
[2024-10-15T12:12:10.863+0000] {logging_mixin.py:190} INFO - Fetched 60000 records.
[2024-10-15T12:12:12.817+0000] {logging_mixin.py:190} INFO - Fetched 64896 records.
[2024-10-15T12:12:33.786+0000] {logging_mixin.py:190} INFO - Data stored in table 'emission_co2_source'.
[2024-10-15T12:12:35.569+0000] {logging_mixin.py:190} INFO - Fetched 610 records.
[2024-10-15T12:12:39.828+0000] {logging_mixin.py:190} INFO - Data stored in table 'renewable_generation_source'.
[2024-10-15T12:12:42.598+0000] {logging_mixin.py:190} INFO - Fetched 5000 records.
[2024-10-15T12:12:45.432+0000] {logging_mixin.py:190} INFO - Fetched 10000 records.
[2024-10-15T12:12:50.002+0000] {logging_mixin.py:190} INFO - Fetched 15000 records.
[2024-10-15T12:12:52.715+0000] {logging_mixin.py:190} INFO - Fetched 20000 records.
[2024-10-15T12:12:55.700+0000] {logging_mixin.py:190} INFO - Fetched 25000 records.
[2024-10-15T12:12:58.560+0000] {logging_mixin.py:190} INFO - Fetched 30000 records.
[2024-10-15T12:13:01.830+0000] {logging_mixin.py:190} INFO - Fetched 35000 records.
[2024-10-15T12:13:05.243+0000] {logging_mixin.py:190} INFO - Fetched 40000 records.
[2024-10-15T12:13:08.642+0000] {logging_mixin.py:190} INFO - Fetched 45000 records.
[2024-10-15T12:13:12.147+0000] {logging_mixin.py:190} INFO - Fetched 50000 records.
[2024-10-15T12:13:15.700+0000] {logging_mixin.py:190} INFO - Fetched 55000 records.
[2024-10-15T12:13:19.961+0000] {logging_mixin.py:190} INFO - Fetched 60000 records.
[2024-10-15T12:13:23.449+0000] {logging_mixin.py:190} INFO - Fetched 65000 records.
[2024-10-15T12:13:26.896+0000] {logging_mixin.py:190} INFO - Fetched 70000 records.
[2024-10-15T12:13:31.416+0000] {logging_mixin.py:190} INFO - Fetched 75000 records.
[2024-10-15T12:13:34.876+0000] {logging_mixin.py:190} INFO - Fetched 80000 records.
[2024-10-15T12:13:38.787+0000] {logging_mixin.py:190} INFO - Fetched 85000 records.
[2024-10-15T12:13:42.733+0000] {logging_mixin.py:190} INFO - Fetched 90000 records.
[2024-10-15T12:13:46.422+0000] {logging_mixin.py:190} INFO - Fetched 95000 records.
[2024-10-15T12:13:50.452+0000] {logging_mixin.py:190} INFO - Fetched 100000 records.
[2024-10-15T12:13:54.483+0000] {logging_mixin.py:190} INFO - Fetched 105000 records.
[2024-10-15T12:13:58.629+0000] {logging_mixin.py:190} INFO - Fetched 110000 records.
[2024-10-15T12:14:02.684+0000] {logging_mixin.py:190} INFO - Fetched 115000 records.
[2024-10-15T12:14:12.603+0000] {logging_mixin.py:190} INFO - Fetched 120000 records.
[2024-10-15T12:14:18.830+0000] {logging_mixin.py:190} INFO - Fetched 125000 records.
[2024-10-15T12:14:23.881+0000] {logging_mixin.py:190} INFO - Fetched 130000 records.
[2024-10-15T12:14:28.781+0000] {logging_mixin.py:190} INFO - Fetched 135000 records.
[2024-10-15T12:14:34.168+0000] {logging_mixin.py:190} INFO - Fetched 140000 records.
[2024-10-15T12:14:38.510+0000] {logging_mixin.py:190} INFO - Fetched 145000 records.
[2024-10-15T12:14:43.197+0000] {logging_mixin.py:190} INFO - Fetched 150000 records.
[2024-10-15T12:14:48.076+0000] {logging_mixin.py:190} INFO - Fetched 155000 records.
[2024-10-15T12:14:53.960+0000] {logging_mixin.py:190} INFO - Fetched 160000 records.
[2024-10-15T12:14:59.174+0000] {logging_mixin.py:190} INFO - Fetched 165000 records.
[2024-10-15T12:15:04.295+0000] {logging_mixin.py:190} INFO - Fetched 170000 records.
[2024-10-15T12:15:09.530+0000] {logging_mixin.py:190} INFO - Fetched 175000 records.
[2024-10-15T12:15:14.568+0000] {logging_mixin.py:190} INFO - Fetched 180000 records.
[2024-10-15T12:15:20.295+0000] {logging_mixin.py:190} INFO - Fetched 185000 records.
[2024-10-15T12:15:25.595+0000] {logging_mixin.py:190} INFO - Fetched 190000 records.
[2024-10-15T12:15:30.984+0000] {logging_mixin.py:190} INFO - Fetched 195000 records.
[2024-10-15T12:15:36.536+0000] {logging_mixin.py:190} INFO - Fetched 200000 records.
[2024-10-15T12:15:44.492+0000] {logging_mixin.py:190} INFO - Fetched 205000 records.
[2024-10-15T12:15:50.634+0000] {logging_mixin.py:190} INFO - Fetched 210000 records.
[2024-10-15T12:16:01.001+0000] {logging_mixin.py:190} INFO - Fetched 215000 records.
[2024-10-15T12:16:07.115+0000] {logging_mixin.py:190} INFO - Fetched 220000 records.
[2024-10-15T12:16:12.918+0000] {logging_mixin.py:190} INFO - Fetched 225000 records.
[2024-10-15T12:16:18.964+0000] {logging_mixin.py:190} INFO - Fetched 230000 records.
[2024-10-15T12:16:24.514+0000] {logging_mixin.py:190} INFO - Fetched 235000 records.
[2024-10-15T12:16:30.238+0000] {logging_mixin.py:190} INFO - Fetched 240000 records.
[2024-10-15T12:16:35.820+0000] {logging_mixin.py:190} INFO - Fetched 245000 records.
[2024-10-15T12:16:41.694+0000] {logging_mixin.py:190} INFO - Fetched 250000 records.
[2024-10-15T12:16:47.240+0000] {logging_mixin.py:190} INFO - Fetched 255000 records.
[2024-10-15T12:16:53.241+0000] {logging_mixin.py:190} INFO - Fetched 260000 records.
[2024-10-15T12:16:59.455+0000] {logging_mixin.py:190} INFO - Fetched 265000 records.
[2024-10-15T12:17:05.539+0000] {logging_mixin.py:190} INFO - Fetched 270000 records.
[2024-10-15T12:17:11.682+0000] {logging_mixin.py:190} INFO - Fetched 275000 records.
[2024-10-15T12:17:17.839+0000] {logging_mixin.py:190} INFO - Fetched 280000 records.
[2024-10-15T12:17:23.883+0000] {logging_mixin.py:190} INFO - Fetched 285000 records.
[2024-10-15T12:17:31.045+0000] {logging_mixin.py:190} INFO - Fetched 290000 records.
[2024-10-15T12:17:36.536+0000] {logging_mixin.py:190} INFO - Fetched 295000 records.
[2024-10-15T12:17:42.694+0000] {logging_mixin.py:190} INFO - Fetched 300000 records.
[2024-10-15T12:17:48.124+0000] {logging_mixin.py:190} INFO - Fetched 305000 records.
[2024-10-15T12:17:53.352+0000] {logging_mixin.py:190} INFO - Fetched 310000 records.
[2024-10-15T12:17:59.150+0000] {logging_mixin.py:190} INFO - Fetched 315000 records.
[2024-10-15T12:18:05.127+0000] {logging_mixin.py:190} INFO - Fetched 320000 records.
[2024-10-15T12:18:12.513+0000] {logging_mixin.py:190} INFO - Fetched 325000 records.
[2024-10-15T12:18:18.005+0000] {logging_mixin.py:190} INFO - Fetched 330000 records.
[2024-10-15T12:18:23.532+0000] {logging_mixin.py:190} INFO - Fetched 335000 records.
[2024-10-15T12:18:29.436+0000] {logging_mixin.py:190} INFO - Fetched 340000 records.
[2024-10-15T12:18:35.340+0000] {logging_mixin.py:190} INFO - Fetched 345000 records.
[2024-10-15T12:18:41.793+0000] {logging_mixin.py:190} INFO - Fetched 350000 records.
[2024-10-15T12:18:47.429+0000] {logging_mixin.py:190} INFO - Fetched 355000 records.
[2024-10-15T12:18:53.335+0000] {logging_mixin.py:190} INFO - Fetched 360000 records.
[2024-10-15T12:18:59.949+0000] {logging_mixin.py:190} INFO - Fetched 365000 records.
[2024-10-15T12:19:06.820+0000] {logging_mixin.py:190} INFO - Fetched 370000 records.
[2024-10-15T12:19:12.426+0000] {logging_mixin.py:190} INFO - Fetched 375000 records.
[2024-10-15T12:19:19.358+0000] {logging_mixin.py:190} INFO - Fetched 380000 records.
[2024-10-15T12:19:24.844+0000] {logging_mixin.py:190} INFO - Fetched 385000 records.
[2024-10-15T12:19:31.386+0000] {logging_mixin.py:190} INFO - Fetched 390000 records.
[2024-10-15T12:19:37.175+0000] {logging_mixin.py:190} INFO - Fetched 395000 records.
[2024-10-15T12:19:44.334+0000] {logging_mixin.py:190} INFO - Fetched 400000 records.
[2024-10-15T12:20:08.130+0000] {logging_mixin.py:190} INFO - Fetched 405000 records.
[2024-10-15T12:20:16.784+0000] {logging_mixin.py:190} INFO - Fetched 410000 records.
[2024-10-15T12:20:26.969+0000] {logging_mixin.py:190} INFO - Fetched 415000 records.
[2024-10-15T12:20:33.075+0000] {logging_mixin.py:190} INFO - Fetched 420000 records.
[2024-10-15T12:20:40.277+0000] {logging_mixin.py:190} INFO - Fetched 425000 records.
[2024-10-15T12:20:47.449+0000] {logging_mixin.py:190} INFO - Fetched 430000 records.
[2024-10-15T12:20:54.529+0000] {logging_mixin.py:190} INFO - Fetched 435000 records.
[2024-10-15T12:21:00.783+0000] {logging_mixin.py:190} INFO - Fetched 440000 records.
[2024-10-15T12:21:06.595+0000] {logging_mixin.py:190} INFO - Fetched 445000 records.
[2024-10-15T12:21:13.117+0000] {logging_mixin.py:190} INFO - Fetched 450000 records.
[2024-10-15T12:21:31.467+0000] {logging_mixin.py:190} INFO - Fetched 455000 records.
[2024-10-15T12:21:39.698+0000] {logging_mixin.py:190} INFO - Fetched 460000 records.
[2024-10-15T12:22:18.584+0000] {logging_mixin.py:190} INFO - Fetched 465000 records.
[2024-10-15T12:22:29.785+0000] {logging_mixin.py:190} INFO - Fetched 470000 records.
[2024-10-15T12:22:36.609+0000] {logging_mixin.py:190} INFO - Fetched 475000 records.
[2024-10-15T12:22:43.340+0000] {logging_mixin.py:190} INFO - Fetched 480000 records.
[2024-10-15T12:22:50.032+0000] {logging_mixin.py:190} INFO - Fetched 485000 records.
[2024-10-15T12:22:56.588+0000] {logging_mixin.py:190} INFO - Fetched 490000 records.
[2024-10-15T12:23:04.920+0000] {logging_mixin.py:190} INFO - Fetched 495000 records.
[2024-10-15T12:23:14.756+0000] {logging_mixin.py:190} INFO - Fetched 500000 records.
[2024-10-15T12:23:22.983+0000] {logging_mixin.py:190} INFO - Fetched 505000 records.
[2024-10-15T12:23:33.400+0000] {logging_mixin.py:190} INFO - Fetched 510000 records.
[2024-10-15T12:23:41.880+0000] {logging_mixin.py:190} INFO - Fetched 515000 records.
[2024-10-15T12:23:52.633+0000] {logging_mixin.py:190} INFO - Fetched 520000 records.
[2024-10-15T12:24:01.347+0000] {logging_mixin.py:190} INFO - Fetched 525000 records.
[2024-10-15T12:24:09.308+0000] {logging_mixin.py:190} INFO - Fetched 530000 records.
[2024-10-15T12:24:17.803+0000] {logging_mixin.py:190} INFO - Fetched 535000 records.
[2024-10-15T12:24:26.017+0000] {logging_mixin.py:190} INFO - Fetched 540000 records.
[2024-10-15T12:24:34.496+0000] {logging_mixin.py:190} INFO - Fetched 545000 records.
[2024-10-15T12:24:42.323+0000] {logging_mixin.py:190} INFO - Fetched 550000 records.
[2024-10-15T12:24:48.545+0000] {logging_mixin.py:190} INFO - Fetched 555000 records.
[2024-10-15T12:24:55.114+0000] {logging_mixin.py:190} INFO - Fetched 560000 records.
[2024-10-15T12:26:10.949+0000] {logging_mixin.py:190} INFO - Fetched 565000 records.
[2024-10-15T12:26:22.887+0000] {logging_mixin.py:190} INFO - Fetched 570000 records.
[2024-10-15T12:26:29.472+0000] {logging_mixin.py:190} INFO - Fetched 575000 records.
[2024-10-15T12:26:37.244+0000] {logging_mixin.py:190} INFO - Fetched 580000 records.
[2024-10-15T12:26:45.285+0000] {logging_mixin.py:190} INFO - Fetched 585000 records.
[2024-10-15T12:26:52.756+0000] {logging_mixin.py:190} INFO - Fetched 590000 records.
[2024-10-15T12:27:00.957+0000] {logging_mixin.py:190} INFO - Fetched 595000 records.
[2024-10-15T12:27:56.191+0000] {logging_mixin.py:190} INFO - Fetched 600000 records.
[2024-10-15T12:28:18.212+0000] {logging_mixin.py:190} INFO - Fetched 605000 records.
[2024-10-15T12:28:36.985+0000] {logging_mixin.py:190} INFO - Fetched 610000 records.
[2024-10-15T12:28:46.978+0000] {logging_mixin.py:190} INFO - Fetched 615000 records.
[2024-10-15T12:28:54.512+0000] {logging_mixin.py:190} INFO - Fetched 620000 records.
[2024-10-15T12:29:01.964+0000] {logging_mixin.py:190} INFO - Fetched 625000 records.
[2024-10-15T12:29:15.083+0000] {logging_mixin.py:190} INFO - Fetched 630000 records.
[2024-10-15T12:29:24.591+0000] {logging_mixin.py:190} INFO - Fetched 635000 records.
[2024-10-15T12:29:32.979+0000] {logging_mixin.py:190} INFO - Fetched 640000 records.
[2024-10-15T12:29:40.772+0000] {logging_mixin.py:190} INFO - Fetched 645000 records.
[2024-10-15T12:29:49.271+0000] {logging_mixin.py:190} INFO - Fetched 650000 records.
[2024-10-15T12:29:57.347+0000] {logging_mixin.py:190} INFO - Fetched 655000 records.
[2024-10-15T12:30:04.353+0000] {logging_mixin.py:190} INFO - Fetched 660000 records.
[2024-10-15T12:30:17.098+0000] {logging_mixin.py:190} INFO - Fetched 665000 records.
[2024-10-15T12:31:30.394+0000] {logging_mixin.py:190} INFO - Fetched 670000 records.
[2024-10-15T12:31:44.761+0000] {logging_mixin.py:190} INFO - Fetched 675000 records.
[2024-10-15T12:31:53.557+0000] {logging_mixin.py:190} INFO - Fetched 680000 records.
[2024-10-15T12:32:00.931+0000] {logging_mixin.py:190} INFO - Fetched 685000 records.
[2024-10-15T12:32:09.728+0000] {logging_mixin.py:190} INFO - Fetched 690000 records.
[2024-10-15T12:32:16.884+0000] {logging_mixin.py:190} INFO - Fetched 695000 records.
[2024-10-15T12:32:25.641+0000] {logging_mixin.py:190} INFO - Fetched 700000 records.
[2024-10-15T12:32:33.311+0000] {logging_mixin.py:190} INFO - Fetched 705000 records.
[2024-10-15T12:32:42.245+0000] {logging_mixin.py:190} INFO - Fetched 710000 records.
[2024-10-15T12:32:49.903+0000] {logging_mixin.py:190} INFO - Fetched 715000 records.
[2024-10-15T12:32:58.067+0000] {logging_mixin.py:190} INFO - Fetched 720000 records.
[2024-10-15T12:33:06.215+0000] {logging_mixin.py:190} INFO - Fetched 725000 records.
[2024-10-15T12:33:15.253+0000] {logging_mixin.py:190} INFO - Fetched 730000 records.
[2024-10-15T12:33:23.752+0000] {logging_mixin.py:190} INFO - Fetched 735000 records.
[2024-10-15T12:33:33.069+0000] {logging_mixin.py:190} INFO - Fetched 740000 records.
[2024-10-15T12:33:40.434+0000] {logging_mixin.py:190} INFO - Fetched 745000 records.
[2024-10-15T12:33:49.836+0000] {logging_mixin.py:190} INFO - Fetched 750000 records.
[2024-10-15T12:33:57.664+0000] {logging_mixin.py:190} INFO - Fetched 755000 records.
[2024-10-15T12:34:07.302+0000] {logging_mixin.py:190} INFO - Fetched 760000 records.
[2024-10-15T12:34:15.343+0000] {logging_mixin.py:190} INFO - Fetched 765000 records.
[2024-10-15T12:34:24.086+0000] {logging_mixin.py:190} INFO - Fetched 770000 records.
[2024-10-15T12:34:37.200+0000] {logging_mixin.py:190} INFO - Fetched 775000 records.
[2024-10-15T12:34:45.550+0000] {logging_mixin.py:190} INFO - Fetched 780000 records.
[2024-10-15T12:34:52.705+0000] {logging_mixin.py:190} INFO - Fetched 785000 records.
[2024-10-15T12:35:02.427+0000] {logging_mixin.py:190} INFO - Fetched 790000 records.
[2024-10-15T12:35:10.357+0000] {logging_mixin.py:190} INFO - Fetched 795000 records.
[2024-10-15T12:35:18.600+0000] {logging_mixin.py:190} INFO - Fetched 800000 records.
[2024-10-15T12:35:26.814+0000] {logging_mixin.py:190} INFO - Fetched 805000 records.
[2024-10-15T12:35:34.623+0000] {logging_mixin.py:190} INFO - Fetched 810000 records.
[2024-10-15T12:35:42.513+0000] {logging_mixin.py:190} INFO - Fetched 815000 records.
[2024-10-15T12:35:50.934+0000] {logging_mixin.py:190} INFO - Fetched 820000 records.
[2024-10-15T12:35:57.973+0000] {logging_mixin.py:190} INFO - Fetched 825000 records.
[2024-10-15T12:36:06.527+0000] {logging_mixin.py:190} INFO - Fetched 830000 records.
[2024-10-15T12:36:13.817+0000] {logging_mixin.py:190} INFO - Fetched 835000 records.
[2024-10-15T12:36:23.004+0000] {logging_mixin.py:190} INFO - Fetched 840000 records.
[2024-10-15T12:36:30.649+0000] {logging_mixin.py:190} INFO - Fetched 845000 records.
[2024-10-15T12:36:38.636+0000] {logging_mixin.py:190} INFO - Fetched 850000 records.
[2024-10-15T12:36:46.820+0000] {logging_mixin.py:190} INFO - Fetched 855000 records.
[2024-10-15T12:36:55.053+0000] {logging_mixin.py:190} INFO - Fetched 860000 records.
[2024-10-15T12:37:02.573+0000] {logging_mixin.py:190} INFO - Fetched 865000 records.
[2024-10-15T12:37:11.099+0000] {logging_mixin.py:190} INFO - Fetched 870000 records.
[2024-10-15T12:37:18.432+0000] {logging_mixin.py:190} INFO - Fetched 875000 records.
[2024-10-15T12:37:25.996+0000] {logging_mixin.py:190} INFO - Fetched 880000 records.
[2024-10-15T12:37:33.833+0000] {logging_mixin.py:190} INFO - Fetched 885000 records.
[2024-10-15T12:37:41.614+0000] {logging_mixin.py:190} INFO - Fetched 890000 records.
[2024-10-15T12:37:48.908+0000] {logging_mixin.py:190} INFO - Fetched 895000 records.
[2024-10-15T12:37:57.388+0000] {logging_mixin.py:190} INFO - Fetched 900000 records.
[2024-10-15T12:38:05.966+0000] {logging_mixin.py:190} INFO - Fetched 905000 records.
[2024-10-15T12:38:18.880+0000] {logging_mixin.py:190} INFO - Fetched 910000 records.
[2024-10-15T12:38:27.352+0000] {logging_mixin.py:190} INFO - Fetched 915000 records.
[2024-10-15T12:38:36.640+0000] {logging_mixin.py:190} INFO - Fetched 920000 records.
[2024-10-15T12:38:44.932+0000] {logging_mixin.py:190} INFO - Fetched 925000 records.
[2024-10-15T12:38:53.633+0000] {logging_mixin.py:190} INFO - Fetched 930000 records.
[2024-10-15T12:39:03.742+0000] {logging_mixin.py:190} INFO - Fetched 935000 records.
[2024-10-15T12:39:12.050+0000] {logging_mixin.py:190} INFO - Fetched 940000 records.
[2024-10-15T12:39:19.986+0000] {logging_mixin.py:190} INFO - Fetched 945000 records.
[2024-10-15T12:39:27.968+0000] {logging_mixin.py:190} INFO - Fetched 950000 records.
[2024-10-15T12:39:37.252+0000] {logging_mixin.py:190} INFO - Fetched 955000 records.
[2024-10-15T12:39:45.057+0000] {logging_mixin.py:190} INFO - Fetched 960000 records.
[2024-10-15T12:39:53.372+0000] {logging_mixin.py:190} INFO - Fetched 965000 records.
[2024-10-15T12:40:01.562+0000] {logging_mixin.py:190} INFO - Fetched 970000 records.
[2024-10-15T12:40:14.959+0000] {logging_mixin.py:190} INFO - Fetched 975000 records.
[2024-10-15T12:40:27.991+0000] {logging_mixin.py:190} INFO - Fetched 980000 records.
[2024-10-15T12:40:36.006+0000] {logging_mixin.py:190} INFO - Fetched 985000 records.
[2024-10-15T12:40:43.810+0000] {logging_mixin.py:190} INFO - Fetched 990000 records.
[2024-10-15T12:40:52.504+0000] {logging_mixin.py:190} INFO - Fetched 995000 records.
[2024-10-15T12:41:01.281+0000] {logging_mixin.py:190} INFO - Fetched 1000000 records.
[2024-10-15T12:41:09.924+0000] {logging_mixin.py:190} INFO - Fetched 1005000 records.
[2024-10-15T12:41:18.044+0000] {logging_mixin.py:190} INFO - Fetched 1010000 records.
[2024-10-15T12:41:28.012+0000] {logging_mixin.py:190} INFO - Fetched 1015000 records.
[2024-10-15T12:41:36.072+0000] {logging_mixin.py:190} INFO - Fetched 1020000 records.
[2024-10-15T12:41:46.046+0000] {logging_mixin.py:190} INFO - Fetched 1025000 records.
[2024-10-15T12:41:54.347+0000] {logging_mixin.py:190} INFO - Fetched 1030000 records.
[2024-10-15T12:42:04.174+0000] {logging_mixin.py:190} INFO - Fetched 1035000 records.
[2024-10-15T12:42:13.001+0000] {logging_mixin.py:190} INFO - Fetched 1040000 records.
[2024-10-15T12:42:21.851+0000] {logging_mixin.py:190} INFO - Fetched 1045000 records.
[2024-10-15T12:42:31.961+0000] {logging_mixin.py:190} INFO - Fetched 1050000 records.
[2024-10-15T12:42:45.148+0000] {logging_mixin.py:190} INFO - Fetched 1055000 records.
[2024-10-15T12:42:54.734+0000] {logging_mixin.py:190} INFO - Fetched 1060000 records.
[2024-10-15T12:43:02.679+0000] {logging_mixin.py:190} INFO - Fetched 1065000 records.
[2024-10-15T12:43:11.205+0000] {logging_mixin.py:190} INFO - Fetched 1070000 records.
[2024-10-15T12:43:19.803+0000] {logging_mixin.py:190} INFO - Fetched 1075000 records.
[2024-10-15T12:43:28.673+0000] {logging_mixin.py:190} INFO - Fetched 1080000 records.
[2024-10-15T12:43:38.424+0000] {logging_mixin.py:190} INFO - Fetched 1085000 records.
[2024-10-15T12:43:46.358+0000] {logging_mixin.py:190} INFO - Fetched 1090000 records.
[2024-10-15T12:44:22.436+0000] {logging_mixin.py:190} INFO - Fetched 1095000 records.
[2024-10-15T12:44:35.664+0000] {logging_mixin.py:190} INFO - Fetched 1100000 records.
[2024-10-15T12:44:46.906+0000] {logging_mixin.py:190} INFO - Fetched 1105000 records.
[2024-10-15T12:44:55.062+0000] {logging_mixin.py:190} INFO - Fetched 1110000 records.
[2024-10-15T12:46:18.044+0000] {logging_mixin.py:190} INFO - Fetched 1115000 records.
[2024-10-15T12:46:35.691+0000] {logging_mixin.py:190} INFO - Fetched 1120000 records.
[2024-10-15T12:46:43.963+0000] {logging_mixin.py:190} INFO - Fetched 1125000 records.
[2024-10-15T12:46:52.391+0000] {logging_mixin.py:190} INFO - Fetched 1130000 records.
[2024-10-15T12:47:01.689+0000] {logging_mixin.py:190} INFO - Fetched 1135000 records.
[2024-10-15T12:47:10.018+0000] {logging_mixin.py:190} INFO - Fetched 1140000 records.
[2024-10-15T12:47:18.231+0000] {logging_mixin.py:190} INFO - Fetched 1145000 records.
[2024-10-15T12:47:26.455+0000] {logging_mixin.py:190} INFO - Fetched 1150000 records.
[2024-10-15T12:47:35.882+0000] {logging_mixin.py:190} INFO - Fetched 1155000 records.
[2024-10-15T12:47:44.853+0000] {logging_mixin.py:190} INFO - Fetched 1160000 records.
[2024-10-15T12:47:53.913+0000] {logging_mixin.py:190} INFO - Fetched 1165000 records.
[2024-10-15T12:48:02.688+0000] {logging_mixin.py:190} INFO - Fetched 1170000 records.
[2024-10-15T12:48:11.555+0000] {logging_mixin.py:190} INFO - Fetched 1175000 records.
[2024-10-15T12:48:21.764+0000] {logging_mixin.py:190} INFO - Fetched 1180000 records.
[2024-10-15T12:48:32.069+0000] {job.py:239} ERROR - Job heartbeat failed with error
Traceback (most recent call last):
  File "/home/airflow/.local/lib/python3.12/site-packages/sqlalchemy/engine/base.py", line 3371, in _wrap_pool_connect
    return fn()
           ^^^^
  File "/home/airflow/.local/lib/python3.12/site-packages/sqlalchemy/pool/base.py", line 327, in connect
    return _ConnectionFairy._checkout(self)
           ^^^^^^^^^^^^^^^^^^^^^^^^^^^^^^^^
  File "/home/airflow/.local/lib/python3.12/site-packages/sqlalchemy/pool/base.py", line 894, in _checkout
    fairy = _ConnectionRecord.checkout(pool)
            ^^^^^^^^^^^^^^^^^^^^^^^^^^^^^^^^
  File "/home/airflow/.local/lib/python3.12/site-packages/sqlalchemy/pool/base.py", line 493, in checkout
    rec = pool._do_get()
          ^^^^^^^^^^^^^^
  File "/home/airflow/.local/lib/python3.12/site-packages/sqlalchemy/pool/impl.py", line 256, in _do_get
    return self._create_connection()
           ^^^^^^^^^^^^^^^^^^^^^^^^^
  File "/home/airflow/.local/lib/python3.12/site-packages/sqlalchemy/pool/base.py", line 273, in _create_connection
    return _ConnectionRecord(self)
           ^^^^^^^^^^^^^^^^^^^^^^^
  File "/home/airflow/.local/lib/python3.12/site-packages/sqlalchemy/pool/base.py", line 388, in __init__
    self.__connect()
  File "/home/airflow/.local/lib/python3.12/site-packages/sqlalchemy/pool/base.py", line 690, in __connect
    with util.safe_reraise():
  File "/home/airflow/.local/lib/python3.12/site-packages/sqlalchemy/util/langhelpers.py", line 70, in __exit__
    compat.raise_(
  File "/home/airflow/.local/lib/python3.12/site-packages/sqlalchemy/util/compat.py", line 211, in raise_
    raise exception
  File "/home/airflow/.local/lib/python3.12/site-packages/sqlalchemy/pool/base.py", line 686, in __connect
    self.dbapi_connection = connection = pool._invoke_creator(self)
                                         ^^^^^^^^^^^^^^^^^^^^^^^^^^
  File "/home/airflow/.local/lib/python3.12/site-packages/sqlalchemy/engine/create.py", line 574, in connect
    return dialect.connect(*cargs, **cparams)
           ^^^^^^^^^^^^^^^^^^^^^^^^^^^^^^^^^^
  File "/home/airflow/.local/lib/python3.12/site-packages/sqlalchemy/engine/default.py", line 598, in connect
    return self.dbapi.connect(*cargs, **cparams)
           ^^^^^^^^^^^^^^^^^^^^^^^^^^^^^^^^^^^^^
  File "/home/airflow/.local/lib/python3.12/site-packages/psycopg2/__init__.py", line 122, in connect
    conn = _connect(dsn, connection_factory=connection_factory, **kwasync)
           ^^^^^^^^^^^^^^^^^^^^^^^^^^^^^^^^^^^^^^^^^^^^^^^^^^^^^^^^^^^^^^^
psycopg2.OperationalError: connection to server at "postgres" (172.19.0.3), port 5432 failed: Connection refused
	Is the server running on that host and accepting TCP/IP connections?


The above exception was the direct cause of the following exception:

Traceback (most recent call last):
  File "/home/airflow/.local/lib/python3.12/site-packages/airflow/jobs/job.py", line 207, in heartbeat
    self._merge_from(Job._fetch_from_db(self, session))
                     ^^^^^^^^^^^^^^^^^^^^^^^^^^^^^^^^^
  File "/home/airflow/.local/lib/python3.12/site-packages/airflow/api_internal/internal_api_call.py", line 139, in wrapper
    return func(*args, **kwargs)
           ^^^^^^^^^^^^^^^^^^^^^
  File "/home/airflow/.local/lib/python3.12/site-packages/airflow/utils/session.py", line 94, in wrapper
    return func(*args, **kwargs)
           ^^^^^^^^^^^^^^^^^^^^^
  File "/home/airflow/.local/lib/python3.12/site-packages/airflow/utils/retries.py", line 93, in wrapped_function
    for attempt in run_with_db_retries(max_retries=retries, logger=logger, **retry_kwargs):
                   ^^^^^^^^^^^^^^^^^^^^^^^^^^^^^^^^^^^^^^^^^^^^^^^^^^^^^^^^^^^^^^^^^^^^^^^
  File "/home/airflow/.local/lib/python3.12/site-packages/tenacity/__init__.py", line 443, in __iter__
    do = self.iter(retry_state=retry_state)
         ^^^^^^^^^^^^^^^^^^^^^^^^^^^^^^^^^^
  File "/home/airflow/.local/lib/python3.12/site-packages/tenacity/__init__.py", line 376, in iter
    result = action(retry_state)
             ^^^^^^^^^^^^^^^^^^^
  File "/home/airflow/.local/lib/python3.12/site-packages/tenacity/__init__.py", line 418, in exc_check
    raise retry_exc.reraise()
          ^^^^^^^^^^^^^^^^^^^
  File "/home/airflow/.local/lib/python3.12/site-packages/tenacity/__init__.py", line 185, in reraise
    raise self.last_attempt.result()
          ^^^^^^^^^^^^^^^^^^^^^^^^^^
  File "/usr/local/lib/python3.12/concurrent/futures/_base.py", line 449, in result
    return self.__get_result()
           ^^^^^^^^^^^^^^^^^^^
  File "/usr/local/lib/python3.12/concurrent/futures/_base.py", line 401, in __get_result
    raise self._exception
  File "/home/airflow/.local/lib/python3.12/site-packages/airflow/utils/retries.py", line 102, in wrapped_function
    return func(*args, **kwargs)
           ^^^^^^^^^^^^^^^^^^^^^
  File "/home/airflow/.local/lib/python3.12/site-packages/airflow/jobs/job.py", line 335, in _fetch_from_db
    session.merge(job)
  File "/home/airflow/.local/lib/python3.12/site-packages/sqlalchemy/orm/session.py", line 3056, in merge
    return self._merge(
           ^^^^^^^^^^^^
  File "/home/airflow/.local/lib/python3.12/site-packages/sqlalchemy/orm/session.py", line 3136, in _merge
    merged = self.get(
             ^^^^^^^^^
  File "/home/airflow/.local/lib/python3.12/site-packages/sqlalchemy/orm/session.py", line 2853, in get
    return self._get_impl(
           ^^^^^^^^^^^^^^^
  File "/home/airflow/.local/lib/python3.12/site-packages/sqlalchemy/orm/session.py", line 2975, in _get_impl
    return db_load_fn(
           ^^^^^^^^^^^
  File "/home/airflow/.local/lib/python3.12/site-packages/sqlalchemy/orm/loading.py", line 530, in load_on_pk_identity
    session.execute(
  File "/home/airflow/.local/lib/python3.12/site-packages/sqlalchemy/orm/session.py", line 1716, in execute
    conn = self._connection_for_bind(bind)
           ^^^^^^^^^^^^^^^^^^^^^^^^^^^^^^^
  File "/home/airflow/.local/lib/python3.12/site-packages/sqlalchemy/orm/session.py", line 1555, in _connection_for_bind
    return self._transaction._connection_for_bind(
           ^^^^^^^^^^^^^^^^^^^^^^^^^^^^^^^^^^^^^^^
  File "/home/airflow/.local/lib/python3.12/site-packages/sqlalchemy/orm/session.py", line 750, in _connection_for_bind
    conn = bind.connect()
           ^^^^^^^^^^^^^^
  File "/home/airflow/.local/lib/python3.12/site-packages/sqlalchemy/future/engine.py", line 412, in connect
    return super(Engine, self).connect()
           ^^^^^^^^^^^^^^^^^^^^^^^^^^^^^
  File "/home/airflow/.local/lib/python3.12/site-packages/sqlalchemy/engine/base.py", line 3325, in connect
    return self._connection_cls(self, close_with_result=close_with_result)
           ^^^^^^^^^^^^^^^^^^^^^^^^^^^^^^^^^^^^^^^^^^^^^^^^^^^^^^^^^^^^^^^
  File "/home/airflow/.local/lib/python3.12/site-packages/sqlalchemy/engine/base.py", line 96, in __init__
    else engine.raw_connection()
         ^^^^^^^^^^^^^^^^^^^^^^^
  File "/home/airflow/.local/lib/python3.12/site-packages/sqlalchemy/engine/base.py", line 3404, in raw_connection
    return self._wrap_pool_connect(self.pool.connect, _connection)
           ^^^^^^^^^^^^^^^^^^^^^^^^^^^^^^^^^^^^^^^^^^^^^^^^^^^^^^^
  File "/home/airflow/.local/lib/python3.12/site-packages/sqlalchemy/engine/base.py", line 3374, in _wrap_pool_connect
    Connection._handle_dbapi_exception_noconnection(
  File "/home/airflow/.local/lib/python3.12/site-packages/sqlalchemy/engine/base.py", line 2208, in _handle_dbapi_exception_noconnection
    util.raise_(
  File "/home/airflow/.local/lib/python3.12/site-packages/sqlalchemy/util/compat.py", line 211, in raise_
    raise exception
  File "/home/airflow/.local/lib/python3.12/site-packages/sqlalchemy/engine/base.py", line 3371, in _wrap_pool_connect
    return fn()
           ^^^^
  File "/home/airflow/.local/lib/python3.12/site-packages/sqlalchemy/pool/base.py", line 327, in connect
    return _ConnectionFairy._checkout(self)
           ^^^^^^^^^^^^^^^^^^^^^^^^^^^^^^^^
  File "/home/airflow/.local/lib/python3.12/site-packages/sqlalchemy/pool/base.py", line 894, in _checkout
    fairy = _ConnectionRecord.checkout(pool)
            ^^^^^^^^^^^^^^^^^^^^^^^^^^^^^^^^
  File "/home/airflow/.local/lib/python3.12/site-packages/sqlalchemy/pool/base.py", line 493, in checkout
    rec = pool._do_get()
          ^^^^^^^^^^^^^^
  File "/home/airflow/.local/lib/python3.12/site-packages/sqlalchemy/pool/impl.py", line 256, in _do_get
    return self._create_connection()
           ^^^^^^^^^^^^^^^^^^^^^^^^^
  File "/home/airflow/.local/lib/python3.12/site-packages/sqlalchemy/pool/base.py", line 273, in _create_connection
    return _ConnectionRecord(self)
           ^^^^^^^^^^^^^^^^^^^^^^^
  File "/home/airflow/.local/lib/python3.12/site-packages/sqlalchemy/pool/base.py", line 388, in __init__
    self.__connect()
  File "/home/airflow/.local/lib/python3.12/site-packages/sqlalchemy/pool/base.py", line 690, in __connect
    with util.safe_reraise():
  File "/home/airflow/.local/lib/python3.12/site-packages/sqlalchemy/util/langhelpers.py", line 70, in __exit__
    compat.raise_(
  File "/home/airflow/.local/lib/python3.12/site-packages/sqlalchemy/util/compat.py", line 211, in raise_
    raise exception
  File "/home/airflow/.local/lib/python3.12/site-packages/sqlalchemy/pool/base.py", line 686, in __connect
    self.dbapi_connection = connection = pool._invoke_creator(self)
                                         ^^^^^^^^^^^^^^^^^^^^^^^^^^
  File "/home/airflow/.local/lib/python3.12/site-packages/sqlalchemy/engine/create.py", line 574, in connect
    return dialect.connect(*cargs, **cparams)
           ^^^^^^^^^^^^^^^^^^^^^^^^^^^^^^^^^^
  File "/home/airflow/.local/lib/python3.12/site-packages/sqlalchemy/engine/default.py", line 598, in connect
    return self.dbapi.connect(*cargs, **cparams)
           ^^^^^^^^^^^^^^^^^^^^^^^^^^^^^^^^^^^^^
  File "/home/airflow/.local/lib/python3.12/site-packages/psycopg2/__init__.py", line 122, in connect
    conn = _connect(dsn, connection_factory=connection_factory, **kwasync)
           ^^^^^^^^^^^^^^^^^^^^^^^^^^^^^^^^^^^^^^^^^^^^^^^^^^^^^^^^^^^^^^^
sqlalchemy.exc.OperationalError: (psycopg2.OperationalError) connection to server at "postgres" (172.19.0.3), port 5432 failed: Connection refused
	Is the server running on that host and accepting TCP/IP connections?

(Background on this error at: https://sqlalche.me/e/14/e3q8)
[2024-10-15T12:48:32.826+0000] {job.py:245} ERROR - Job heartbeat failed with error. Scheduler may go into unhealthy state
