[2024-10-11T06:13:37.816+0000] {local_task_job_runner.py:123} INFO - ::group::Pre task execution logs
[2024-10-11T06:13:37.865+0000] {taskinstance.py:2612} INFO - Dependencies all met for dep_context=non-requeueable deps ti=<TaskInstance: eia_data_pipeline.call_stored_procedure scheduled__2024-10-10T00:00:00+00:00 [queued]>
[2024-10-11T06:13:37.886+0000] {taskinstance.py:2612} INFO - Dependencies all met for dep_context=requeueable deps ti=<TaskInstance: eia_data_pipeline.call_stored_procedure scheduled__2024-10-10T00:00:00+00:00 [queued]>
[2024-10-11T06:13:37.887+0000] {taskinstance.py:2865} INFO - Starting attempt 1 of 2
[2024-10-11T06:13:37.918+0000] {taskinstance.py:2888} INFO - Executing <Task(PythonOperator): call_stored_procedure> on 2024-10-10 00:00:00+00:00
[2024-10-11T06:13:37.939+0000] {warnings.py:112} WARNING - /home/***/.local/lib/python3.12/site-packages/***/task/task_runner/standard_task_runner.py:70: DeprecationWarning: This process (pid=108) is multi-threaded, use of fork() may lead to deadlocks in the child.
  pid = os.fork()

[2024-10-11T06:13:37.944+0000] {standard_task_runner.py:72} INFO - Started process 117 to run task
[2024-10-11T06:13:37.943+0000] {standard_task_runner.py:104} INFO - Running: ['***', 'tasks', 'run', 'eia_data_pipeline', 'call_stored_procedure', 'scheduled__2024-10-10T00:00:00+00:00', '--job-id', '19', '--raw', '--subdir', 'DAGS_FOLDER/new_dag.py', '--cfg-path', '/tmp/tmpth4kknyp']
[2024-10-11T06:13:37.946+0000] {standard_task_runner.py:105} INFO - Job 19: Subtask call_stored_procedure
[2024-10-11T06:13:38.058+0000] {task_command.py:467} INFO - Running <TaskInstance: eia_data_pipeline.call_stored_procedure scheduled__2024-10-10T00:00:00+00:00 [running]> on host 5c7d7e3b152c
[2024-10-11T06:13:38.248+0000] {taskinstance.py:3131} INFO - Exporting env vars: AIRFLOW_CTX_DAG_OWNER='***' AIRFLOW_CTX_DAG_ID='eia_data_pipeline' AIRFLOW_CTX_TASK_ID='call_stored_procedure' AIRFLOW_CTX_EXECUTION_DATE='2024-10-10T00:00:00+00:00' AIRFLOW_CTX_TRY_NUMBER='1' AIRFLOW_CTX_DAG_RUN_ID='scheduled__2024-10-10T00:00:00+00:00'
[2024-10-11T06:13:38.255+0000] {logging_mixin.py:190} INFO - Task instance is in running state
[2024-10-11T06:13:38.256+0000] {logging_mixin.py:190} INFO -  Previous state of the Task instance: queued
[2024-10-11T06:13:38.257+0000] {logging_mixin.py:190} INFO - Current task name:call_stored_procedure state:running start_date:2024-10-11 06:13:37.866376+00:00
[2024-10-11T06:13:38.258+0000] {logging_mixin.py:190} INFO - Dag name:eia_data_pipeline and current dag run status:running
[2024-10-11T06:13:38.260+0000] {taskinstance.py:731} INFO - ::endgroup::
[2024-10-11T06:13:45.982+0000] {logging_mixin.py:190} INFO - Stored procedure executed successfully.
[2024-10-11T06:13:45.992+0000] {logging_mixin.py:190} INFO - MySQL connection is closed
[2024-10-11T06:13:45.998+0000] {python.py:240} INFO - Done. Returned value was: None
[2024-10-11T06:13:46.045+0000] {taskinstance.py:340} INFO - ::group::Post task execution logs
[2024-10-11T06:13:46.050+0000] {taskinstance.py:352} INFO - Marking task as SUCCESS. dag_id=eia_data_pipeline, task_id=call_stored_procedure, run_id=scheduled__2024-10-10T00:00:00+00:00, execution_date=20241010T000000, start_date=20241011T061337, end_date=20241011T061346
[2024-10-11T06:13:46.089+0000] {logging_mixin.py:190} INFO - Task instance in success state
[2024-10-11T06:13:46.090+0000] {logging_mixin.py:190} INFO -  Previous state of the Task instance: running
[2024-10-11T06:13:46.093+0000] {logging_mixin.py:190} INFO - Dag name:eia_data_pipeline queued_at:2024-10-11 06:12:08.223238+00:00
[2024-10-11T06:13:46.094+0000] {logging_mixin.py:190} INFO - Task hostname:5c7d7e3b152c operator:PythonOperator
[2024-10-11T06:13:46.148+0000] {local_task_job_runner.py:266} INFO - Task exited with return code 0
[2024-10-11T06:13:46.205+0000] {taskinstance.py:3900} INFO - 0 downstream tasks scheduled from follow-on schedule check
[2024-10-11T06:13:46.213+0000] {local_task_job_runner.py:245} INFO - ::endgroup::
