[2024-10-11T12:50:36.644+0000] {local_task_job_runner.py:123} INFO - ::group::Pre task execution logs
[2024-10-11T12:50:36.735+0000] {taskinstance.py:2612} INFO - Dependencies all met for dep_context=non-requeueable deps ti=<TaskInstance: eia_data_pipeline.fetch_api2_data manual__2024-10-11T12:49:37.033310+00:00 [queued]>
[2024-10-11T12:50:36.778+0000] {taskinstance.py:2612} INFO - Dependencies all met for dep_context=requeueable deps ti=<TaskInstance: eia_data_pipeline.fetch_api2_data manual__2024-10-11T12:49:37.033310+00:00 [queued]>
[2024-10-11T12:50:36.780+0000] {taskinstance.py:2865} INFO - Starting attempt 1 of 2
[2024-10-11T12:50:36.848+0000] {taskinstance.py:2888} INFO - Executing <Task(PythonOperator): fetch_api2_data> on 2024-10-11 12:49:37.033310+00:00
[2024-10-11T12:50:36.956+0000] {warnings.py:112} WARNING - /home/***/.local/lib/python3.12/site-packages/***/task/task_runner/standard_task_runner.py:70: DeprecationWarning: This process (pid=235) is multi-threaded, use of fork() may lead to deadlocks in the child.
  pid = os.fork()

[2024-10-11T12:50:36.966+0000] {standard_task_runner.py:72} INFO - Started process 250 to run task
[2024-10-11T12:50:37.061+0000] {standard_task_runner.py:104} INFO - Running: ['***', 'tasks', 'run', 'eia_data_pipeline', 'fetch_api2_data', 'manual__2024-10-11T12:49:37.033310+00:00', '--job-id', '27', '--raw', '--subdir', 'DAGS_FOLDER/new_dag.py', '--cfg-path', '/tmp/tmpiqp0qb14']
[2024-10-11T12:50:37.069+0000] {standard_task_runner.py:105} INFO - Job 27: Subtask fetch_api2_data
[2024-10-11T12:50:41.851+0000] {task_command.py:467} INFO - Running <TaskInstance: eia_data_pipeline.fetch_api2_data manual__2024-10-11T12:49:37.033310+00:00 [running]> on host c463a51db3fc
[2024-10-11T12:50:47.020+0000] {job.py:229} INFO - Heartbeat recovered after 10.81 seconds
[2024-10-11T12:50:48.190+0000] {taskinstance.py:3131} INFO - Exporting env vars: AIRFLOW_CTX_DAG_OWNER='***' AIRFLOW_CTX_DAG_ID='eia_data_pipeline' AIRFLOW_CTX_TASK_ID='fetch_api2_data' AIRFLOW_CTX_EXECUTION_DATE='2024-10-11T12:49:37.033310+00:00' AIRFLOW_CTX_TRY_NUMBER='1' AIRFLOW_CTX_DAG_RUN_ID='manual__2024-10-11T12:49:37.033310+00:00'
[2024-10-11T12:50:48.235+0000] {logging_mixin.py:190} INFO - Task instance is in running state
[2024-10-11T12:50:48.237+0000] {logging_mixin.py:190} INFO -  Previous state of the Task instance: queued
[2024-10-11T12:50:48.240+0000] {logging_mixin.py:190} INFO - Current task name:fetch_api2_data state:running start_date:2024-10-11 12:50:36.739168+00:00
[2024-10-11T12:50:48.242+0000] {logging_mixin.py:190} INFO - Dag name:eia_data_pipeline and current dag run status:running
[2024-10-11T12:50:48.245+0000] {taskinstance.py:731} INFO - ::endgroup::
[2024-10-11T12:51:39.886+0000] {logging_mixin.py:190} INFO -            period                        respondent-name  ...  value    value-units
0      2024-10-11  Associated Electric Cooperative, Inc.  ...  36727  megawatthours
1      2024-10-11  Associated Electric Cooperative, Inc.  ...  36727  megawatthours
2      2024-10-11  Associated Electric Cooperative, Inc.  ...  19919  megawatthours
3      2024-10-11  Associated Electric Cooperative, Inc.  ...  19919  megawatthours
4      2024-10-11  Associated Electric Cooperative, Inc.  ...   7149  megawatthours
...           ...                                    ...  ...    ...            ...
49995  2024-09-15               Puget Sound Energy, Inc.  ...   8715  megawatthours
49996  2024-09-15               Puget Sound Energy, Inc.  ...   8713  megawatthours
49997  2024-09-15               Puget Sound Energy, Inc.  ...   8714  megawatthours
49998  2024-09-15               Puget Sound Energy, Inc.  ...      0  megawatthours
49999  2024-09-15               Puget Sound Energy, Inc.  ...      0  megawatthours

[50000 rows x 5 columns] stored in MySQL
[2024-10-11T12:51:39.936+0000] {python.py:240} INFO - Done. Returned value was: None
[2024-10-11T12:51:39.975+0000] {taskinstance.py:340} INFO - ::group::Post task execution logs
[2024-10-11T12:51:39.977+0000] {taskinstance.py:352} INFO - Marking task as SUCCESS. dag_id=eia_data_pipeline, task_id=fetch_api2_data, run_id=manual__2024-10-11T12:49:37.033310+00:00, execution_date=20241011T124937, start_date=20241011T125036, end_date=20241011T125139
[2024-10-11T12:51:40.010+0000] {logging_mixin.py:190} INFO - Task instance in success state
[2024-10-11T12:51:40.012+0000] {logging_mixin.py:190} INFO -  Previous state of the Task instance: running
[2024-10-11T12:51:40.013+0000] {logging_mixin.py:190} INFO - Dag name:eia_data_pipeline queued_at:2024-10-11 12:49:37.330105+00:00
[2024-10-11T12:51:40.015+0000] {logging_mixin.py:190} INFO - Task hostname:c463a51db3fc operator:PythonOperator
[2024-10-11T12:51:40.141+0000] {local_task_job_runner.py:266} INFO - Task exited with return code 0
[2024-10-11T12:51:40.529+0000] {taskinstance.py:3900} INFO - 1 downstream tasks scheduled from follow-on schedule check
[2024-10-11T12:51:40.537+0000] {local_task_job_runner.py:245} INFO - ::endgroup::
