[2024-10-14T11:39:54.869+0000] {local_task_job_runner.py:123} INFO - ::group::Pre task execution logs
[2024-10-14T11:39:54.900+0000] {taskinstance.py:2612} INFO - Dependencies all met for dep_context=non-requeueable deps ti=<TaskInstance: add_two_numbers.add_two_numbers_task manual__2024-10-14T11:39:39.868268+00:00 [queued]>
[2024-10-14T11:39:54.916+0000] {taskinstance.py:2612} INFO - Dependencies all met for dep_context=requeueable deps ti=<TaskInstance: add_two_numbers.add_two_numbers_task manual__2024-10-14T11:39:39.868268+00:00 [queued]>
[2024-10-14T11:39:54.917+0000] {taskinstance.py:2865} INFO - Starting attempt 1 of 1
[2024-10-14T11:39:54.941+0000] {taskinstance.py:2888} INFO - Executing <Task(PythonOperator): add_two_numbers_task> on 2024-10-14 11:39:39.868268+00:00
[2024-10-14T11:39:54.977+0000] {warnings.py:112} WARNING - /home/***/.local/lib/python3.12/site-packages/***/task/task_runner/standard_task_runner.py:70: DeprecationWarning: This process (pid=4353) is multi-threaded, use of fork() may lead to deadlocks in the child.
  pid = os.fork()

[2024-10-14T11:39:54.977+0000] {standard_task_runner.py:104} INFO - Running: ['***', 'tasks', 'run', 'add_two_numbers', 'add_two_numbers_task', 'manual__2024-10-14T11:39:39.868268+00:00', '--job-id', '57', '--raw', '--subdir', 'DAGS_FOLDER/add_numbers_dag.py', '--cfg-path', '/tmp/tmppmr9dt1x']
[2024-10-14T11:39:54.980+0000] {standard_task_runner.py:72} INFO - Started process 4363 to run task
[2024-10-14T11:39:54.980+0000] {standard_task_runner.py:105} INFO - Job 57: Subtask add_two_numbers_task
[2024-10-14T11:39:55.057+0000] {task_command.py:467} INFO - Running <TaskInstance: add_two_numbers.add_two_numbers_task manual__2024-10-14T11:39:39.868268+00:00 [running]> on host 7aa864b16460
[2024-10-14T11:39:55.185+0000] {taskinstance.py:3131} INFO - Exporting env vars: AIRFLOW_CTX_DAG_OWNER='***' AIRFLOW_CTX_DAG_ID='add_two_numbers' AIRFLOW_CTX_TASK_ID='add_two_numbers_task' AIRFLOW_CTX_EXECUTION_DATE='2024-10-14T11:39:39.868268+00:00' AIRFLOW_CTX_TRY_NUMBER='1' AIRFLOW_CTX_DAG_RUN_ID='manual__2024-10-14T11:39:39.868268+00:00'
[2024-10-14T11:39:55.188+0000] {logging_mixin.py:190} INFO - Task instance is in running state
[2024-10-14T11:39:55.190+0000] {logging_mixin.py:190} INFO -  Previous state of the Task instance: queued
[2024-10-14T11:39:55.192+0000] {logging_mixin.py:190} INFO - Current task name:add_two_numbers_task state:running start_date:2024-10-14 11:39:54.901325+00:00
[2024-10-14T11:39:55.193+0000] {logging_mixin.py:190} INFO - Dag name:add_two_numbers and current dag run status:running
[2024-10-14T11:39:55.194+0000] {taskinstance.py:731} INFO - ::endgroup::
[2024-10-14T11:39:55.195+0000] {logging_mixin.py:190} INFO - Result of addition: 5
[2024-10-14T11:39:55.198+0000] {python.py:240} INFO - Done. Returned value was: None
[2024-10-14T11:39:55.213+0000] {taskinstance.py:340} INFO - ::group::Post task execution logs
[2024-10-14T11:39:55.214+0000] {taskinstance.py:352} INFO - Marking task as SUCCESS. dag_id=add_two_numbers, task_id=add_two_numbers_task, run_id=manual__2024-10-14T11:39:39.868268+00:00, execution_date=20241014T113939, start_date=20241014T113954, end_date=20241014T113955
[2024-10-14T11:39:55.238+0000] {logging_mixin.py:190} INFO - Task instance in success state
[2024-10-14T11:39:55.239+0000] {logging_mixin.py:190} INFO -  Previous state of the Task instance: running
[2024-10-14T11:39:55.241+0000] {logging_mixin.py:190} INFO - Dag name:add_two_numbers queued_at:2024-10-14 11:39:40.100853+00:00
[2024-10-14T11:39:55.242+0000] {logging_mixin.py:190} INFO - Task hostname:7aa864b16460 operator:PythonOperator
[2024-10-14T11:39:55.280+0000] {local_task_job_runner.py:266} INFO - Task exited with return code 0
[2024-10-14T11:39:55.303+0000] {taskinstance.py:3900} INFO - 0 downstream tasks scheduled from follow-on schedule check
[2024-10-14T11:39:55.327+0000] {local_task_job_runner.py:245} INFO - ::endgroup::
