[2024-10-11T12:50:36.572+0000] {local_task_job_runner.py:123} INFO - ::group::Pre task execution logs
[2024-10-11T12:50:36.638+0000] {taskinstance.py:2612} INFO - Dependencies all met for dep_context=non-requeueable deps ti=<TaskInstance: eia_data_pipeline.fetch_api3_data manual__2024-10-11T12:49:37.033310+00:00 [queued]>
[2024-10-11T12:50:36.672+0000] {taskinstance.py:2612} INFO - Dependencies all met for dep_context=requeueable deps ti=<TaskInstance: eia_data_pipeline.fetch_api3_data manual__2024-10-11T12:49:37.033310+00:00 [queued]>
[2024-10-11T12:50:36.673+0000] {taskinstance.py:2865} INFO - Starting attempt 1 of 2
[2024-10-11T12:50:36.735+0000] {taskinstance.py:2888} INFO - Executing <Task(PythonOperator): fetch_api3_data> on 2024-10-11 12:49:37.033310+00:00
[2024-10-11T12:50:36.928+0000] {warnings.py:112} WARNING - /home/***/.local/lib/python3.12/site-packages/***/task/task_runner/standard_task_runner.py:70: DeprecationWarning: This process (pid=236) is multi-threaded, use of fork() may lead to deadlocks in the child.
  pid = os.fork()

[2024-10-11T12:50:36.937+0000] {standard_task_runner.py:104} INFO - Running: ['***', 'tasks', 'run', 'eia_data_pipeline', 'fetch_api3_data', 'manual__2024-10-11T12:49:37.033310+00:00', '--job-id', '26', '--raw', '--subdir', 'DAGS_FOLDER/new_dag.py', '--cfg-path', '/tmp/tmpxwteb12o']
[2024-10-11T12:50:36.940+0000] {standard_task_runner.py:72} INFO - Started process 248 to run task
[2024-10-11T12:50:36.941+0000] {standard_task_runner.py:105} INFO - Job 26: Subtask fetch_api3_data
[2024-10-11T12:50:41.079+0000] {task_command.py:467} INFO - Running <TaskInstance: eia_data_pipeline.fetch_api3_data manual__2024-10-11T12:49:37.033310+00:00 [running]> on host c463a51db3fc
[2024-10-11T12:50:48.200+0000] {taskinstance.py:3131} INFO - Exporting env vars: AIRFLOW_CTX_DAG_OWNER='***' AIRFLOW_CTX_DAG_ID='eia_data_pipeline' AIRFLOW_CTX_TASK_ID='fetch_api3_data' AIRFLOW_CTX_EXECUTION_DATE='2024-10-11T12:49:37.033310+00:00' AIRFLOW_CTX_TRY_NUMBER='1' AIRFLOW_CTX_DAG_RUN_ID='manual__2024-10-11T12:49:37.033310+00:00'
[2024-10-11T12:50:48.237+0000] {logging_mixin.py:190} INFO - Task instance is in running state
[2024-10-11T12:50:48.240+0000] {logging_mixin.py:190} INFO -  Previous state of the Task instance: queued
[2024-10-11T12:50:48.243+0000] {logging_mixin.py:190} INFO - Current task name:fetch_api3_data state:running start_date:2024-10-11 12:50:36.641369+00:00
[2024-10-11T12:50:48.245+0000] {logging_mixin.py:190} INFO - Dag name:eia_data_pipeline and current dag run status:running
[2024-10-11T12:50:48.248+0000] {taskinstance.py:731} INFO - ::endgroup::
[2024-10-11T12:50:56.732+0000] {logging_mixin.py:190} INFO -     period productId  ...                  value  unit
0     1999        33  ...     27.474012476087373  MTOE
1     2008        33  ...                  77.93    MK
2     2009        33  ...  984361.47755126286182    TJ
3     2009        33  ...    23.5110699607632021  MTOE
4     2012        33  ...  994423.51040085666536    TJ
..     ...       ...  ...                    ...   ...
605   2017        33  ...           300.33292968  BKWH
606   2010        37  ...                39.1345    MK
607   1996       116  ...             .583605527  BKWH
608   1996       116  ...             .065052147  QBTU
609   1996       116  ...     1.6392865287948867  MTOE

[610 rows x 14 columns] stored in MySQL
[2024-10-11T12:50:56.751+0000] {python.py:240} INFO - Done. Returned value was: None
[2024-10-11T12:50:56.867+0000] {taskinstance.py:340} INFO - ::group::Post task execution logs
[2024-10-11T12:50:56.871+0000] {taskinstance.py:352} INFO - Marking task as SUCCESS. dag_id=eia_data_pipeline, task_id=fetch_api3_data, run_id=manual__2024-10-11T12:49:37.033310+00:00, execution_date=20241011T124937, start_date=20241011T125036, end_date=20241011T125056
[2024-10-11T12:50:56.958+0000] {logging_mixin.py:190} INFO - Task instance in success state
[2024-10-11T12:50:56.960+0000] {logging_mixin.py:190} INFO -  Previous state of the Task instance: running
[2024-10-11T12:50:56.962+0000] {logging_mixin.py:190} INFO - Dag name:eia_data_pipeline queued_at:2024-10-11 12:49:37.330105+00:00
[2024-10-11T12:50:56.963+0000] {logging_mixin.py:190} INFO - Task hostname:c463a51db3fc operator:PythonOperator
[2024-10-11T12:50:57.247+0000] {local_task_job_runner.py:266} INFO - Task exited with return code 0
[2024-10-11T12:50:57.448+0000] {taskinstance.py:3900} INFO - 0 downstream tasks scheduled from follow-on schedule check
[2024-10-11T12:50:57.459+0000] {local_task_job_runner.py:245} INFO - ::endgroup::
