[2024-10-17T12:18:03.170+0000] {local_task_job_runner.py:123} INFO - ::group::Pre task execution logs
[2024-10-17T12:18:03.191+0000] {taskinstance.py:2612} INFO - Dependencies all met for dep_context=non-requeueable deps ti=<TaskInstance: eia_threading.call_stored_procedure manual__2024-10-17T10:59:47.025287+00:00 [queued]>
[2024-10-17T12:18:03.203+0000] {taskinstance.py:2612} INFO - Dependencies all met for dep_context=requeueable deps ti=<TaskInstance: eia_threading.call_stored_procedure manual__2024-10-17T10:59:47.025287+00:00 [queued]>
[2024-10-17T12:18:03.205+0000] {taskinstance.py:2865} INFO - Starting attempt 1 of 2
[2024-10-17T12:18:03.225+0000] {taskinstance.py:2888} INFO - Executing <Task(PythonOperator): call_stored_procedure> on 2024-10-17 10:59:47.025287+00:00
[2024-10-17T12:18:03.239+0000] {warnings.py:112} WARNING - /home/***/.local/lib/python3.12/site-packages/***/task/task_runner/standard_task_runner.py:70: DeprecationWarning: This process (pid=1243) is multi-threaded, use of fork() may lead to deadlocks in the child.
  pid = os.fork()

[2024-10-17T12:18:03.242+0000] {standard_task_runner.py:72} INFO - Started process 1245 to run task
[2024-10-17T12:18:03.242+0000] {standard_task_runner.py:104} INFO - Running: ['***', 'tasks', 'run', 'eia_threading', 'call_stored_procedure', 'manual__2024-10-17T10:59:47.025287+00:00', '--job-id', '96', '--raw', '--subdir', 'DAGS_FOLDER/dag3.py', '--cfg-path', '/tmp/tmpniicgw0f']
[2024-10-17T12:18:03.244+0000] {standard_task_runner.py:105} INFO - Job 96: Subtask call_stored_procedure
[2024-10-17T12:18:03.306+0000] {task_command.py:467} INFO - Running <TaskInstance: eia_threading.call_stored_procedure manual__2024-10-17T10:59:47.025287+00:00 [running]> on host 7aa864b16460
[2024-10-17T12:18:03.420+0000] {taskinstance.py:3131} INFO - Exporting env vars: AIRFLOW_CTX_DAG_OWNER='***' AIRFLOW_CTX_DAG_ID='eia_threading' AIRFLOW_CTX_TASK_ID='call_stored_procedure' AIRFLOW_CTX_EXECUTION_DATE='2024-10-17T10:59:47.025287+00:00' AIRFLOW_CTX_TRY_NUMBER='1' AIRFLOW_CTX_DAG_RUN_ID='manual__2024-10-17T10:59:47.025287+00:00'
[2024-10-17T12:18:03.422+0000] {logging_mixin.py:190} INFO - Task instance is in running state
[2024-10-17T12:18:03.423+0000] {logging_mixin.py:190} INFO -  Previous state of the Task instance: queued
[2024-10-17T12:18:03.424+0000] {logging_mixin.py:190} INFO - Current task name:call_stored_procedure state:running start_date:2024-10-17 12:18:03.192301+00:00
[2024-10-17T12:18:03.424+0000] {logging_mixin.py:190} INFO - Dag name:eia_threading and current dag run status:running
[2024-10-17T12:18:03.425+0000] {taskinstance.py:731} INFO - ::endgroup::
[2024-10-17T12:19:09.105+0000] {logging_mixin.py:190} INFO - Stored procedure 'calculate_co2_reduction' executed successfully.
[2024-10-17T12:19:09.205+0000] {python.py:240} INFO - Done. Returned value was: None
[2024-10-17T12:19:09.342+0000] {taskinstance.py:340} INFO - ::group::Post task execution logs
[2024-10-17T12:19:09.346+0000] {taskinstance.py:352} INFO - Marking task as SUCCESS. dag_id=eia_threading, task_id=call_stored_procedure, run_id=manual__2024-10-17T10:59:47.025287+00:00, execution_date=20241017T105947, start_date=20241017T121803, end_date=20241017T121909
[2024-10-17T12:19:09.433+0000] {logging_mixin.py:190} INFO - Task instance in success state
[2024-10-17T12:19:09.435+0000] {logging_mixin.py:190} INFO -  Previous state of the Task instance: running
[2024-10-17T12:19:09.437+0000] {logging_mixin.py:190} INFO - Dag name:eia_threading queued_at:2024-10-17 10:59:47.761307+00:00
[2024-10-17T12:19:09.438+0000] {logging_mixin.py:190} INFO - Task hostname:7aa864b16460 operator:PythonOperator
[2024-10-17T12:19:09.516+0000] {local_task_job_runner.py:266} INFO - Task exited with return code 0
[2024-10-17T12:19:09.593+0000] {taskinstance.py:3900} INFO - 0 downstream tasks scheduled from follow-on schedule check
[2024-10-17T12:19:09.599+0000] {local_task_job_runner.py:245} INFO - ::endgroup::
