[2024-10-16T05:01:46.129+0000] {local_task_job_runner.py:123} INFO - ::group::Pre task execution logs
[2024-10-16T05:01:46.245+0000] {taskinstance.py:2612} INFO - Dependencies all met for dep_context=non-requeueable deps ti=<TaskInstance: eia_data_ingestion.fetch_and_store_data scheduled__2024-10-15T00:00:00+00:00 [queued]>
[2024-10-16T05:01:46.296+0000] {taskinstance.py:2612} INFO - Dependencies all met for dep_context=requeueable deps ti=<TaskInstance: eia_data_ingestion.fetch_and_store_data scheduled__2024-10-15T00:00:00+00:00 [queued]>
[2024-10-16T05:01:46.299+0000] {taskinstance.py:2865} INFO - Starting attempt 1 of 2
[2024-10-16T05:01:46.443+0000] {taskinstance.py:2888} INFO - Executing <Task(PythonOperator): fetch_and_store_data> on 2024-10-15 00:00:00+00:00
[2024-10-16T05:01:47.529+0000] {standard_task_runner.py:104} INFO - Running: ['***', 'tasks', 'run', 'eia_data_ingestion', 'fetch_and_store_data', 'scheduled__2024-10-15T00:00:00+00:00', '--job-id', '77', '--raw', '--subdir', 'DAGS_FOLDER/dag2.py', '--cfg-path', '/tmp/tmpz822ocdx']
[2024-10-16T05:01:47.538+0000] {standard_task_runner.py:105} INFO - Job 77: Subtask fetch_and_store_data
[2024-10-16T05:01:47.537+0000] {warnings.py:112} WARNING - /home/***/.local/lib/python3.12/site-packages/***/task/task_runner/standard_task_runner.py:70: DeprecationWarning: This process (pid=93) is multi-threaded, use of fork() may lead to deadlocks in the child.
  pid = os.fork()

[2024-10-16T05:01:47.543+0000] {standard_task_runner.py:72} INFO - Started process 99 to run task
[2024-10-16T05:01:47.887+0000] {task_command.py:467} INFO - Running <TaskInstance: eia_data_ingestion.fetch_and_store_data scheduled__2024-10-15T00:00:00+00:00 [running]> on host 7aa864b16460
[2024-10-16T05:01:48.333+0000] {taskinstance.py:3131} INFO - Exporting env vars: AIRFLOW_CTX_DAG_OWNER='***' AIRFLOW_CTX_DAG_ID='eia_data_ingestion' AIRFLOW_CTX_TASK_ID='fetch_and_store_data' AIRFLOW_CTX_EXECUTION_DATE='2024-10-15T00:00:00+00:00' AIRFLOW_CTX_TRY_NUMBER='1' AIRFLOW_CTX_DAG_RUN_ID='scheduled__2024-10-15T00:00:00+00:00'
[2024-10-16T05:01:48.345+0000] {logging_mixin.py:190} INFO - Task instance is in running state
[2024-10-16T05:01:48.351+0000] {logging_mixin.py:190} INFO -  Previous state of the Task instance: queued
[2024-10-16T05:01:48.353+0000] {logging_mixin.py:190} INFO - Current task name:fetch_and_store_data state:running start_date:2024-10-16 05:01:46.251739+00:00
[2024-10-16T05:01:48.358+0000] {logging_mixin.py:190} INFO - Dag name:eia_data_ingestion and current dag run status:running
[2024-10-16T05:01:48.360+0000] {taskinstance.py:731} INFO - ::endgroup::
[2024-10-16T05:01:51.113+0000] {logging_mixin.py:190} INFO - Fetched 5000 records.
[2024-10-16T05:01:53.010+0000] {logging_mixin.py:190} INFO - Fetched 10000 records.
[2024-10-16T05:01:54.989+0000] {logging_mixin.py:190} INFO - Fetched 15000 records.
[2024-10-16T05:01:56.769+0000] {logging_mixin.py:190} INFO - Fetched 20000 records.
[2024-10-16T05:01:58.714+0000] {logging_mixin.py:190} INFO - Fetched 25000 records.
[2024-10-16T05:02:00.664+0000] {logging_mixin.py:190} INFO - Fetched 30000 records.
[2024-10-16T05:02:02.478+0000] {logging_mixin.py:190} INFO - Fetched 35000 records.
[2024-10-16T05:02:04.357+0000] {logging_mixin.py:190} INFO - Fetched 40000 records.
[2024-10-16T05:02:06.315+0000] {logging_mixin.py:190} INFO - Fetched 45000 records.
[2024-10-16T05:02:08.227+0000] {logging_mixin.py:190} INFO - Fetched 50000 records.
[2024-10-16T05:02:10.220+0000] {logging_mixin.py:190} INFO - Fetched 55000 records.
[2024-10-16T05:02:12.154+0000] {logging_mixin.py:190} INFO - Fetched 60000 records.
[2024-10-16T05:02:14.266+0000] {logging_mixin.py:190} INFO - Fetched 64896 records.
[2024-10-16T05:02:25.948+0000] {logging_mixin.py:190} INFO - Data stored in table 'emission_co2_source'.
[2024-10-16T05:02:27.649+0000] {logging_mixin.py:190} INFO - Fetched 610 records.
[2024-10-16T05:02:30.563+0000] {logging_mixin.py:190} INFO - Data stored in table 'renewable_generation_source'.
[2024-10-16T05:02:32.605+0000] {logging_mixin.py:190} INFO - Fetched 5000 records.
[2024-10-16T05:02:34.487+0000] {logging_mixin.py:190} INFO - Fetched 10000 records.
[2024-10-16T05:02:36.647+0000] {logging_mixin.py:190} INFO - Fetched 15000 records.
[2024-10-16T05:02:38.662+0000] {logging_mixin.py:190} INFO - Fetched 20000 records.
[2024-10-16T05:02:40.580+0000] {logging_mixin.py:190} INFO - Fetched 25000 records.
[2024-10-16T05:02:42.568+0000] {logging_mixin.py:190} INFO - Fetched 30000 records.
[2024-10-16T05:02:44.380+0000] {logging_mixin.py:190} INFO - Fetched 35000 records.
[2024-10-16T05:02:46.280+0000] {logging_mixin.py:190} INFO - Fetched 40000 records.
[2024-10-16T05:02:48.106+0000] {logging_mixin.py:190} INFO - Fetched 45000 records.
[2024-10-16T05:02:50.855+0000] {logging_mixin.py:190} INFO - Fetched 50000 records.
[2024-10-16T05:02:53.015+0000] {logging_mixin.py:190} INFO - Fetched 55000 records.
[2024-10-16T05:02:55.119+0000] {logging_mixin.py:190} INFO - Fetched 60000 records.
[2024-10-16T05:02:57.167+0000] {logging_mixin.py:190} INFO - Fetched 65000 records.
[2024-10-16T05:02:59.205+0000] {logging_mixin.py:190} INFO - Fetched 70000 records.
[2024-10-16T05:03:01.364+0000] {logging_mixin.py:190} INFO - Fetched 75000 records.
[2024-10-16T05:03:05.556+0000] {logging_mixin.py:190} INFO - Fetched 80000 records.
[2024-10-16T05:03:09.977+0000] {logging_mixin.py:190} INFO - Fetched 85000 records.
[2024-10-16T05:03:13.668+0000] {logging_mixin.py:190} INFO - Fetched 90000 records.
[2024-10-16T05:03:15.408+0000] {logging_mixin.py:190} INFO - Fetched 95000 records.
[2024-10-16T05:03:19.228+0000] {logging_mixin.py:190} INFO - Fetched 100000 records.
[2024-10-16T05:03:20.993+0000] {logging_mixin.py:190} INFO - Fetched 105000 records.
[2024-10-16T05:03:24.812+0000] {logging_mixin.py:190} INFO - Fetched 110000 records.
[2024-10-16T05:03:26.661+0000] {logging_mixin.py:190} INFO - Fetched 115000 records.
[2024-10-16T05:03:31.228+0000] {logging_mixin.py:190} INFO - Fetched 120000 records.
[2024-10-16T05:03:33.346+0000] {logging_mixin.py:190} INFO - Fetched 125000 records.
[2024-10-16T05:03:38.545+0000] {logging_mixin.py:190} INFO - Fetched 130000 records.
[2024-10-16T05:03:40.755+0000] {logging_mixin.py:190} INFO - Fetched 135000 records.
[2024-10-16T05:03:45.141+0000] {logging_mixin.py:190} INFO - Fetched 140000 records.
[2024-10-16T05:03:49.875+0000] {logging_mixin.py:190} INFO - Fetched 145000 records.
[2024-10-16T05:03:54.898+0000] {logging_mixin.py:190} INFO - Fetched 150000 records.
[2024-10-16T05:03:59.610+0000] {logging_mixin.py:190} INFO - Fetched 155000 records.
[2024-10-16T05:04:04.598+0000] {logging_mixin.py:190} INFO - Fetched 160000 records.
[2024-10-16T05:04:09.753+0000] {logging_mixin.py:190} INFO - Fetched 165000 records.
[2024-10-16T05:04:14.950+0000] {logging_mixin.py:190} INFO - Fetched 170000 records.
[2024-10-16T05:04:19.984+0000] {logging_mixin.py:190} INFO - Fetched 175000 records.
[2024-10-16T05:04:24.961+0000] {logging_mixin.py:190} INFO - Fetched 180000 records.
[2024-10-16T05:04:30.232+0000] {logging_mixin.py:190} INFO - Fetched 185000 records.
[2024-10-16T05:04:35.415+0000] {logging_mixin.py:190} INFO - Fetched 190000 records.
[2024-10-16T05:04:40.718+0000] {logging_mixin.py:190} INFO - Fetched 195000 records.
[2024-10-16T05:04:46.150+0000] {logging_mixin.py:190} INFO - Fetched 200000 records.
[2024-10-16T05:04:51.991+0000] {logging_mixin.py:190} INFO - Fetched 205000 records.
[2024-10-16T05:04:57.657+0000] {logging_mixin.py:190} INFO - Fetched 210000 records.
[2024-10-16T05:05:02.897+0000] {logging_mixin.py:190} INFO - Fetched 215000 records.
[2024-10-16T05:05:08.510+0000] {logging_mixin.py:190} INFO - Fetched 220000 records.
[2024-10-16T05:05:13.974+0000] {logging_mixin.py:190} INFO - Fetched 225000 records.
[2024-10-16T05:05:19.262+0000] {logging_mixin.py:190} INFO - Fetched 230000 records.
[2024-10-16T05:05:24.823+0000] {logging_mixin.py:190} INFO - Fetched 235000 records.
[2024-10-16T05:05:30.214+0000] {logging_mixin.py:190} INFO - Fetched 240000 records.
[2024-10-16T05:05:35.564+0000] {logging_mixin.py:190} INFO - Fetched 245000 records.
[2024-10-16T05:05:41.298+0000] {logging_mixin.py:190} INFO - Fetched 250000 records.
[2024-10-16T05:05:46.420+0000] {logging_mixin.py:190} INFO - Fetched 255000 records.
[2024-10-16T05:05:51.367+0000] {logging_mixin.py:190} INFO - Fetched 260000 records.
[2024-10-16T05:05:56.943+0000] {logging_mixin.py:190} INFO - Fetched 265000 records.
[2024-10-16T05:06:02.831+0000] {logging_mixin.py:190} INFO - Fetched 270000 records.
[2024-10-16T05:06:08.900+0000] {logging_mixin.py:190} INFO - Fetched 275000 records.
[2024-10-16T05:06:14.800+0000] {logging_mixin.py:190} INFO - Fetched 280000 records.
[2024-10-16T05:06:21.262+0000] {logging_mixin.py:190} INFO - Fetched 285000 records.
[2024-10-16T05:06:27.397+0000] {logging_mixin.py:190} INFO - Fetched 290000 records.
[2024-10-16T05:06:33.054+0000] {logging_mixin.py:190} INFO - Fetched 295000 records.
[2024-10-16T05:06:39.167+0000] {logging_mixin.py:190} INFO - Fetched 300000 records.
[2024-10-16T05:06:45.515+0000] {logging_mixin.py:190} INFO - Fetched 305000 records.
[2024-10-16T05:06:51.784+0000] {logging_mixin.py:190} INFO - Fetched 310000 records.
[2024-10-16T05:06:57.562+0000] {logging_mixin.py:190} INFO - Fetched 315000 records.
[2024-10-16T05:07:03.808+0000] {logging_mixin.py:190} INFO - Fetched 320000 records.
[2024-10-16T05:07:10.572+0000] {logging_mixin.py:190} INFO - Fetched 325000 records.
[2024-10-16T05:07:16.958+0000] {logging_mixin.py:190} INFO - Fetched 330000 records.
[2024-10-16T05:07:23.531+0000] {logging_mixin.py:190} INFO - Fetched 335000 records.
[2024-10-16T05:07:30.016+0000] {logging_mixin.py:190} INFO - Fetched 340000 records.
[2024-10-16T05:07:36.351+0000] {logging_mixin.py:190} INFO - Fetched 345000 records.
[2024-10-16T05:07:42.572+0000] {logging_mixin.py:190} INFO - Fetched 350000 records.
[2024-10-16T05:07:48.941+0000] {logging_mixin.py:190} INFO - Fetched 355000 records.
[2024-10-16T05:07:56.928+0000] {logging_mixin.py:190} INFO - Fetched 360000 records.
[2024-10-16T05:08:03.081+0000] {logging_mixin.py:190} INFO - Fetched 365000 records.
[2024-10-16T05:08:08.950+0000] {logging_mixin.py:190} INFO - Fetched 370000 records.
[2024-10-16T05:08:15.592+0000] {logging_mixin.py:190} INFO - Fetched 375000 records.
[2024-10-16T05:08:22.334+0000] {logging_mixin.py:190} INFO - Fetched 380000 records.
[2024-10-16T05:08:29.008+0000] {logging_mixin.py:190} INFO - Fetched 385000 records.
[2024-10-16T05:08:35.558+0000] {logging_mixin.py:190} INFO - Fetched 390000 records.
[2024-10-16T05:08:42.102+0000] {logging_mixin.py:190} INFO - Fetched 395000 records.
[2024-10-16T05:08:48.546+0000] {logging_mixin.py:190} INFO - Fetched 400000 records.
[2024-10-16T05:08:54.595+0000] {logging_mixin.py:190} INFO - Fetched 405000 records.
[2024-10-16T05:09:01.005+0000] {logging_mixin.py:190} INFO - Fetched 410000 records.
[2024-10-16T05:09:10.000+0000] {logging_mixin.py:190} INFO - Fetched 415000 records.
[2024-10-16T05:09:16.782+0000] {logging_mixin.py:190} INFO - Fetched 420000 records.
[2024-10-16T05:09:30.904+0000] {logging_mixin.py:190} INFO - Fetched 425000 records.
[2024-10-16T05:09:40.027+0000] {logging_mixin.py:190} INFO - Fetched 430000 records.
[2024-10-16T05:09:46.799+0000] {logging_mixin.py:190} INFO - Fetched 435000 records.
[2024-10-16T05:09:53.598+0000] {logging_mixin.py:190} INFO - Fetched 440000 records.
[2024-10-16T05:10:00.508+0000] {logging_mixin.py:190} INFO - Fetched 445000 records.
[2024-10-16T05:10:08.123+0000] {logging_mixin.py:190} INFO - Fetched 450000 records.
[2024-10-16T05:10:15.022+0000] {logging_mixin.py:190} INFO - Fetched 455000 records.
[2024-10-16T05:10:21.421+0000] {logging_mixin.py:190} INFO - Fetched 460000 records.
[2024-10-16T05:10:28.965+0000] {logging_mixin.py:190} INFO - Fetched 465000 records.
[2024-10-16T05:10:36.095+0000] {logging_mixin.py:190} INFO - Fetched 470000 records.
[2024-10-16T05:10:42.819+0000] {logging_mixin.py:190} INFO - Fetched 475000 records.
[2024-10-16T05:10:50.010+0000] {logging_mixin.py:190} INFO - Fetched 480000 records.
[2024-10-16T05:10:56.915+0000] {logging_mixin.py:190} INFO - Fetched 485000 records.
[2024-10-16T05:11:03.314+0000] {logging_mixin.py:190} INFO - Fetched 490000 records.
[2024-10-16T05:11:10.360+0000] {logging_mixin.py:190} INFO - Fetched 495000 records.
[2024-10-16T05:11:17.157+0000] {logging_mixin.py:190} INFO - Fetched 500000 records.
[2024-10-16T05:11:24.777+0000] {logging_mixin.py:190} INFO - Fetched 505000 records.
[2024-10-16T05:11:32.740+0000] {logging_mixin.py:190} INFO - Fetched 510000 records.
[2024-10-16T05:11:40.184+0000] {logging_mixin.py:190} INFO - Fetched 515000 records.
[2024-10-16T05:12:04.699+0000] {logging_mixin.py:190} INFO - Fetched 520000 records.
[2024-10-16T05:12:13.586+0000] {logging_mixin.py:190} INFO - Fetched 525000 records.
[2024-10-16T05:12:20.898+0000] {logging_mixin.py:190} INFO - Fetched 530000 records.
[2024-10-16T05:12:28.092+0000] {logging_mixin.py:190} INFO - Fetched 535000 records.
[2024-10-16T05:12:35.387+0000] {logging_mixin.py:190} INFO - Fetched 540000 records.
[2024-10-16T05:12:43.672+0000] {logging_mixin.py:190} INFO - Fetched 545000 records.
[2024-10-16T05:12:51.008+0000] {logging_mixin.py:190} INFO - Fetched 550000 records.
[2024-10-16T05:12:57.985+0000] {logging_mixin.py:190} INFO - Fetched 555000 records.
[2024-10-16T05:13:04.842+0000] {logging_mixin.py:190} INFO - Fetched 560000 records.
[2024-10-16T05:13:12.058+0000] {logging_mixin.py:190} INFO - Fetched 565000 records.
[2024-10-16T05:13:19.402+0000] {logging_mixin.py:190} INFO - Fetched 570000 records.
[2024-10-16T05:13:27.769+0000] {logging_mixin.py:190} INFO - Fetched 575000 records.
[2024-10-16T05:13:35.220+0000] {logging_mixin.py:190} INFO - Fetched 580000 records.
[2024-10-16T05:13:42.405+0000] {logging_mixin.py:190} INFO - Fetched 585000 records.
[2024-10-16T05:13:49.685+0000] {logging_mixin.py:190} INFO - Fetched 590000 records.
[2024-10-16T05:13:56.830+0000] {logging_mixin.py:190} INFO - Fetched 595000 records.
[2024-10-16T05:14:04.751+0000] {logging_mixin.py:190} INFO - Fetched 600000 records.
[2024-10-16T05:14:28.955+0000] {logging_mixin.py:190} INFO - Fetched 605000 records.
[2024-10-16T05:14:37.295+0000] {logging_mixin.py:190} INFO - Fetched 610000 records.
[2024-10-16T05:14:45.523+0000] {logging_mixin.py:190} INFO - Fetched 615000 records.
[2024-10-16T05:14:52.464+0000] {logging_mixin.py:190} INFO - Fetched 620000 records.
[2024-10-16T05:15:00.864+0000] {logging_mixin.py:190} INFO - Fetched 625000 records.
[2024-10-16T05:15:08.452+0000] {logging_mixin.py:190} INFO - Fetched 630000 records.
[2024-10-16T05:15:16.500+0000] {logging_mixin.py:190} INFO - Fetched 635000 records.
[2024-10-16T05:15:24.399+0000] {logging_mixin.py:190} INFO - Fetched 640000 records.
[2024-10-16T05:15:33.164+0000] {logging_mixin.py:190} INFO - Fetched 645000 records.
[2024-10-16T05:15:41.140+0000] {logging_mixin.py:190} INFO - Fetched 650000 records.
[2024-10-16T05:15:48.959+0000] {logging_mixin.py:190} INFO - Fetched 655000 records.
[2024-10-16T05:15:57.258+0000] {logging_mixin.py:190} INFO - Fetched 660000 records.
[2024-10-16T05:16:04.695+0000] {logging_mixin.py:190} INFO - Fetched 665000 records.
[2024-10-16T05:16:12.267+0000] {logging_mixin.py:190} INFO - Fetched 670000 records.
[2024-10-16T05:16:19.982+0000] {logging_mixin.py:190} INFO - Fetched 675000 records.
[2024-10-16T05:16:30.632+0000] {logging_mixin.py:190} INFO - Fetched 680000 records.
[2024-10-16T05:16:40.095+0000] {logging_mixin.py:190} INFO - Fetched 685000 records.
[2024-10-16T05:17:10.540+0000] {logging_mixin.py:190} INFO - Fetched 690000 records.
[2024-10-16T05:17:20.965+0000] {logging_mixin.py:190} INFO - Fetched 695000 records.
[2024-10-16T05:17:31.905+0000] {logging_mixin.py:190} INFO - Fetched 700000 records.
[2024-10-16T05:17:46.994+0000] {logging_mixin.py:190} INFO - Fetched 705000 records.
[2024-10-16T05:17:59.489+0000] {logging_mixin.py:190} INFO - Fetched 710000 records.
[2024-10-16T05:18:10.083+0000] {logging_mixin.py:190} INFO - Fetched 715000 records.
[2024-10-16T05:18:35.519+0000] {logging_mixin.py:190} INFO - Fetched 720000 records.
[2024-10-16T05:18:44.148+0000] {logging_mixin.py:190} INFO - Fetched 725000 records.
[2024-10-16T05:18:54.932+0000] {logging_mixin.py:190} INFO - Fetched 730000 records.
[2024-10-16T05:19:09.343+0000] {logging_mixin.py:190} INFO - Fetched 735000 records.
[2024-10-16T05:19:47.476+0000] {taskinstance.py:3310} ERROR - Task failed with exception
Traceback (most recent call last):
  File "/home/airflow/.local/lib/python3.12/site-packages/airflow/models/taskinstance.py", line 767, in _execute_task
    result = _execute_callable(context=context, **execute_callable_kwargs)
             ^^^^^^^^^^^^^^^^^^^^^^^^^^^^^^^^^^^^^^^^^^^^^^^^^^^^^^^^^^^^^
  File "/home/airflow/.local/lib/python3.12/site-packages/airflow/models/taskinstance.py", line 733, in _execute_callable
    return ExecutionCallableRunner(
           ^^^^^^^^^^^^^^^^^^^^^^^^
  File "/home/airflow/.local/lib/python3.12/site-packages/airflow/utils/operator_helpers.py", line 252, in run
    return self.func(*args, **kwargs)
           ^^^^^^^^^^^^^^^^^^^^^^^^^^
  File "/home/airflow/.local/lib/python3.12/site-packages/airflow/models/baseoperator.py", line 406, in wrapper
    return func(self, *args, **kwargs)
           ^^^^^^^^^^^^^^^^^^^^^^^^^^^
  File "/home/airflow/.local/lib/python3.12/site-packages/airflow/operators/python.py", line 238, in execute
    return_value = self.execute_callable()
                   ^^^^^^^^^^^^^^^^^^^^^^^
  File "/home/airflow/.local/lib/python3.12/site-packages/airflow/operators/python.py", line 256, in execute_callable
    return runner.run(*self.op_args, **self.op_kwargs)
           ^^^^^^^^^^^^^^^^^^^^^^^^^^^^^^^^^^^^^^^^^^^
  File "/home/airflow/.local/lib/python3.12/site-packages/airflow/utils/operator_helpers.py", line 252, in run
    return self.func(*args, **kwargs)
           ^^^^^^^^^^^^^^^^^^^^^^^^^^
  File "/opt/airflow/dags/functions.py", line 85, in process_api_calls
    data = fetch_data(call, api_key, no_of_records=call.get("no_of_records"))
           ^^^^^^^^^^^^^^^^^^^^^^^^^^^^^^^^^^^^^^^^^^^^^^^^^^^^^^^^^^^^^^^^^^
  File "/opt/airflow/dags/functions.py", line 26, in fetch_data
    response.raise_for_status()
  File "/home/airflow/.local/lib/python3.12/site-packages/requests/models.py", line 1024, in raise_for_status
    raise HTTPError(http_error_msg, response=self)
requests.exceptions.HTTPError: 503 Server Error: Service Unavailable for url: https://api.eia.gov/v2/electricity/rto/daily-fuel-type-data/data/?frequency=daily&data%5B0%5D=value&api_key=***&offset=735000
[2024-10-16T05:19:48.664+0000] {logging_mixin.py:190} INFO - Task instance in failure state
[2024-10-16T05:19:48.666+0000] {logging_mixin.py:190} INFO - Task start:2024-10-16 05:01:46.251739+00:00 end:2024-10-16 05:19:48.610108+00:00 duration:1082.358369
[2024-10-16T05:19:48.688+0000] {logging_mixin.py:190} INFO - Task:<Task(PythonOperator): fetch_and_store_data> dag:<DAG: eia_data_ingestion> dagrun:<DagRun eia_data_ingestion @ 2024-10-15 00:00:00+00:00: scheduled__2024-10-15T00:00:00+00:00, state:running, queued_at: 2024-10-16 05:01:21.701002+00:00. externally triggered: False>
[2024-10-16T05:19:48.690+0000] {logging_mixin.py:190} INFO - Failure caused by 503 Server Error: Service Unavailable for url: https://api.eia.gov/v2/electricity/rto/daily-fuel-type-data/data/?frequency=daily&data%5B0%5D=value&api_key=***&offset=735000
[2024-10-16T05:19:48.692+0000] {taskinstance.py:1225} INFO - Marking task as UP_FOR_RETRY. dag_id=eia_data_ingestion, task_id=fetch_and_store_data, run_id=scheduled__2024-10-15T00:00:00+00:00, execution_date=20241015T000000, start_date=20241016T050146, end_date=20241016T051948
[2024-10-16T05:19:49.109+0000] {taskinstance.py:340} INFO - ::group::Post task execution logs
[2024-10-16T05:19:49.137+0000] {standard_task_runner.py:124} ERROR - Failed to execute job 77 for task fetch_and_store_data (503 Server Error: Service Unavailable for url: https://api.eia.gov/v2/electricity/rto/daily-fuel-type-data/data/?frequency=daily&data%5B0%5D=value&api_key=***&offset=735000; 99)
Traceback (most recent call last):
  File "/home/airflow/.local/lib/python3.12/site-packages/airflow/task/task_runner/standard_task_runner.py", line 117, in _start_by_fork
    ret = args.func(args, dag=self.dag)
          ^^^^^^^^^^^^^^^^^^^^^^^^^^^^^
  File "/home/airflow/.local/lib/python3.12/site-packages/airflow/cli/cli_config.py", line 49, in command
    return func(*args, **kwargs)
           ^^^^^^^^^^^^^^^^^^^^^
  File "/home/airflow/.local/lib/python3.12/site-packages/airflow/utils/cli.py", line 115, in wrapper
    return f(*args, **kwargs)
           ^^^^^^^^^^^^^^^^^^
  File "/home/airflow/.local/lib/python3.12/site-packages/airflow/cli/commands/task_command.py", line 483, in task_run
    task_return_code = _run_task_by_selected_method(args, _dag, ti)
                       ^^^^^^^^^^^^^^^^^^^^^^^^^^^^^^^^^^^^^^^^^^^^
  File "/home/airflow/.local/lib/python3.12/site-packages/airflow/cli/commands/task_command.py", line 256, in _run_task_by_selected_method
    return _run_raw_task(args, ti)
           ^^^^^^^^^^^^^^^^^^^^^^^
  File "/home/airflow/.local/lib/python3.12/site-packages/airflow/cli/commands/task_command.py", line 341, in _run_raw_task
    return ti._run_raw_task(
           ^^^^^^^^^^^^^^^^^
  File "/home/airflow/.local/lib/python3.12/site-packages/airflow/utils/session.py", line 97, in wrapper
    return func(*args, session=session, **kwargs)
           ^^^^^^^^^^^^^^^^^^^^^^^^^^^^^^^^^^^^^^
  File "/home/airflow/.local/lib/python3.12/site-packages/airflow/models/taskinstance.py", line 3004, in _run_raw_task
    return _run_raw_task(
           ^^^^^^^^^^^^^^
  File "/home/airflow/.local/lib/python3.12/site-packages/airflow/models/taskinstance.py", line 273, in _run_raw_task
    TaskInstance._execute_task_with_callbacks(
  File "/home/airflow/.local/lib/python3.12/site-packages/airflow/models/taskinstance.py", line 3158, in _execute_task_with_callbacks
    result = self._execute_task(context, task_orig)
             ^^^^^^^^^^^^^^^^^^^^^^^^^^^^^^^^^^^^^^
  File "/home/airflow/.local/lib/python3.12/site-packages/airflow/models/taskinstance.py", line 3182, in _execute_task
    return _execute_task(self, context, task_orig)
           ^^^^^^^^^^^^^^^^^^^^^^^^^^^^^^^^^^^^^^^
  File "/home/airflow/.local/lib/python3.12/site-packages/airflow/models/taskinstance.py", line 767, in _execute_task
    result = _execute_callable(context=context, **execute_callable_kwargs)
             ^^^^^^^^^^^^^^^^^^^^^^^^^^^^^^^^^^^^^^^^^^^^^^^^^^^^^^^^^^^^^
  File "/home/airflow/.local/lib/python3.12/site-packages/airflow/models/taskinstance.py", line 733, in _execute_callable
    return ExecutionCallableRunner(
           ^^^^^^^^^^^^^^^^^^^^^^^^
  File "/home/airflow/.local/lib/python3.12/site-packages/airflow/utils/operator_helpers.py", line 252, in run
    return self.func(*args, **kwargs)
           ^^^^^^^^^^^^^^^^^^^^^^^^^^
  File "/home/airflow/.local/lib/python3.12/site-packages/airflow/models/baseoperator.py", line 406, in wrapper
    return func(self, *args, **kwargs)
           ^^^^^^^^^^^^^^^^^^^^^^^^^^^
  File "/home/airflow/.local/lib/python3.12/site-packages/airflow/operators/python.py", line 238, in execute
    return_value = self.execute_callable()
                   ^^^^^^^^^^^^^^^^^^^^^^^
  File "/home/airflow/.local/lib/python3.12/site-packages/airflow/operators/python.py", line 256, in execute_callable
    return runner.run(*self.op_args, **self.op_kwargs)
           ^^^^^^^^^^^^^^^^^^^^^^^^^^^^^^^^^^^^^^^^^^^
  File "/home/airflow/.local/lib/python3.12/site-packages/airflow/utils/operator_helpers.py", line 252, in run
    return self.func(*args, **kwargs)
           ^^^^^^^^^^^^^^^^^^^^^^^^^^
  File "/opt/airflow/dags/functions.py", line 85, in process_api_calls
    data = fetch_data(call, api_key, no_of_records=call.get("no_of_records"))
           ^^^^^^^^^^^^^^^^^^^^^^^^^^^^^^^^^^^^^^^^^^^^^^^^^^^^^^^^^^^^^^^^^^
  File "/opt/airflow/dags/functions.py", line 26, in fetch_data
    response.raise_for_status()
  File "/home/airflow/.local/lib/python3.12/site-packages/requests/models.py", line 1024, in raise_for_status
    raise HTTPError(http_error_msg, response=self)
requests.exceptions.HTTPError: 503 Server Error: Service Unavailable for url: https://api.eia.gov/v2/electricity/rto/daily-fuel-type-data/data/?frequency=daily&data%5B0%5D=value&api_key=***&offset=735000
[2024-10-16T05:19:49.905+0000] {local_task_job_runner.py:266} INFO - Task exited with return code 1
[2024-10-16T05:19:50.742+0000] {taskinstance.py:3900} INFO - 0 downstream tasks scheduled from follow-on schedule check
[2024-10-16T05:19:50.753+0000] {local_task_job_runner.py:245} INFO - ::endgroup::
