[2024-10-16T05:25:05.106+0000] {local_task_job_runner.py:123} INFO - ::group::Pre task execution logs
[2024-10-16T05:25:05.131+0000] {taskinstance.py:2612} INFO - Dependencies all met for dep_context=non-requeueable deps ti=<TaskInstance: eia_data_ingestion.fetch_and_store_data scheduled__2024-10-15T00:00:00+00:00 [queued]>
[2024-10-16T05:25:05.147+0000] {taskinstance.py:2612} INFO - Dependencies all met for dep_context=requeueable deps ti=<TaskInstance: eia_data_ingestion.fetch_and_store_data scheduled__2024-10-15T00:00:00+00:00 [queued]>
[2024-10-16T05:25:05.148+0000] {taskinstance.py:2865} INFO - Starting attempt 2 of 2
[2024-10-16T05:25:05.171+0000] {taskinstance.py:2888} INFO - Executing <Task(PythonOperator): fetch_and_store_data> on 2024-10-15 00:00:00+00:00
[2024-10-16T05:25:05.189+0000] {warnings.py:112} WARNING - /home/***/.local/lib/python3.12/site-packages/***/task/task_runner/standard_task_runner.py:70: DeprecationWarning: This process (pid=371) is multi-threaded, use of fork() may lead to deadlocks in the child.
  pid = os.fork()

[2024-10-16T05:25:05.190+0000] {standard_task_runner.py:104} INFO - Running: ['***', 'tasks', 'run', 'eia_data_ingestion', 'fetch_and_store_data', 'scheduled__2024-10-15T00:00:00+00:00', '--job-id', '79', '--raw', '--subdir', 'DAGS_FOLDER/dag2.py', '--cfg-path', '/tmp/tmpeid9yrki']
[2024-10-16T05:25:05.191+0000] {standard_task_runner.py:72} INFO - Started process 380 to run task
[2024-10-16T05:25:05.192+0000] {standard_task_runner.py:105} INFO - Job 79: Subtask fetch_and_store_data
[2024-10-16T05:25:05.261+0000] {task_command.py:467} INFO - Running <TaskInstance: eia_data_ingestion.fetch_and_store_data scheduled__2024-10-15T00:00:00+00:00 [running]> on host 7aa864b16460
[2024-10-16T05:25:05.597+0000] {taskinstance.py:3131} INFO - Exporting env vars: AIRFLOW_CTX_DAG_OWNER='***' AIRFLOW_CTX_DAG_ID='eia_data_ingestion' AIRFLOW_CTX_TASK_ID='fetch_and_store_data' AIRFLOW_CTX_EXECUTION_DATE='2024-10-15T00:00:00+00:00' AIRFLOW_CTX_TRY_NUMBER='2' AIRFLOW_CTX_DAG_RUN_ID='scheduled__2024-10-15T00:00:00+00:00'
[2024-10-16T05:25:05.601+0000] {logging_mixin.py:190} INFO - Task instance is in running state
[2024-10-16T05:25:05.604+0000] {logging_mixin.py:190} INFO -  Previous state of the Task instance: queued
[2024-10-16T05:25:05.607+0000] {logging_mixin.py:190} INFO - Current task name:fetch_and_store_data state:running start_date:2024-10-16 05:25:05.133136+00:00
[2024-10-16T05:25:05.608+0000] {logging_mixin.py:190} INFO - Dag name:eia_data_ingestion and current dag run status:running
[2024-10-16T05:25:05.609+0000] {taskinstance.py:731} INFO - ::endgroup::
[2024-10-16T05:25:07.680+0000] {logging_mixin.py:190} INFO - Fetched 5000 records.
[2024-10-16T05:25:09.689+0000] {logging_mixin.py:190} INFO - Fetched 10000 records.
[2024-10-16T05:25:11.590+0000] {logging_mixin.py:190} INFO - Fetched 15000 records.
[2024-10-16T05:25:13.480+0000] {logging_mixin.py:190} INFO - Fetched 20000 records.
[2024-10-16T05:25:15.393+0000] {logging_mixin.py:190} INFO - Fetched 25000 records.
[2024-10-16T05:25:17.335+0000] {logging_mixin.py:190} INFO - Fetched 30000 records.
[2024-10-16T05:25:19.409+0000] {logging_mixin.py:190} INFO - Fetched 35000 records.
[2024-10-16T05:25:21.664+0000] {logging_mixin.py:190} INFO - Fetched 40000 records.
[2024-10-16T05:25:23.607+0000] {logging_mixin.py:190} INFO - Fetched 45000 records.
[2024-10-16T05:25:25.695+0000] {logging_mixin.py:190} INFO - Fetched 50000 records.
[2024-10-16T05:25:27.741+0000] {logging_mixin.py:190} INFO - Fetched 55000 records.
[2024-10-16T05:25:29.989+0000] {logging_mixin.py:190} INFO - Fetched 60000 records.
[2024-10-16T05:25:32.127+0000] {logging_mixin.py:190} INFO - Fetched 64896 records.
[2024-10-16T05:25:43.089+0000] {logging_mixin.py:190} INFO - Data stored in table 'emission_co2_source'.
[2024-10-16T05:25:44.726+0000] {logging_mixin.py:190} INFO - Fetched 610 records.
[2024-10-16T05:25:47.016+0000] {logging_mixin.py:190} INFO - Data stored in table 'renewable_generation_source'.
[2024-10-16T05:25:49.216+0000] {logging_mixin.py:190} INFO - Fetched 5000 records.
[2024-10-16T05:25:51.324+0000] {logging_mixin.py:190} INFO - Fetched 10000 records.
[2024-10-16T05:25:53.379+0000] {logging_mixin.py:190} INFO - Fetched 15000 records.
[2024-10-16T05:25:55.344+0000] {logging_mixin.py:190} INFO - Fetched 20000 records.
[2024-10-16T05:25:57.365+0000] {logging_mixin.py:190} INFO - Fetched 25000 records.
[2024-10-16T05:25:59.340+0000] {logging_mixin.py:190} INFO - Fetched 30000 records.
[2024-10-16T05:26:01.276+0000] {logging_mixin.py:190} INFO - Fetched 35000 records.
[2024-10-16T05:26:03.124+0000] {logging_mixin.py:190} INFO - Fetched 40000 records.
[2024-10-16T05:26:04.958+0000] {logging_mixin.py:190} INFO - Fetched 45000 records.
[2024-10-16T05:26:07.034+0000] {logging_mixin.py:190} INFO - Fetched 50000 records.
[2024-10-16T05:26:08.959+0000] {logging_mixin.py:190} INFO - Fetched 55000 records.
[2024-10-16T05:26:10.956+0000] {logging_mixin.py:190} INFO - Fetched 60000 records.
[2024-10-16T05:26:12.985+0000] {logging_mixin.py:190} INFO - Fetched 65000 records.
[2024-10-16T05:26:14.924+0000] {logging_mixin.py:190} INFO - Fetched 70000 records.
[2024-10-16T05:26:17.018+0000] {logging_mixin.py:190} INFO - Fetched 75000 records.
[2024-10-16T05:26:19.279+0000] {logging_mixin.py:190} INFO - Fetched 80000 records.
[2024-10-16T05:26:21.318+0000] {logging_mixin.py:190} INFO - Fetched 85000 records.
[2024-10-16T05:26:23.348+0000] {logging_mixin.py:190} INFO - Fetched 90000 records.
[2024-10-16T05:26:25.417+0000] {logging_mixin.py:190} INFO - Fetched 95000 records.
[2024-10-16T05:26:27.392+0000] {logging_mixin.py:190} INFO - Fetched 100000 records.
[2024-10-16T05:26:29.759+0000] {logging_mixin.py:190} INFO - Fetched 105000 records.
[2024-10-16T05:26:31.810+0000] {logging_mixin.py:190} INFO - Fetched 110000 records.
[2024-10-16T05:26:33.813+0000] {logging_mixin.py:190} INFO - Fetched 115000 records.
[2024-10-16T05:26:35.863+0000] {logging_mixin.py:190} INFO - Fetched 120000 records.
[2024-10-16T05:26:37.921+0000] {logging_mixin.py:190} INFO - Fetched 125000 records.
[2024-10-16T05:26:40.278+0000] {logging_mixin.py:190} INFO - Fetched 130000 records.
[2024-10-16T05:26:42.622+0000] {logging_mixin.py:190} INFO - Fetched 135000 records.
[2024-10-16T05:26:45.098+0000] {logging_mixin.py:190} INFO - Fetched 140000 records.
[2024-10-16T05:26:47.194+0000] {logging_mixin.py:190} INFO - Fetched 145000 records.
[2024-10-16T05:26:49.404+0000] {logging_mixin.py:190} INFO - Fetched 150000 records.
[2024-10-16T05:26:51.432+0000] {logging_mixin.py:190} INFO - Fetched 155000 records.
[2024-10-16T05:26:53.593+0000] {logging_mixin.py:190} INFO - Fetched 160000 records.
[2024-10-16T05:26:55.960+0000] {logging_mixin.py:190} INFO - Fetched 165000 records.
[2024-10-16T05:26:58.155+0000] {logging_mixin.py:190} INFO - Fetched 170000 records.
[2024-10-16T05:27:00.395+0000] {logging_mixin.py:190} INFO - Fetched 175000 records.
[2024-10-16T05:27:02.405+0000] {logging_mixin.py:190} INFO - Fetched 180000 records.
[2024-10-16T05:27:04.360+0000] {logging_mixin.py:190} INFO - Fetched 185000 records.
[2024-10-16T05:27:06.222+0000] {logging_mixin.py:190} INFO - Fetched 190000 records.
[2024-10-16T05:27:08.056+0000] {logging_mixin.py:190} INFO - Fetched 195000 records.
[2024-10-16T05:27:09.910+0000] {logging_mixin.py:190} INFO - Fetched 200000 records.
[2024-10-16T05:27:11.809+0000] {logging_mixin.py:190} INFO - Fetched 205000 records.
[2024-10-16T05:27:13.883+0000] {logging_mixin.py:190} INFO - Fetched 210000 records.
[2024-10-16T05:27:15.665+0000] {logging_mixin.py:190} INFO - Fetched 215000 records.
[2024-10-16T05:27:17.568+0000] {logging_mixin.py:190} INFO - Fetched 220000 records.
[2024-10-16T05:27:19.386+0000] {logging_mixin.py:190} INFO - Fetched 225000 records.
[2024-10-16T05:27:21.247+0000] {logging_mixin.py:190} INFO - Fetched 230000 records.
[2024-10-16T05:27:23.268+0000] {logging_mixin.py:190} INFO - Fetched 235000 records.
[2024-10-16T05:27:25.392+0000] {logging_mixin.py:190} INFO - Fetched 240000 records.
[2024-10-16T05:27:27.421+0000] {logging_mixin.py:190} INFO - Fetched 245000 records.
[2024-10-16T05:27:29.825+0000] {logging_mixin.py:190} INFO - Fetched 250000 records.
[2024-10-16T05:27:32.547+0000] {logging_mixin.py:190} INFO - Fetched 255000 records.
[2024-10-16T05:27:34.852+0000] {logging_mixin.py:190} INFO - Fetched 260000 records.
[2024-10-16T05:27:36.984+0000] {logging_mixin.py:190} INFO - Fetched 265000 records.
[2024-10-16T05:27:39.222+0000] {logging_mixin.py:190} INFO - Fetched 270000 records.
[2024-10-16T05:27:41.220+0000] {logging_mixin.py:190} INFO - Fetched 275000 records.
[2024-10-16T05:27:43.738+0000] {logging_mixin.py:190} INFO - Fetched 280000 records.
[2024-10-16T05:27:46.616+0000] {logging_mixin.py:190} INFO - Fetched 285000 records.
[2024-10-16T05:27:48.834+0000] {logging_mixin.py:190} INFO - Fetched 290000 records.
[2024-10-16T05:27:50.912+0000] {logging_mixin.py:190} INFO - Fetched 295000 records.
[2024-10-16T05:27:53.059+0000] {logging_mixin.py:190} INFO - Fetched 300000 records.
[2024-10-16T05:27:55.440+0000] {logging_mixin.py:190} INFO - Fetched 305000 records.
[2024-10-16T05:27:57.586+0000] {logging_mixin.py:190} INFO - Fetched 310000 records.
[2024-10-16T05:28:00.012+0000] {logging_mixin.py:190} INFO - Fetched 315000 records.
[2024-10-16T05:28:02.229+0000] {logging_mixin.py:190} INFO - Fetched 320000 records.
[2024-10-16T05:28:04.465+0000] {logging_mixin.py:190} INFO - Fetched 325000 records.
[2024-10-16T05:28:08.689+0000] {logging_mixin.py:190} INFO - Fetched 330000 records.
[2024-10-16T05:28:11.017+0000] {logging_mixin.py:190} INFO - Fetched 335000 records.
[2024-10-16T05:28:13.277+0000] {logging_mixin.py:190} INFO - Fetched 340000 records.
[2024-10-16T05:28:15.720+0000] {logging_mixin.py:190} INFO - Fetched 345000 records.
[2024-10-16T05:28:18.164+0000] {logging_mixin.py:190} INFO - Fetched 350000 records.
[2024-10-16T05:28:20.387+0000] {logging_mixin.py:190} INFO - Fetched 355000 records.
[2024-10-16T05:28:22.587+0000] {logging_mixin.py:190} INFO - Fetched 360000 records.
[2024-10-16T05:28:24.779+0000] {logging_mixin.py:190} INFO - Fetched 365000 records.
[2024-10-16T05:28:27.067+0000] {logging_mixin.py:190} INFO - Fetched 370000 records.
[2024-10-16T05:28:29.184+0000] {logging_mixin.py:190} INFO - Fetched 375000 records.
[2024-10-16T05:28:31.293+0000] {logging_mixin.py:190} INFO - Fetched 380000 records.
[2024-10-16T05:28:33.619+0000] {logging_mixin.py:190} INFO - Fetched 385000 records.
[2024-10-16T05:28:36.295+0000] {logging_mixin.py:190} INFO - Fetched 390000 records.
[2024-10-16T05:28:38.654+0000] {logging_mixin.py:190} INFO - Fetched 395000 records.
[2024-10-16T05:28:40.827+0000] {logging_mixin.py:190} INFO - Fetched 400000 records.
[2024-10-16T05:28:43.024+0000] {logging_mixin.py:190} INFO - Fetched 405000 records.
[2024-10-16T05:28:45.725+0000] {logging_mixin.py:190} INFO - Fetched 410000 records.
[2024-10-16T05:28:48.103+0000] {logging_mixin.py:190} INFO - Fetched 415000 records.
[2024-10-16T05:28:50.492+0000] {logging_mixin.py:190} INFO - Fetched 420000 records.
[2024-10-16T05:28:52.697+0000] {logging_mixin.py:190} INFO - Fetched 425000 records.
[2024-10-16T05:28:54.954+0000] {logging_mixin.py:190} INFO - Fetched 430000 records.
[2024-10-16T05:28:57.313+0000] {logging_mixin.py:190} INFO - Fetched 435000 records.
[2024-10-16T05:28:59.808+0000] {logging_mixin.py:190} INFO - Fetched 440000 records.
[2024-10-16T05:29:02.576+0000] {logging_mixin.py:190} INFO - Fetched 445000 records.
[2024-10-16T05:29:04.938+0000] {logging_mixin.py:190} INFO - Fetched 450000 records.
[2024-10-16T05:29:07.128+0000] {logging_mixin.py:190} INFO - Fetched 455000 records.
[2024-10-16T05:29:09.893+0000] {logging_mixin.py:190} INFO - Fetched 460000 records.
[2024-10-16T05:29:12.449+0000] {logging_mixin.py:190} INFO - Fetched 465000 records.
[2024-10-16T05:29:14.720+0000] {logging_mixin.py:190} INFO - Fetched 470000 records.
[2024-10-16T05:29:17.418+0000] {logging_mixin.py:190} INFO - Fetched 475000 records.
[2024-10-16T05:29:19.749+0000] {logging_mixin.py:190} INFO - Fetched 480000 records.
[2024-10-16T05:29:22.587+0000] {logging_mixin.py:190} INFO - Fetched 485000 records.
[2024-10-16T05:29:24.741+0000] {logging_mixin.py:190} INFO - Fetched 490000 records.
[2024-10-16T05:29:26.998+0000] {logging_mixin.py:190} INFO - Fetched 495000 records.
[2024-10-16T05:29:29.200+0000] {logging_mixin.py:190} INFO - Fetched 500000 records.
[2024-10-16T05:29:31.208+0000] {logging_mixin.py:190} INFO - Fetched 505000 records.
[2024-10-16T05:29:33.435+0000] {logging_mixin.py:190} INFO - Fetched 510000 records.
[2024-10-16T05:29:35.500+0000] {logging_mixin.py:190} INFO - Fetched 515000 records.
[2024-10-16T05:29:37.620+0000] {logging_mixin.py:190} INFO - Fetched 520000 records.
[2024-10-16T05:29:39.562+0000] {logging_mixin.py:190} INFO - Fetched 525000 records.
[2024-10-16T05:29:41.598+0000] {logging_mixin.py:190} INFO - Fetched 530000 records.
[2024-10-16T05:29:43.996+0000] {logging_mixin.py:190} INFO - Fetched 535000 records.
[2024-10-16T05:29:46.427+0000] {logging_mixin.py:190} INFO - Fetched 540000 records.
[2024-10-16T05:29:48.717+0000] {logging_mixin.py:190} INFO - Fetched 545000 records.
[2024-10-16T05:29:51.432+0000] {logging_mixin.py:190} INFO - Fetched 550000 records.
[2024-10-16T05:29:53.800+0000] {logging_mixin.py:190} INFO - Fetched 555000 records.
[2024-10-16T05:29:56.353+0000] {logging_mixin.py:190} INFO - Fetched 560000 records.
[2024-10-16T05:30:00.067+0000] {logging_mixin.py:190} INFO - Fetched 565000 records.
[2024-10-16T05:30:02.732+0000] {logging_mixin.py:190} INFO - Fetched 570000 records.
[2024-10-16T05:30:05.121+0000] {logging_mixin.py:190} INFO - Fetched 575000 records.
[2024-10-16T05:30:07.825+0000] {logging_mixin.py:190} INFO - Fetched 580000 records.
[2024-10-16T05:30:10.312+0000] {logging_mixin.py:190} INFO - Fetched 585000 records.
[2024-10-16T05:30:13.094+0000] {logging_mixin.py:190} INFO - Fetched 590000 records.
[2024-10-16T05:30:15.725+0000] {logging_mixin.py:190} INFO - Fetched 595000 records.
[2024-10-16T05:30:18.212+0000] {logging_mixin.py:190} INFO - Fetched 600000 records.
[2024-10-16T05:30:20.856+0000] {logging_mixin.py:190} INFO - Fetched 605000 records.
[2024-10-16T05:30:23.496+0000] {logging_mixin.py:190} INFO - Fetched 610000 records.
[2024-10-16T05:30:25.896+0000] {logging_mixin.py:190} INFO - Fetched 615000 records.
[2024-10-16T05:30:28.181+0000] {logging_mixin.py:190} INFO - Fetched 620000 records.
[2024-10-16T05:30:30.695+0000] {logging_mixin.py:190} INFO - Fetched 625000 records.
[2024-10-16T05:30:33.064+0000] {logging_mixin.py:190} INFO - Fetched 630000 records.
[2024-10-16T05:30:36.460+0000] {logging_mixin.py:190} INFO - Fetched 635000 records.
[2024-10-16T05:30:39.057+0000] {logging_mixin.py:190} INFO - Fetched 640000 records.
[2024-10-16T05:30:41.778+0000] {logging_mixin.py:190} INFO - Fetched 645000 records.
[2024-10-16T05:30:44.886+0000] {logging_mixin.py:190} INFO - Fetched 650000 records.
[2024-10-16T05:30:47.489+0000] {logging_mixin.py:190} INFO - Fetched 655000 records.
[2024-10-16T05:30:49.976+0000] {logging_mixin.py:190} INFO - Fetched 660000 records.
[2024-10-16T05:30:52.428+0000] {logging_mixin.py:190} INFO - Fetched 665000 records.
[2024-10-16T05:30:55.176+0000] {logging_mixin.py:190} INFO - Fetched 670000 records.
[2024-10-16T05:30:57.628+0000] {logging_mixin.py:190} INFO - Fetched 675000 records.
[2024-10-16T05:31:00.288+0000] {logging_mixin.py:190} INFO - Fetched 680000 records.
[2024-10-16T05:31:02.750+0000] {logging_mixin.py:190} INFO - Fetched 685000 records.
[2024-10-16T05:31:05.838+0000] {logging_mixin.py:190} INFO - Fetched 690000 records.
[2024-10-16T05:31:08.368+0000] {logging_mixin.py:190} INFO - Fetched 695000 records.
[2024-10-16T05:31:10.823+0000] {logging_mixin.py:190} INFO - Fetched 700000 records.
[2024-10-16T05:31:13.258+0000] {logging_mixin.py:190} INFO - Fetched 705000 records.
[2024-10-16T05:31:15.821+0000] {logging_mixin.py:190} INFO - Fetched 710000 records.
[2024-10-16T05:31:18.567+0000] {logging_mixin.py:190} INFO - Fetched 715000 records.
[2024-10-16T05:31:20.788+0000] {logging_mixin.py:190} INFO - Fetched 720000 records.
[2024-10-16T05:31:23.196+0000] {logging_mixin.py:190} INFO - Fetched 725000 records.
[2024-10-16T05:31:26.166+0000] {logging_mixin.py:190} INFO - Fetched 730000 records.
[2024-10-16T05:31:28.949+0000] {logging_mixin.py:190} INFO - Fetched 735000 records.
[2024-10-16T05:31:31.595+0000] {logging_mixin.py:190} INFO - Fetched 740000 records.
[2024-10-16T05:31:39.904+0000] {logging_mixin.py:190} INFO - Fetched 745000 records.
[2024-10-16T05:31:54.483+0000] {logging_mixin.py:190} INFO - Fetched 750000 records.
[2024-10-16T05:32:05.970+0000] {logging_mixin.py:190} INFO - Fetched 755000 records.
[2024-10-16T05:32:15.868+0000] {logging_mixin.py:190} INFO - Fetched 760000 records.
[2024-10-16T05:32:24.592+0000] {logging_mixin.py:190} INFO - Fetched 765000 records.
[2024-10-16T05:32:34.649+0000] {logging_mixin.py:190} INFO - Fetched 770000 records.
[2024-10-16T05:32:43.109+0000] {logging_mixin.py:190} INFO - Fetched 775000 records.
[2024-10-16T05:32:51.113+0000] {logging_mixin.py:190} INFO - Fetched 780000 records.
[2024-10-16T05:32:59.238+0000] {logging_mixin.py:190} INFO - Fetched 785000 records.
[2024-10-16T05:33:10.635+0000] {logging_mixin.py:190} INFO - Fetched 790000 records.
[2024-10-16T05:33:21.494+0000] {logging_mixin.py:190} INFO - Fetched 795000 records.
[2024-10-16T05:33:29.835+0000] {logging_mixin.py:190} INFO - Fetched 800000 records.
[2024-10-16T05:33:42.979+0000] {logging_mixin.py:190} INFO - Fetched 805000 records.
[2024-10-16T05:33:51.636+0000] {logging_mixin.py:190} INFO - Fetched 810000 records.
[2024-10-16T05:34:03.585+0000] {logging_mixin.py:190} INFO - Fetched 815000 records.
[2024-10-16T05:34:15.919+0000] {logging_mixin.py:190} INFO - Fetched 820000 records.
[2024-10-16T05:34:19.404+0000] {logging_mixin.py:190} INFO - Fetched 825000 records.
[2024-10-16T05:34:27.780+0000] {logging_mixin.py:190} INFO - Fetched 830000 records.
[2024-10-16T05:34:34.993+0000] {logging_mixin.py:190} INFO - Fetched 835000 records.
[2024-10-16T05:34:44.182+0000] {logging_mixin.py:190} INFO - Fetched 840000 records.
[2024-10-16T05:34:56.553+0000] {logging_mixin.py:190} INFO - Fetched 845000 records.
[2024-10-16T05:35:05.116+0000] {logging_mixin.py:190} INFO - Fetched 850000 records.
[2024-10-16T05:35:13.568+0000] {logging_mixin.py:190} INFO - Fetched 855000 records.
[2024-10-16T05:35:21.253+0000] {logging_mixin.py:190} INFO - Fetched 860000 records.
[2024-10-16T05:35:30.599+0000] {logging_mixin.py:190} INFO - Fetched 865000 records.
[2024-10-16T05:35:43.653+0000] {logging_mixin.py:190} INFO - Fetched 870000 records.
[2024-10-16T05:35:51.964+0000] {logging_mixin.py:190} INFO - Fetched 875000 records.
[2024-10-16T05:36:00.604+0000] {logging_mixin.py:190} INFO - Fetched 880000 records.
[2024-10-16T05:36:12.431+0000] {logging_mixin.py:190} INFO - Fetched 885000 records.
[2024-10-16T05:36:25.055+0000] {logging_mixin.py:190} INFO - Fetched 890000 records.
[2024-10-16T05:36:33.801+0000] {logging_mixin.py:190} INFO - Fetched 895000 records.
[2024-10-16T05:36:45.760+0000] {logging_mixin.py:190} INFO - Fetched 900000 records.
[2024-10-16T05:36:58.281+0000] {logging_mixin.py:190} INFO - Fetched 905000 records.
[2024-10-16T05:37:10.464+0000] {logging_mixin.py:190} INFO - Fetched 910000 records.
[2024-10-16T05:37:18.471+0000] {logging_mixin.py:190} INFO - Fetched 915000 records.
[2024-10-16T05:37:26.507+0000] {logging_mixin.py:190} INFO - Fetched 920000 records.
[2024-10-16T05:37:38.675+0000] {logging_mixin.py:190} INFO - Fetched 925000 records.
[2024-10-16T05:37:51.181+0000] {logging_mixin.py:190} INFO - Fetched 930000 records.
[2024-10-16T05:38:02.143+0000] {logging_mixin.py:190} INFO - Fetched 935000 records.
[2024-10-16T05:38:10.071+0000] {logging_mixin.py:190} INFO - Fetched 940000 records.
[2024-10-16T05:38:19.152+0000] {logging_mixin.py:190} INFO - Fetched 945000 records.
[2024-10-16T05:38:30.617+0000] {logging_mixin.py:190} INFO - Fetched 950000 records.
[2024-10-16T05:38:41.358+0000] {logging_mixin.py:190} INFO - Fetched 955000 records.
[2024-10-16T05:38:50.339+0000] {logging_mixin.py:190} INFO - Fetched 960000 records.
[2024-10-16T05:39:04.536+0000] {logging_mixin.py:190} INFO - Fetched 965000 records.
[2024-10-16T05:39:17.094+0000] {logging_mixin.py:190} INFO - Fetched 970000 records.
[2024-10-16T05:39:26.307+0000] {logging_mixin.py:190} INFO - Fetched 975000 records.
[2024-10-16T05:39:34.734+0000] {logging_mixin.py:190} INFO - Fetched 980000 records.
[2024-10-16T05:39:46.315+0000] {logging_mixin.py:190} INFO - Fetched 985000 records.
[2024-10-16T05:39:54.949+0000] {logging_mixin.py:190} INFO - Fetched 990000 records.
[2024-10-16T05:40:04.609+0000] {logging_mixin.py:190} INFO - Fetched 995000 records.
[2024-10-16T05:40:14.730+0000] {logging_mixin.py:190} INFO - Fetched 1000000 records.
[2024-10-16T05:40:25.536+0000] {logging_mixin.py:190} INFO - Fetched 1005000 records.
[2024-10-16T05:40:37.892+0000] {logging_mixin.py:190} INFO - Fetched 1010000 records.
[2024-10-16T05:40:46.771+0000] {logging_mixin.py:190} INFO - Fetched 1015000 records.
[2024-10-16T05:40:55.733+0000] {logging_mixin.py:190} INFO - Fetched 1020000 records.
[2024-10-16T05:41:05.149+0000] {logging_mixin.py:190} INFO - Fetched 1025000 records.
[2024-10-16T05:41:16.259+0000] {logging_mixin.py:190} INFO - Fetched 1030000 records.
[2024-10-16T05:41:28.210+0000] {logging_mixin.py:190} INFO - Fetched 1035000 records.
[2024-10-16T05:41:37.987+0000] {logging_mixin.py:190} INFO - Fetched 1040000 records.
[2024-10-16T05:41:49.022+0000] {logging_mixin.py:190} INFO - Fetched 1045000 records.
[2024-10-16T05:42:04.660+0000] {logging_mixin.py:190} INFO - Fetched 1050000 records.
[2024-10-16T05:42:17.250+0000] {logging_mixin.py:190} INFO - Fetched 1055000 records.
[2024-10-16T05:42:27.181+0000] {logging_mixin.py:190} INFO - Fetched 1060000 records.
[2024-10-16T05:42:42.267+0000] {logging_mixin.py:190} INFO - Fetched 1065000 records.
[2024-10-16T05:42:53.028+0000] {logging_mixin.py:190} INFO - Fetched 1070000 records.
[2024-10-16T05:43:02.740+0000] {logging_mixin.py:190} INFO - Fetched 1075000 records.
[2024-10-16T05:43:13.732+0000] {logging_mixin.py:190} INFO - Fetched 1080000 records.
[2024-10-16T05:43:23.536+0000] {logging_mixin.py:190} INFO - Fetched 1085000 records.
[2024-10-16T05:43:32.136+0000] {logging_mixin.py:190} INFO - Fetched 1090000 records.
[2024-10-16T05:43:40.846+0000] {logging_mixin.py:190} INFO - Fetched 1095000 records.
[2024-10-16T05:43:50.277+0000] {logging_mixin.py:190} INFO - Fetched 1100000 records.
[2024-10-16T05:44:02.785+0000] {logging_mixin.py:190} INFO - Fetched 1105000 records.
[2024-10-16T05:44:15.415+0000] {logging_mixin.py:190} INFO - Fetched 1110000 records.
[2024-10-16T05:44:25.000+0000] {logging_mixin.py:190} INFO - Fetched 1115000 records.
[2024-10-16T05:44:35.658+0000] {logging_mixin.py:190} INFO - Fetched 1120000 records.
[2024-10-16T05:44:44.751+0000] {logging_mixin.py:190} INFO - Fetched 1125000 records.
[2024-10-16T05:44:57.753+0000] {logging_mixin.py:190} INFO - Fetched 1130000 records.
[2024-10-16T05:45:07.725+0000] {logging_mixin.py:190} INFO - Fetched 1135000 records.
[2024-10-16T05:45:21.243+0000] {logging_mixin.py:190} INFO - Fetched 1140000 records.
[2024-10-16T05:45:37.059+0000] {logging_mixin.py:190} INFO - Fetched 1145000 records.
[2024-10-16T05:45:54.263+0000] {logging_mixin.py:190} INFO - Fetched 1150000 records.
[2024-10-16T05:46:07.478+0000] {logging_mixin.py:190} INFO - Fetched 1155000 records.
[2024-10-16T05:46:22.249+0000] {logging_mixin.py:190} INFO - Fetched 1160000 records.
[2024-10-16T05:46:57.083+0000] {logging_mixin.py:190} INFO - Fetched 1165000 records.
[2024-10-16T05:47:31.844+0000] {logging_mixin.py:190} INFO - Fetched 1170000 records.
[2024-10-16T05:48:11.081+0000] {logging_mixin.py:190} INFO - Fetched 1175000 records.
[2024-10-16T05:48:52.998+0000] {logging_mixin.py:190} INFO - Fetched 1180000 records.
[2024-10-16T05:49:31.127+0000] {logging_mixin.py:190} INFO - Fetched 1185000 records.
[2024-10-16T05:50:12.691+0000] {taskinstance.py:3310} ERROR - Task failed with exception
Traceback (most recent call last):
  File "/home/airflow/.local/lib/python3.12/site-packages/airflow/models/taskinstance.py", line 767, in _execute_task
    result = _execute_callable(context=context, **execute_callable_kwargs)
             ^^^^^^^^^^^^^^^^^^^^^^^^^^^^^^^^^^^^^^^^^^^^^^^^^^^^^^^^^^^^^
  File "/home/airflow/.local/lib/python3.12/site-packages/airflow/models/taskinstance.py", line 733, in _execute_callable
    return ExecutionCallableRunner(
           ^^^^^^^^^^^^^^^^^^^^^^^^
  File "/home/airflow/.local/lib/python3.12/site-packages/airflow/utils/operator_helpers.py", line 252, in run
    return self.func(*args, **kwargs)
           ^^^^^^^^^^^^^^^^^^^^^^^^^^
  File "/home/airflow/.local/lib/python3.12/site-packages/airflow/models/baseoperator.py", line 406, in wrapper
    return func(self, *args, **kwargs)
           ^^^^^^^^^^^^^^^^^^^^^^^^^^^
  File "/home/airflow/.local/lib/python3.12/site-packages/airflow/operators/python.py", line 238, in execute
    return_value = self.execute_callable()
                   ^^^^^^^^^^^^^^^^^^^^^^^
  File "/home/airflow/.local/lib/python3.12/site-packages/airflow/operators/python.py", line 256, in execute_callable
    return runner.run(*self.op_args, **self.op_kwargs)
           ^^^^^^^^^^^^^^^^^^^^^^^^^^^^^^^^^^^^^^^^^^^
  File "/home/airflow/.local/lib/python3.12/site-packages/airflow/utils/operator_helpers.py", line 252, in run
    return self.func(*args, **kwargs)
           ^^^^^^^^^^^^^^^^^^^^^^^^^^
  File "/opt/airflow/dags/functions.py", line 85, in process_api_calls
    data = fetch_data(call, api_key, no_of_records=call.get("no_of_records"))
           ^^^^^^^^^^^^^^^^^^^^^^^^^^^^^^^^^^^^^^^^^^^^^^^^^^^^^^^^^^^^^^^^^^
  File "/opt/airflow/dags/functions.py", line 26, in fetch_data
    response.raise_for_status()
  File "/home/airflow/.local/lib/python3.12/site-packages/requests/models.py", line 1024, in raise_for_status
    raise HTTPError(http_error_msg, response=self)
requests.exceptions.HTTPError: 503 Server Error: Service Unavailable for url: https://api.eia.gov/v2/electricity/rto/daily-fuel-type-data/data/?frequency=daily&data%5B0%5D=value&api_key=***&offset=1185000
[2024-10-16T05:50:13.843+0000] {logging_mixin.py:190} INFO - Task instance in failure state
[2024-10-16T05:50:13.846+0000] {logging_mixin.py:190} INFO - Task start:2024-10-16 05:25:05.133136+00:00 end:2024-10-16 05:50:13.722746+00:00 duration:1508.58961
[2024-10-16T05:50:13.870+0000] {logging_mixin.py:190} INFO - Task:<Task(PythonOperator): fetch_and_store_data> dag:<DAG: eia_data_ingestion> dagrun:<DagRun eia_data_ingestion @ 2024-10-15 00:00:00+00:00: scheduled__2024-10-15T00:00:00+00:00, state:running, queued_at: 2024-10-16 05:01:21.701002+00:00. externally triggered: False>
[2024-10-16T05:50:13.872+0000] {logging_mixin.py:190} INFO - Failure caused by 503 Server Error: Service Unavailable for url: https://api.eia.gov/v2/electricity/rto/daily-fuel-type-data/data/?frequency=daily&data%5B0%5D=value&api_key=***&offset=1185000
[2024-10-16T05:50:13.875+0000] {taskinstance.py:1225} INFO - Marking task as FAILED. dag_id=eia_data_ingestion, task_id=fetch_and_store_data, run_id=scheduled__2024-10-15T00:00:00+00:00, execution_date=20241015T000000, start_date=20241016T052505, end_date=20241016T055013
[2024-10-16T05:50:14.416+0000] {taskinstance.py:340} INFO - ::group::Post task execution logs
[2024-10-16T05:50:14.448+0000] {standard_task_runner.py:124} ERROR - Failed to execute job 79 for task fetch_and_store_data (503 Server Error: Service Unavailable for url: https://api.eia.gov/v2/electricity/rto/daily-fuel-type-data/data/?frequency=daily&data%5B0%5D=value&api_key=***&offset=1185000; 380)
Traceback (most recent call last):
  File "/home/airflow/.local/lib/python3.12/site-packages/airflow/task/task_runner/standard_task_runner.py", line 117, in _start_by_fork
    ret = args.func(args, dag=self.dag)
          ^^^^^^^^^^^^^^^^^^^^^^^^^^^^^
  File "/home/airflow/.local/lib/python3.12/site-packages/airflow/cli/cli_config.py", line 49, in command
    return func(*args, **kwargs)
           ^^^^^^^^^^^^^^^^^^^^^
  File "/home/airflow/.local/lib/python3.12/site-packages/airflow/utils/cli.py", line 115, in wrapper
    return f(*args, **kwargs)
           ^^^^^^^^^^^^^^^^^^
  File "/home/airflow/.local/lib/python3.12/site-packages/airflow/cli/commands/task_command.py", line 483, in task_run
    task_return_code = _run_task_by_selected_method(args, _dag, ti)
                       ^^^^^^^^^^^^^^^^^^^^^^^^^^^^^^^^^^^^^^^^^^^^
  File "/home/airflow/.local/lib/python3.12/site-packages/airflow/cli/commands/task_command.py", line 256, in _run_task_by_selected_method
    return _run_raw_task(args, ti)
           ^^^^^^^^^^^^^^^^^^^^^^^
  File "/home/airflow/.local/lib/python3.12/site-packages/airflow/cli/commands/task_command.py", line 341, in _run_raw_task
    return ti._run_raw_task(
           ^^^^^^^^^^^^^^^^^
  File "/home/airflow/.local/lib/python3.12/site-packages/airflow/utils/session.py", line 97, in wrapper
    return func(*args, session=session, **kwargs)
           ^^^^^^^^^^^^^^^^^^^^^^^^^^^^^^^^^^^^^^
  File "/home/airflow/.local/lib/python3.12/site-packages/airflow/models/taskinstance.py", line 3004, in _run_raw_task
    return _run_raw_task(
           ^^^^^^^^^^^^^^
  File "/home/airflow/.local/lib/python3.12/site-packages/airflow/models/taskinstance.py", line 273, in _run_raw_task
    TaskInstance._execute_task_with_callbacks(
  File "/home/airflow/.local/lib/python3.12/site-packages/airflow/models/taskinstance.py", line 3158, in _execute_task_with_callbacks
    result = self._execute_task(context, task_orig)
             ^^^^^^^^^^^^^^^^^^^^^^^^^^^^^^^^^^^^^^
  File "/home/airflow/.local/lib/python3.12/site-packages/airflow/models/taskinstance.py", line 3182, in _execute_task
    return _execute_task(self, context, task_orig)
           ^^^^^^^^^^^^^^^^^^^^^^^^^^^^^^^^^^^^^^^
  File "/home/airflow/.local/lib/python3.12/site-packages/airflow/models/taskinstance.py", line 767, in _execute_task
    result = _execute_callable(context=context, **execute_callable_kwargs)
             ^^^^^^^^^^^^^^^^^^^^^^^^^^^^^^^^^^^^^^^^^^^^^^^^^^^^^^^^^^^^^
  File "/home/airflow/.local/lib/python3.12/site-packages/airflow/models/taskinstance.py", line 733, in _execute_callable
    return ExecutionCallableRunner(
           ^^^^^^^^^^^^^^^^^^^^^^^^
  File "/home/airflow/.local/lib/python3.12/site-packages/airflow/utils/operator_helpers.py", line 252, in run
    return self.func(*args, **kwargs)
           ^^^^^^^^^^^^^^^^^^^^^^^^^^
  File "/home/airflow/.local/lib/python3.12/site-packages/airflow/models/baseoperator.py", line 406, in wrapper
    return func(self, *args, **kwargs)
           ^^^^^^^^^^^^^^^^^^^^^^^^^^^
  File "/home/airflow/.local/lib/python3.12/site-packages/airflow/operators/python.py", line 238, in execute
    return_value = self.execute_callable()
                   ^^^^^^^^^^^^^^^^^^^^^^^
  File "/home/airflow/.local/lib/python3.12/site-packages/airflow/operators/python.py", line 256, in execute_callable
    return runner.run(*self.op_args, **self.op_kwargs)
           ^^^^^^^^^^^^^^^^^^^^^^^^^^^^^^^^^^^^^^^^^^^
  File "/home/airflow/.local/lib/python3.12/site-packages/airflow/utils/operator_helpers.py", line 252, in run
    return self.func(*args, **kwargs)
           ^^^^^^^^^^^^^^^^^^^^^^^^^^
  File "/opt/airflow/dags/functions.py", line 85, in process_api_calls
    data = fetch_data(call, api_key, no_of_records=call.get("no_of_records"))
           ^^^^^^^^^^^^^^^^^^^^^^^^^^^^^^^^^^^^^^^^^^^^^^^^^^^^^^^^^^^^^^^^^^
  File "/opt/airflow/dags/functions.py", line 26, in fetch_data
    response.raise_for_status()
  File "/home/airflow/.local/lib/python3.12/site-packages/requests/models.py", line 1024, in raise_for_status
    raise HTTPError(http_error_msg, response=self)
requests.exceptions.HTTPError: 503 Server Error: Service Unavailable for url: https://api.eia.gov/v2/electricity/rto/daily-fuel-type-data/data/?frequency=daily&data%5B0%5D=value&api_key=***&offset=1185000
[2024-10-16T05:50:14.936+0000] {local_task_job_runner.py:266} INFO - Task exited with return code 1
[2024-10-16T05:50:15.497+0000] {standard_task_runner.py:217} INFO - Process not found (most likely exited), stop collecting metrics
[2024-10-16T05:50:15.575+0000] {taskinstance.py:3900} INFO - 0 downstream tasks scheduled from follow-on schedule check
[2024-10-16T05:50:15.583+0000] {local_task_job_runner.py:245} INFO - ::endgroup::
