[2024-10-16T05:01:46.133+0000] {local_task_job_runner.py:123} INFO - ::group::Pre task execution logs
[2024-10-16T05:01:46.216+0000] {taskinstance.py:2612} INFO - Dependencies all met for dep_context=non-requeueable deps ti=<TaskInstance: eia_data_pipeline.fetch_api3_data scheduled__2024-10-15T00:00:00+00:00 [queued]>
[2024-10-16T05:01:46.296+0000] {taskinstance.py:2612} INFO - Dependencies all met for dep_context=requeueable deps ti=<TaskInstance: eia_data_pipeline.fetch_api3_data scheduled__2024-10-15T00:00:00+00:00 [queued]>
[2024-10-16T05:01:46.323+0000] {taskinstance.py:2865} INFO - Starting attempt 1 of 2
[2024-10-16T05:01:46.576+0000] {taskinstance.py:2888} INFO - Executing <Task(PythonOperator): fetch_api3_data> on 2024-10-15 00:00:00+00:00
[2024-10-16T05:01:47.522+0000] {warnings.py:112} WARNING - /home/***/.local/lib/python3.12/site-packages/***/task/task_runner/standard_task_runner.py:70: DeprecationWarning: This process (pid=83) is multi-threaded, use of fork() may lead to deadlocks in the child.
  pid = os.fork()

[2024-10-16T05:01:47.531+0000] {standard_task_runner.py:72} INFO - Started process 101 to run task
[2024-10-16T05:01:47.531+0000] {standard_task_runner.py:104} INFO - Running: ['***', 'tasks', 'run', 'eia_data_pipeline', 'fetch_api3_data', 'scheduled__2024-10-15T00:00:00+00:00', '--job-id', '75', '--raw', '--subdir', 'DAGS_FOLDER/new_dag.py', '--cfg-path', '/tmp/tmp2nqxgzqb']
[2024-10-16T05:01:47.537+0000] {standard_task_runner.py:105} INFO - Job 75: Subtask fetch_api3_data
[2024-10-16T05:01:47.888+0000] {task_command.py:467} INFO - Running <TaskInstance: eia_data_pipeline.fetch_api3_data scheduled__2024-10-15T00:00:00+00:00 [running]> on host 7aa864b16460
[2024-10-16T05:01:48.333+0000] {taskinstance.py:3131} INFO - Exporting env vars: AIRFLOW_CTX_DAG_OWNER='***' AIRFLOW_CTX_DAG_ID='eia_data_pipeline' AIRFLOW_CTX_TASK_ID='fetch_api3_data' AIRFLOW_CTX_EXECUTION_DATE='2024-10-15T00:00:00+00:00' AIRFLOW_CTX_TRY_NUMBER='1' AIRFLOW_CTX_DAG_RUN_ID='scheduled__2024-10-15T00:00:00+00:00'
[2024-10-16T05:01:48.342+0000] {logging_mixin.py:190} INFO - Task instance is in running state
[2024-10-16T05:01:48.344+0000] {logging_mixin.py:190} INFO -  Previous state of the Task instance: queued
[2024-10-16T05:01:48.347+0000] {logging_mixin.py:190} INFO - Current task name:fetch_api3_data state:running start_date:2024-10-16 05:01:46.220468+00:00
[2024-10-16T05:01:48.349+0000] {logging_mixin.py:190} INFO - Dag name:eia_data_pipeline and current dag run status:running
[2024-10-16T05:01:48.350+0000] {taskinstance.py:731} INFO - ::endgroup::
[2024-10-16T05:01:54.410+0000] {logging_mixin.py:190} INFO -     period       productName activityName               unitName        value
5     1999             Solar   Generation  billion kilowatthours   .587031853
7     1986              Wind   Generation  billion kilowatthours    .00418872
8     2011  Hydroelectricity     Capacity      million kilowatts       78.652
11    2015             Solar   Generation  billion kilowatthours  39.03217093
25    1990  Hydroelectricity   Generation  billion kilowatthours   292.865846
..     ...               ...          ...                    ...          ...
600   2019  Hydroelectricity     Capacity      million kilowatts      79.7731
605   2019              Wind     Capacity      million kilowatts     103.5712
606   2008             Solar     Capacity      million kilowatts         .536
607   2013             Solar     Capacity      million kilowatts       6.6225
608   2016             Solar   Generation  billion kilowatthours  54.86649177

[235 rows x 5 columns] stored in MySQL
[2024-10-16T05:01:54.413+0000] {python.py:240} INFO - Done. Returned value was: None
[2024-10-16T05:01:54.431+0000] {taskinstance.py:340} INFO - ::group::Post task execution logs
[2024-10-16T05:01:54.432+0000] {taskinstance.py:352} INFO - Marking task as SUCCESS. dag_id=eia_data_pipeline, task_id=fetch_api3_data, run_id=scheduled__2024-10-15T00:00:00+00:00, execution_date=20241015T000000, start_date=20241016T050146, end_date=20241016T050154
[2024-10-16T05:01:54.454+0000] {logging_mixin.py:190} INFO - Task instance in success state
[2024-10-16T05:01:54.455+0000] {logging_mixin.py:190} INFO -  Previous state of the Task instance: running
[2024-10-16T05:01:54.457+0000] {logging_mixin.py:190} INFO - Dag name:eia_data_pipeline queued_at:2024-10-16 05:01:21.610292+00:00
[2024-10-16T05:01:54.458+0000] {logging_mixin.py:190} INFO - Task hostname:7aa864b16460 operator:PythonOperator
[2024-10-16T05:01:54.512+0000] {local_task_job_runner.py:266} INFO - Task exited with return code 0
[2024-10-16T05:01:54.547+0000] {taskinstance.py:3900} INFO - 0 downstream tasks scheduled from follow-on schedule check
[2024-10-16T05:01:54.552+0000] {local_task_job_runner.py:245} INFO - ::endgroup::
