[2024-10-10T12:10:17.228+0000] {local_task_job_runner.py:123} INFO - ::group::Pre task execution logs
[2024-10-10T12:10:17.259+0000] {taskinstance.py:2612} INFO - Dependencies all met for dep_context=non-requeueable deps ti=<TaskInstance: eia_data_pipeline.fetch_api3_data manual__2024-10-10T12:10:07.258629+00:00 [queued]>
[2024-10-10T12:10:17.274+0000] {taskinstance.py:2612} INFO - Dependencies all met for dep_context=requeueable deps ti=<TaskInstance: eia_data_pipeline.fetch_api3_data manual__2024-10-10T12:10:07.258629+00:00 [queued]>
[2024-10-10T12:10:17.275+0000] {taskinstance.py:2865} INFO - Starting attempt 1 of 2
[2024-10-10T12:10:17.301+0000] {taskinstance.py:2888} INFO - Executing <Task(PythonOperator): fetch_api3_data> on 2024-10-10 12:10:07.258629+00:00
[2024-10-10T12:10:17.328+0000] {warnings.py:112} WARNING - /home/***/.local/lib/python3.12/site-packages/***/task/task_runner/standard_task_runner.py:70: DeprecationWarning: This process (pid=251) is multi-threaded, use of fork() may lead to deadlocks in the child.
  pid = os.fork()

[2024-10-10T12:10:17.344+0000] {standard_task_runner.py:72} INFO - Started process 257 to run task
[2024-10-10T12:10:17.343+0000] {standard_task_runner.py:104} INFO - Running: ['***', 'tasks', 'run', 'eia_data_pipeline', 'fetch_api3_data', 'manual__2024-10-10T12:10:07.258629+00:00', '--job-id', '12', '--raw', '--subdir', 'DAGS_FOLDER/new_dag.py', '--cfg-path', '/tmp/tmpwv0949ya']
[2024-10-10T12:10:17.348+0000] {standard_task_runner.py:105} INFO - Job 12: Subtask fetch_api3_data
[2024-10-10T12:10:17.992+0000] {task_command.py:467} INFO - Running <TaskInstance: eia_data_pipeline.fetch_api3_data manual__2024-10-10T12:10:07.258629+00:00 [running]> on host 5c7d7e3b152c
[2024-10-10T12:10:18.191+0000] {taskinstance.py:3131} INFO - Exporting env vars: AIRFLOW_CTX_DAG_OWNER='***' AIRFLOW_CTX_DAG_ID='eia_data_pipeline' AIRFLOW_CTX_TASK_ID='fetch_api3_data' AIRFLOW_CTX_EXECUTION_DATE='2024-10-10T12:10:07.258629+00:00' AIRFLOW_CTX_TRY_NUMBER='1' AIRFLOW_CTX_DAG_RUN_ID='manual__2024-10-10T12:10:07.258629+00:00'
[2024-10-10T12:10:18.194+0000] {logging_mixin.py:190} INFO - Task instance is in running state
[2024-10-10T12:10:18.196+0000] {logging_mixin.py:190} INFO -  Previous state of the Task instance: queued
[2024-10-10T12:10:18.199+0000] {logging_mixin.py:190} INFO - Current task name:fetch_api3_data state:running start_date:2024-10-10 12:10:17.260299+00:00
[2024-10-10T12:10:18.201+0000] {logging_mixin.py:190} INFO - Dag name:eia_data_pipeline and current dag run status:running
[2024-10-10T12:10:18.203+0000] {taskinstance.py:731} INFO - ::endgroup::
[2024-10-10T12:10:23.230+0000] {logging_mixin.py:190} INFO -     period productId  ...                  value  unit
0     2008        33  ...                  77.93    MK
1     2015       116  ...     4.9435211463133014  MTOE
2     1999        33  ...     27.474012476087373  MTOE
3     2009        33  ...  984361.47755126286182    TJ
4     2009        33  ...    23.5110699607632021  MTOE
..     ...       ...  ...                    ...   ...
605   2013        33  ...                   79.2    MK
606   1997       116  ...     1.6171124642006049  MTOE
607   1998        33  ...  1163960.0629236484905    TJ
608   2001        37  ...               6.737331  BKWH
609   2001        37  ...             .022987773  QBTU

[610 rows x 14 columns] stored in MySQL
[2024-10-10T12:10:23.231+0000] {python.py:240} INFO - Done. Returned value was: None
[2024-10-10T12:10:23.329+0000] {taskinstance.py:340} INFO - ::group::Post task execution logs
[2024-10-10T12:10:23.331+0000] {taskinstance.py:352} INFO - Marking task as SUCCESS. dag_id=eia_data_pipeline, task_id=fetch_api3_data, run_id=manual__2024-10-10T12:10:07.258629+00:00, execution_date=20241010T121007, start_date=20241010T121017, end_date=20241010T121023
[2024-10-10T12:10:23.360+0000] {logging_mixin.py:190} INFO - Task instance in success state
[2024-10-10T12:10:23.362+0000] {logging_mixin.py:190} INFO -  Previous state of the Task instance: running
[2024-10-10T12:10:23.364+0000] {logging_mixin.py:190} INFO - Dag name:eia_data_pipeline queued_at:2024-10-10 12:10:07.637416+00:00
[2024-10-10T12:10:23.365+0000] {logging_mixin.py:190} INFO - Task hostname:5c7d7e3b152c operator:PythonOperator
[2024-10-10T12:10:23.416+0000] {local_task_job_runner.py:266} INFO - Task exited with return code 0
[2024-10-10T12:10:23.490+0000] {taskinstance.py:3900} INFO - 0 downstream tasks scheduled from follow-on schedule check
[2024-10-10T12:10:23.497+0000] {local_task_job_runner.py:245} INFO - ::endgroup::
