[2024-10-11T12:50:37.707+0000] {local_task_job_runner.py:123} INFO - ::group::Pre task execution logs
[2024-10-11T12:50:37.936+0000] {taskinstance.py:2612} INFO - Dependencies all met for dep_context=non-requeueable deps ti=<TaskInstance: eia_data_pipeline.fetch_api1_data manual__2024-10-11T12:49:37.033310+00:00 [queued]>
[2024-10-11T12:50:41.684+0000] {taskinstance.py:2612} INFO - Dependencies all met for dep_context=requeueable deps ti=<TaskInstance: eia_data_pipeline.fetch_api1_data manual__2024-10-11T12:49:37.033310+00:00 [queued]>
[2024-10-11T12:50:41.694+0000] {taskinstance.py:2865} INFO - Starting attempt 1 of 2
[2024-10-11T12:50:41.816+0000] {taskinstance.py:2888} INFO - Executing <Task(PythonOperator): fetch_api1_data> on 2024-10-11 12:49:37.033310+00:00
[2024-10-11T12:50:41.984+0000] {warnings.py:112} WARNING - /home/***/.local/lib/python3.12/site-packages/***/task/task_runner/standard_task_runner.py:70: DeprecationWarning: This process (pid=237) is multi-threaded, use of fork() may lead to deadlocks in the child.
  pid = os.fork()

[2024-10-11T12:50:42.118+0000] {standard_task_runner.py:72} INFO - Started process 252 to run task
[2024-10-11T12:50:44.730+0000] {standard_task_runner.py:104} INFO - Running: ['***', 'tasks', 'run', 'eia_data_pipeline', 'fetch_api1_data', 'manual__2024-10-11T12:49:37.033310+00:00', '--job-id', '28', '--raw', '--subdir', 'DAGS_FOLDER/new_dag.py', '--cfg-path', '/tmp/tmpv32i4yf2']
[2024-10-11T12:50:44.777+0000] {standard_task_runner.py:105} INFO - Job 28: Subtask fetch_api1_data
[2024-10-11T12:50:47.839+0000] {job.py:229} INFO - Heartbeat recovered after 10.91 seconds
[2024-10-11T12:50:48.189+0000] {task_command.py:467} INFO - Running <TaskInstance: eia_data_pipeline.fetch_api1_data manual__2024-10-11T12:49:37.033310+00:00 [running]> on host c463a51db3fc
[2024-10-11T12:50:48.756+0000] {taskinstance.py:3131} INFO - Exporting env vars: AIRFLOW_CTX_DAG_OWNER='***' AIRFLOW_CTX_DAG_ID='eia_data_pipeline' AIRFLOW_CTX_TASK_ID='fetch_api1_data' AIRFLOW_CTX_EXECUTION_DATE='2024-10-11T12:49:37.033310+00:00' AIRFLOW_CTX_TRY_NUMBER='1' AIRFLOW_CTX_DAG_RUN_ID='manual__2024-10-11T12:49:37.033310+00:00'
[2024-10-11T12:50:48.809+0000] {logging_mixin.py:190} INFO - Task instance is in running state
[2024-10-11T12:50:48.811+0000] {logging_mixin.py:190} INFO -  Previous state of the Task instance: queued
[2024-10-11T12:50:48.814+0000] {logging_mixin.py:190} INFO - Current task name:fetch_api1_data state:running start_date:2024-10-11 12:50:37.938243+00:00
[2024-10-11T12:50:48.815+0000] {logging_mixin.py:190} INFO - Dag name:eia_data_pipeline and current dag run status:running
[2024-10-11T12:50:48.820+0000] {taskinstance.py:731} INFO - ::endgroup::
[2024-10-11T12:51:21.140+0000] {logging_mixin.py:190} INFO -       period sectorId  ...      value                 value-units
0       1983       EC  ...   9.314567  million metric tons of CO2
1       1983       EC  ...          0  million metric tons of CO2
2       1983       EC  ...   9.314567  million metric tons of CO2
3       1983       IC  ...    .018643  million metric tons of CO2
4       1983       IC  ...   1.595678  million metric tons of CO2
...      ...      ...  ...        ...                         ...
19995   1987       EC  ...  22.786042  million metric tons of CO2
19996   1987       IC  ...   1.605835  million metric tons of CO2
19997   1987       IC  ...   5.171343  million metric tons of CO2
19998   1987       IC  ...   3.644201  million metric tons of CO2
19999   1987       IC  ...  10.421379  million metric tons of CO2

[20000 rows x 9 columns] stored in MySQL
[2024-10-11T12:51:21.192+0000] {python.py:240} INFO - Done. Returned value was: None
[2024-10-11T12:51:21.222+0000] {taskinstance.py:340} INFO - ::group::Post task execution logs
[2024-10-11T12:51:21.224+0000] {taskinstance.py:352} INFO - Marking task as SUCCESS. dag_id=eia_data_pipeline, task_id=fetch_api1_data, run_id=manual__2024-10-11T12:49:37.033310+00:00, execution_date=20241011T124937, start_date=20241011T125037, end_date=20241011T125121
[2024-10-11T12:51:21.260+0000] {logging_mixin.py:190} INFO - Task instance in success state
[2024-10-11T12:51:21.262+0000] {logging_mixin.py:190} INFO -  Previous state of the Task instance: running
[2024-10-11T12:51:21.264+0000] {logging_mixin.py:190} INFO - Dag name:eia_data_pipeline queued_at:2024-10-11 12:49:37.330105+00:00
[2024-10-11T12:51:21.266+0000] {logging_mixin.py:190} INFO - Task hostname:c463a51db3fc operator:PythonOperator
[2024-10-11T12:51:21.376+0000] {local_task_job_runner.py:266} INFO - Task exited with return code 0
[2024-10-11T12:51:21.529+0000] {taskinstance.py:3900} INFO - 0 downstream tasks scheduled from follow-on schedule check
[2024-10-11T12:51:21.536+0000] {local_task_job_runner.py:245} INFO - ::endgroup::
