[2024-10-14T05:19:02.554+0000] {local_task_job_runner.py:123} INFO - ::group::Pre task execution logs
[2024-10-14T05:19:02.612+0000] {taskinstance.py:2612} INFO - Dependencies all met for dep_context=non-requeueable deps ti=<TaskInstance: eia_data_pipeline.fetch_api1_data scheduled__2024-10-13T00:00:00+00:00 [queued]>
[2024-10-14T05:19:02.648+0000] {taskinstance.py:2612} INFO - Dependencies all met for dep_context=requeueable deps ti=<TaskInstance: eia_data_pipeline.fetch_api1_data scheduled__2024-10-13T00:00:00+00:00 [queued]>
[2024-10-14T05:19:02.651+0000] {taskinstance.py:2865} INFO - Starting attempt 2 of 2
[2024-10-14T05:19:02.701+0000] {taskinstance.py:2888} INFO - Executing <Task(PythonOperator): fetch_api1_data> on 2024-10-13 00:00:00+00:00
[2024-10-14T05:19:02.787+0000] {warnings.py:112} WARNING - /home/***/.local/lib/python3.12/site-packages/***/task/task_runner/standard_task_runner.py:70: DeprecationWarning: This process (pid=100) is multi-threaded, use of fork() may lead to deadlocks in the child.
  pid = os.fork()

[2024-10-14T05:19:02.795+0000] {standard_task_runner.py:72} INFO - Started process 103 to run task
[2024-10-14T05:19:02.795+0000] {standard_task_runner.py:104} INFO - Running: ['***', 'tasks', 'run', 'eia_data_pipeline', 'fetch_api1_data', 'scheduled__2024-10-13T00:00:00+00:00', '--job-id', '40', '--raw', '--subdir', 'DAGS_FOLDER/new_dag.py', '--cfg-path', '/tmp/tmp9gusk_3d']
[2024-10-14T05:19:02.807+0000] {standard_task_runner.py:105} INFO - Job 40: Subtask fetch_api1_data
[2024-10-14T05:19:02.987+0000] {task_command.py:467} INFO - Running <TaskInstance: eia_data_pipeline.fetch_api1_data scheduled__2024-10-13T00:00:00+00:00 [running]> on host 7aa864b16460
[2024-10-14T05:19:03.356+0000] {taskinstance.py:3131} INFO - Exporting env vars: AIRFLOW_CTX_DAG_OWNER='***' AIRFLOW_CTX_DAG_ID='eia_data_pipeline' AIRFLOW_CTX_TASK_ID='fetch_api1_data' AIRFLOW_CTX_EXECUTION_DATE='2024-10-13T00:00:00+00:00' AIRFLOW_CTX_TRY_NUMBER='2' AIRFLOW_CTX_DAG_RUN_ID='scheduled__2024-10-13T00:00:00+00:00'
[2024-10-14T05:19:03.363+0000] {logging_mixin.py:190} INFO - Task instance is in running state
[2024-10-14T05:19:03.366+0000] {logging_mixin.py:190} INFO -  Previous state of the Task instance: queued
[2024-10-14T05:19:03.368+0000] {logging_mixin.py:190} INFO - Current task name:fetch_api1_data state:running start_date:2024-10-14 05:19:02.615036+00:00
[2024-10-14T05:19:03.370+0000] {logging_mixin.py:190} INFO - Dag name:eia_data_pipeline and current dag run status:running
[2024-10-14T05:19:03.371+0000] {taskinstance.py:731} INFO - ::endgroup::
[2024-10-14T05:19:14.569+0000] {logging_mixin.py:190} INFO -       period sectorId  ...      value                 value-units
0       1983       EC  ...   9.314567  million metric tons of CO2
1       1983       EC  ...          0  million metric tons of CO2
2       1983       EC  ...   9.314567  million metric tons of CO2
3       1983       IC  ...    .018643  million metric tons of CO2
4       1983       IC  ...   1.595678  million metric tons of CO2
...      ...      ...  ...        ...                         ...
19995   1987       EC  ...  22.786042  million metric tons of CO2
19996   1987       IC  ...   1.605835  million metric tons of CO2
19997   1987       IC  ...   5.171343  million metric tons of CO2
19998   1987       IC  ...   3.644201  million metric tons of CO2
19999   1987       IC  ...  10.421379  million metric tons of CO2

[20000 rows x 9 columns] stored in MySQL
[2024-10-14T05:19:14.597+0000] {python.py:240} INFO - Done. Returned value was: None
[2024-10-14T05:19:14.630+0000] {taskinstance.py:340} INFO - ::group::Post task execution logs
[2024-10-14T05:19:14.632+0000] {taskinstance.py:352} INFO - Marking task as SUCCESS. dag_id=eia_data_pipeline, task_id=fetch_api1_data, run_id=scheduled__2024-10-13T00:00:00+00:00, execution_date=20241013T000000, start_date=20241014T051902, end_date=20241014T051914
[2024-10-14T05:19:14.672+0000] {logging_mixin.py:190} INFO - Task instance in success state
[2024-10-14T05:19:14.674+0000] {logging_mixin.py:190} INFO -  Previous state of the Task instance: running
[2024-10-14T05:19:14.676+0000] {logging_mixin.py:190} INFO - Dag name:eia_data_pipeline queued_at:2024-10-14 05:10:01.946185+00:00
[2024-10-14T05:19:14.677+0000] {logging_mixin.py:190} INFO - Task hostname:7aa864b16460 operator:PythonOperator
[2024-10-14T05:19:14.735+0000] {local_task_job_runner.py:266} INFO - Task exited with return code 0
[2024-10-14T05:19:14.795+0000] {taskinstance.py:3900} INFO - 1 downstream tasks scheduled from follow-on schedule check
[2024-10-14T05:19:14.801+0000] {local_task_job_runner.py:245} INFO - ::endgroup::
