[2024-10-14T05:22:42.160+0000] {local_task_job_runner.py:123} INFO - ::group::Pre task execution logs
[2024-10-14T05:22:42.209+0000] {taskinstance.py:2612} INFO - Dependencies all met for dep_context=non-requeueable deps ti=<TaskInstance: eia_data_pipeline.fetch_api3_data manual__2024-10-14T05:22:26.604923+00:00 [queued]>
[2024-10-14T05:22:42.224+0000] {taskinstance.py:2612} INFO - Dependencies all met for dep_context=requeueable deps ti=<TaskInstance: eia_data_pipeline.fetch_api3_data manual__2024-10-14T05:22:26.604923+00:00 [queued]>
[2024-10-14T05:22:42.226+0000] {taskinstance.py:2865} INFO - Starting attempt 1 of 2
[2024-10-14T05:22:42.278+0000] {taskinstance.py:2888} INFO - Executing <Task(PythonOperator): fetch_api3_data> on 2024-10-14 05:22:26.604923+00:00
[2024-10-14T05:22:42.313+0000] {warnings.py:112} WARNING - /home/***/.local/lib/python3.12/site-packages/***/task/task_runner/standard_task_runner.py:70: DeprecationWarning: This process (pid=161) is multi-threaded, use of fork() may lead to deadlocks in the child.
  pid = os.fork()

[2024-10-14T05:22:42.344+0000] {standard_task_runner.py:72} INFO - Started process 164 to run task
[2024-10-14T05:22:42.407+0000] {standard_task_runner.py:104} INFO - Running: ['***', 'tasks', 'run', 'eia_data_pipeline', 'fetch_api3_data', 'manual__2024-10-14T05:22:26.604923+00:00', '--job-id', '45', '--raw', '--subdir', 'DAGS_FOLDER/new_dag.py', '--cfg-path', '/tmp/tmp3a7npaib']
[2024-10-14T05:22:42.413+0000] {standard_task_runner.py:105} INFO - Job 45: Subtask fetch_api3_data
[2024-10-14T05:22:43.415+0000] {task_command.py:467} INFO - Running <TaskInstance: eia_data_pipeline.fetch_api3_data manual__2024-10-14T05:22:26.604923+00:00 [running]> on host 7aa864b16460
[2024-10-14T05:22:44.415+0000] {taskinstance.py:3131} INFO - Exporting env vars: AIRFLOW_CTX_DAG_OWNER='***' AIRFLOW_CTX_DAG_ID='eia_data_pipeline' AIRFLOW_CTX_TASK_ID='fetch_api3_data' AIRFLOW_CTX_EXECUTION_DATE='2024-10-14T05:22:26.604923+00:00' AIRFLOW_CTX_TRY_NUMBER='1' AIRFLOW_CTX_DAG_RUN_ID='manual__2024-10-14T05:22:26.604923+00:00'
[2024-10-14T05:22:44.420+0000] {logging_mixin.py:190} INFO - Task instance is in running state
[2024-10-14T05:22:44.423+0000] {logging_mixin.py:190} INFO -  Previous state of the Task instance: queued
[2024-10-14T05:22:44.425+0000] {logging_mixin.py:190} INFO - Current task name:fetch_api3_data state:running start_date:2024-10-14 05:22:42.210457+00:00
[2024-10-14T05:22:44.427+0000] {logging_mixin.py:190} INFO - Dag name:eia_data_pipeline and current dag run status:running
[2024-10-14T05:22:44.432+0000] {taskinstance.py:731} INFO - ::endgroup::
[2024-10-14T05:22:48.456+0000] {logging_mixin.py:190} INFO -     period productId  ...                  value  unit
0     1999        33  ...     27.474012476087373  MTOE
1     2015       116  ...     4.9435211463133014  MTOE
2     2009        33  ...  984361.47755126286182    TJ
3     2009        33  ...    23.5110699607632021  MTOE
4     2008        33  ...                  77.93    MK
..     ...       ...  ...                    ...   ...
605   2023        37  ...           425.23540247  BKWH
606   2023        37  ...            1.450903193  QBTU
607   2005       116  ...   54799.06923693307952    TJ
608   2005       116  ...     1.3088532820476456  MTOE
609   2010       116  ...   71588.63935436199756    TJ

[610 rows x 14 columns] stored in MySQL
[2024-10-14T05:22:48.458+0000] {python.py:240} INFO - Done. Returned value was: None
[2024-10-14T05:22:48.478+0000] {taskinstance.py:340} INFO - ::group::Post task execution logs
[2024-10-14T05:22:48.480+0000] {taskinstance.py:352} INFO - Marking task as SUCCESS. dag_id=eia_data_pipeline, task_id=fetch_api3_data, run_id=manual__2024-10-14T05:22:26.604923+00:00, execution_date=20241014T052226, start_date=20241014T052242, end_date=20241014T052248
[2024-10-14T05:22:48.517+0000] {logging_mixin.py:190} INFO - Task instance in success state
[2024-10-14T05:22:48.518+0000] {logging_mixin.py:190} INFO -  Previous state of the Task instance: running
[2024-10-14T05:22:48.520+0000] {logging_mixin.py:190} INFO - Dag name:eia_data_pipeline queued_at:2024-10-14 05:22:26.709711+00:00
[2024-10-14T05:22:48.521+0000] {logging_mixin.py:190} INFO - Task hostname:7aa864b16460 operator:PythonOperator
[2024-10-14T05:22:48.582+0000] {local_task_job_runner.py:266} INFO - Task exited with return code 0
[2024-10-14T05:22:48.625+0000] {taskinstance.py:3900} INFO - 0 downstream tasks scheduled from follow-on schedule check
[2024-10-14T05:22:48.630+0000] {local_task_job_runner.py:245} INFO - ::endgroup::
