[2024-10-10T06:06:49.386+0000] {local_task_job_runner.py:123} INFO - ::group::Pre task execution logs
[2024-10-10T06:06:49.645+0000] {taskinstance.py:2612} INFO - Dependencies all met for dep_context=non-requeueable deps ti=<TaskInstance: eia_data_pipeline.fetch_api3_data scheduled__2023-11-10T00:00:00+00:00 [queued]>
[2024-10-10T06:06:49.896+0000] {taskinstance.py:2612} INFO - Dependencies all met for dep_context=requeueable deps ti=<TaskInstance: eia_data_pipeline.fetch_api3_data scheduled__2023-11-10T00:00:00+00:00 [queued]>
[2024-10-10T06:06:49.912+0000] {taskinstance.py:2865} INFO - Starting attempt 2 of 2
[2024-10-10T06:06:50.069+0000] {taskinstance.py:2888} INFO - Executing <Task(PythonOperator): fetch_api3_data> on 2023-11-10 00:00:00+00:00
[2024-10-10T06:06:50.814+0000] {warnings.py:112} WARNING - /home/***/.local/lib/python3.12/site-packages/***/task/task_runner/standard_task_runner.py:70: DeprecationWarning: This process (pid=803) is multi-threaded, use of fork() may lead to deadlocks in the child.
  pid = os.fork()

[2024-10-10T06:06:50.820+0000] {standard_task_runner.py:72} INFO - Started process 856 to run task
[2024-10-10T06:06:50.855+0000] {standard_task_runner.py:104} INFO - Running: ['***', 'tasks', 'run', 'eia_data_pipeline', 'fetch_api3_data', 'scheduled__2023-11-10T00:00:00+00:00', '--job-id', '213', '--raw', '--subdir', 'DAGS_FOLDER/new_dag.py', '--cfg-path', '/tmp/tmptvxp7kv9']
[2024-10-10T06:06:50.872+0000] {standard_task_runner.py:105} INFO - Job 213: Subtask fetch_api3_data
[2024-10-10T06:06:52.235+0000] {task_command.py:467} INFO - Running <TaskInstance: eia_data_pipeline.fetch_api3_data scheduled__2023-11-10T00:00:00+00:00 [running]> on host 97e4940a369d
[2024-10-10T06:06:53.460+0000] {taskinstance.py:3131} INFO - Exporting env vars: AIRFLOW_CTX_DAG_OWNER='***' AIRFLOW_CTX_DAG_ID='eia_data_pipeline' AIRFLOW_CTX_TASK_ID='fetch_api3_data' AIRFLOW_CTX_EXECUTION_DATE='2023-11-10T00:00:00+00:00' AIRFLOW_CTX_TRY_NUMBER='2' AIRFLOW_CTX_DAG_RUN_ID='scheduled__2023-11-10T00:00:00+00:00'
[2024-10-10T06:06:53.473+0000] {logging_mixin.py:190} INFO - Task instance is in running state
[2024-10-10T06:06:53.492+0000] {logging_mixin.py:190} INFO -  Previous state of the Task instance: queued
[2024-10-10T06:06:53.502+0000] {logging_mixin.py:190} INFO - Current task name:fetch_api3_data state:running start_date:2024-10-10 06:06:49.648391+00:00
[2024-10-10T06:06:53.504+0000] {logging_mixin.py:190} INFO - Dag name:eia_data_pipeline and current dag run status:running
[2024-10-10T06:06:53.506+0000] {taskinstance.py:731} INFO - ::endgroup::
[2024-10-10T06:07:07.009+0000] {logging_mixin.py:190} INFO -     period productId  ...                  value  unit
0     2009        33  ...  984361.47755126286182    TJ
1     2009        33  ...    23.5110699607632021  MTOE
2     2008        33  ...                  77.93    MK
3     2011        33  ...                 78.652    MK
4     2012        33  ...  994423.51040085666536    TJ
..     ...       ...  ...                    ...   ...
605   2020       116  ...                75.6389    MK
606   1989       116  ...   55385.42813264102334    TJ
607   2007        33  ...    21.2811436211408352  MTOE
608   2014       116  ...  169916.23547247418454    TJ
609   2014       116  ...            28.92368993  BKWH

[610 rows x 14 columns] stored in MySQL
[2024-10-10T06:07:07.047+0000] {python.py:240} INFO - Done. Returned value was: None
[2024-10-10T06:07:07.275+0000] {taskinstance.py:340} INFO - ::group::Post task execution logs
[2024-10-10T06:07:07.298+0000] {taskinstance.py:352} INFO - Marking task as SUCCESS. dag_id=eia_data_pipeline, task_id=fetch_api3_data, run_id=scheduled__2023-11-10T00:00:00+00:00, execution_date=20231110T000000, start_date=20241010T060649, end_date=20241010T060707
[2024-10-10T06:07:07.555+0000] {logging_mixin.py:190} INFO - Task instance in success state
[2024-10-10T06:07:07.558+0000] {logging_mixin.py:190} INFO -  Previous state of the Task instance: running
[2024-10-10T06:07:07.561+0000] {logging_mixin.py:190} INFO - Dag name:eia_data_pipeline queued_at:2024-10-10 05:52:18.266607+00:00
[2024-10-10T06:07:07.563+0000] {logging_mixin.py:190} INFO - Task hostname:97e4940a369d operator:PythonOperator
[2024-10-10T06:07:07.934+0000] {local_task_job_runner.py:266} INFO - Task exited with return code 0
[2024-10-10T06:07:08.575+0000] {local_task_job_runner.py:245} INFO - ::endgroup::
