[2024-10-15T05:09:45.126+0000] {local_task_job_runner.py:123} INFO - ::group::Pre task execution logs
[2024-10-15T05:09:45.224+0000] {taskinstance.py:2612} INFO - Dependencies all met for dep_context=non-requeueable deps ti=<TaskInstance: eia_data_pipeline.fetch_api2_data scheduled__2024-10-14T00:00:00+00:00 [queued]>
[2024-10-15T05:09:45.265+0000] {taskinstance.py:2612} INFO - Dependencies all met for dep_context=requeueable deps ti=<TaskInstance: eia_data_pipeline.fetch_api2_data scheduled__2024-10-14T00:00:00+00:00 [queued]>
[2024-10-15T05:09:45.270+0000] {taskinstance.py:2865} INFO - Starting attempt 1 of 2
[2024-10-15T05:09:45.397+0000] {taskinstance.py:2888} INFO - Executing <Task(PythonOperator): fetch_api2_data> on 2024-10-14 00:00:00+00:00
[2024-10-15T05:09:45.987+0000] {warnings.py:112} WARNING - /home/***/.local/lib/python3.12/site-packages/***/task/task_runner/standard_task_runner.py:70: DeprecationWarning: This process (pid=84) is multi-threaded, use of fork() may lead to deadlocks in the child.
  pid = os.fork()

[2024-10-15T05:09:46.014+0000] {standard_task_runner.py:72} INFO - Started process 104 to run task
[2024-10-15T05:09:46.001+0000] {standard_task_runner.py:104} INFO - Running: ['***', 'tasks', 'run', 'eia_data_pipeline', 'fetch_api2_data', 'scheduled__2024-10-14T00:00:00+00:00', '--job-id', '61', '--raw', '--subdir', 'DAGS_FOLDER/new_dag.py', '--cfg-path', '/tmp/tmpupbnfzrq']
[2024-10-15T05:09:46.044+0000] {standard_task_runner.py:105} INFO - Job 61: Subtask fetch_api2_data
[2024-10-15T05:09:47.216+0000] {task_command.py:467} INFO - Running <TaskInstance: eia_data_pipeline.fetch_api2_data scheduled__2024-10-14T00:00:00+00:00 [running]> on host 7aa864b16460
[2024-10-15T05:09:48.120+0000] {taskinstance.py:3131} INFO - Exporting env vars: AIRFLOW_CTX_DAG_OWNER='***' AIRFLOW_CTX_DAG_ID='eia_data_pipeline' AIRFLOW_CTX_TASK_ID='fetch_api2_data' AIRFLOW_CTX_EXECUTION_DATE='2024-10-14T00:00:00+00:00' AIRFLOW_CTX_TRY_NUMBER='1' AIRFLOW_CTX_DAG_RUN_ID='scheduled__2024-10-14T00:00:00+00:00'
[2024-10-15T05:09:48.204+0000] {logging_mixin.py:190} INFO - Task instance is in running state
[2024-10-15T05:09:48.207+0000] {logging_mixin.py:190} INFO -  Previous state of the Task instance: queued
[2024-10-15T05:09:48.210+0000] {logging_mixin.py:190} INFO - Current task name:fetch_api2_data state:running start_date:2024-10-15 05:09:45.232519+00:00
[2024-10-15T05:09:48.215+0000] {logging_mixin.py:190} INFO - Dag name:eia_data_pipeline and current dag run status:running
[2024-10-15T05:09:48.227+0000] {taskinstance.py:731} INFO - ::endgroup::
[2024-10-15T05:10:38.634+0000] {logging_mixin.py:190} INFO -            period                        respondent-name  ...  value    value-units
0      2024-10-14  Associated Electric Cooperative, Inc.  ...  16602  megawatthours
1      2024-10-14  Associated Electric Cooperative, Inc.  ...  16602  megawatthours
2      2024-10-14  Associated Electric Cooperative, Inc.  ...  18481  megawatthours
3      2024-10-14  Associated Electric Cooperative, Inc.  ...  18481  megawatthours
4      2024-10-14  Associated Electric Cooperative, Inc.  ...  10293  megawatthours
...           ...                                    ...  ...    ...            ...
49995  2024-09-18     Public Service Company of Colorado  ...   4049  megawatthours
49996  2024-09-18     Public Service Company of Colorado  ...   4070  megawatthours
49997  2024-09-18     Public Service Company of Colorado  ...   4047  megawatthours
49998  2024-09-18     Public Service Company of Colorado  ...   4045  megawatthours
49999  2024-09-18     Public Service Company of Colorado  ...    586  megawatthours

[50000 rows x 5 columns] stored in MySQL
[2024-10-15T05:10:38.815+0000] {python.py:240} INFO - Done. Returned value was: None
[2024-10-15T05:10:38.970+0000] {taskinstance.py:340} INFO - ::group::Post task execution logs
[2024-10-15T05:10:38.974+0000] {taskinstance.py:352} INFO - Marking task as SUCCESS. dag_id=eia_data_pipeline, task_id=fetch_api2_data, run_id=scheduled__2024-10-14T00:00:00+00:00, execution_date=20241014T000000, start_date=20241015T050945, end_date=20241015T051038
[2024-10-15T05:10:39.055+0000] {logging_mixin.py:190} INFO - Task instance in success state
[2024-10-15T05:10:39.057+0000] {logging_mixin.py:190} INFO -  Previous state of the Task instance: running
[2024-10-15T05:10:39.063+0000] {logging_mixin.py:190} INFO - Dag name:eia_data_pipeline queued_at:2024-10-15 05:08:38.006493+00:00
[2024-10-15T05:10:39.068+0000] {logging_mixin.py:190} INFO - Task hostname:7aa864b16460 operator:PythonOperator
[2024-10-15T05:10:39.496+0000] {local_task_job_runner.py:266} INFO - Task exited with return code 0
[2024-10-15T05:10:40.559+0000] {taskinstance.py:3900} INFO - 0 downstream tasks scheduled from follow-on schedule check
[2024-10-15T05:10:40.572+0000] {local_task_job_runner.py:245} INFO - ::endgroup::
