[2024-10-21T09:13:17.236+0000] {local_task_job_runner.py:123} INFO - ::group::Pre task execution logs
[2024-10-21T09:13:17.264+0000] {taskinstance.py:2612} INFO - Dependencies all met for dep_context=non-requeueable deps ti=<TaskInstance: eia_data_pipeline.call_stored_procedure scheduled__2024-10-17T00:00:00+00:00 [queued]>
[2024-10-21T09:13:17.281+0000] {taskinstance.py:2612} INFO - Dependencies all met for dep_context=requeueable deps ti=<TaskInstance: eia_data_pipeline.call_stored_procedure scheduled__2024-10-17T00:00:00+00:00 [queued]>
[2024-10-21T09:13:17.282+0000] {taskinstance.py:2865} INFO - Starting attempt 1 of 2
[2024-10-21T09:13:17.304+0000] {taskinstance.py:2888} INFO - Executing <Task(PythonOperator): call_stored_procedure> on 2024-10-17 00:00:00+00:00
[2024-10-21T09:13:17.316+0000] {warnings.py:112} WARNING - /home/***/.local/lib/python3.12/site-packages/***/task/task_runner/standard_task_runner.py:70: DeprecationWarning: This process (pid=257) is multi-threaded, use of fork() may lead to deadlocks in the child.
  pid = os.fork()

[2024-10-21T09:13:17.319+0000] {standard_task_runner.py:72} INFO - Started process 259 to run task
[2024-10-21T09:13:17.318+0000] {standard_task_runner.py:104} INFO - Running: ['***', 'tasks', 'run', 'eia_data_pipeline', 'call_stored_procedure', 'scheduled__2024-10-17T00:00:00+00:00', '--job-id', '106', '--raw', '--subdir', 'DAGS_FOLDER/new_dag.py', '--cfg-path', '/tmp/tmpgmsi3__p']
[2024-10-21T09:13:17.320+0000] {standard_task_runner.py:105} INFO - Job 106: Subtask call_stored_procedure
[2024-10-21T09:13:17.389+0000] {task_command.py:467} INFO - Running <TaskInstance: eia_data_pipeline.call_stored_procedure scheduled__2024-10-17T00:00:00+00:00 [running]> on host 7aa864b16460
[2024-10-21T09:13:17.521+0000] {taskinstance.py:3131} INFO - Exporting env vars: AIRFLOW_CTX_DAG_OWNER='***' AIRFLOW_CTX_DAG_ID='eia_data_pipeline' AIRFLOW_CTX_TASK_ID='call_stored_procedure' AIRFLOW_CTX_EXECUTION_DATE='2024-10-17T00:00:00+00:00' AIRFLOW_CTX_TRY_NUMBER='1' AIRFLOW_CTX_DAG_RUN_ID='scheduled__2024-10-17T00:00:00+00:00'
[2024-10-21T09:13:17.524+0000] {logging_mixin.py:190} INFO - Task instance is in running state
[2024-10-21T09:13:17.525+0000] {logging_mixin.py:190} INFO -  Previous state of the Task instance: queued
[2024-10-21T09:13:17.526+0000] {logging_mixin.py:190} INFO - Current task name:call_stored_procedure state:running start_date:2024-10-21 09:13:17.265917+00:00
[2024-10-21T09:13:17.527+0000] {logging_mixin.py:190} INFO - Dag name:eia_data_pipeline and current dag run status:running
[2024-10-21T09:13:17.528+0000] {taskinstance.py:731} INFO - ::endgroup::
[2024-10-21T09:14:30.179+0000] {logging_mixin.py:190} INFO - Stored procedure executed successfully.
[2024-10-21T09:14:30.271+0000] {logging_mixin.py:190} INFO - MySQL connection is closed
[2024-10-21T09:14:30.287+0000] {python.py:240} INFO - Done. Returned value was: None
[2024-10-21T09:14:30.417+0000] {taskinstance.py:340} INFO - ::group::Post task execution logs
[2024-10-21T09:14:30.421+0000] {taskinstance.py:352} INFO - Marking task as SUCCESS. dag_id=eia_data_pipeline, task_id=call_stored_procedure, run_id=scheduled__2024-10-17T00:00:00+00:00, execution_date=20241017T000000, start_date=20241021T091317, end_date=20241021T091430
[2024-10-21T09:14:30.496+0000] {logging_mixin.py:190} INFO - Task instance in success state
[2024-10-21T09:14:30.497+0000] {logging_mixin.py:190} INFO -  Previous state of the Task instance: running
[2024-10-21T09:14:30.498+0000] {logging_mixin.py:190} INFO - Dag name:eia_data_pipeline queued_at:2024-10-21 09:02:17.036628+00:00
[2024-10-21T09:14:30.499+0000] {logging_mixin.py:190} INFO - Task hostname:7aa864b16460 operator:PythonOperator
[2024-10-21T09:14:30.588+0000] {local_task_job_runner.py:266} INFO - Task exited with return code 0
[2024-10-21T09:14:30.683+0000] {taskinstance.py:3900} INFO - 0 downstream tasks scheduled from follow-on schedule check
[2024-10-21T09:14:30.688+0000] {local_task_job_runner.py:245} INFO - ::endgroup::
