[2024-10-11T06:17:53.245+0000] {local_task_job_runner.py:123} INFO - ::group::Pre task execution logs
[2024-10-11T06:17:53.290+0000] {taskinstance.py:2612} INFO - Dependencies all met for dep_context=non-requeueable deps ti=<TaskInstance: eia_data_pipeline.fetch_api2_data manual__2024-10-11T06:17:31.331909+00:00 [queued]>
[2024-10-11T06:17:53.309+0000] {taskinstance.py:2612} INFO - Dependencies all met for dep_context=requeueable deps ti=<TaskInstance: eia_data_pipeline.fetch_api2_data manual__2024-10-11T06:17:31.331909+00:00 [queued]>
[2024-10-11T06:17:53.310+0000] {taskinstance.py:2865} INFO - Starting attempt 1 of 2
[2024-10-11T06:17:53.349+0000] {taskinstance.py:2888} INFO - Executing <Task(PythonOperator): fetch_api2_data> on 2024-10-11 06:17:31.331909+00:00
[2024-10-11T06:17:53.447+0000] {warnings.py:112} WARNING - /home/***/.local/lib/python3.12/site-packages/***/task/task_runner/standard_task_runner.py:70: DeprecationWarning: This process (pid=161) is multi-threaded, use of fork() may lead to deadlocks in the child.
  pid = os.fork()

[2024-10-11T06:17:53.451+0000] {standard_task_runner.py:104} INFO - Running: ['***', 'tasks', 'run', 'eia_data_pipeline', 'fetch_api2_data', 'manual__2024-10-11T06:17:31.331909+00:00', '--job-id', '21', '--raw', '--subdir', 'DAGS_FOLDER/new_dag.py', '--cfg-path', '/tmp/tmpvufdt3tr']
[2024-10-11T06:17:53.454+0000] {standard_task_runner.py:72} INFO - Started process 167 to run task
[2024-10-11T06:17:53.455+0000] {standard_task_runner.py:105} INFO - Job 21: Subtask fetch_api2_data
[2024-10-11T06:17:55.022+0000] {task_command.py:467} INFO - Running <TaskInstance: eia_data_pipeline.fetch_api2_data manual__2024-10-11T06:17:31.331909+00:00 [running]> on host 5c7d7e3b152c
[2024-10-11T06:17:55.376+0000] {taskinstance.py:3131} INFO - Exporting env vars: AIRFLOW_CTX_DAG_OWNER='***' AIRFLOW_CTX_DAG_ID='eia_data_pipeline' AIRFLOW_CTX_TASK_ID='fetch_api2_data' AIRFLOW_CTX_EXECUTION_DATE='2024-10-11T06:17:31.331909+00:00' AIRFLOW_CTX_TRY_NUMBER='1' AIRFLOW_CTX_DAG_RUN_ID='manual__2024-10-11T06:17:31.331909+00:00'
[2024-10-11T06:17:55.390+0000] {logging_mixin.py:190} INFO - Task instance is in running state
[2024-10-11T06:17:55.391+0000] {logging_mixin.py:190} INFO -  Previous state of the Task instance: queued
[2024-10-11T06:17:55.392+0000] {logging_mixin.py:190} INFO - Current task name:fetch_api2_data state:running start_date:2024-10-11 06:17:53.291272+00:00
[2024-10-11T06:17:55.393+0000] {logging_mixin.py:190} INFO - Dag name:eia_data_pipeline and current dag run status:running
[2024-10-11T06:17:55.394+0000] {taskinstance.py:731} INFO - ::endgroup::
[2024-10-11T06:18:33.587+0000] {logging_mixin.py:190} INFO -            period                        respondent-name  ...  value    value-units
0      2024-10-10  Associated Electric Cooperative, Inc.  ...  36089  megawatthours
1      2024-10-10  Associated Electric Cooperative, Inc.  ...  36089  megawatthours
2      2024-10-10  Associated Electric Cooperative, Inc.  ...  23119  megawatthours
3      2024-10-10  Associated Electric Cooperative, Inc.  ...  23119  megawatthours
4      2024-10-10  Associated Electric Cooperative, Inc.  ...   3839  megawatthours
...           ...                                    ...  ...    ...            ...
49995  2024-09-14   New York Independent System Operator  ...     16  megawatthours
49996  2024-09-14   New York Independent System Operator  ...     15  megawatthours
49997  2024-09-14   New York Independent System Operator  ...     14  megawatthours
49998  2024-09-14   New York Independent System Operator  ...   7951  megawatthours
49999  2024-09-14   New York Independent System Operator  ...   7990  megawatthours

[50000 rows x 5 columns] stored in MySQL
[2024-10-11T06:18:33.684+0000] {python.py:240} INFO - Done. Returned value was: None
[2024-10-11T06:18:33.724+0000] {taskinstance.py:340} INFO - ::group::Post task execution logs
[2024-10-11T06:18:33.726+0000] {taskinstance.py:352} INFO - Marking task as SUCCESS. dag_id=eia_data_pipeline, task_id=fetch_api2_data, run_id=manual__2024-10-11T06:17:31.331909+00:00, execution_date=20241011T061731, start_date=20241011T061753, end_date=20241011T061833
[2024-10-11T06:18:33.756+0000] {logging_mixin.py:190} INFO - Task instance in success state
[2024-10-11T06:18:33.757+0000] {logging_mixin.py:190} INFO -  Previous state of the Task instance: running
[2024-10-11T06:18:33.759+0000] {logging_mixin.py:190} INFO - Dag name:eia_data_pipeline queued_at:2024-10-11 06:17:31.523461+00:00
[2024-10-11T06:18:33.760+0000] {logging_mixin.py:190} INFO - Task hostname:5c7d7e3b152c operator:PythonOperator
[2024-10-11T06:18:33.841+0000] {local_task_job_runner.py:266} INFO - Task exited with return code 0
[2024-10-11T06:18:33.954+0000] {taskinstance.py:3900} INFO - 0 downstream tasks scheduled from follow-on schedule check
[2024-10-11T06:18:33.962+0000] {local_task_job_runner.py:245} INFO - ::endgroup::
