[2024-10-15T05:09:45.106+0000] {local_task_job_runner.py:123} INFO - ::group::Pre task execution logs
[2024-10-15T05:09:45.180+0000] {taskinstance.py:2612} INFO - Dependencies all met for dep_context=non-requeueable deps ti=<TaskInstance: eia_data_pipeline.fetch_api3_data scheduled__2024-10-14T00:00:00+00:00 [queued]>
[2024-10-15T05:09:45.245+0000] {taskinstance.py:2612} INFO - Dependencies all met for dep_context=requeueable deps ti=<TaskInstance: eia_data_pipeline.fetch_api3_data scheduled__2024-10-14T00:00:00+00:00 [queued]>
[2024-10-15T05:09:45.251+0000] {taskinstance.py:2865} INFO - Starting attempt 1 of 2
[2024-10-15T05:09:45.343+0000] {taskinstance.py:2888} INFO - Executing <Task(PythonOperator): fetch_api3_data> on 2024-10-14 00:00:00+00:00
[2024-10-15T05:09:46.012+0000] {warnings.py:112} WARNING - /home/***/.local/lib/python3.12/site-packages/***/task/task_runner/standard_task_runner.py:70: DeprecationWarning: This process (pid=83) is multi-threaded, use of fork() may lead to deadlocks in the child.
  pid = os.fork()

[2024-10-15T05:09:46.017+0000] {standard_task_runner.py:104} INFO - Running: ['***', 'tasks', 'run', 'eia_data_pipeline', 'fetch_api3_data', 'scheduled__2024-10-14T00:00:00+00:00', '--job-id', '62', '--raw', '--subdir', 'DAGS_FOLDER/new_dag.py', '--cfg-path', '/tmp/tmpnjs3g64_']
[2024-10-15T05:09:46.025+0000] {standard_task_runner.py:72} INFO - Started process 105 to run task
[2024-10-15T05:09:46.038+0000] {standard_task_runner.py:105} INFO - Job 62: Subtask fetch_api3_data
[2024-10-15T05:09:47.222+0000] {task_command.py:467} INFO - Running <TaskInstance: eia_data_pipeline.fetch_api3_data scheduled__2024-10-14T00:00:00+00:00 [running]> on host 7aa864b16460
[2024-10-15T05:09:48.196+0000] {taskinstance.py:3131} INFO - Exporting env vars: AIRFLOW_CTX_DAG_OWNER='***' AIRFLOW_CTX_DAG_ID='eia_data_pipeline' AIRFLOW_CTX_TASK_ID='fetch_api3_data' AIRFLOW_CTX_EXECUTION_DATE='2024-10-14T00:00:00+00:00' AIRFLOW_CTX_TRY_NUMBER='1' AIRFLOW_CTX_DAG_RUN_ID='scheduled__2024-10-14T00:00:00+00:00'
[2024-10-15T05:09:48.212+0000] {logging_mixin.py:190} INFO - Task instance is in running state
[2024-10-15T05:09:48.224+0000] {logging_mixin.py:190} INFO -  Previous state of the Task instance: queued
[2024-10-15T05:09:48.241+0000] {logging_mixin.py:190} INFO - Current task name:fetch_api3_data state:running start_date:2024-10-15 05:09:45.182860+00:00
[2024-10-15T05:09:48.243+0000] {logging_mixin.py:190} INFO - Dag name:eia_data_pipeline and current dag run status:running
[2024-10-15T05:09:48.245+0000] {taskinstance.py:731} INFO - ::endgroup::
[2024-10-15T05:09:56.480+0000] {logging_mixin.py:190} INFO -     period       productName activityName               unitName          value
4     2011  Hydroelectricity     Capacity      million kilowatts         78.652
7     1999             Solar   Generation  billion kilowatthours     .587031853
9     1986              Wind   Generation  billion kilowatthours      .00418872
14    2015             Solar   Generation  billion kilowatthours    39.03217093
18    2008              Wind   Generation  billion kilowatthours    55.36310008
..     ...               ...          ...                    ...            ...
591   2023              Wind     Capacity      million kilowatts       147.6398
594   1983  Hydroelectricity   Generation  billion kilowatthours  335.290855398
595   2020              Wind   Generation  billion kilowatthours   337.93804908
602   1984              Wind     Capacity      million kilowatts        .016601
607   1991  Hydroelectricity   Generation  billion kilowatthours     288.994189

[235 rows x 5 columns] stored in MySQL
[2024-10-15T05:09:56.494+0000] {python.py:240} INFO - Done. Returned value was: None
[2024-10-15T05:09:56.532+0000] {taskinstance.py:340} INFO - ::group::Post task execution logs
[2024-10-15T05:09:56.534+0000] {taskinstance.py:352} INFO - Marking task as SUCCESS. dag_id=eia_data_pipeline, task_id=fetch_api3_data, run_id=scheduled__2024-10-14T00:00:00+00:00, execution_date=20241014T000000, start_date=20241015T050945, end_date=20241015T050956
[2024-10-15T05:09:56.581+0000] {logging_mixin.py:190} INFO - Task instance in success state
[2024-10-15T05:09:56.583+0000] {logging_mixin.py:190} INFO -  Previous state of the Task instance: running
[2024-10-15T05:09:56.585+0000] {logging_mixin.py:190} INFO - Dag name:eia_data_pipeline queued_at:2024-10-15 05:08:38.006493+00:00
[2024-10-15T05:09:56.589+0000] {logging_mixin.py:190} INFO - Task hostname:7aa864b16460 operator:PythonOperator
[2024-10-15T05:09:56.709+0000] {local_task_job_runner.py:266} INFO - Task exited with return code 0
[2024-10-15T05:09:56.791+0000] {taskinstance.py:3900} INFO - 0 downstream tasks scheduled from follow-on schedule check
[2024-10-15T05:09:56.800+0000] {local_task_job_runner.py:245} INFO - ::endgroup::
