[2024-10-14T05:10:38.566+0000] {local_task_job_runner.py:123} INFO - ::group::Pre task execution logs
[2024-10-14T05:10:38.682+0000] {taskinstance.py:2612} INFO - Dependencies all met for dep_context=non-requeueable deps ti=<TaskInstance: eia_data_pipeline.fetch_api2_data scheduled__2024-10-11T00:00:00+00:00 [queued]>
[2024-10-14T05:10:38.748+0000] {taskinstance.py:2612} INFO - Dependencies all met for dep_context=requeueable deps ti=<TaskInstance: eia_data_pipeline.fetch_api2_data scheduled__2024-10-11T00:00:00+00:00 [queued]>
[2024-10-14T05:10:38.754+0000] {taskinstance.py:2865} INFO - Starting attempt 1 of 2
[2024-10-14T05:10:38.878+0000] {taskinstance.py:2888} INFO - Executing <Task(PythonOperator): fetch_api2_data> on 2024-10-11 00:00:00+00:00
[2024-10-14T05:10:39.326+0000] {warnings.py:112} WARNING - /home/***/.local/lib/python3.12/site-packages/***/task/task_runner/standard_task_runner.py:70: DeprecationWarning: This process (pid=84) is multi-threaded, use of fork() may lead to deadlocks in the child.
  pid = os.fork()

[2024-10-14T05:10:39.456+0000] {standard_task_runner.py:72} INFO - Started process 106 to run task
[2024-10-14T05:10:39.529+0000] {standard_task_runner.py:104} INFO - Running: ['***', 'tasks', 'run', 'eia_data_pipeline', 'fetch_api2_data', 'scheduled__2024-10-11T00:00:00+00:00', '--job-id', '36', '--raw', '--subdir', 'DAGS_FOLDER/new_dag.py', '--cfg-path', '/tmp/tmpiswk6hk6']
[2024-10-14T05:10:39.538+0000] {standard_task_runner.py:105} INFO - Job 36: Subtask fetch_api2_data
[2024-10-14T05:10:40.645+0000] {task_command.py:467} INFO - Running <TaskInstance: eia_data_pipeline.fetch_api2_data scheduled__2024-10-11T00:00:00+00:00 [running]> on host c463a51db3fc
[2024-10-14T05:10:42.076+0000] {taskinstance.py:3131} INFO - Exporting env vars: AIRFLOW_CTX_DAG_OWNER='***' AIRFLOW_CTX_DAG_ID='eia_data_pipeline' AIRFLOW_CTX_TASK_ID='fetch_api2_data' AIRFLOW_CTX_EXECUTION_DATE='2024-10-11T00:00:00+00:00' AIRFLOW_CTX_TRY_NUMBER='1' AIRFLOW_CTX_DAG_RUN_ID='scheduled__2024-10-11T00:00:00+00:00'
[2024-10-14T05:10:42.103+0000] {logging_mixin.py:190} INFO - Task instance is in running state
[2024-10-14T05:10:42.111+0000] {logging_mixin.py:190} INFO -  Previous state of the Task instance: queued
[2024-10-14T05:10:42.117+0000] {logging_mixin.py:190} INFO - Current task name:fetch_api2_data state:running start_date:2024-10-14 05:10:38.684439+00:00
[2024-10-14T05:10:42.123+0000] {logging_mixin.py:190} INFO - Dag name:eia_data_pipeline and current dag run status:running
[2024-10-14T05:10:42.127+0000] {taskinstance.py:731} INFO - ::endgroup::
[2024-10-14T05:11:26.765+0000] {logging_mixin.py:190} INFO -            period                        respondent-name  ...  value    value-units
0      2024-10-13  Associated Electric Cooperative, Inc.  ...  32197  megawatthours
1      2024-10-13  Associated Electric Cooperative, Inc.  ...  32197  megawatthours
2      2024-10-13  Associated Electric Cooperative, Inc.  ...  19827  megawatthours
3      2024-10-13  Associated Electric Cooperative, Inc.  ...  19827  megawatthours
4      2024-10-13  Associated Electric Cooperative, Inc.  ...   5219  megawatthours
...           ...                                    ...  ...    ...            ...
49995  2024-09-17      Portland General Electric Company  ...   3620  megawatthours
49996  2024-09-17      Portland General Electric Company  ...   3602  megawatthours
49997  2024-09-17      Portland General Electric Company  ...   3638  megawatthours
49998  2024-09-17      Portland General Electric Company  ...      0  megawatthours
49999  2024-09-17      Portland General Electric Company  ...      0  megawatthours

[50000 rows x 5 columns] stored in MySQL
[2024-10-14T05:11:26.853+0000] {python.py:240} INFO - Done. Returned value was: None
[2024-10-14T05:11:26.880+0000] {taskinstance.py:340} INFO - ::group::Post task execution logs
[2024-10-14T05:11:26.882+0000] {taskinstance.py:352} INFO - Marking task as SUCCESS. dag_id=eia_data_pipeline, task_id=fetch_api2_data, run_id=scheduled__2024-10-11T00:00:00+00:00, execution_date=20241011T000000, start_date=20241014T051038, end_date=20241014T051126
[2024-10-14T05:11:26.913+0000] {logging_mixin.py:190} INFO - Task instance in success state
[2024-10-14T05:11:26.914+0000] {logging_mixin.py:190} INFO -  Previous state of the Task instance: running
[2024-10-14T05:11:26.915+0000] {logging_mixin.py:190} INFO - Dag name:eia_data_pipeline queued_at:2024-10-14 05:10:00.362672+00:00
[2024-10-14T05:11:26.916+0000] {logging_mixin.py:190} INFO - Task hostname:c463a51db3fc operator:PythonOperator
[2024-10-14T05:11:27.003+0000] {local_task_job_runner.py:266} INFO - Task exited with return code 0
[2024-10-14T05:11:27.124+0000] {taskinstance.py:3900} INFO - 0 downstream tasks scheduled from follow-on schedule check
[2024-10-14T05:11:27.130+0000] {local_task_job_runner.py:245} INFO - ::endgroup::
