[2024-10-11T06:12:41.542+0000] {local_task_job_runner.py:123} INFO - ::group::Pre task execution logs
[2024-10-11T06:12:41.600+0000] {taskinstance.py:2612} INFO - Dependencies all met for dep_context=non-requeueable deps ti=<TaskInstance: eia_data_pipeline.fetch_api2_data scheduled__2024-10-10T00:00:00+00:00 [queued]>
[2024-10-11T06:12:41.633+0000] {taskinstance.py:2612} INFO - Dependencies all met for dep_context=requeueable deps ti=<TaskInstance: eia_data_pipeline.fetch_api2_data scheduled__2024-10-10T00:00:00+00:00 [queued]>
[2024-10-11T06:12:41.645+0000] {taskinstance.py:2865} INFO - Starting attempt 1 of 2
[2024-10-11T06:12:41.719+0000] {taskinstance.py:2888} INFO - Executing <Task(PythonOperator): fetch_api2_data> on 2024-10-10 00:00:00+00:00
[2024-10-11T06:12:41.890+0000] {warnings.py:112} WARNING - /home/***/.local/lib/python3.12/site-packages/***/task/task_runner/standard_task_runner.py:70: DeprecationWarning: This process (pid=93) is multi-threaded, use of fork() may lead to deadlocks in the child.
  pid = os.fork()

[2024-10-11T06:12:41.911+0000] {standard_task_runner.py:72} INFO - Started process 95 to run task
[2024-10-11T06:12:41.926+0000] {standard_task_runner.py:104} INFO - Running: ['***', 'tasks', 'run', 'eia_data_pipeline', 'fetch_api2_data', 'scheduled__2024-10-10T00:00:00+00:00', '--job-id', '16', '--raw', '--subdir', 'DAGS_FOLDER/new_dag.py', '--cfg-path', '/tmp/tmpu1lhfw5h']
[2024-10-11T06:12:41.931+0000] {standard_task_runner.py:105} INFO - Job 16: Subtask fetch_api2_data
[2024-10-11T06:12:42.378+0000] {task_command.py:467} INFO - Running <TaskInstance: eia_data_pipeline.fetch_api2_data scheduled__2024-10-10T00:00:00+00:00 [running]> on host 5c7d7e3b152c
[2024-10-11T06:12:43.007+0000] {taskinstance.py:3131} INFO - Exporting env vars: AIRFLOW_CTX_DAG_OWNER='***' AIRFLOW_CTX_DAG_ID='eia_data_pipeline' AIRFLOW_CTX_TASK_ID='fetch_api2_data' AIRFLOW_CTX_EXECUTION_DATE='2024-10-10T00:00:00+00:00' AIRFLOW_CTX_TRY_NUMBER='1' AIRFLOW_CTX_DAG_RUN_ID='scheduled__2024-10-10T00:00:00+00:00'
[2024-10-11T06:12:43.015+0000] {logging_mixin.py:190} INFO - Task instance is in running state
[2024-10-11T06:12:43.018+0000] {logging_mixin.py:190} INFO -  Previous state of the Task instance: queued
[2024-10-11T06:12:43.021+0000] {logging_mixin.py:190} INFO - Current task name:fetch_api2_data state:running start_date:2024-10-11 06:12:41.602273+00:00
[2024-10-11T06:12:43.022+0000] {logging_mixin.py:190} INFO - Dag name:eia_data_pipeline and current dag run status:running
[2024-10-11T06:12:43.024+0000] {taskinstance.py:731} INFO - ::endgroup::
[2024-10-11T06:13:25.982+0000] {logging_mixin.py:190} INFO -            period                        respondent-name  ...  value    value-units
0      2024-10-10  Associated Electric Cooperative, Inc.  ...  36089  megawatthours
1      2024-10-10  Associated Electric Cooperative, Inc.  ...  36089  megawatthours
2      2024-10-10  Associated Electric Cooperative, Inc.  ...  23119  megawatthours
3      2024-10-10  Associated Electric Cooperative, Inc.  ...  23119  megawatthours
4      2024-10-10  Associated Electric Cooperative, Inc.  ...   3839  megawatthours
...           ...                                    ...  ...    ...            ...
49995  2024-09-14   New York Independent System Operator  ...     16  megawatthours
49996  2024-09-14   New York Independent System Operator  ...     15  megawatthours
49997  2024-09-14   New York Independent System Operator  ...     14  megawatthours
49998  2024-09-14   New York Independent System Operator  ...   7951  megawatthours
49999  2024-09-14   New York Independent System Operator  ...   7990  megawatthours

[50000 rows x 5 columns] stored in MySQL
[2024-10-11T06:13:26.025+0000] {python.py:240} INFO - Done. Returned value was: None
[2024-10-11T06:13:26.046+0000] {taskinstance.py:340} INFO - ::group::Post task execution logs
[2024-10-11T06:13:26.047+0000] {taskinstance.py:352} INFO - Marking task as SUCCESS. dag_id=eia_data_pipeline, task_id=fetch_api2_data, run_id=scheduled__2024-10-10T00:00:00+00:00, execution_date=20241010T000000, start_date=20241011T061241, end_date=20241011T061326
[2024-10-11T06:13:26.069+0000] {logging_mixin.py:190} INFO - Task instance in success state
[2024-10-11T06:13:26.071+0000] {logging_mixin.py:190} INFO -  Previous state of the Task instance: running
[2024-10-11T06:13:26.072+0000] {logging_mixin.py:190} INFO - Dag name:eia_data_pipeline queued_at:2024-10-11 06:12:08.223238+00:00
[2024-10-11T06:13:26.072+0000] {logging_mixin.py:190} INFO - Task hostname:5c7d7e3b152c operator:PythonOperator
[2024-10-11T06:13:26.184+0000] {local_task_job_runner.py:266} INFO - Task exited with return code 0
[2024-10-11T06:13:26.322+0000] {taskinstance.py:3900} INFO - 1 downstream tasks scheduled from follow-on schedule check
[2024-10-11T06:13:26.328+0000] {local_task_job_runner.py:245} INFO - ::endgroup::
